info: ::1 - - [18/Apr/2023:05:18:08 +0000] "POST /api/v1/admin HTTP/1.1" 201 348 "-" "PostmanRuntime/7.32.2"

info: ::1 - - [18/Apr/2023:05:44:20 +0000] "POST /api/v1/admin HTTP/1.1" 500 62 "-" "PostmanRuntime/7.32.2"

info: ::1 - - [18/Apr/2023:08:04:57 +0000] "POST /api/v1/usres HTTP/1.1" 404 47 "-" "PostmanRuntime/7.32.2"

info: ::1 - - [18/Apr/2023:08:05:24 +0000] "POST /api/v1/users/ HTTP/1.1" 201 347 "-" "PostmanRuntime/7.32.2"

info: ::1 - - [18/Apr/2023:08:05:42 +0000] "POST /api/v1/users/login HTTP/1.1" 202 244 "-" "PostmanRuntime/7.32.2"

info: ::1 - - [18/Apr/2023:08:07:05 +0000] "POST /api/v1/admin HTTP/1.1" 500 62 "-" "PostmanRuntime/7.32.2"

info: ::1 - - [18/Apr/2023:08:07:36 +0000] "POST /api/v1/admin HTTP/1.1" 201 377 "-" "PostmanRuntime/7.32.2"

info: ::1 - - [18/Apr/2023:08:13:02 +0000] "POST /api/v1/admin/login HTTP/1.1" 500 55 "-" "PostmanRuntime/7.32.2"

info: ::1 - - [18/Apr/2023:08:14:05 +0000] "POST /api/v1/admin/ HTTP/1.1" 201 382 "-" "PostmanRuntime/7.32.2"

info: ::1 - - [18/Apr/2023:08:14:33 +0000] "POST /api/v1/admin/login HTTP/1.1" 500 55 "-" "PostmanRuntime/7.32.2"

info: ::1 - - [18/Apr/2023:08:17:29 +0000] "POST /api/v1/admin/login HTTP/1.1" 500 55 "-" "PostmanRuntime/7.32.2"

info: ::1 - - [18/Apr/2023:08:17:30 +0000] "POST /api/v1/admin/login HTTP/1.1" 500 55 "-" "PostmanRuntime/7.32.2"

info: ::1 - - [18/Apr/2023:08:23:52 +0000] "POST /api/v1/admin/login HTTP/1.1" 500 55 "-" "PostmanRuntime/7.32.2"

info: ::1 - - [18/Apr/2023:08:23:54 +0000] "POST /api/v1/admin/login HTTP/1.1" 500 55 "-" "PostmanRuntime/7.32.2"

info: ::1 - - [18/Apr/2023:08:24:07 +0000] "POST /api/v1/admin/login HTTP/1.1" 500 55 "-" "PostmanRuntime/7.32.2"

info: ::1 - - [18/Apr/2023:08:33:20 +0000] "POST /api/v1/admin/login HTTP/1.1" 500 55 "-" "PostmanRuntime/7.32.2"

info: ::1 - - [18/Apr/2023:08:34:15 +0000] "POST /api/v1/admin/ HTTP/1.1" 201 382 "-" "PostmanRuntime/7.32.2"

info: ::1 - - [18/Apr/2023:08:34:24 +0000] "POST /api/v1/admin/login HTTP/1.1" 500 55 "-" "PostmanRuntime/7.32.2"

info: ::1 - - [18/Apr/2023:08:34:31 +0000] "POST /api/v1/admin/login HTTP/1.1" 500 55 "-" "PostmanRuntime/7.32.2"

info: ::1 - - [18/Apr/2023:08:36:26 +0000] "POST /api/v1/admin/ HTTP/1.1" 500 53 "-" "PostmanRuntime/7.32.2"

info: ::1 - - [18/Apr/2023:08:36:45 +0000] "POST /api/v1/admin/login HTTP/1.1" 500 55 "-" "PostmanRuntime/7.32.2"

info: ::1 - - [18/Apr/2023:08:37:15 +0000] "POST /api/v1/admin/login HTTP/1.1" 500 55 "-" "PostmanRuntime/7.32.2"

info: ::1 - - [18/Apr/2023:08:37:39 +0000] "POST /api/v1/admin/login HTTP/1.1" 500 55 "-" "PostmanRuntime/7.32.2"

info: ::1 - - [18/Apr/2023:08:37:42 +0000] "POST /api/v1/admin/ HTTP/1.1" 201 382 "-" "PostmanRuntime/7.32.2"

info: ::1 - - [18/Apr/2023:08:37:43 +0000] "POST /api/v1/admin/ HTTP/1.1" 500 53 "-" "PostmanRuntime/7.32.2"

info: ::1 - - [18/Apr/2023:08:37:49 +0000] "POST /api/v1/admin/login HTTP/1.1" 500 55 "-" "PostmanRuntime/7.32.2"

info: ::1 - - [18/Apr/2023:08:40:50 +0000] "POST /api/v1/admin/login HTTP/1.1" 500 55 "-" "PostmanRuntime/7.32.2"

info: ::1 - - [18/Apr/2023:08:41:11 +0000] "POST /api/v1/admin/ HTTP/1.1" 500 53 "-" "PostmanRuntime/7.32.2"

info: ::1 - - [18/Apr/2023:08:41:16 +0000] "POST /api/v1/admin/ HTTP/1.1" 201 383 "-" "PostmanRuntime/7.32.2"

info: ::1 - - [18/Apr/2023:08:44:03 +0000] "POST /api/v1/admin/ HTTP/1.1" 201 382 "-" "PostmanRuntime/7.32.2"

info: ::1 - - [18/Apr/2023:08:44:08 +0000] "POST /api/v1/admin/login HTTP/1.1" 202 250 "-" "PostmanRuntime/7.32.2"

info: ::1 - - [18/Apr/2023:08:46:28 +0000] "POST /api/v1/admin/ HTTP/1.1" 500 60 "-" "PostmanRuntime/7.32.2"

info: ::1 - - [18/Apr/2023:08:46:35 +0000] "POST /api/v1/admin/login HTTP/1.1" 500 55 "-" "PostmanRuntime/7.32.2"

info: ::1 - - [18/Apr/2023:08:53:13 +0000] "GET /api/v1/admin/login/product HTTP/1.1" 404 47 "-" "PostmanRuntime/7.32.2"

info: ::1 - - [18/Apr/2023:08:53:21 +0000] "GET /api/v1/admin/product HTTP/1.1" 404 47 "-" "PostmanRuntime/7.32.2"

info: ::1 - - [18/Apr/2023:08:53:25 +0000] "GET /api/v1/admin/product HTTP/1.1" 404 47 "-" "PostmanRuntime/7.32.2"

info: ::1 - - [18/Apr/2023:08:53:29 +0000] "GET /api/v1/product HTTP/1.1" 500 90 "-" "PostmanRuntime/7.32.2"

info: ::1 - - [18/Apr/2023:08:53:48 +0000] "GET /api/v1/product HTTP/1.1" 500 90 "-" "PostmanRuntime/7.32.2"

info: ::1 - - [18/Apr/2023:08:55:04 +0000] "GET /api/v1/product HTTP/1.1" 500 88 "-" "PostmanRuntime/7.32.2"

info: ::1 - - [18/Apr/2023:08:55:05 +0000] "GET /api/v1/product HTTP/1.1" 500 88 "-" "PostmanRuntime/7.32.2"

info: ::1 - - [18/Apr/2023:08:56:05 +0000] "GET /api/v1/product HTTP/1.1" 500 88 "-" "PostmanRuntime/7.32.2"

info: ::1 - - [18/Apr/2023:09:03:25 +0000] "GET /api/v1/product HTTP/1.1" 500 88 "-" "PostmanRuntime/7.32.2"

info: ::1 - - [18/Apr/2023:09:03:30 +0000] "GET /api/v1/product HTTP/1.1" 500 88 "-" "PostmanRuntime/7.32.2"

info: ::1 - - [18/Apr/2023:09:12:32 +0000] "GET /api/v1/product HTTP/1.1" 200 2 "-" "PostmanRuntime/7.32.2"

info: ::1 - - [18/Apr/2023:09:17:03 +0000] "POST /api/v1/product HTTP/1.1" 500 324 "-" "PostmanRuntime/7.32.2"

info: ::1 - - [18/Apr/2023:09:19:53 +0000] "POST /api/v1/product HTTP/1.1" 200 391 "-" "PostmanRuntime/7.32.2"

info: ::1 - - [18/Apr/2023:09:24:25 +0000] "POST /api/v1/product HTTP/1.1" 200 432 "-" "PostmanRuntime/7.32.2"

info: ::1 - - [18/Apr/2023:09:24:55 +0000] "POST /api/v1/product HTTP/1.1" 200 413 "-" "PostmanRuntime/7.32.2"

info: ::1 - - [18/Apr/2023:09:40:51 +0000] "GET /api/v1/product HTTP/1.1" 200 1240 "-" "PostmanRuntime/7.32.2"

info: ::1 - - [18/Apr/2023:11:18:40 +0000] "PUT /api/v1/product HTTP/1.1" 404 47 "-" "PostmanRuntime/7.32.2"

info: ::1 - - [18/Apr/2023:11:18:45 +0000] "GET /api/v1/product HTTP/1.1" 200 1240 "-" "PostmanRuntime/7.32.2"

info: ::1 - - [18/Apr/2023:11:18:55 +0000] "PUT /api/v1/product/643e60b979cfe235f044a2c1 HTTP/1.1" 200 413 "-" "PostmanRuntime/7.32.2"

info: ::1 - - [18/Apr/2023:11:19:04 +0000] "PUT /api/v1/product/643e60b979cfe235f044a2c1 HTTP/1.1" 200 414 "-" "PostmanRuntime/7.32.2"

info: ::1 - - [18/Apr/2023:11:19:20 +0000] "PUT /api/v1/product/643e60b979cfe235f044a2c1 HTTP/1.1" 200 413 "-" "PostmanRuntime/7.32.2"

info: ::1 - - [18/Apr/2023:11:19:35 +0000] "GET /api/v1/product/ HTTP/1.1" 200 1262 "-" "PostmanRuntime/7.32.2"

info: ::1 - - [18/Apr/2023:11:19:51 +0000] "GET /api/v1/product/643e60b979cfe235f044a2c1 HTTP/1.1" 404 47 "-" "PostmanRuntime/7.32.2"

info: ::1 - - [18/Apr/2023:11:19:57 +0000] "PUT /api/v1/product/643e60b979cfe235f044a2c1 HTTP/1.1" 200 412 "-" "PostmanRuntime/7.32.2"

info: ::1 - - [18/Apr/2023:11:20:09 +0000] "PUT /api/v1/product/643e60b979cfe235f044a2c1 HTTP/1.1" 200 418 "-" "PostmanRuntime/7.32.2"

info: ::1 - - [18/Apr/2023:11:20:16 +0000] "GET /api/v1/product/ HTTP/1.1" 200 1267 "-" "PostmanRuntime/7.32.2"

info: ::1 - - [18/Apr/2023:11:40:22 +0000] "DELETE /api/v1/product/643e60b979cfe235f044a2c1 HTTP/1.1" 200 418 "-" "PostmanRuntime/7.32.2"

info: ::1 - - [18/Apr/2023:11:40:31 +0000] "GET /api/v1/product/ HTTP/1.1" 200 848 "-" "PostmanRuntime/7.32.2"

