info: ::1 - - [20/Apr/2023:04:31:13 +0000] "POST /api/v1/users HTTP/1.1" 500 145 "-" "PostmanRuntime/7.32.2"

info: ::1 - - [20/Apr/2023:04:33:33 +0000] "POST /api/v1/users HTTP/1.1" 500 145 "-" "PostmanRuntime/7.32.2"

info: ::1 - - [20/Apr/2023:04:34:26 +0000] "POST /api/v1/users HTTP/1.1" 201 363 "-" "PostmanRuntime/7.32.2"

info: ::1 - - [20/Apr/2023:04:34:47 +0000] "POST /api/v1/users HTTP/1.1" 500 61 "-" "PostmanRuntime/7.32.2"

info: ::1 - - [20/Apr/2023:04:35:35 +0000] "POST /api/v1/users HTTP/1.1" 201 368 "-" "PostmanRuntime/7.32.2"

info: ::1 - - [20/Apr/2023:04:35:42 +0000] "POST /api/v1/users/login HTTP/1.1" 500 55 "-" "PostmanRuntime/7.32.2"

info: ::1 - - [20/Apr/2023:04:37:34 +0000] "POST /api/v1/users/login HTTP/1.1" 500 55 "-" "PostmanRuntime/7.32.2"

info: ::1 - - [20/Apr/2023:04:37:53 +0000] "POST /api/v1/users/login HTTP/1.1" 500 55 "-" "PostmanRuntime/7.32.2"

info: ::1 - - [20/Apr/2023:04:38:30 +0000] "POST /api/v1/users/login HTTP/1.1" 500 55 "-" "PostmanRuntime/7.32.2"

info: ::1 - - [20/Apr/2023:04:44:24 +0000] "POST /api/v1/users/login HTTP/1.1" 500 55 "-" "PostmanRuntime/7.32.2"

info: ::1 - - [20/Apr/2023:04:46:07 +0000] "POST /api/v1/users/login HTTP/1.1" 500 55 "-" "PostmanRuntime/7.32.2"

info: ::1 - - [20/Apr/2023:04:46:10 +0000] "POST /api/v1/users HTTP/1.1" 201 368 "-" "PostmanRuntime/7.32.2"

info: ::1 - - [20/Apr/2023:04:46:22 +0000] "POST /api/v1/users/login HTTP/1.1" 500 55 "-" "PostmanRuntime/7.32.2"

info: ::1 - - [20/Apr/2023:04:48:11 +0000] "POST /api/v1/users/login HTTP/1.1" 500 55 "-" "PostmanRuntime/7.32.2"

info: ::1 - - [20/Apr/2023:04:48:12 +0000] "POST /api/v1/users/login HTTP/1.1" 500 55 "-" "PostmanRuntime/7.32.2"

info: ::1 - - [20/Apr/2023:04:49:06 +0000] "POST /api/v1/users/login HTTP/1.1" 500 55 "-" "PostmanRuntime/7.32.2"

info: ::1 - - [20/Apr/2023:04:49:08 +0000] "POST /api/v1/users/login HTTP/1.1" 500 55 "-" "PostmanRuntime/7.32.2"

info: ::1 - - [20/Apr/2023:04:50:03 +0000] "POST /api/v1/users/login HTTP/1.1" 500 55 "-" "PostmanRuntime/7.32.2"

info: ::1 - - [20/Apr/2023:04:50:04 +0000] "POST /api/v1/users/login HTTP/1.1" 500 55 "-" "PostmanRuntime/7.32.2"

info: ::1 - - [20/Apr/2023:04:55:16 +0000] "POST /api/v1/users/ HTTP/1.1" 500 54 "-" "PostmanRuntime/7.32.2"

info: ::1 - - [20/Apr/2023:04:55:22 +0000] "POST /api/v1/users/ HTTP/1.1" 500 60 "-" "PostmanRuntime/7.32.2"

info: ::1 - - [20/Apr/2023:04:55:27 +0000] "POST /api/v1/users/login HTTP/1.1" 500 55 "-" "PostmanRuntime/7.32.2"

info: ::1 - - [20/Apr/2023:04:57:10 +0000] "POST /api/v1/users/login HTTP/1.1" 500 69 "-" "PostmanRuntime/7.32.2"

info: ::1 - - [20/Apr/2023:04:57:32 +0000] "POST /api/v1/users/login HTTP/1.1" 500 55 "-" "PostmanRuntime/7.32.2"

info: ::1 - - [20/Apr/2023:04:58:34 +0000] "POST /api/v1/users/login HTTP/1.1" 500 55 "-" "PostmanRuntime/7.32.2"

info: ::1 - - [20/Apr/2023:04:58:35 +0000] "POST /api/v1/users/login HTTP/1.1" 500 55 "-" "PostmanRuntime/7.32.2"

info: ::1 - - [20/Apr/2023:04:58:36 +0000] "POST /api/v1/users/login HTTP/1.1" 500 55 "-" "PostmanRuntime/7.32.2"

info: ::1 - - [20/Apr/2023:04:59:33 +0000] "POST /api/v1/users/login HTTP/1.1" 500 55 "-" "PostmanRuntime/7.32.2"

info: ::1 - - [20/Apr/2023:04:59:46 +0000] "POST /api/v1/users/login HTTP/1.1" 500 55 "-" "PostmanRuntime/7.32.2"

info: ::1 - - [20/Apr/2023:04:59:51 +0000] "POST /api/v1/users/ HTTP/1.1" 201 365 "-" "PostmanRuntime/7.32.2"

info: ::1 - - [20/Apr/2023:05:00:05 +0000] "POST /api/v1/users/login HTTP/1.1" 500 55 "-" "PostmanRuntime/7.32.2"

info: ::1 - - [20/Apr/2023:05:00:24 +0000] "POST /api/v1/users/login HTTP/1.1" 500 55 "-" "PostmanRuntime/7.32.2"

info: ::1 - - [20/Apr/2023:05:00:39 +0000] "POST /api/v1/users/login HTTP/1.1" 500 55 "-" "PostmanRuntime/7.32.2"

info: ::1 - - [20/Apr/2023:05:00:41 +0000] "POST /api/v1/users/login HTTP/1.1" 500 55 "-" "PostmanRuntime/7.32.2"

info: ::1 - - [20/Apr/2023:05:04:20 +0000] "POST /api/v1/users/login HTTP/1.1" 500 55 "-" "PostmanRuntime/7.32.2"

info: ::1 - - [20/Apr/2023:05:04:34 +0000] "POST /api/v1/users/login HTTP/1.1" 500 55 "-" "PostmanRuntime/7.32.2"

info: ::1 - - [20/Apr/2023:05:04:43 +0000] "POST /api/v1/users/login HTTP/1.1" 500 55 "-" "PostmanRuntime/7.32.2"

info: ::1 - - [20/Apr/2023:05:05:25 +0000] "POST /api/v1/users/login HTTP/1.1" 500 55 "-" "PostmanRuntime/7.32.2"

info: ::1 - - [20/Apr/2023:05:05:53 +0000] "POST /api/v1/users/login HTTP/1.1" 500 55 "-" "PostmanRuntime/7.32.2"

info: ::1 - - [20/Apr/2023:05:07:35 +0000] "POST /api/v1/users/login HTTP/1.1" 500 55 "-" "PostmanRuntime/7.32.2"

info: ::1 - - [20/Apr/2023:05:08:05 +0000] "POST /api/v1/users/ HTTP/1.1" 201 363 "-" "PostmanRuntime/7.32.2"

info: ::1 - - [20/Apr/2023:05:08:19 +0000] "POST /api/v1/users/login HTTP/1.1" 500 55 "-" "PostmanRuntime/7.32.2"

info: ::1 - - [20/Apr/2023:05:11:55 +0000] "POST /api/v1/users/login HTTP/1.1" 500 55 "-" "PostmanRuntime/7.32.2"

info: ::1 - - [20/Apr/2023:05:12:31 +0000] "POST /api/v1/users/login HTTP/1.1" 500 55 "-" "PostmanRuntime/7.32.2"

info: ::1 - - [20/Apr/2023:05:13:04 +0000] "POST /api/v1/users/login HTTP/1.1" 500 55 "-" "PostmanRuntime/7.32.2"

info: ::1 - - [20/Apr/2023:05:13:16 +0000] "POST /api/v1/users/login HTTP/1.1" 500 55 "-" "PostmanRuntime/7.32.2"

info: ::1 - - [20/Apr/2023:05:13:28 +0000] "POST /api/v1/users/login HTTP/1.1" 500 55 "-" "PostmanRuntime/7.32.2"

info: ::1 - - [20/Apr/2023:05:13:54 +0000] "POST /api/v1/users/login HTTP/1.1" 202 244 "-" "PostmanRuntime/7.32.2"

info: ::1 - - [20/Apr/2023:05:14:37 +0000] "POST /api/v1/users/login HTTP/1.1" 500 55 "-" "PostmanRuntime/7.32.2"

info: ::1 - - [20/Apr/2023:05:14:42 +0000] "POST /api/v1/users HTTP/1.1" 201 363 "-" "PostmanRuntime/7.32.2"

info: ::1 - - [20/Apr/2023:05:15:00 +0000] "POST /api/v1/users HTTP/1.1" 201 368 "-" "PostmanRuntime/7.32.2"

info: ::1 - - [20/Apr/2023:05:15:09 +0000] "POST /api/v1/users/login HTTP/1.1" 202 250 "-" "PostmanRuntime/7.32.2"

info: ::1 - - [20/Apr/2023:05:15:42 +0000] "POST /api/v1/users/login HTTP/1.1" 202 250 "-" "PostmanRuntime/7.32.2"

info: ::1 - - [20/Apr/2023:05:16:17 +0000] "POST /api/v1/users/login HTTP/1.1" 202 577 "-" "PostmanRuntime/7.32.2"

info: ::1 - - [20/Apr/2023:05:16:38 +0000] "POST /api/v1/users/login HTTP/1.1" 202 577 "-" "PostmanRuntime/7.32.2"

info: ::1 - - [20/Apr/2023:05:17:34 +0000] "POST /api/v1/users/login HTTP/1.1" 202 567 "-" "PostmanRuntime/7.32.2"

info: ::1 - - [20/Apr/2023:05:17:44 +0000] "POST /api/v1/users/login HTTP/1.1" 202 567 "-" "PostmanRuntime/7.32.2"

info: ::1 - - [20/Apr/2023:05:23:16 +0000] "POST /api/v1/users/login HTTP/1.1" 202 585 "-" "PostmanRuntime/7.32.2"

info: ::1 - - [20/Apr/2023:05:23:28 +0000] "POST /api/v1/users/login HTTP/1.1" 202 585 "-" "PostmanRuntime/7.32.2"

info: ::1 - - [20/Apr/2023:05:51:56 +0000] "POST /api/v1/users/ HTTP/1.1" 500 61 "-" "PostmanRuntime/7.32.2"

info: ::1 - - [20/Apr/2023:05:52:09 +0000] "POST /api/v1/users/ HTTP/1.1" 201 365 "-" "PostmanRuntime/7.32.2"

info: ::1 - - [20/Apr/2023:05:52:25 +0000] "POST /api/v1/users/ HTTP/1.1" 500 60 "-" "PostmanRuntime/7.32.2"

info: ::1 - - [20/Apr/2023:05:52:31 +0000] "POST /api/v1/users/login HTTP/1.1" 202 569 "-" "PostmanRuntime/7.32.2"

info: ::1 - - [20/Apr/2023:05:52:55 +0000] "POST /api/v1/users/login HTTP/1.1" 202 569 "-" "PostmanRuntime/7.32.2"

info: ::1 - - [20/Apr/2023:05:53:40 +0000] "POST /api/v1/users/login HTTP/1.1" 202 568 "-" "PostmanRuntime/7.32.2"

info: ::1 - - [20/Apr/2023:05:58:23 +0000] "POST /api/v1/users/login HTTP/1.1" 202 569 "-" "PostmanRuntime/7.32.2"

info: ::1 - - [20/Apr/2023:05:58:24 +0000] "POST /api/v1/users/login HTTP/1.1" 202 569 "-" "PostmanRuntime/7.32.2"

info: ::1 - - [20/Apr/2023:05:58:27 +0000] "POST /api/v1/users/login HTTP/1.1" 202 569 "-" "PostmanRuntime/7.32.2"

info: ::1 - - [20/Apr/2023:05:58:38 +0000] "POST /api/v1/users/login HTTP/1.1" 202 569 "-" "PostmanRuntime/7.32.2"

info: ::1 - - [20/Apr/2023:05:59:19 +0000] "POST /api/v1/product/ HTTP/1.1" 500 141 "-" "PostmanRuntime/7.32.2"

info: ::1 - - [20/Apr/2023:05:59:25 +0000] "POST /api/v1/product/ HTTP/1.1" 200 436 "-" "PostmanRuntime/7.32.2"

info: ::1 - - [20/Apr/2023:05:59:34 +0000] "POST /api/v1/product/newarrival HTTP/1.1" 404 47 "-" "PostmanRuntime/7.32.2"

info: ::1 - - [20/Apr/2023:05:59:37 +0000] "GET /api/v1/product/newarrival HTTP/1.1" 202 7890 "-" "PostmanRuntime/7.32.2"

info: ::1 - - [20/Apr/2023:06:00:11 +0000] "POST /api/v1/cart/643fc338e2e93845d4ef607b HTTP/1.1" 500 111 "-" "PostmanRuntime/7.32.2"

info: ::1 - - [20/Apr/2023:06:00:51 +0000] "POST /api/v1/cart/643fc338e2e93845d4ef607b HTTP/1.1" 500 111 "-" "PostmanRuntime/7.32.2"

info: ::1 - - [20/Apr/2023:06:02:07 +0000] "POST /api/v1/cart/643fc338e2e93845d4ef607b HTTP/1.1" 500 111 "-" "PostmanRuntime/7.32.2"

info: ::1 - - [20/Apr/2023:06:02:09 +0000] "POST /api/v1/cart/643fc338e2e93845d4ef607b HTTP/1.1" 500 111 "-" "PostmanRuntime/7.32.2"

info: ::1 - - [20/Apr/2023:06:04:58 +0000] "POST /api/v1/cart/643fc338e2e93845d4ef607b HTTP/1.1" 500 111 "-" "PostmanRuntime/7.32.2"

info: ::1 - - [20/Apr/2023:06:04:59 +0000] "POST /api/v1/cart/643fc338e2e93845d4ef607b HTTP/1.1" 500 111 "-" "PostmanRuntime/7.32.2"

info: ::1 - - [20/Apr/2023:06:05:10 +0000] "POST /api/v1/cart/643fc338e2e93845d4ef607b HTTP/1.1" 500 111 "-" "PostmanRuntime/7.32.2"

info: ::1 - - [20/Apr/2023:06:07:27 +0000] "POST /api/v1/cart/643fc338e2e93845d4ef607b HTTP/1.1" 500 111 "-" "PostmanRuntime/7.32.2"

info: ::1 - - [20/Apr/2023:06:07:29 +0000] "POST /api/v1/cart/643fc338e2e93845d4ef607b HTTP/1.1" 500 111 "-" "PostmanRuntime/7.32.2"

info: ::1 - - [20/Apr/2023:06:13:16 +0000] "POST /api/v1/cart/643fc338e2e93845d4ef607b HTTP/1.1" 201 307 "-" "PostmanRuntime/7.32.2"

info: ::1 - - [20/Apr/2023:06:13:23 +0000] "POST /api/v1/cart/643fc338e2e93845d4ef607b HTTP/1.1" 201 307 "-" "PostmanRuntime/7.32.2"

info: ::1 - - [20/Apr/2023:06:13:25 +0000] "POST /api/v1/cart/643fc338e2e93845d4ef607b HTTP/1.1" 201 307 "-" "PostmanRuntime/7.32.2"

info: ::1 - - [20/Apr/2023:06:13:35 +0000] "GET /api/v1/cart/ HTTP/1.1" 404 47 "-" "PostmanRuntime/7.32.2"

info: ::1 - - [20/Apr/2023:06:13:41 +0000] "GET /api/v1/product/ HTTP/1.1" 200 7829 "-" "PostmanRuntime/7.32.2"

info: ::1 - - [20/Apr/2023:06:13:57 +0000] "POST /api/v1/cart/643f827967386a34349cf012 HTTP/1.1" 201 438 "-" "PostmanRuntime/7.32.2"

info: ::1 - - [20/Apr/2023:06:14:00 +0000] "POST /api/v1/cart/643f827967386a34349cf012 HTTP/1.1" 201 438 "-" "PostmanRuntime/7.32.2"

info: ::1 - - [20/Apr/2023:06:14:03 +0000] "POST /api/v1/cart/643f827967386a34349cf012 HTTP/1.1" 201 438 "-" "PostmanRuntime/7.32.2"

info: ::1 - - [20/Apr/2023:06:14:45 +0000] "POST /api/v1/cart/643f827967386a34349cf012 HTTP/1.1" 201 438 "-" "PostmanRuntime/7.32.2"

info: ::1 - - [20/Apr/2023:06:14:50 +0000] "POST /api/v1/cart/643f827967386a34349cf012 HTTP/1.1" 201 438 "-" "PostmanRuntime/7.32.2"

info: ::1 - - [20/Apr/2023:06:21:00 +0000] "PUT /api/v1/cart/643f827967386a34349cf012 HTTP/1.1" 400 91 "-" "PostmanRuntime/7.32.2"

info: ::1 - - [20/Apr/2023:06:21:42 +0000] "PUT /api/v1/cart/643f827967386a34349cf012 HTTP/1.1" 400 91 "-" "PostmanRuntime/7.32.2"

info: ::1 - - [20/Apr/2023:06:21:43 +0000] "PUT /api/v1/cart/643f827967386a34349cf012 HTTP/1.1" 400 91 "-" "PostmanRuntime/7.32.2"

info: ::1 - - [20/Apr/2023:06:22:41 +0000] "PUT /api/v1/cart/643f827967386a34349cf012 HTTP/1.1" 400 69 "-" "PostmanRuntime/7.32.2"

info: ::1 - - [20/Apr/2023:06:22:42 +0000] "PUT /api/v1/cart/643f827967386a34349cf012 HTTP/1.1" 400 69 "-" "PostmanRuntime/7.32.2"

info: ::1 - - [20/Apr/2023:06:25:07 +0000] "PUT /api/v1/cart/643f827967386a34349cf012 HTTP/1.1" 400 69 "-" "PostmanRuntime/7.32.2"

info: ::1 - - [20/Apr/2023:06:25:27 +0000] "PUT /api/v1/cart/643f827967386a34349cf012 HTTP/1.1" 400 84 "-" "PostmanRuntime/7.32.2"

info: ::1 - - [20/Apr/2023:06:40:26 +0000] "PUT /api/v1/cart/643f827967386a34349cf012 HTTP/1.1" 400 72 "-" "PostmanRuntime/7.32.2"

info: ::1 - - [20/Apr/2023:07:06:01 +0000] "PUT /api/v1/cart/643f827967386a34349cf012 HTTP/1.1" 400 72 "-" "PostmanRuntime/7.32.2"

info: ::1 - - [20/Apr/2023:07:09:25 +0000] "PUT /api/v1/cart/643f827967386a34349cf012 HTTP/1.1" 400 65 "-" "PostmanRuntime/7.32.2"

info: ::1 - - [20/Apr/2023:07:09:33 +0000] "PUT /api/v1/cart/643f827967386a34349cf012 HTTP/1.1" 400 72 "-" "PostmanRuntime/7.32.2"

info: ::1 - - [20/Apr/2023:07:10:38 +0000] "PUT /api/v1/cart/643f827967386a34349cf012 HTTP/1.1" 201 318 "-" "PostmanRuntime/7.32.2"

info: ::1 - - [20/Apr/2023:07:10:43 +0000] "PUT /api/v1/cart/643f827967386a34349cf012 HTTP/1.1" 400 55 "-" "PostmanRuntime/7.32.2"

info: ::1 - - [20/Apr/2023:07:10:49 +0000] "PUT /api/v1/cart/643f827967386a34349cf012 HTTP/1.1" 400 55 "-" "PostmanRuntime/7.32.2"

info: ::1 - - [20/Apr/2023:07:10:53 +0000] "POST /api/v1/cart/643f827967386a34349cf012 HTTP/1.1" 201 438 "-" "PostmanRuntime/7.32.2"

info: ::1 - - [20/Apr/2023:07:10:56 +0000] "POST /api/v1/cart/643f827967386a34349cf012 HTTP/1.1" 201 438 "-" "PostmanRuntime/7.32.2"

info: ::1 - - [20/Apr/2023:07:11:02 +0000] "POST /api/v1/cart/643f827967386a34349cf012 HTTP/1.1" 201 438 "-" "PostmanRuntime/7.32.2"

info: ::1 - - [20/Apr/2023:07:11:07 +0000] "PUT /api/v1/cart/643f827967386a34349cf012 HTTP/1.1" 201 317 "-" "PostmanRuntime/7.32.2"

info: ::1 - - [20/Apr/2023:07:13:13 +0000] "PUT /api/v1/cart/purchase/6440d7fc78231bf33e1bcc09 HTTP/1.1" 404 47 "-" "PostmanRuntime/7.32.2"

info: ::1 - - [20/Apr/2023:07:13:47 +0000] "PUT /api/v1/cart/643f81ff0807bb390c408589 HTTP/1.1" 400 55 "-" "PostmanRuntime/7.32.2"

info: ::1 - - [20/Apr/2023:07:13:49 +0000] "POST /api/v1/cart/643f81ff0807bb390c408589 HTTP/1.1" 201 438 "-" "PostmanRuntime/7.32.2"

info: ::1 - - [20/Apr/2023:07:14:23 +0000] "POST /api/v1/cart/purchase/6440d7fc78231bf33e1bcc09 HTTP/1.1" 201 440 "-" "PostmanRuntime/7.32.2"

info: ::1 - - [20/Apr/2023:07:14:29 +0000] "POST /api/v1/cart/purchase/6440d7fc78231bf33e1bcc09 HTTP/1.1" 201 439 "-" "PostmanRuntime/7.32.2"

info: ::1 - - [20/Apr/2023:07:15:04 +0000] "GET /api/v1/cart/ HTTP/1.1" 404 47 "-" "PostmanRuntime/7.32.2"

info: ::1 - - [20/Apr/2023:07:15:19 +0000] "GET /api/v1/product HTTP/1.1" 200 7829 "-" "PostmanRuntime/7.32.2"

info: ::1 - - [20/Apr/2023:07:15:35 +0000] "POST /api/v1/cart/643f8a6decb91b03f0a9b01e HTTP/1.1" 201 564 "-" "PostmanRuntime/7.32.2"

info: ::1 - - [20/Apr/2023:07:15:41 +0000] "POST /api/v1/cart/643f8a6decb91b03f0a9b01e HTTP/1.1" 201 566 "-" "PostmanRuntime/7.32.2"

info: ::1 - - [20/Apr/2023:07:15:42 +0000] "POST /api/v1/cart/643f8a6decb91b03f0a9b01e HTTP/1.1" 201 566 "-" "PostmanRuntime/7.32.2"

info: ::1 - - [20/Apr/2023:07:15:43 +0000] "POST /api/v1/cart/643f8a6decb91b03f0a9b01e HTTP/1.1" 201 566 "-" "PostmanRuntime/7.32.2"

info: ::1 - - [20/Apr/2023:07:15:43 +0000] "POST /api/v1/cart/643f8a6decb91b03f0a9b01e HTTP/1.1" 201 567 "-" "PostmanRuntime/7.32.2"

info: ::1 - - [20/Apr/2023:07:15:44 +0000] "POST /api/v1/cart/643f8a6decb91b03f0a9b01e HTTP/1.1" 201 567 "-" "PostmanRuntime/7.32.2"

info: ::1 - - [20/Apr/2023:07:25:05 +0000] "POST /api/v1/users HTTP/1.1" 201 400 "-" "PostmanRuntime/7.32.2"

info: ::1 - - [20/Apr/2023:07:25:10 +0000] "POST /api/v1/users HTTP/1.1" 500 60 "-" "PostmanRuntime/7.32.2"

info: ::1 - - [20/Apr/2023:07:25:20 +0000] "POST /api/v1/users/login HTTP/1.1" 202 610 "-" "PostmanRuntime/7.32.2"

info: ::1 - - [20/Apr/2023:07:25:46 +0000] "POST /api/v1/users/login HTTP/1.1" 202 610 "-" "PostmanRuntime/7.32.2"

info: ::1 - - [20/Apr/2023:07:25:57 +0000] "GET /api/v1/product HTTP/1.1" 200 7829 "-" "PostmanRuntime/7.32.2"

info: ::1 - - [20/Apr/2023:07:26:06 +0000] "GET /api/v1/product/643f827967386a34349cf012 HTTP/1.1" 404 47 "-" "PostmanRuntime/7.32.2"

info: ::1 - - [20/Apr/2023:07:26:18 +0000] "GET /api/v1/cart/643f827967386a34349cf012 HTTP/1.1" 404 47 "-" "PostmanRuntime/7.32.2"

info: ::1 - - [20/Apr/2023:07:26:19 +0000] "GET /api/v1/cart/643f827967386a34349cf012 HTTP/1.1" 404 47 "-" "PostmanRuntime/7.32.2"

info: ::1 - - [20/Apr/2023:07:26:20 +0000] "GET /api/v1/cart/643f827967386a34349cf012 HTTP/1.1" 404 47 "-" "PostmanRuntime/7.32.2"

info: ::1 - - [20/Apr/2023:07:26:48 +0000] "POST /api/v1/cart/643f827967386a34349cf012 HTTP/1.1" 201 697 "-" "PostmanRuntime/7.32.2"

info: ::1 - - [20/Apr/2023:07:28:14 +0000] "PUT /api/v1/cart/643f827967386a34349cf012 HTTP/1.1" 201 573 "-" "PostmanRuntime/7.32.2"

info: ::1 - - [20/Apr/2023:07:28:18 +0000] "PUT /api/v1/cart/643f827967386a34349cf012 HTTP/1.1" 400 55 "-" "PostmanRuntime/7.32.2"

info: ::1 - - [20/Apr/2023:07:28:38 +0000] "PUT /api/v1/cart/643f827967386a34349cf012 HTTP/1.1" 400 55 "-" "PostmanRuntime/7.32.2"

info: ::1 - - [20/Apr/2023:07:28:43 +0000] "POST /api/v1/cart/643f827967386a34349cf012 HTTP/1.1" 201 696 "-" "PostmanRuntime/7.32.2"

info: ::1 - - [20/Apr/2023:07:30:22 +0000] "POST /api/v1/cart/purchase/643f827967386a34349cf012 HTTP/1.1" 201 65 "-" "PostmanRuntime/7.32.2"

info: ::1 - - [20/Apr/2023:07:31:41 +0000] "POST /api/v1/cart/purchase/643f827967386a34349cf012 HTTP/1.1" 201 65 "-" "PostmanRuntime/7.32.2"

info: ::1 - - [20/Apr/2023:07:32:01 +0000] "GET /api/v1/product HTTP/1.1" 200 7829 "-" "PostmanRuntime/7.32.2"

info: ::1 - - [20/Apr/2023:07:35:56 +0000] "GET /api/v1/product HTTP/1.1" 200 7829 "-" "PostmanRuntime/7.32.2"

info: ::1 - - [20/Apr/2023:07:36:27 +0000] "POST /api/v1/cart/643f825f67386a34349cf00e HTTP/1.1" 201 307 "-" "PostmanRuntime/7.32.2"

info: ::1 - - [20/Apr/2023:07:36:30 +0000] "POST /api/v1/cart/643f825f67386a34349cf00e HTTP/1.1" 201 307 "-" "PostmanRuntime/7.32.2"

info: ::1 - - [20/Apr/2023:07:36:31 +0000] "POST /api/v1/cart/643f825f67386a34349cf00e HTTP/1.1" 201 307 "-" "PostmanRuntime/7.32.2"

info: ::1 - - [20/Apr/2023:07:37:19 +0000] "POST /api/v1/purchase/6440eb7b78231bf33e1bd956 HTTP/1.1" 404 47 "-" "PostmanRuntime/7.32.2"

info: ::1 - - [20/Apr/2023:07:37:26 +0000] "POST /api/v1/purchase/6440eb7b78231bf33e1bd956 HTTP/1.1" 404 47 "-" "PostmanRuntime/7.32.2"

info: ::1 - - [20/Apr/2023:07:37:37 +0000] "POST /api/v1/purchase/6440eb7b78231bf33e1bd956 HTTP/1.1" 404 47 "-" "PostmanRuntime/7.32.2"

info: ::1 - - [20/Apr/2023:07:38:14 +0000] "POST /api/v1/purchase/6440eb7b78231bf33e1bd956 HTTP/1.1" 404 47 "-" "PostmanRuntime/7.32.2"

info: ::1 - - [20/Apr/2023:07:38:15 +0000] "POST /api/v1/purchase/6440eb7b78231bf33e1bd956 HTTP/1.1" 404 47 "-" "PostmanRuntime/7.32.2"

info: ::1 - - [20/Apr/2023:07:38:42 +0000] "POST /api/v1/cart/purchase/6440eb7b78231bf33e1bd956 HTTP/1.1" 201 309 "-" "PostmanRuntime/7.32.2"

info: ::1 - - [20/Apr/2023:07:40:15 +0000] "POST /api/v1/cart/purchase/6440eb7b78231bf33e1bd956 HTTP/1.1" 201 308 "-" "PostmanRuntime/7.32.2"

info: ::1 - - [20/Apr/2023:07:41:39 +0000] "GET /api/v1/product HTTP/1.1" 200 7829 "-" "PostmanRuntime/7.32.2"

info: ::1 - - [20/Apr/2023:07:41:46 +0000] "POST /api/v1/product/643f865a67386a34349cf016 HTTP/1.1" 404 47 "-" "PostmanRuntime/7.32.2"

info: ::1 - - [20/Apr/2023:07:41:50 +0000] "POST /api/v1/cart/643f865a67386a34349cf016 HTTP/1.1" 201 307 "-" "PostmanRuntime/7.32.2"

info: ::1 - - [20/Apr/2023:07:41:51 +0000] "POST /api/v1/cart/643f865a67386a34349cf016 HTTP/1.1" 201 307 "-" "PostmanRuntime/7.32.2"

info: ::1 - - [20/Apr/2023:07:42:29 +0000] "POST /api/v1/cart/purchase/6440ecbe78231bf33e1bda6a HTTP/1.1" 201 308 "-" "PostmanRuntime/7.32.2"

info: ::1 - - [20/Apr/2023:07:46:52 +0000] "POST /api/v1/cart/purchase/6440ecbe78231bf33e1bda6a HTTP/1.1" 201 308 "-" "PostmanRuntime/7.32.2"

info: ::1 - - [20/Apr/2023:09:08:01 +0000] "POST /api/v1/cart/purchase/6440ecbe78231bf33e1bda6a HTTP/1.1" 400 91 "-" "PostmanRuntime/7.32.2"

info: ::1 - - [20/Apr/2023:09:10:54 +0000] "POST /api/v1/cart/purchase/6440ecbe78231bf33e1bda6a HTTP/1.1" 400 91 "-" "PostmanRuntime/7.32.2"

info: ::1 - - [20/Apr/2023:09:15:01 +0000] "POST /api/v1/cart/purchase/6440ecbe78231bf33e1bda6a HTTP/1.1" 201 65 "-" "PostmanRuntime/7.32.2"

info: ::1 - - [20/Apr/2023:09:18:38 +0000] "GET /api/v1/product HTTP/1.1" 200 2 "-" "PostmanRuntime/7.32.2"

info: ::1 - - [20/Apr/2023:09:19:41 +0000] "POST /api/v1/product/ HTTP/1.1" 200 435 "-" "PostmanRuntime/7.32.2"

info: ::1 - - [20/Apr/2023:09:19:48 +0000] "POST /api/v1/product/ HTTP/1.1" 200 436 "-" "PostmanRuntime/7.32.2"

info: ::1 - - [20/Apr/2023:09:20:06 +0000] "POST /api/v1/product/ HTTP/1.1" 200 436 "-" "PostmanRuntime/7.32.2"

info: ::1 - - [20/Apr/2023:09:24:10 +0000] "POST /api/v1/product/ HTTP/1.1" 200 436 "-" "PostmanRuntime/7.32.2"

info: ::1 - - [20/Apr/2023:09:24:15 +0000] "POST /api/v1/product/ HTTP/1.1" 200 436 "-" "PostmanRuntime/7.32.2"

info: ::1 - - [20/Apr/2023:09:24:20 +0000] "POST /api/v1/product/ HTTP/1.1" 200 436 "-" "PostmanRuntime/7.32.2"

info: ::1 - - [20/Apr/2023:09:33:48 +0000] "POST /api/v1/product/ HTTP/1.1" 400 56 "-" "PostmanRuntime/7.32.2"

info: ::1 - - [20/Apr/2023:09:33:54 +0000] "POST /api/v1/users HTTP/1.1" 500 60 "-" "PostmanRuntime/7.32.2"

info: ::1 - - [20/Apr/2023:09:53:42 +0000] "POST /api/v1/users HTTP/1.1" 201 365 "-" "PostmanRuntime/7.32.2"

info: ::1 - - [20/Apr/2023:09:53:49 +0000] "POST /api/v1/users HTTP/1.1" 201 366 "-" "PostmanRuntime/7.32.2"

info: ::1 - - [20/Apr/2023:09:53:52 +0000] "POST /api/v1/users HTTP/1.1" 201 367 "-" "PostmanRuntime/7.32.2"

info: ::1 - - [20/Apr/2023:09:53:56 +0000] "POST /api/v1/users HTTP/1.1" 201 368 "-" "PostmanRuntime/7.32.2"

info: ::1 - - [20/Apr/2023:09:54:11 +0000] "POST /api/v1/users/login HTTP/1.1" 202 576 "-" "PostmanRuntime/7.32.2"

info: ::1 - - [20/Apr/2023:09:57:23 +0000] "POST /api/v1/users/login HTTP/1.1" 202 576 "-" "PostmanRuntime/7.32.2"

info: ::1 - - [20/Apr/2023:09:57:25 +0000] "POST /api/v1/users/login HTTP/1.1" 202 576 "-" "PostmanRuntime/7.32.2"

info: ::1 - - [20/Apr/2023:09:59:05 +0000] "GET /api/v1/product HTTP/1.1" 500 48 "-" "PostmanRuntime/7.32.2"

info: ::1 - - [20/Apr/2023:09:59:39 +0000] "GET /api/v1/users/login HTTP/1.1" 404 47 "-" "PostmanRuntime/7.32.2"

info: ::1 - - [20/Apr/2023:09:59:40 +0000] "GET /api/v1/users/login HTTP/1.1" 404 47 "-" "PostmanRuntime/7.32.2"

info: ::1 - - [20/Apr/2023:09:59:43 +0000] "POST /api/v1/users/login HTTP/1.1" 202 569 "-" "PostmanRuntime/7.32.2"

info: ::1 - - [20/Apr/2023:10:00:11 +0000] "GET /api/v1/product HTTP/1.1" 200 2622 "-" "PostmanRuntime/7.32.2"

info: ::1 - - [20/Apr/2023:10:01:09 +0000] "POST /api/v1/product/644103ad7a8d264f98fd4f71 HTTP/1.1" 404 47 "-" "PostmanRuntime/7.32.2"

info: ::1 - - [20/Apr/2023:10:01:10 +0000] "POST /api/v1/product/644103ad7a8d264f98fd4f71 HTTP/1.1" 404 47 "-" "PostmanRuntime/7.32.2"

info: ::1 - - [20/Apr/2023:10:01:11 +0000] "POST /api/v1/product/644103ad7a8d264f98fd4f71 HTTP/1.1" 404 47 "-" "PostmanRuntime/7.32.2"

info: ::1 - - [20/Apr/2023:10:01:17 +0000] "GET /api/v1/product/ HTTP/1.1" 200 2622 "-" "PostmanRuntime/7.32.2"

info: ::1 - - [20/Apr/2023:10:01:28 +0000] "POST /api/v1/cart/644103ad7a8d264f98fd4f71 HTTP/1.1" 201 307 "-" "PostmanRuntime/7.32.2"

info: ::1 - - [20/Apr/2023:10:01:33 +0000] "POST /api/v1/cart/644103ad7a8d264f98fd4f71 HTTP/1.1" 201 307 "-" "PostmanRuntime/7.32.2"

info: ::1 - - [20/Apr/2023:10:01:35 +0000] "POST /api/v1/cart/644103ad7a8d264f98fd4f71 HTTP/1.1" 201 307 "-" "PostmanRuntime/7.32.2"

info: ::1 - - [20/Apr/2023:10:02:32 +0000] "POST /api/v1/cart/644103ad7a8d264f98fd4f71 HTTP/1.1" 201 308 "-" "PostmanRuntime/7.32.2"

info: ::1 - - [20/Apr/2023:10:02:33 +0000] "POST /api/v1/cart/644103ad7a8d264f98fd4f71 HTTP/1.1" 201 308 "-" "PostmanRuntime/7.32.2"

info: ::1 - - [20/Apr/2023:10:02:33 +0000] "POST /api/v1/cart/644103ad7a8d264f98fd4f71 HTTP/1.1" 201 308 "-" "PostmanRuntime/7.32.2"

info: ::1 - - [20/Apr/2023:10:02:34 +0000] "POST /api/v1/cart/644103ad7a8d264f98fd4f71 HTTP/1.1" 201 308 "-" "PostmanRuntime/7.32.2"

info: ::1 - - [20/Apr/2023:10:02:34 +0000] "POST /api/v1/cart/644103ad7a8d264f98fd4f71 HTTP/1.1" 201 308 "-" "PostmanRuntime/7.32.2"

info: ::1 - - [20/Apr/2023:10:02:35 +0000] "POST /api/v1/cart/644103ad7a8d264f98fd4f71 HTTP/1.1" 201 308 "-" "PostmanRuntime/7.32.2"

info: ::1 - - [20/Apr/2023:10:02:35 +0000] "POST /api/v1/cart/644103ad7a8d264f98fd4f71 HTTP/1.1" 201 309 "-" "PostmanRuntime/7.32.2"

info: ::1 - - [20/Apr/2023:10:02:35 +0000] "POST /api/v1/cart/644103ad7a8d264f98fd4f71 HTTP/1.1" 201 309 "-" "PostmanRuntime/7.32.2"

info: ::1 - - [20/Apr/2023:10:02:36 +0000] "POST /api/v1/cart/644103ad7a8d264f98fd4f71 HTTP/1.1" 201 309 "-" "PostmanRuntime/7.32.2"

info: ::1 - - [20/Apr/2023:10:02:52 +0000] "POST /api/v1/users/login HTTP/1.1" 500 55 "-" "PostmanRuntime/7.32.2"

info: ::1 - - [20/Apr/2023:10:02:59 +0000] "POST /api/v1/users/login HTTP/1.1" 500 55 "-" "PostmanRuntime/7.32.2"

info: ::1 - - [20/Apr/2023:10:03:44 +0000] "POST /api/v1/users/login HTTP/1.1" 202 571 "-" "PostmanRuntime/7.32.2"

info: ::1 - - [20/Apr/2023:10:04:12 +0000] "GET /api/v1/cart HTTP/1.1" 404 47 "-" "PostmanRuntime/7.32.2"

info: ::1 - - [20/Apr/2023:10:04:39 +0000] "GET /api/v1/product/ HTTP/1.1" 200 2622 "-" "PostmanRuntime/7.32.2"

info: ::1 - - [20/Apr/2023:10:04:57 +0000] "POST /api/v1/cart/644104c47a8d264f98fd4f7b HTTP/1.1" 201 439 "-" "PostmanRuntime/7.32.2"

info: ::1 - - [20/Apr/2023:10:09:43 +0000] "POST /api/v1/cart/644104c47a8d264f98fd4f7b HTTP/1.1" 201 307 "-" "PostmanRuntime/7.32.2"

info: ::1 - - [20/Apr/2023:10:32:06 +0000] "POST /api/v1/users/ HTTP/1.1" 201 365 "-" "PostmanRuntime/7.32.2"

info: ::1 - - [20/Apr/2023:10:32:20 +0000] "POST /api/v1/users/login HTTP/1.1" 202 569 "-" "PostmanRuntime/7.32.2"

info: ::1 - - [20/Apr/2023:10:32:46 +0000] "GET /api/v1/product HTTP/1.1" 200 2622 "-" "PostmanRuntime/7.32.2"

info: ::1 - - [20/Apr/2023:10:32:49 +0000] "GET /api/v1/product HTTP/1.1" 200 2622 "-" "PostmanRuntime/7.32.2"

info: ::1 - - [20/Apr/2023:10:32:50 +0000] "GET /api/v1/product HTTP/1.1" 200 2622 "-" "PostmanRuntime/7.32.2"

info: ::1 - - [20/Apr/2023:10:33:44 +0000] "POST /api/v1/cart/644103ad7a8d264f98fd4f71 HTTP/1.1" 201 307 "-" "PostmanRuntime/7.32.2"

info: ::1 - - [20/Apr/2023:10:33:50 +0000] "POST /api/v1/cart/644103ad7a8d264f98fd4f71 HTTP/1.1" 201 307 "-" "PostmanRuntime/7.32.2"

info: ::1 - - [20/Apr/2023:10:33:51 +0000] "POST /api/v1/cart/644103ad7a8d264f98fd4f71 HTTP/1.1" 201 307 "-" "PostmanRuntime/7.32.2"

info: ::1 - - [20/Apr/2023:10:33:52 +0000] "POST /api/v1/cart/644103ad7a8d264f98fd4f71 HTTP/1.1" 201 308 "-" "PostmanRuntime/7.32.2"

info: ::1 - - [20/Apr/2023:10:34:13 +0000] "POST /api/v1/users HTTP/1.1" 201 366 "-" "PostmanRuntime/7.32.2"

info: ::1 - - [20/Apr/2023:10:34:23 +0000] "POST /api/v1/users/login HTTP/1.1" 202 571 "-" "PostmanRuntime/7.32.2"

info: ::1 - - [20/Apr/2023:10:34:51 +0000] "POST /api/v1/users HTTP/1.1" 201 366 "-" "PostmanRuntime/7.32.2"

info: ::1 - - [20/Apr/2023:10:34:57 +0000] "POST /api/v1/users/login HTTP/1.1" 202 571 "-" "PostmanRuntime/7.32.2"

info: ::1 - - [20/Apr/2023:10:35:25 +0000] "GET /api/v1/product HTTP/1.1" 200 2622 "-" "PostmanRuntime/7.32.2"

info: ::1 - - [20/Apr/2023:10:35:39 +0000] "GET /api/v1/product HTTP/1.1" 200 2622 "-" "PostmanRuntime/7.32.2"

info: ::1 - - [20/Apr/2023:10:35:59 +0000] "POST /api/v1/cart/644104bf7a8d264f98fd4f79 HTTP/1.1" 201 438 "-" "PostmanRuntime/7.32.2"

info: ::1 - - [20/Apr/2023:10:39:45 +0000] "POST /api/v1/cart/644104bf7a8d264f98fd4f79 HTTP/1.1" 201 438 "-" "PostmanRuntime/7.32.2"

info: ::1 - - [20/Apr/2023:10:56:53 +0000] "POST /api/v1/users HTTP/1.1" 201 366 "-" "PostmanRuntime/7.32.2"

info: ::1 - - [20/Apr/2023:10:57:00 +0000] "POST /api/v1/users/login HTTP/1.1" 202 571 "-" "PostmanRuntime/7.32.2"

info: ::1 - - [20/Apr/2023:10:57:30 +0000] "POST /api/v1/product HTTP/1.1" 500 442 "-" "PostmanRuntime/7.32.2"

info: ::1 - - [20/Apr/2023:10:57:34 +0000] "GET /api/v1/product HTTP/1.1" 200 2622 "-" "PostmanRuntime/7.32.2"

info: ::1 - - [20/Apr/2023:10:57:49 +0000] "POST /api/v1/cart/644103c67a8d264f98fd4f75 HTTP/1.1" 500 58 "-" "PostmanRuntime/7.32.2"

info: ::1 - - [20/Apr/2023:10:57:51 +0000] "POST /api/v1/cart/644103c67a8d264f98fd4f75 HTTP/1.1" 500 58 "-" "PostmanRuntime/7.32.2"

info: ::1 - - [20/Apr/2023:10:57:52 +0000] "POST /api/v1/cart/644103c67a8d264f98fd4f75 HTTP/1.1" 500 58 "-" "PostmanRuntime/7.32.2"

info: ::1 - - [20/Apr/2023:10:57:52 +0000] "POST /api/v1/cart/644103c67a8d264f98fd4f75 HTTP/1.1" 500 58 "-" "PostmanRuntime/7.32.2"

info: ::1 - - [20/Apr/2023:10:58:42 +0000] "POST /api/v1/users HTTP/1.1" 201 365 "-" "PostmanRuntime/7.32.2"

info: ::1 - - [20/Apr/2023:10:59:18 +0000] "POST /api/v1/users/login HTTP/1.1" 202 569 "-" "PostmanRuntime/7.32.2"

info: ::1 - - [20/Apr/2023:10:59:50 +0000] "POST /api/v1/product HTTP/1.1" 500 442 "-" "PostmanRuntime/7.32.2"

info: ::1 - - [20/Apr/2023:11:00:13 +0000] "POST /api/v1/product HTTP/1.1" 200 428 "-" "PostmanRuntime/7.32.2"

info: ::1 - - [20/Apr/2023:11:00:18 +0000] "POST /api/v1/product HTTP/1.1" 200 428 "-" "PostmanRuntime/7.32.2"

info: ::1 - - [20/Apr/2023:11:00:21 +0000] "POST /api/v1/product HTTP/1.1" 200 428 "-" "PostmanRuntime/7.32.2"

info: ::1 - - [20/Apr/2023:11:00:24 +0000] "POST /api/v1/product HTTP/1.1" 200 428 "-" "PostmanRuntime/7.32.2"

info: ::1 - - [20/Apr/2023:11:00:28 +0000] "POST /api/v1/product HTTP/1.1" 200 428 "-" "PostmanRuntime/7.32.2"

info: ::1 - - [20/Apr/2023:11:00:50 +0000] "POST /api/v1/cart/64411b4c5400162ad033f452 HTTP/1.1" 500 58 "-" "PostmanRuntime/7.32.2"

info: ::1 - - [20/Apr/2023:11:02:00 +0000] "POST /api/v1/cart/64411b4c5400162ad033f452 HTTP/1.1" 500 90 "-" "PostmanRuntime/7.32.2"

info: ::1 - - [20/Apr/2023:11:02:01 +0000] "POST /api/v1/cart/64411b4c5400162ad033f452 HTTP/1.1" 500 90 "-" "PostmanRuntime/7.32.2"

info: ::1 - - [20/Apr/2023:11:04:22 +0000] "POST /api/v1/cart/64411b4c5400162ad033f452 HTTP/1.1" 500 111 "-" "PostmanRuntime/7.32.2"

info: ::1 - - [20/Apr/2023:11:16:40 +0000] "GET /api/v1/u HTTP/1.1" 404 47 "-" "PostmanRuntime/7.32.2"

info: ::1 - - [20/Apr/2023:11:16:46 +0000] "GET /api/v1/users HTTP/1.1" 404 47 "-" "PostmanRuntime/7.32.2"

info: ::1 - - [20/Apr/2023:11:16:48 +0000] "POST /api/v1/users HTTP/1.1" 500 60 "-" "PostmanRuntime/7.32.2"

info: ::1 - - [20/Apr/2023:11:17:15 +0000] "POST /api/v1/users HTTP/1.1" 201 365 "-" "PostmanRuntime/7.32.2"

info: ::1 - - [20/Apr/2023:11:17:22 +0000] "POST /api/v1/users/login HTTP/1.1" 202 569 "-" "PostmanRuntime/7.32.2"

info: ::1 - - [20/Apr/2023:11:17:59 +0000] "POST /api/v1/product/ HTTP/1.1" 500 442 "-" "PostmanRuntime/7.32.2"

info: ::1 - - [20/Apr/2023:11:18:18 +0000] "POST /api/v1/product/ HTTP/1.1" 200 428 "-" "PostmanRuntime/7.32.2"

info: ::1 - - [20/Apr/2023:11:18:21 +0000] "POST /api/v1/product/ HTTP/1.1" 200 428 "-" "PostmanRuntime/7.32.2"

info: ::1 - - [20/Apr/2023:11:18:26 +0000] "POST /api/v1/product/ HTTP/1.1" 500 142 "-" "PostmanRuntime/7.32.2"

info: ::1 - - [20/Apr/2023:11:18:30 +0000] "POST /api/v1/product/ HTTP/1.1" 200 428 "-" "PostmanRuntime/7.32.2"

info: ::1 - - [20/Apr/2023:11:18:36 +0000] "POST /api/v1/product/ HTTP/1.1" 200 428 "-" "PostmanRuntime/7.32.2"

info: ::1 - - [20/Apr/2023:11:18:45 +0000] "POST /api/v1/cart/64411f8cb995d83bc4b56d1f HTTP/1.1" 500 57 "-" "PostmanRuntime/7.32.2"

info: ::1 - - [20/Apr/2023:11:19:14 +0000] "POST /api/v1/cart/64411f8cb995d83bc4b56d1f HTTP/1.1" 500 57 "-" "PostmanRuntime/7.32.2"

info: ::1 - - [20/Apr/2023:11:19:29 +0000] "GET /api/v1/product HTTP/1.1" 200 1717 "-" "PostmanRuntime/7.32.2"

info: ::1 - - [20/Apr/2023:11:21:16 +0000] "POST /api/v1/cart/64411f8cb995d83bc4b56d1f HTTP/1.1" 201 180 "-" "PostmanRuntime/7.32.2"

info: ::1 - - [20/Apr/2023:11:21:21 +0000] "POST /api/v1/cart/64411f8cb995d83bc4b56d1f HTTP/1.1" 500 87 "-" "PostmanRuntime/7.32.2"

info: ::1 - - [20/Apr/2023:11:21:22 +0000] "POST /api/v1/cart/64411f8cb995d83bc4b56d1f HTTP/1.1" 500 87 "-" "PostmanRuntime/7.32.2"

info: ::1 - - [20/Apr/2023:11:21:23 +0000] "POST /api/v1/cart/64411f8cb995d83bc4b56d1f HTTP/1.1" 500 87 "-" "PostmanRuntime/7.32.2"

info: ::1 - - [20/Apr/2023:11:21:24 +0000] "POST /api/v1/cart/64411f8cb995d83bc4b56d1f HTTP/1.1" 500 87 "-" "PostmanRuntime/7.32.2"

info: ::1 - - [20/Apr/2023:11:21:39 +0000] "GET /api/v1/product HTTP/1.1" 200 1717 "-" "PostmanRuntime/7.32.2"

info: ::1 - - [20/Apr/2023:11:21:51 +0000] "POST /api/v1/cart/64411f7ab995d83bc4b56d18 HTTP/1.1" 500 87 "-" "PostmanRuntime/7.32.2"

info: ::1 - - [20/Apr/2023:11:22:05 +0000] "POST /api/v1/cart/64411f7ab995d83bc4b56d18 HTTP/1.1" 500 87 "-" "PostmanRuntime/7.32.2"

info: ::1 - - [20/Apr/2023:11:30:21 +0000] "POST /api/v1/cart/64411f7ab995d83bc4b56d18 HTTP/1.1" 500 90 "-" "PostmanRuntime/7.32.2"

info: ::1 - - [20/Apr/2023:11:30:49 +0000] "POST /api/v1/cart/64411f7ab995d83bc4b56d18 HTTP/1.1" 500 89 "-" "PostmanRuntime/7.32.2"

info: ::1 - - [20/Apr/2023:11:30:50 +0000] "POST /api/v1/cart/64411f7ab995d83bc4b56d18 HTTP/1.1" 500 89 "-" "PostmanRuntime/7.32.2"

info: ::1 - - [20/Apr/2023:11:32:33 +0000] "POST /api/v1/cart/64411f7ab995d83bc4b56d18 HTTP/1.1" 500 89 "-" "PostmanRuntime/7.32.2"

info: ::1 - - [20/Apr/2023:11:49:51 +0000] "POST /api/v1/cart/64411f7ab995d83bc4b56d18 HTTP/1.1" 500 84 "-" "PostmanRuntime/7.32.2"

info: ::1 - - [20/Apr/2023:11:49:53 +0000] "POST /api/v1/cart/64411f7ab995d83bc4b56d18 HTTP/1.1" 500 84 "-" "PostmanRuntime/7.32.2"

info: ::1 - - [20/Apr/2023:11:51:26 +0000] "POST /api/v1/cart/64411f7ab995d83bc4b56d18 HTTP/1.1" 500 89 "-" "PostmanRuntime/7.32.2"

info: ::1 - - [20/Apr/2023:11:51:28 +0000] "POST /api/v1/cart/64411f7ab995d83bc4b56d18 HTTP/1.1" 500 89 "-" "PostmanRuntime/7.32.2"

info: ::1 - - [20/Apr/2023:11:52:03 +0000] "POST /api/v1/cart/64411f7ab995d83bc4b56d18 HTTP/1.1" 500 58 "-" "PostmanRuntime/7.32.2"

info: ::1 - - [20/Apr/2023:11:52:04 +0000] "POST /api/v1/cart/64411f7ab995d83bc4b56d18 HTTP/1.1" 500 58 "-" "PostmanRuntime/7.32.2"

info: ::1 - - [20/Apr/2023:11:54:32 +0000] "POST /api/v1/cart/64411f7ab995d83bc4b56d18 HTTP/1.1" 500 87 "-" "PostmanRuntime/7.32.2"

info: ::1 - - [20/Apr/2023:11:54:34 +0000] "POST /api/v1/cart/64411f7ab995d83bc4b56d18 HTTP/1.1" 500 87 "-" "PostmanRuntime/7.32.2"

info: ::1 - - [20/Apr/2023:12:00:14 +0000] "POST /api/v1/cart/64411f7ab995d83bc4b56d18 HTTP/1.1" 500 87 "-" "PostmanRuntime/7.32.2"

info: ::1 - - [20/Apr/2023:12:00:16 +0000] "POST /api/v1/cart/64411f7ab995d83bc4b56d18 HTTP/1.1" 500 87 "-" "PostmanRuntime/7.32.2"

info: ::1 - - [20/Apr/2023:12:00:27 +0000] "GET /api/v1/product HTTP/1.1" 200 1717 "-" "PostmanRuntime/7.32.2"

info: ::1 - - [20/Apr/2023:12:00:44 +0000] "GET /api/v1/cart/64411f8cb995d83bc4b56d1f HTTP/1.1" 404 47 "-" "PostmanRuntime/7.32.2"

info: ::1 - - [20/Apr/2023:12:00:47 +0000] "POST /api/v1/cart/64411f8cb995d83bc4b56d1f HTTP/1.1" 500 87 "-" "PostmanRuntime/7.32.2"

info: ::1 - - [20/Apr/2023:12:02:03 +0000] "POST /api/v1/cart/64411f8cb995d83bc4b56d1f HTTP/1.1" 500 87 "-" "PostmanRuntime/7.32.2"

info: ::1 - - [20/Apr/2023:12:03:07 +0000] "POST /api/v1/cart/64411f8cb995d83bc4b56d1f HTTP/1.1" 500 87 "-" "PostmanRuntime/7.32.2"

info: ::1 - - [20/Apr/2023:12:04:07 +0000] "POST /api/v1/cart/64411f8cb995d83bc4b56d1f HTTP/1.1" 500 111 "-" "PostmanRuntime/7.32.2"

info: ::1 - - [20/Apr/2023:12:05:22 +0000] "POST /api/v1/cart/64411f8cb995d83bc4b56d1f HTTP/1.1" 500 111 "-" "PostmanRuntime/7.32.2"

info: ::1 - - [20/Apr/2023:12:06:00 +0000] "POST /api/v1/cart/64411f8cb995d83bc4b56d1f HTTP/1.1" 500 111 "-" "PostmanRuntime/7.32.2"

info: ::1 - - [20/Apr/2023:12:08:37 +0000] "POST /api/v1/cart/64411f8cb995d83bc4b56d1f HTTP/1.1" 500 111 "-" "PostmanRuntime/7.32.2"

info: ::1 - - [20/Apr/2023:12:50:57 +0000] "POST /api/v1/cart/64411b4c5400162ad033f452 HTTP/1.1" 500 50 "-" "PostmanRuntime/7.32.2"

info: ::1 - - [20/Apr/2023:12:51:08 +0000] "GET /api/v1/product HTTP/1.1" 200 1717 "-" "PostmanRuntime/7.32.2"

info: ::1 - - [20/Apr/2023:12:51:24 +0000] "GET /api/v1/cart/64411f7ab995d83bc4b56d18 HTTP/1.1" 404 47 "-" "PostmanRuntime/7.32.2"

info: ::1 - - [20/Apr/2023:12:51:27 +0000] "POST /api/v1/cart/64411f7ab995d83bc4b56d18 HTTP/1.1" 500 111 "-" "PostmanRuntime/7.32.2"

info: ::1 - - [20/Apr/2023:12:53:18 +0000] "POST /api/v1/cart/64411f7ab995d83bc4b56d18 HTTP/1.1" 500 111 "-" "PostmanRuntime/7.32.2"

info: ::1 - - [20/Apr/2023:13:01:53 +0000] "POST /api/v1/cart/64411f7ab995d83bc4b56d18 HTTP/1.1" 500 111 "-" "PostmanRuntime/7.32.2"

