info: ::1 - - [19/Apr/2023:05:28:00 +0000] "GET /api/v1/product/ HTTP/1.1" 500 72 "-" "PostmanRuntime/7.32.2"

info: ::1 - - [19/Apr/2023:05:30:07 +0000] "POST /api/v1/users/ HTTP/1.1" 201 348 "-" "PostmanRuntime/7.32.2"

info: ::1 - - [19/Apr/2023:05:30:31 +0000] "POST /api/v1/users/login HTTP/1.1" 202 245 "-" "PostmanRuntime/7.32.2"

info: ::1 - - [19/Apr/2023:05:31:12 +0000] "GET /api/v1/product HTTP/1.1" 500 72 "-" "PostmanRuntime/7.32.2"

info: ::1 - - [19/Apr/2023:05:31:32 +0000] "GET /api/v1/product HTTP/1.1" 200 848 "-" "PostmanRuntime/7.32.2"

info: ::1 - - [19/Apr/2023:05:34:09 +0000] "GET /api/v1/product HTTP/1.1" 500 72 "-" "PostmanRuntime/7.32.2"

info: ::1 - - [19/Apr/2023:05:34:10 +0000] "GET /api/v1/product HTTP/1.1" 500 72 "-" "PostmanRuntime/7.32.2"

info: ::1 - - [19/Apr/2023:05:34:11 +0000] "GET /api/v1/product HTTP/1.1" 500 72 "-" "PostmanRuntime/7.32.2"

info: ::1 - - [19/Apr/2023:05:34:39 +0000] "GET /api/v1/product HTTP/1.1" 500 72 "-" "PostmanRuntime/7.32.2"

info: ::1 - - [19/Apr/2023:05:36:40 +0000] "GET /api/v1/product HTTP/1.1" 200 848 "-" "PostmanRuntime/7.32.2"

info: ::1 - - [19/Apr/2023:05:38:15 +0000] "GET /api/v1/product HTTP/1.1" 500 52 "-" "PostmanRuntime/7.32.2"

info: ::1 - - [19/Apr/2023:05:45:30 +0000] "POST /api/v1/product HTTP/1.1" 500 136 "-" "PostmanRuntime/7.32.2"

info: ::1 - - [19/Apr/2023:05:45:42 +0000] "POST /api/v1/product HTTP/1.1" 200 417 "-" "PostmanRuntime/7.32.2"

info: ::1 - - [19/Apr/2023:05:46:00 +0000] "POST /api/v1/product HTTP/1.1" 200 416 "-" "PostmanRuntime/7.32.2"

info: ::1 - - [19/Apr/2023:05:46:03 +0000] "POST /api/v1/product HTTP/1.1" 200 416 "-" "PostmanRuntime/7.32.2"

info: ::1 - - [19/Apr/2023:05:46:52 +0000] "POST /api/v1/product HTTP/1.1" 200 416 "-" "PostmanRuntime/7.32.2"

info: ::1 - - [19/Apr/2023:05:46:53 +0000] "POST /api/v1/product HTTP/1.1" 200 416 "-" "PostmanRuntime/7.32.2"

info: ::1 - - [19/Apr/2023:05:46:54 +0000] "POST /api/v1/product HTTP/1.1" 200 416 "-" "PostmanRuntime/7.32.2"

info: ::1 - - [19/Apr/2023:05:52:45 +0000] "POST /api/v1/product HTTP/1.1" 200 416 "-" "PostmanRuntime/7.32.2"

info: ::1 - - [19/Apr/2023:05:54:07 +0000] "POST /api/v1/product HTTP/1.1" 200 416 "-" "PostmanRuntime/7.32.2"

info: ::1 - - [19/Apr/2023:05:55:18 +0000] "POST /api/v1/product HTTP/1.1" 500 94 "-" "PostmanRuntime/7.32.2"

info: ::1 - - [19/Apr/2023:05:55:43 +0000] "POST /api/v1/product HTTP/1.1" 200 435 "-" "PostmanRuntime/7.32.2"

info: ::1 - - [19/Apr/2023:05:55:59 +0000] "POST /api/v1/product HTTP/1.1" 500 141 "-" "PostmanRuntime/7.32.2"

info: ::1 - - [19/Apr/2023:05:56:09 +0000] "POST /api/v1/product HTTP/1.1" 200 435 "-" "PostmanRuntime/7.32.2"

info: ::1 - - [19/Apr/2023:06:12:33 +0000] "POST /api/v1/product HTTP/1.1" 500 141 "-" "PostmanRuntime/7.32.2"

info: ::1 - - [19/Apr/2023:06:12:42 +0000] "POST /api/v1/product HTTP/1.1" 200 435 "-" "PostmanRuntime/7.32.2"

info: ::1 - - [19/Apr/2023:06:13:16 +0000] "POST /api/v1/product HTTP/1.1" 500 141 "-" "PostmanRuntime/7.32.2"

info: ::1 - - [19/Apr/2023:06:13:30 +0000] "POST /api/v1/product HTTP/1.1" 200 437 "-" "PostmanRuntime/7.32.2"

info: ::1 - - [19/Apr/2023:06:13:31 +0000] "POST /api/v1/product HTTP/1.1" 500 142 "-" "PostmanRuntime/7.32.2"

info: ::1 - - [19/Apr/2023:06:21:54 +0000] "POST /api/v1/product HTTP/1.1" 500 142 "-" "PostmanRuntime/7.32.2"

info: ::1 - - [19/Apr/2023:06:23:57 +0000] "POST /api/v1/product HTTP/1.1" 500 142 "-" "PostmanRuntime/7.32.2"

info: ::1 - - [19/Apr/2023:06:24:14 +0000] "POST /api/v1/product HTTP/1.1" 200 441 "-" "PostmanRuntime/7.32.2"

info: ::1 - - [19/Apr/2023:06:25:11 +0000] "POST /api/v1/admin HTTP/1.1" 500 60 "-" "PostmanRuntime/7.32.2"

info: ::1 - - [19/Apr/2023:06:25:25 +0000] "POST /api/v1/admin HTTP/1.1" 500 59 "-" "PostmanRuntime/7.32.2"

info: ::1 - - [19/Apr/2023:06:25:31 +0000] "POST /api/v1/admin HTTP/1.1" 500 59 "-" "PostmanRuntime/7.32.2"

info: ::1 - - [19/Apr/2023:06:26:25 +0000] "POST /api/v1/admin HTTP/1.1" 500 61 "-" "PostmanRuntime/7.32.2"

info: ::1 - - [19/Apr/2023:06:26:28 +0000] "POST /api/v1/admin HTTP/1.1" 500 61 "-" "PostmanRuntime/7.32.2"

info: ::1 - - [19/Apr/2023:06:26:44 +0000] "POST /api/v1/admin HTTP/1.1" 500 61 "-" "PostmanRuntime/7.32.2"

info: ::1 - - [19/Apr/2023:06:27:07 +0000] "POST /api/v1/admin HTTP/1.1" 201 385 "-" "PostmanRuntime/7.32.2"

info: ::1 - - [19/Apr/2023:06:28:38 +0000] "POST /api/v1/admin/login HTTP/1.1" 202 252 "-" "PostmanRuntime/7.32.2"

info: ::1 - - [19/Apr/2023:06:29:29 +0000] "POST /api/v1/product HTTP/1.1" 500 442 "-" "PostmanRuntime/7.32.2"

info: ::1 - - [19/Apr/2023:06:29:59 +0000] "POST /api/v1/product HTTP/1.1" 200 428 "-" "PostmanRuntime/7.32.2"

info: ::1 - - [19/Apr/2023:06:30:05 +0000] "POST /api/v1/product HTTP/1.1" 200 432 "-" "PostmanRuntime/7.32.2"

info: ::1 - - [19/Apr/2023:06:30:09 +0000] "POST /api/v1/product HTTP/1.1" 200 439 "-" "PostmanRuntime/7.32.2"

info: ::1 - - [19/Apr/2023:06:30:11 +0000] "POST /api/v1/product HTTP/1.1" 500 148 "-" "PostmanRuntime/7.32.2"

info: ::1 - - [19/Apr/2023:06:30:41 +0000] "POST /api/v1/users/login HTTP/1.1" 500 78 "-" "PostmanRuntime/7.32.2"

info: ::1 - - [19/Apr/2023:06:31:05 +0000] "GET /api/v1/product HTTP/1.1" 200 3908 "-" "PostmanRuntime/7.32.2"

info: ::1 - - [19/Apr/2023:06:31:33 +0000] "GET /api/v1/product HTTP/1.1" 500 52 "-" "PostmanRuntime/7.32.2"

info: ::1 - - [19/Apr/2023:06:38:59 +0000] "POST /api/v1/product HTTP/1.1" 200 434 "-" "PostmanRuntime/7.32.2"

info: ::1 - - [19/Apr/2023:06:39:08 +0000] "POST /api/v1/product HTTP/1.1" 200 434 "-" "PostmanRuntime/7.32.2"

info: ::1 - - [19/Apr/2023:06:39:16 +0000] "POST /api/v1/product HTTP/1.1" 200 434 "-" "PostmanRuntime/7.32.2"

info: ::1 - - [19/Apr/2023:06:39:25 +0000] "POST /api/v1/product HTTP/1.1" 200 434 "-" "PostmanRuntime/7.32.2"

info: ::1 - - [19/Apr/2023:06:39:38 +0000] "POST /api/v1/product HTTP/1.1" 200 434 "-" "PostmanRuntime/7.32.2"

info: ::1 - - [19/Apr/2023:06:39:46 +0000] "POST /api/v1/product HTTP/1.1" 200 434 "-" "PostmanRuntime/7.32.2"

info: ::1 - - [19/Apr/2023:06:40:10 +0000] "GET /api/v1/product/hightolow HTTP/1.1" 500 52 "-" "PostmanRuntime/7.32.2"

info: ::1 - - [19/Apr/2023:06:40:31 +0000] "GET /api/v1/product/hightolow HTTP/1.1" 500 71 "-" "PostmanRuntime/7.32.2"

info: ::1 - - [19/Apr/2023:06:41:09 +0000] "GET /api/v1/product/hightolow HTTP/1.1" 500 60 "-" "PostmanRuntime/7.32.2"

info: ::1 - - [19/Apr/2023:06:41:26 +0000] "GET /api/v1/product/hightolow HTTP/1.1" 500 60 "-" "PostmanRuntime/7.32.2"

info: ::1 - - [19/Apr/2023:06:50:16 +0000] "GET /api/v1/product/hightolow HTTP/1.1" 202 6579 "-" "PostmanRuntime/7.32.2"

info: ::1 - - [19/Apr/2023:06:54:45 +0000] "GET /api/v1/product/lowtohigh HTTP/1.1" 500 77 "-" "PostmanRuntime/7.32.2"

info: ::1 - - [19/Apr/2023:06:55:34 +0000] "GET /api/v1/product/lowtohigh HTTP/1.1" 500 77 "-" "PostmanRuntime/7.32.2"

info: ::1 - - [19/Apr/2023:06:56:24 +0000] "GET /api/v1/product/lowtohigh HTTP/1.1" 202 6579 "-" "PostmanRuntime/7.32.2"

info: ::1 - - [19/Apr/2023:07:01:48 +0000] "GET /api/v1/product//search/ihpon HTTP/1.1" 404 47 "-" "PostmanRuntime/7.32.2"

info: ::1 - - [19/Apr/2023:07:02:00 +0000] "GET /api/v1/product//search/:%20iphone HTTP/1.1" 404 47 "-" "PostmanRuntime/7.32.2"

info: ::1 - - [19/Apr/2023:07:02:06 +0000] "GET /api/v1/product//search/:asdasdasdasd HTTP/1.1" 404 47 "-" "PostmanRuntime/7.32.2"

info: ::1 - - [19/Apr/2023:07:02:13 +0000] "GET /api/v1/product//search/:%20searchText/asdasd HTTP/1.1" 404 47 "-" "PostmanRuntime/7.32.2"

info: ::1 - - [19/Apr/2023:08:39:58 +0000] "GET /api/v1/product//search/:%20seasdasd HTTP/1.1" 404 47 "-" "PostmanRuntime/7.32.2"

info: ::1 - - [19/Apr/2023:08:39:59 +0000] "GET /api/v1/product//search/:%20seasdasd HTTP/1.1" 404 47 "-" "PostmanRuntime/7.32.2"

info: ::1 - - [19/Apr/2023:08:40:09 +0000] "GET /api/v1/product/search/asdasda HTTP/1.1" 404 47 "-" "PostmanRuntime/7.32.2"

info: ::1 - - [19/Apr/2023:08:40:15 +0000] "GET /api/v1/product/search/:%20asdasda HTTP/1.1" 404 47 "-" "PostmanRuntime/7.32.2"

info: ::1 - - [19/Apr/2023:08:40:16 +0000] "GET /api/v1/product/search/:%20asdasda HTTP/1.1" 404 47 "-" "PostmanRuntime/7.32.2"

info: ::1 - - [19/Apr/2023:08:41:46 +0000] "GET /api/v1/product/newArrival HTTP/1.1" 202 6576 "-" "PostmanRuntime/7.32.2"

info: ::1 - - [19/Apr/2023:08:44:59 +0000] "GET /api/v1/product/search/:searchText HTTP/1.1" 500 71 "-" "PostmanRuntime/7.32.2"

info: ::1 - - [19/Apr/2023:08:45:10 +0000] "GET /api/v1/product/search/:iphone HTTP/1.1" 500 71 "-" "PostmanRuntime/7.32.2"

info: ::1 - - [19/Apr/2023:08:45:11 +0000] "GET /api/v1/product/search/:iphone HTTP/1.1" 500 71 "-" "PostmanRuntime/7.32.2"

info: ::1 - - [19/Apr/2023:08:45:12 +0000] "GET /api/v1/product/search/:iphone HTTP/1.1" 500 71 "-" "PostmanRuntime/7.32.2"

info: ::1 - - [19/Apr/2023:08:47:18 +0000] "GET /api/v1/product/search/:iphone HTTP/1.1" 202 60 "-" "PostmanRuntime/7.32.2"

info: ::1 - - [19/Apr/2023:08:48:29 +0000] "GET /api/v1/product/search/:iphone HTTP/1.1" 202 63 "-" "PostmanRuntime/7.32.2"

info: ::1 - - [19/Apr/2023:08:49:10 +0000] "GET /api/v1/product/search/:asus HTTP/1.1" 202 63 "-" "PostmanRuntime/7.32.2"

info: ::1 - - [19/Apr/2023:09:02:09 +0000] "GET /api/v1/product/search/:asus HTTP/1.1" 202 63 "-" "PostmanRuntime/7.32.2"

info: ::1 - - [19/Apr/2023:09:04:12 +0000] "GET /api/v1/product/newarrival HTTP/1.1" 202 6579 "-" "PostmanRuntime/7.32.2"

info: ::1 - - [19/Apr/2023:09:07:31 +0000] "GET /api/v1/product/search/:asas HTTP/1.1" 202 63 "-" "PostmanRuntime/7.32.2"

info: ::1 - - [19/Apr/2023:09:20:39 +0000] "GET /api/v1/product/search/:asas HTTP/1.1" 202 63 "-" "PostmanRuntime/7.32.2"

info: ::1 - - [19/Apr/2023:09:22:42 +0000] "GET /api/v1/product/search/:as HTTP/1.1" 202 63 "-" "PostmanRuntime/7.32.2"

info: ::1 - - [19/Apr/2023:09:22:46 +0000] "GET /api/v1/product/search/:a HTTP/1.1" 202 63 "-" "PostmanRuntime/7.32.2"

info: ::1 - - [19/Apr/2023:09:24:03 +0000] "GET /api/v1/product/search/:a HTTP/1.1" 202 63 "-" "PostmanRuntime/7.32.2"

info: ::1 - - [19/Apr/2023:09:24:20 +0000] "GET /api/v1/product/search/:a HTTP/1.1" 202 63 "-" "PostmanRuntime/7.32.2"

info: ::1 - - [19/Apr/2023:09:35:14 +0000] "GET /api/v1/product/search/:a HTTP/1.1" 202 63 "-" "PostmanRuntime/7.32.2"

info: ::1 - - [19/Apr/2023:09:35:15 +0000] "GET /api/v1/product/search/:a HTTP/1.1" 202 63 "-" "PostmanRuntime/7.32.2"

info: ::1 - - [19/Apr/2023:09:36:40 +0000] "GET /api/v1/product/search/:a HTTP/1.1" 202 63 "-" "PostmanRuntime/7.32.2"

info: ::1 - - [19/Apr/2023:09:36:42 +0000] "GET /api/v1/product/search/:a HTTP/1.1" 202 63 "-" "PostmanRuntime/7.32.2"

info: ::1 - - [19/Apr/2023:09:37:27 +0000] "GET /api/v1/product/search/:a HTTP/1.1" 202 63 "-" "PostmanRuntime/7.32.2"

info: ::1 - - [19/Apr/2023:09:43:00 +0000] "GET /api/v1/product/search/:a HTTP/1.1" 202 63 "-" "PostmanRuntime/7.32.2"

info: ::1 - - [19/Apr/2023:10:25:36 +0000] "GET /api/v1/product/search/newarrival HTTP/1.1" 202 63 "-" "PostmanRuntime/7.32.2"

info: ::1 - - [19/Apr/2023:10:26:00 +0000] "GET /api/v1/product/newarrival HTTP/1.1" 202 6579 "-" "PostmanRuntime/7.32.2"

info: ::1 - - [19/Apr/2023:10:26:25 +0000] "GET /api/v1/product/search/asus HTTP/1.1" 202 1364 "-" "PostmanRuntime/7.32.2"

info: ::1 - - [19/Apr/2023:10:27:24 +0000] "GET /api/v1/product/643f8a67ecb91b03f0a9b01c HTTP/1.1" 500 173 "-" "PostmanRuntime/7.32.2"

info: ::1 - - [19/Apr/2023:10:27:43 +0000] "GET /api/v1/product/search/asus HTTP/1.1" 202 1364 "-" "PostmanRuntime/7.32.2"

info: ::1 - - [19/Apr/2023:10:30:35 +0000] "POST /api/v1/product/ HTTP/1.1" 500 52 "-" "PostmanRuntime/7.32.2"

info: ::1 - - [19/Apr/2023:10:30:54 +0000] "POST /api/v1/product/ HTTP/1.1" 500 142 "-" "PostmanRuntime/7.32.2"

info: ::1 - - [19/Apr/2023:10:32:10 +0000] "POST /api/v1/product/ HTTP/1.1" 500 142 "-" "PostmanRuntime/7.32.2"

info: ::1 - - [19/Apr/2023:10:32:14 +0000] "POST /api/v1/product/ HTTP/1.1" 200 435 "-" "PostmanRuntime/7.32.2"

info: ::1 - - [19/Apr/2023:10:32:19 +0000] "POST /api/v1/product/ HTTP/1.1" 500 143 "-" "PostmanRuntime/7.32.2"

info: ::1 - - [19/Apr/2023:10:32:24 +0000] "POST /api/v1/product/ HTTP/1.1" 200 437 "-" "PostmanRuntime/7.32.2"

info: ::1 - - [19/Apr/2023:11:27:49 +0000] "POST /api/v1/product/ HTTP/1.1" 500 145 "-" "PostmanRuntime/7.32.2"

info: ::1 - - [19/Apr/2023:11:27:55 +0000] "POST /api/v1/product/ HTTP/1.1" 500 135 "-" "PostmanRuntime/7.32.2"

info: ::1 - - [19/Apr/2023:11:41:31 +0000] "POST /api/v1/cart/updateAddress HTTP/1.1" 500 52 "-" "PostmanRuntime/7.32.2"

info: ::1 - - [19/Apr/2023:11:41:55 +0000] "POST /api/v1/cart/updateAddress HTTP/1.1" 400 141 "-" "PostmanRuntime/7.32.2"

info: ::1 - - [19/Apr/2023:11:54:34 +0000] "POST /api/v1/product HTTP/1.1" 500 52 "-" "PostmanRuntime/7.32.2"

info: ::1 - - [19/Apr/2023:11:54:38 +0000] "GET /api/v1/product HTTP/1.1" 200 7392 "-" "PostmanRuntime/7.32.2"

info: ::1 - - [19/Apr/2023:11:54:52 +0000] "POST /api/v1/cart HTTP/1.1" 404 47 "-" "PostmanRuntime/7.32.2"

info: ::1 - - [19/Apr/2023:11:55:21 +0000] "POST /api/v1/cart/643f81ff0807bb390c408589 HTTP/1.1" 500 66 "-" "PostmanRuntime/7.32.2"

info: ::1 - - [19/Apr/2023:12:18:23 +0000] "POST /api/v1/cart/643f81ff0807bb390c408589 HTTP/1.1" 500 66 "-" "PostmanRuntime/7.32.2"

info: ::1 - - [19/Apr/2023:12:33:43 +0000] "POST /api/v1/cart/643f81ff0807bb390c408589 HTTP/1.1" 500 55 "-" "PostmanRuntime/7.32.2"

info: ::1 - - [19/Apr/2023:12:33:44 +0000] "POST /api/v1/cart/643f81ff0807bb390c408589 HTTP/1.1" 500 55 "-" "PostmanRuntime/7.32.2"

info: ::1 - - [19/Apr/2023:12:36:56 +0000] "POST /api/v1/cart/643f81ff0807bb390c408589 HTTP/1.1" 500 66 "-" "PostmanRuntime/7.32.2"

info: ::1 - - [19/Apr/2023:12:39:03 +0000] "POST /api/v1/cart/643f81ff0807bb390c408589 HTTP/1.1" 500 111 "-" "PostmanRuntime/7.32.2"

info: ::1 - - [19/Apr/2023:12:39:32 +0000] "POST /api/v1/cart/643f81ff0807bb390c408589 HTTP/1.1" 500 111 "-" "PostmanRuntime/7.32.2"

