error: 
    status - 500 
    message - JsonWebTokenError: jwt malformed
    at Object.verify (E:\projects\E-COMMERCE-SYSTEM\node_modules\jsonwebtoken\verify.js:63:17)
    at _callee$ (E:\projects\E-COMMERCE-SYSTEM\src\middlewares\/auth.middleware.js:14:28)
    at tryCatch (E:\projects\E-COMMERCE-SYSTEM\node_modules\@babel\runtime\helpers\regeneratorRuntime.js:44:17)
    at Generator.<anonymous> (E:\projects\E-COMMERCE-SYSTEM\node_modules\@babel\runtime\helpers\regeneratorRuntime.js:125:22)
    at Generator.next (E:\projects\E-COMMERCE-SYSTEM\node_modules\@babel\runtime\helpers\regeneratorRuntime.js:69:21)
    at asyncGeneratorStep (E:\projects\E-COMMERCE-SYSTEM\node_modules\@babel\runtime\helpers\asyncToGenerator.js:3:24)
    at _next (E:\projects\E-COMMERCE-SYSTEM\node_modules\@babel\runtime\helpers\asyncToGenerator.js:22:9)
    at E:\projects\E-COMMERCE-SYSTEM\node_modules\@babel\runtime\helpers\asyncToGenerator.js:27:7
    at new Promise (<anonymous>)
    at apply (E:\projects\E-COMMERCE-SYSTEM\node_modules\@babel\runtime\helpers\asyncToGenerator.js:19:12)
    at userAuth (E:\projects\E-COMMERCE-SYSTEM\src\middlewares\/auth.middleware.js:4:22)
    at Layer.handle [as handle_request] (E:\projects\E-COMMERCE-SYSTEM\node_modules\express\lib\router\layer.js:95:5)
    at next (E:\projects\E-COMMERCE-SYSTEM\node_modules\express\lib\router\route.js:144:13)
    at Route.dispatch (E:\projects\E-COMMERCE-SYSTEM\node_modules\express\lib\router\route.js:114:3)
    at Layer.handle [as handle_request] (E:\projects\E-COMMERCE-SYSTEM\node_modules\express\lib\router\layer.js:95:5)
    at E:\projects\E-COMMERCE-SYSTEM\node_modules\express\lib\router\index.js:284:15 
    url - /api/v1/product 
    method - GET 
    IP - ::1
   {"timestamp":"2023-04-29T17:35:07.134Z"}
error: 
    status - 500 
    message - JsonWebTokenError: jwt malformed
    at Object.verify (E:\projects\E-COMMERCE-SYSTEM\node_modules\jsonwebtoken\verify.js:63:17)
    at _callee$ (E:\projects\E-COMMERCE-SYSTEM\src\middlewares\/auth.middleware.js:14:28)
    at tryCatch (E:\projects\E-COMMERCE-SYSTEM\node_modules\@babel\runtime\helpers\regeneratorRuntime.js:44:17)
    at Generator.<anonymous> (E:\projects\E-COMMERCE-SYSTEM\node_modules\@babel\runtime\helpers\regeneratorRuntime.js:125:22)
    at Generator.next (E:\projects\E-COMMERCE-SYSTEM\node_modules\@babel\runtime\helpers\regeneratorRuntime.js:69:21)
    at asyncGeneratorStep (E:\projects\E-COMMERCE-SYSTEM\node_modules\@babel\runtime\helpers\asyncToGenerator.js:3:24)
    at _next (E:\projects\E-COMMERCE-SYSTEM\node_modules\@babel\runtime\helpers\asyncToGenerator.js:22:9)
    at E:\projects\E-COMMERCE-SYSTEM\node_modules\@babel\runtime\helpers\asyncToGenerator.js:27:7
    at new Promise (<anonymous>)
    at apply (E:\projects\E-COMMERCE-SYSTEM\node_modules\@babel\runtime\helpers\asyncToGenerator.js:19:12)
    at userAuth (E:\projects\E-COMMERCE-SYSTEM\src\middlewares\/auth.middleware.js:4:22)
    at Layer.handle [as handle_request] (E:\projects\E-COMMERCE-SYSTEM\node_modules\express\lib\router\layer.js:95:5)
    at next (E:\projects\E-COMMERCE-SYSTEM\node_modules\express\lib\router\route.js:144:13)
    at Route.dispatch (E:\projects\E-COMMERCE-SYSTEM\node_modules\express\lib\router\route.js:114:3)
    at Layer.handle [as handle_request] (E:\projects\E-COMMERCE-SYSTEM\node_modules\express\lib\router\layer.js:95:5)
    at E:\projects\E-COMMERCE-SYSTEM\node_modules\express\lib\router\index.js:284:15 
    url - /api/v1/product 
    method - GET 
    IP - ::1
   {"timestamp":"2023-04-29T17:35:07.154Z"}
error: 
    status - 500 
    message - JsonWebTokenError: jwt malformed
    at Object.verify (E:\projects\E-COMMERCE-SYSTEM\node_modules\jsonwebtoken\verify.js:63:17)
    at _callee$ (E:\projects\E-COMMERCE-SYSTEM\src\middlewares\/auth.middleware.js:14:28)
    at tryCatch (E:\projects\E-COMMERCE-SYSTEM\node_modules\@babel\runtime\helpers\regeneratorRuntime.js:44:17)
    at Generator.<anonymous> (E:\projects\E-COMMERCE-SYSTEM\node_modules\@babel\runtime\helpers\regeneratorRuntime.js:125:22)
    at Generator.next (E:\projects\E-COMMERCE-SYSTEM\node_modules\@babel\runtime\helpers\regeneratorRuntime.js:69:21)
    at asyncGeneratorStep (E:\projects\E-COMMERCE-SYSTEM\node_modules\@babel\runtime\helpers\asyncToGenerator.js:3:24)
    at _next (E:\projects\E-COMMERCE-SYSTEM\node_modules\@babel\runtime\helpers\asyncToGenerator.js:22:9)
    at E:\projects\E-COMMERCE-SYSTEM\node_modules\@babel\runtime\helpers\asyncToGenerator.js:27:7
    at new Promise (<anonymous>)
    at apply (E:\projects\E-COMMERCE-SYSTEM\node_modules\@babel\runtime\helpers\asyncToGenerator.js:19:12)
    at userAuth (E:\projects\E-COMMERCE-SYSTEM\src\middlewares\/auth.middleware.js:4:22)
    at Layer.handle [as handle_request] (E:\projects\E-COMMERCE-SYSTEM\node_modules\express\lib\router\layer.js:95:5)
    at next (E:\projects\E-COMMERCE-SYSTEM\node_modules\express\lib\router\route.js:144:13)
    at Route.dispatch (E:\projects\E-COMMERCE-SYSTEM\node_modules\express\lib\router\route.js:114:3)
    at Layer.handle [as handle_request] (E:\projects\E-COMMERCE-SYSTEM\node_modules\express\lib\router\layer.js:95:5)
    at E:\projects\E-COMMERCE-SYSTEM\node_modules\express\lib\router\index.js:284:15 
    url - /api/v1/cart 
    method - GET 
    IP - ::1
   {"timestamp":"2023-04-29T17:35:07.164Z"}
error: 
    status - 500 
    message - JsonWebTokenError: jwt malformed
    at Object.verify (E:\projects\E-COMMERCE-SYSTEM\node_modules\jsonwebtoken\verify.js:63:17)
    at _callee$ (E:\projects\E-COMMERCE-SYSTEM\src\middlewares\/auth.middleware.js:14:28)
    at tryCatch (E:\projects\E-COMMERCE-SYSTEM\node_modules\@babel\runtime\helpers\regeneratorRuntime.js:44:17)
    at Generator.<anonymous> (E:\projects\E-COMMERCE-SYSTEM\node_modules\@babel\runtime\helpers\regeneratorRuntime.js:125:22)
    at Generator.next (E:\projects\E-COMMERCE-SYSTEM\node_modules\@babel\runtime\helpers\regeneratorRuntime.js:69:21)
    at asyncGeneratorStep (E:\projects\E-COMMERCE-SYSTEM\node_modules\@babel\runtime\helpers\asyncToGenerator.js:3:24)
    at _next (E:\projects\E-COMMERCE-SYSTEM\node_modules\@babel\runtime\helpers\asyncToGenerator.js:22:9)
    at E:\projects\E-COMMERCE-SYSTEM\node_modules\@babel\runtime\helpers\asyncToGenerator.js:27:7
    at new Promise (<anonymous>)
    at apply (E:\projects\E-COMMERCE-SYSTEM\node_modules\@babel\runtime\helpers\asyncToGenerator.js:19:12)
    at userAuth (E:\projects\E-COMMERCE-SYSTEM\src\middlewares\/auth.middleware.js:4:22)
    at Layer.handle [as handle_request] (E:\projects\E-COMMERCE-SYSTEM\node_modules\express\lib\router\layer.js:95:5)
    at next (E:\projects\E-COMMERCE-SYSTEM\node_modules\express\lib\router\route.js:144:13)
    at Route.dispatch (E:\projects\E-COMMERCE-SYSTEM\node_modules\express\lib\router\route.js:114:3)
    at Layer.handle [as handle_request] (E:\projects\E-COMMERCE-SYSTEM\node_modules\express\lib\router\layer.js:95:5)
    at E:\projects\E-COMMERCE-SYSTEM\node_modules\express\lib\router\index.js:284:15 
    url - /api/v1/cart 
    method - GET 
    IP - ::1
   {"timestamp":"2023-04-29T17:35:07.174Z"}
error: 
    status - 500 
    message - JsonWebTokenError: jwt malformed
    at Object.verify (E:\projects\E-COMMERCE-SYSTEM\node_modules\jsonwebtoken\verify.js:63:17)
    at _callee$ (E:\projects\E-COMMERCE-SYSTEM\src\middlewares\/auth.middleware.js:14:28)
    at tryCatch (E:\projects\E-COMMERCE-SYSTEM\node_modules\@babel\runtime\helpers\regeneratorRuntime.js:44:17)
    at Generator.<anonymous> (E:\projects\E-COMMERCE-SYSTEM\node_modules\@babel\runtime\helpers\regeneratorRuntime.js:125:22)
    at Generator.next (E:\projects\E-COMMERCE-SYSTEM\node_modules\@babel\runtime\helpers\regeneratorRuntime.js:69:21)
    at asyncGeneratorStep (E:\projects\E-COMMERCE-SYSTEM\node_modules\@babel\runtime\helpers\asyncToGenerator.js:3:24)
    at _next (E:\projects\E-COMMERCE-SYSTEM\node_modules\@babel\runtime\helpers\asyncToGenerator.js:22:9)
    at E:\projects\E-COMMERCE-SYSTEM\node_modules\@babel\runtime\helpers\asyncToGenerator.js:27:7
    at new Promise (<anonymous>)
    at apply (E:\projects\E-COMMERCE-SYSTEM\node_modules\@babel\runtime\helpers\asyncToGenerator.js:19:12)
    at userAuth (E:\projects\E-COMMERCE-SYSTEM\src\middlewares\/auth.middleware.js:4:22)
    at Layer.handle [as handle_request] (E:\projects\E-COMMERCE-SYSTEM\node_modules\express\lib\router\layer.js:95:5)
    at next (E:\projects\E-COMMERCE-SYSTEM\node_modules\express\lib\router\route.js:144:13)
    at Route.dispatch (E:\projects\E-COMMERCE-SYSTEM\node_modules\express\lib\router\route.js:114:3)
    at Layer.handle [as handle_request] (E:\projects\E-COMMERCE-SYSTEM\node_modules\express\lib\router\layer.js:95:5)
    at E:\projects\E-COMMERCE-SYSTEM\node_modules\express\lib\router\index.js:284:15 
    url - /api/v1/product 
    method - GET 
    IP - ::1
   {"timestamp":"2023-04-29T17:35:26.963Z"}
error: 
    status - 500 
    message - JsonWebTokenError: jwt malformed
    at Object.verify (E:\projects\E-COMMERCE-SYSTEM\node_modules\jsonwebtoken\verify.js:63:17)
    at _callee$ (E:\projects\E-COMMERCE-SYSTEM\src\middlewares\/auth.middleware.js:14:28)
    at tryCatch (E:\projects\E-COMMERCE-SYSTEM\node_modules\@babel\runtime\helpers\regeneratorRuntime.js:44:17)
    at Generator.<anonymous> (E:\projects\E-COMMERCE-SYSTEM\node_modules\@babel\runtime\helpers\regeneratorRuntime.js:125:22)
    at Generator.next (E:\projects\E-COMMERCE-SYSTEM\node_modules\@babel\runtime\helpers\regeneratorRuntime.js:69:21)
    at asyncGeneratorStep (E:\projects\E-COMMERCE-SYSTEM\node_modules\@babel\runtime\helpers\asyncToGenerator.js:3:24)
    at _next (E:\projects\E-COMMERCE-SYSTEM\node_modules\@babel\runtime\helpers\asyncToGenerator.js:22:9)
    at E:\projects\E-COMMERCE-SYSTEM\node_modules\@babel\runtime\helpers\asyncToGenerator.js:27:7
    at new Promise (<anonymous>)
    at apply (E:\projects\E-COMMERCE-SYSTEM\node_modules\@babel\runtime\helpers\asyncToGenerator.js:19:12)
    at userAuth (E:\projects\E-COMMERCE-SYSTEM\src\middlewares\/auth.middleware.js:4:22)
    at Layer.handle [as handle_request] (E:\projects\E-COMMERCE-SYSTEM\node_modules\express\lib\router\layer.js:95:5)
    at next (E:\projects\E-COMMERCE-SYSTEM\node_modules\express\lib\router\route.js:144:13)
    at Route.dispatch (E:\projects\E-COMMERCE-SYSTEM\node_modules\express\lib\router\route.js:114:3)
    at Layer.handle [as handle_request] (E:\projects\E-COMMERCE-SYSTEM\node_modules\express\lib\router\layer.js:95:5)
    at E:\projects\E-COMMERCE-SYSTEM\node_modules\express\lib\router\index.js:284:15 
    url - /api/v1/product 
    method - GET 
    IP - ::1
   {"timestamp":"2023-04-29T17:35:26.973Z"}
error: 
    status - 500 
    message - JsonWebTokenError: jwt malformed
    at Object.verify (E:\projects\E-COMMERCE-SYSTEM\node_modules\jsonwebtoken\verify.js:63:17)
    at _callee$ (E:\projects\E-COMMERCE-SYSTEM\src\middlewares\/auth.middleware.js:14:28)
    at tryCatch (E:\projects\E-COMMERCE-SYSTEM\node_modules\@babel\runtime\helpers\regeneratorRuntime.js:44:17)
    at Generator.<anonymous> (E:\projects\E-COMMERCE-SYSTEM\node_modules\@babel\runtime\helpers\regeneratorRuntime.js:125:22)
    at Generator.next (E:\projects\E-COMMERCE-SYSTEM\node_modules\@babel\runtime\helpers\regeneratorRuntime.js:69:21)
    at asyncGeneratorStep (E:\projects\E-COMMERCE-SYSTEM\node_modules\@babel\runtime\helpers\asyncToGenerator.js:3:24)
    at _next (E:\projects\E-COMMERCE-SYSTEM\node_modules\@babel\runtime\helpers\asyncToGenerator.js:22:9)
    at E:\projects\E-COMMERCE-SYSTEM\node_modules\@babel\runtime\helpers\asyncToGenerator.js:27:7
    at new Promise (<anonymous>)
    at apply (E:\projects\E-COMMERCE-SYSTEM\node_modules\@babel\runtime\helpers\asyncToGenerator.js:19:12)
    at userAuth (E:\projects\E-COMMERCE-SYSTEM\src\middlewares\/auth.middleware.js:4:22)
    at Layer.handle [as handle_request] (E:\projects\E-COMMERCE-SYSTEM\node_modules\express\lib\router\layer.js:95:5)
    at next (E:\projects\E-COMMERCE-SYSTEM\node_modules\express\lib\router\route.js:144:13)
    at Route.dispatch (E:\projects\E-COMMERCE-SYSTEM\node_modules\express\lib\router\route.js:114:3)
    at Layer.handle [as handle_request] (E:\projects\E-COMMERCE-SYSTEM\node_modules\express\lib\router\layer.js:95:5)
    at E:\projects\E-COMMERCE-SYSTEM\node_modules\express\lib\router\index.js:284:15 
    url - /api/v1/cart 
    method - GET 
    IP - ::1
   {"timestamp":"2023-04-29T17:35:26.983Z"}
error: 
    status - 500 
    message - JsonWebTokenError: jwt malformed
    at Object.verify (E:\projects\E-COMMERCE-SYSTEM\node_modules\jsonwebtoken\verify.js:63:17)
    at _callee$ (E:\projects\E-COMMERCE-SYSTEM\src\middlewares\/auth.middleware.js:14:28)
    at tryCatch (E:\projects\E-COMMERCE-SYSTEM\node_modules\@babel\runtime\helpers\regeneratorRuntime.js:44:17)
    at Generator.<anonymous> (E:\projects\E-COMMERCE-SYSTEM\node_modules\@babel\runtime\helpers\regeneratorRuntime.js:125:22)
    at Generator.next (E:\projects\E-COMMERCE-SYSTEM\node_modules\@babel\runtime\helpers\regeneratorRuntime.js:69:21)
    at asyncGeneratorStep (E:\projects\E-COMMERCE-SYSTEM\node_modules\@babel\runtime\helpers\asyncToGenerator.js:3:24)
    at _next (E:\projects\E-COMMERCE-SYSTEM\node_modules\@babel\runtime\helpers\asyncToGenerator.js:22:9)
    at E:\projects\E-COMMERCE-SYSTEM\node_modules\@babel\runtime\helpers\asyncToGenerator.js:27:7
    at new Promise (<anonymous>)
    at apply (E:\projects\E-COMMERCE-SYSTEM\node_modules\@babel\runtime\helpers\asyncToGenerator.js:19:12)
    at userAuth (E:\projects\E-COMMERCE-SYSTEM\src\middlewares\/auth.middleware.js:4:22)
    at Layer.handle [as handle_request] (E:\projects\E-COMMERCE-SYSTEM\node_modules\express\lib\router\layer.js:95:5)
    at next (E:\projects\E-COMMERCE-SYSTEM\node_modules\express\lib\router\route.js:144:13)
    at Route.dispatch (E:\projects\E-COMMERCE-SYSTEM\node_modules\express\lib\router\route.js:114:3)
    at Layer.handle [as handle_request] (E:\projects\E-COMMERCE-SYSTEM\node_modules\express\lib\router\layer.js:95:5)
    at E:\projects\E-COMMERCE-SYSTEM\node_modules\express\lib\router\index.js:284:15 
    url - /api/v1/cart 
    method - GET 
    IP - ::1
   {"timestamp":"2023-04-29T17:35:26.993Z"}
error: 
    status - 500 
    message - JsonWebTokenError: jwt malformed
    at Object.verify (E:\projects\E-COMMERCE-SYSTEM\node_modules\jsonwebtoken\verify.js:63:17)
    at _callee$ (E:\projects\E-COMMERCE-SYSTEM\src\middlewares\/auth.middleware.js:14:28)
    at tryCatch (E:\projects\E-COMMERCE-SYSTEM\node_modules\@babel\runtime\helpers\regeneratorRuntime.js:44:17)
    at Generator.<anonymous> (E:\projects\E-COMMERCE-SYSTEM\node_modules\@babel\runtime\helpers\regeneratorRuntime.js:125:22)
    at Generator.next (E:\projects\E-COMMERCE-SYSTEM\node_modules\@babel\runtime\helpers\regeneratorRuntime.js:69:21)
    at asyncGeneratorStep (E:\projects\E-COMMERCE-SYSTEM\node_modules\@babel\runtime\helpers\asyncToGenerator.js:3:24)
    at _next (E:\projects\E-COMMERCE-SYSTEM\node_modules\@babel\runtime\helpers\asyncToGenerator.js:22:9)
    at E:\projects\E-COMMERCE-SYSTEM\node_modules\@babel\runtime\helpers\asyncToGenerator.js:27:7
    at new Promise (<anonymous>)
    at apply (E:\projects\E-COMMERCE-SYSTEM\node_modules\@babel\runtime\helpers\asyncToGenerator.js:19:12)
    at userAuth (E:\projects\E-COMMERCE-SYSTEM\src\middlewares\/auth.middleware.js:4:22)
    at Layer.handle [as handle_request] (E:\projects\E-COMMERCE-SYSTEM\node_modules\express\lib\router\layer.js:95:5)
    at next (E:\projects\E-COMMERCE-SYSTEM\node_modules\express\lib\router\route.js:144:13)
    at Route.dispatch (E:\projects\E-COMMERCE-SYSTEM\node_modules\express\lib\router\route.js:114:3)
    at Layer.handle [as handle_request] (E:\projects\E-COMMERCE-SYSTEM\node_modules\express\lib\router\layer.js:95:5)
    at E:\projects\E-COMMERCE-SYSTEM\node_modules\express\lib\router\index.js:284:15 
    url - /api/v1/product 
    method - GET 
    IP - ::1
   {"timestamp":"2023-04-29T17:37:07.175Z"}
error: 
    status - 500 
    message - JsonWebTokenError: jwt malformed
    at Object.verify (E:\projects\E-COMMERCE-SYSTEM\node_modules\jsonwebtoken\verify.js:63:17)
    at _callee$ (E:\projects\E-COMMERCE-SYSTEM\src\middlewares\/auth.middleware.js:14:28)
    at tryCatch (E:\projects\E-COMMERCE-SYSTEM\node_modules\@babel\runtime\helpers\regeneratorRuntime.js:44:17)
    at Generator.<anonymous> (E:\projects\E-COMMERCE-SYSTEM\node_modules\@babel\runtime\helpers\regeneratorRuntime.js:125:22)
    at Generator.next (E:\projects\E-COMMERCE-SYSTEM\node_modules\@babel\runtime\helpers\regeneratorRuntime.js:69:21)
    at asyncGeneratorStep (E:\projects\E-COMMERCE-SYSTEM\node_modules\@babel\runtime\helpers\asyncToGenerator.js:3:24)
    at _next (E:\projects\E-COMMERCE-SYSTEM\node_modules\@babel\runtime\helpers\asyncToGenerator.js:22:9)
    at E:\projects\E-COMMERCE-SYSTEM\node_modules\@babel\runtime\helpers\asyncToGenerator.js:27:7
    at new Promise (<anonymous>)
    at apply (E:\projects\E-COMMERCE-SYSTEM\node_modules\@babel\runtime\helpers\asyncToGenerator.js:19:12)
    at userAuth (E:\projects\E-COMMERCE-SYSTEM\src\middlewares\/auth.middleware.js:4:22)
    at Layer.handle [as handle_request] (E:\projects\E-COMMERCE-SYSTEM\node_modules\express\lib\router\layer.js:95:5)
    at next (E:\projects\E-COMMERCE-SYSTEM\node_modules\express\lib\router\route.js:144:13)
    at Route.dispatch (E:\projects\E-COMMERCE-SYSTEM\node_modules\express\lib\router\route.js:114:3)
    at Layer.handle [as handle_request] (E:\projects\E-COMMERCE-SYSTEM\node_modules\express\lib\router\layer.js:95:5)
    at E:\projects\E-COMMERCE-SYSTEM\node_modules\express\lib\router\index.js:284:15 
    url - /api/v1/cart 
    method - GET 
    IP - ::1
   {"timestamp":"2023-04-29T17:37:07.184Z"}
error: 
    status - 500 
    message - JsonWebTokenError: jwt malformed
    at Object.verify (E:\projects\E-COMMERCE-SYSTEM\node_modules\jsonwebtoken\verify.js:63:17)
    at _callee$ (E:\projects\E-COMMERCE-SYSTEM\src\middlewares\/auth.middleware.js:14:28)
    at tryCatch (E:\projects\E-COMMERCE-SYSTEM\node_modules\@babel\runtime\helpers\regeneratorRuntime.js:44:17)
    at Generator.<anonymous> (E:\projects\E-COMMERCE-SYSTEM\node_modules\@babel\runtime\helpers\regeneratorRuntime.js:125:22)
    at Generator.next (E:\projects\E-COMMERCE-SYSTEM\node_modules\@babel\runtime\helpers\regeneratorRuntime.js:69:21)
    at asyncGeneratorStep (E:\projects\E-COMMERCE-SYSTEM\node_modules\@babel\runtime\helpers\asyncToGenerator.js:3:24)
    at _next (E:\projects\E-COMMERCE-SYSTEM\node_modules\@babel\runtime\helpers\asyncToGenerator.js:22:9)
    at E:\projects\E-COMMERCE-SYSTEM\node_modules\@babel\runtime\helpers\asyncToGenerator.js:27:7
    at new Promise (<anonymous>)
    at apply (E:\projects\E-COMMERCE-SYSTEM\node_modules\@babel\runtime\helpers\asyncToGenerator.js:19:12)
    at userAuth (E:\projects\E-COMMERCE-SYSTEM\src\middlewares\/auth.middleware.js:4:22)
    at Layer.handle [as handle_request] (E:\projects\E-COMMERCE-SYSTEM\node_modules\express\lib\router\layer.js:95:5)
    at next (E:\projects\E-COMMERCE-SYSTEM\node_modules\express\lib\router\route.js:144:13)
    at Route.dispatch (E:\projects\E-COMMERCE-SYSTEM\node_modules\express\lib\router\route.js:114:3)
    at Layer.handle [as handle_request] (E:\projects\E-COMMERCE-SYSTEM\node_modules\express\lib\router\layer.js:95:5)
    at E:\projects\E-COMMERCE-SYSTEM\node_modules\express\lib\router\index.js:284:15 
    url - /api/v1/product 
    method - GET 
    IP - ::1
   {"timestamp":"2023-04-29T17:37:07.192Z"}
error: 
    status - 500 
    message - JsonWebTokenError: jwt malformed
    at Object.verify (E:\projects\E-COMMERCE-SYSTEM\node_modules\jsonwebtoken\verify.js:63:17)
    at _callee$ (E:\projects\E-COMMERCE-SYSTEM\src\middlewares\/auth.middleware.js:14:28)
    at tryCatch (E:\projects\E-COMMERCE-SYSTEM\node_modules\@babel\runtime\helpers\regeneratorRuntime.js:44:17)
    at Generator.<anonymous> (E:\projects\E-COMMERCE-SYSTEM\node_modules\@babel\runtime\helpers\regeneratorRuntime.js:125:22)
    at Generator.next (E:\projects\E-COMMERCE-SYSTEM\node_modules\@babel\runtime\helpers\regeneratorRuntime.js:69:21)
    at asyncGeneratorStep (E:\projects\E-COMMERCE-SYSTEM\node_modules\@babel\runtime\helpers\asyncToGenerator.js:3:24)
    at _next (E:\projects\E-COMMERCE-SYSTEM\node_modules\@babel\runtime\helpers\asyncToGenerator.js:22:9)
    at E:\projects\E-COMMERCE-SYSTEM\node_modules\@babel\runtime\helpers\asyncToGenerator.js:27:7
    at new Promise (<anonymous>)
    at apply (E:\projects\E-COMMERCE-SYSTEM\node_modules\@babel\runtime\helpers\asyncToGenerator.js:19:12)
    at userAuth (E:\projects\E-COMMERCE-SYSTEM\src\middlewares\/auth.middleware.js:4:22)
    at Layer.handle [as handle_request] (E:\projects\E-COMMERCE-SYSTEM\node_modules\express\lib\router\layer.js:95:5)
    at next (E:\projects\E-COMMERCE-SYSTEM\node_modules\express\lib\router\route.js:144:13)
    at Route.dispatch (E:\projects\E-COMMERCE-SYSTEM\node_modules\express\lib\router\route.js:114:3)
    at Layer.handle [as handle_request] (E:\projects\E-COMMERCE-SYSTEM\node_modules\express\lib\router\layer.js:95:5)
    at E:\projects\E-COMMERCE-SYSTEM\node_modules\express\lib\router\index.js:284:15 
    url - /api/v1/cart 
    method - GET 
    IP - ::1
   {"timestamp":"2023-04-29T17:37:07.200Z"}
error: 
    status - 500 
    message - JsonWebTokenError: jwt malformed
    at Object.verify (E:\projects\E-COMMERCE-SYSTEM\node_modules\jsonwebtoken\verify.js:63:17)
    at _callee$ (E:\projects\E-COMMERCE-SYSTEM\src\middlewares\/auth.middleware.js:14:28)
    at tryCatch (E:\projects\E-COMMERCE-SYSTEM\node_modules\@babel\runtime\helpers\regeneratorRuntime.js:44:17)
    at Generator.<anonymous> (E:\projects\E-COMMERCE-SYSTEM\node_modules\@babel\runtime\helpers\regeneratorRuntime.js:125:22)
    at Generator.next (E:\projects\E-COMMERCE-SYSTEM\node_modules\@babel\runtime\helpers\regeneratorRuntime.js:69:21)
    at asyncGeneratorStep (E:\projects\E-COMMERCE-SYSTEM\node_modules\@babel\runtime\helpers\asyncToGenerator.js:3:24)
    at _next (E:\projects\E-COMMERCE-SYSTEM\node_modules\@babel\runtime\helpers\asyncToGenerator.js:22:9)
    at E:\projects\E-COMMERCE-SYSTEM\node_modules\@babel\runtime\helpers\asyncToGenerator.js:27:7
    at new Promise (<anonymous>)
    at apply (E:\projects\E-COMMERCE-SYSTEM\node_modules\@babel\runtime\helpers\asyncToGenerator.js:19:12)
    at userAuth (E:\projects\E-COMMERCE-SYSTEM\src\middlewares\/auth.middleware.js:4:22)
    at Layer.handle [as handle_request] (E:\projects\E-COMMERCE-SYSTEM\node_modules\express\lib\router\layer.js:95:5)
    at next (E:\projects\E-COMMERCE-SYSTEM\node_modules\express\lib\router\route.js:144:13)
    at Route.dispatch (E:\projects\E-COMMERCE-SYSTEM\node_modules\express\lib\router\route.js:114:3)
    at Layer.handle [as handle_request] (E:\projects\E-COMMERCE-SYSTEM\node_modules\express\lib\router\layer.js:95:5)
    at E:\projects\E-COMMERCE-SYSTEM\node_modules\express\lib\router\index.js:284:15 
    url - /api/v1/product 
    method - GET 
    IP - ::1
   {"timestamp":"2023-04-29T17:37:57.239Z"}
error: 
    status - 500 
    message - JsonWebTokenError: jwt malformed
    at Object.verify (E:\projects\E-COMMERCE-SYSTEM\node_modules\jsonwebtoken\verify.js:63:17)
    at _callee$ (E:\projects\E-COMMERCE-SYSTEM\src\middlewares\/auth.middleware.js:14:28)
    at tryCatch (E:\projects\E-COMMERCE-SYSTEM\node_modules\@babel\runtime\helpers\regeneratorRuntime.js:44:17)
    at Generator.<anonymous> (E:\projects\E-COMMERCE-SYSTEM\node_modules\@babel\runtime\helpers\regeneratorRuntime.js:125:22)
    at Generator.next (E:\projects\E-COMMERCE-SYSTEM\node_modules\@babel\runtime\helpers\regeneratorRuntime.js:69:21)
    at asyncGeneratorStep (E:\projects\E-COMMERCE-SYSTEM\node_modules\@babel\runtime\helpers\asyncToGenerator.js:3:24)
    at _next (E:\projects\E-COMMERCE-SYSTEM\node_modules\@babel\runtime\helpers\asyncToGenerator.js:22:9)
    at E:\projects\E-COMMERCE-SYSTEM\node_modules\@babel\runtime\helpers\asyncToGenerator.js:27:7
    at new Promise (<anonymous>)
    at apply (E:\projects\E-COMMERCE-SYSTEM\node_modules\@babel\runtime\helpers\asyncToGenerator.js:19:12)
    at userAuth (E:\projects\E-COMMERCE-SYSTEM\src\middlewares\/auth.middleware.js:4:22)
    at Layer.handle [as handle_request] (E:\projects\E-COMMERCE-SYSTEM\node_modules\express\lib\router\layer.js:95:5)
    at next (E:\projects\E-COMMERCE-SYSTEM\node_modules\express\lib\router\route.js:144:13)
    at Route.dispatch (E:\projects\E-COMMERCE-SYSTEM\node_modules\express\lib\router\route.js:114:3)
    at Layer.handle [as handle_request] (E:\projects\E-COMMERCE-SYSTEM\node_modules\express\lib\router\layer.js:95:5)
    at E:\projects\E-COMMERCE-SYSTEM\node_modules\express\lib\router\index.js:284:15 
    url - /api/v1/cart 
    method - GET 
    IP - ::1
   {"timestamp":"2023-04-29T17:37:57.246Z"}
error: 
    status - 500 
    message - JsonWebTokenError: jwt malformed
    at Object.verify (E:\projects\E-COMMERCE-SYSTEM\node_modules\jsonwebtoken\verify.js:63:17)
    at _callee$ (E:\projects\E-COMMERCE-SYSTEM\src\middlewares\/auth.middleware.js:14:28)
    at tryCatch (E:\projects\E-COMMERCE-SYSTEM\node_modules\@babel\runtime\helpers\regeneratorRuntime.js:44:17)
    at Generator.<anonymous> (E:\projects\E-COMMERCE-SYSTEM\node_modules\@babel\runtime\helpers\regeneratorRuntime.js:125:22)
    at Generator.next (E:\projects\E-COMMERCE-SYSTEM\node_modules\@babel\runtime\helpers\regeneratorRuntime.js:69:21)
    at asyncGeneratorStep (E:\projects\E-COMMERCE-SYSTEM\node_modules\@babel\runtime\helpers\asyncToGenerator.js:3:24)
    at _next (E:\projects\E-COMMERCE-SYSTEM\node_modules\@babel\runtime\helpers\asyncToGenerator.js:22:9)
    at E:\projects\E-COMMERCE-SYSTEM\node_modules\@babel\runtime\helpers\asyncToGenerator.js:27:7
    at new Promise (<anonymous>)
    at apply (E:\projects\E-COMMERCE-SYSTEM\node_modules\@babel\runtime\helpers\asyncToGenerator.js:19:12)
    at userAuth (E:\projects\E-COMMERCE-SYSTEM\src\middlewares\/auth.middleware.js:4:22)
    at Layer.handle [as handle_request] (E:\projects\E-COMMERCE-SYSTEM\node_modules\express\lib\router\layer.js:95:5)
    at next (E:\projects\E-COMMERCE-SYSTEM\node_modules\express\lib\router\route.js:144:13)
    at Route.dispatch (E:\projects\E-COMMERCE-SYSTEM\node_modules\express\lib\router\route.js:114:3)
    at Layer.handle [as handle_request] (E:\projects\E-COMMERCE-SYSTEM\node_modules\express\lib\router\layer.js:95:5)
    at E:\projects\E-COMMERCE-SYSTEM\node_modules\express\lib\router\index.js:284:15 
    url - /api/v1/product 
    method - GET 
    IP - ::1
   {"timestamp":"2023-04-29T17:37:57.252Z"}
error: 
    status - 500 
    message - JsonWebTokenError: jwt malformed
    at Object.verify (E:\projects\E-COMMERCE-SYSTEM\node_modules\jsonwebtoken\verify.js:63:17)
    at _callee$ (E:\projects\E-COMMERCE-SYSTEM\src\middlewares\/auth.middleware.js:14:28)
    at tryCatch (E:\projects\E-COMMERCE-SYSTEM\node_modules\@babel\runtime\helpers\regeneratorRuntime.js:44:17)
    at Generator.<anonymous> (E:\projects\E-COMMERCE-SYSTEM\node_modules\@babel\runtime\helpers\regeneratorRuntime.js:125:22)
    at Generator.next (E:\projects\E-COMMERCE-SYSTEM\node_modules\@babel\runtime\helpers\regeneratorRuntime.js:69:21)
    at asyncGeneratorStep (E:\projects\E-COMMERCE-SYSTEM\node_modules\@babel\runtime\helpers\asyncToGenerator.js:3:24)
    at _next (E:\projects\E-COMMERCE-SYSTEM\node_modules\@babel\runtime\helpers\asyncToGenerator.js:22:9)
    at E:\projects\E-COMMERCE-SYSTEM\node_modules\@babel\runtime\helpers\asyncToGenerator.js:27:7
    at new Promise (<anonymous>)
    at apply (E:\projects\E-COMMERCE-SYSTEM\node_modules\@babel\runtime\helpers\asyncToGenerator.js:19:12)
    at userAuth (E:\projects\E-COMMERCE-SYSTEM\src\middlewares\/auth.middleware.js:4:22)
    at Layer.handle [as handle_request] (E:\projects\E-COMMERCE-SYSTEM\node_modules\express\lib\router\layer.js:95:5)
    at next (E:\projects\E-COMMERCE-SYSTEM\node_modules\express\lib\router\route.js:144:13)
    at Route.dispatch (E:\projects\E-COMMERCE-SYSTEM\node_modules\express\lib\router\route.js:114:3)
    at Layer.handle [as handle_request] (E:\projects\E-COMMERCE-SYSTEM\node_modules\express\lib\router\layer.js:95:5)
    at E:\projects\E-COMMERCE-SYSTEM\node_modules\express\lib\router\index.js:284:15 
    url - /api/v1/cart 
    method - GET 
    IP - ::1
   {"timestamp":"2023-04-29T17:37:57.259Z"}
error: 
    status - 500 
    message - JsonWebTokenError: jwt malformed
    at Object.verify (E:\projects\E-COMMERCE-SYSTEM\node_modules\jsonwebtoken\verify.js:63:17)
    at _callee$ (E:\projects\E-COMMERCE-SYSTEM\src\middlewares\/auth.middleware.js:14:28)
    at tryCatch (E:\projects\E-COMMERCE-SYSTEM\node_modules\@babel\runtime\helpers\regeneratorRuntime.js:44:17)
    at Generator.<anonymous> (E:\projects\E-COMMERCE-SYSTEM\node_modules\@babel\runtime\helpers\regeneratorRuntime.js:125:22)
    at Generator.next (E:\projects\E-COMMERCE-SYSTEM\node_modules\@babel\runtime\helpers\regeneratorRuntime.js:69:21)
    at asyncGeneratorStep (E:\projects\E-COMMERCE-SYSTEM\node_modules\@babel\runtime\helpers\asyncToGenerator.js:3:24)
    at _next (E:\projects\E-COMMERCE-SYSTEM\node_modules\@babel\runtime\helpers\asyncToGenerator.js:22:9)
    at E:\projects\E-COMMERCE-SYSTEM\node_modules\@babel\runtime\helpers\asyncToGenerator.js:27:7
    at new Promise (<anonymous>)
    at apply (E:\projects\E-COMMERCE-SYSTEM\node_modules\@babel\runtime\helpers\asyncToGenerator.js:19:12)
    at userAuth (E:\projects\E-COMMERCE-SYSTEM\src\middlewares\/auth.middleware.js:4:22)
    at Layer.handle [as handle_request] (E:\projects\E-COMMERCE-SYSTEM\node_modules\express\lib\router\layer.js:95:5)
    at next (E:\projects\E-COMMERCE-SYSTEM\node_modules\express\lib\router\route.js:144:13)
    at Route.dispatch (E:\projects\E-COMMERCE-SYSTEM\node_modules\express\lib\router\route.js:114:3)
    at Layer.handle [as handle_request] (E:\projects\E-COMMERCE-SYSTEM\node_modules\express\lib\router\layer.js:95:5)
    at E:\projects\E-COMMERCE-SYSTEM\node_modules\express\lib\router\index.js:284:15 
    url - /api/v1/product 
    method - GET 
    IP - ::1
   {"timestamp":"2023-04-29T17:38:22.649Z"}
error: 
    status - 500 
    message - JsonWebTokenError: jwt malformed
    at Object.verify (E:\projects\E-COMMERCE-SYSTEM\node_modules\jsonwebtoken\verify.js:63:17)
    at _callee$ (E:\projects\E-COMMERCE-SYSTEM\src\middlewares\/auth.middleware.js:14:28)
    at tryCatch (E:\projects\E-COMMERCE-SYSTEM\node_modules\@babel\runtime\helpers\regeneratorRuntime.js:44:17)
    at Generator.<anonymous> (E:\projects\E-COMMERCE-SYSTEM\node_modules\@babel\runtime\helpers\regeneratorRuntime.js:125:22)
    at Generator.next (E:\projects\E-COMMERCE-SYSTEM\node_modules\@babel\runtime\helpers\regeneratorRuntime.js:69:21)
    at asyncGeneratorStep (E:\projects\E-COMMERCE-SYSTEM\node_modules\@babel\runtime\helpers\asyncToGenerator.js:3:24)
    at _next (E:\projects\E-COMMERCE-SYSTEM\node_modules\@babel\runtime\helpers\asyncToGenerator.js:22:9)
    at E:\projects\E-COMMERCE-SYSTEM\node_modules\@babel\runtime\helpers\asyncToGenerator.js:27:7
    at new Promise (<anonymous>)
    at apply (E:\projects\E-COMMERCE-SYSTEM\node_modules\@babel\runtime\helpers\asyncToGenerator.js:19:12)
    at userAuth (E:\projects\E-COMMERCE-SYSTEM\src\middlewares\/auth.middleware.js:4:22)
    at Layer.handle [as handle_request] (E:\projects\E-COMMERCE-SYSTEM\node_modules\express\lib\router\layer.js:95:5)
    at next (E:\projects\E-COMMERCE-SYSTEM\node_modules\express\lib\router\route.js:144:13)
    at Route.dispatch (E:\projects\E-COMMERCE-SYSTEM\node_modules\express\lib\router\route.js:114:3)
    at Layer.handle [as handle_request] (E:\projects\E-COMMERCE-SYSTEM\node_modules\express\lib\router\layer.js:95:5)
    at E:\projects\E-COMMERCE-SYSTEM\node_modules\express\lib\router\index.js:284:15 
    url - /api/v1/cart 
    method - GET 
    IP - ::1
   {"timestamp":"2023-04-29T17:38:22.658Z"}
error: 
    status - 500 
    message - JsonWebTokenError: jwt malformed
    at Object.verify (E:\projects\E-COMMERCE-SYSTEM\node_modules\jsonwebtoken\verify.js:63:17)
    at _callee$ (E:\projects\E-COMMERCE-SYSTEM\src\middlewares\/auth.middleware.js:14:28)
    at tryCatch (E:\projects\E-COMMERCE-SYSTEM\node_modules\@babel\runtime\helpers\regeneratorRuntime.js:44:17)
    at Generator.<anonymous> (E:\projects\E-COMMERCE-SYSTEM\node_modules\@babel\runtime\helpers\regeneratorRuntime.js:125:22)
    at Generator.next (E:\projects\E-COMMERCE-SYSTEM\node_modules\@babel\runtime\helpers\regeneratorRuntime.js:69:21)
    at asyncGeneratorStep (E:\projects\E-COMMERCE-SYSTEM\node_modules\@babel\runtime\helpers\asyncToGenerator.js:3:24)
    at _next (E:\projects\E-COMMERCE-SYSTEM\node_modules\@babel\runtime\helpers\asyncToGenerator.js:22:9)
    at E:\projects\E-COMMERCE-SYSTEM\node_modules\@babel\runtime\helpers\asyncToGenerator.js:27:7
    at new Promise (<anonymous>)
    at apply (E:\projects\E-COMMERCE-SYSTEM\node_modules\@babel\runtime\helpers\asyncToGenerator.js:19:12)
    at userAuth (E:\projects\E-COMMERCE-SYSTEM\src\middlewares\/auth.middleware.js:4:22)
    at Layer.handle [as handle_request] (E:\projects\E-COMMERCE-SYSTEM\node_modules\express\lib\router\layer.js:95:5)
    at next (E:\projects\E-COMMERCE-SYSTEM\node_modules\express\lib\router\route.js:144:13)
    at Route.dispatch (E:\projects\E-COMMERCE-SYSTEM\node_modules\express\lib\router\route.js:114:3)
    at Layer.handle [as handle_request] (E:\projects\E-COMMERCE-SYSTEM\node_modules\express\lib\router\layer.js:95:5)
    at E:\projects\E-COMMERCE-SYSTEM\node_modules\express\lib\router\index.js:284:15 
    url - /api/v1/cart 
    method - GET 
    IP - ::1
   {"timestamp":"2023-04-29T17:38:22.669Z"}
error: 
    status - 500 
    message - JsonWebTokenError: jwt malformed
    at Object.verify (E:\projects\E-COMMERCE-SYSTEM\node_modules\jsonwebtoken\verify.js:63:17)
    at _callee$ (E:\projects\E-COMMERCE-SYSTEM\src\middlewares\/auth.middleware.js:14:28)
    at tryCatch (E:\projects\E-COMMERCE-SYSTEM\node_modules\@babel\runtime\helpers\regeneratorRuntime.js:44:17)
    at Generator.<anonymous> (E:\projects\E-COMMERCE-SYSTEM\node_modules\@babel\runtime\helpers\regeneratorRuntime.js:125:22)
    at Generator.next (E:\projects\E-COMMERCE-SYSTEM\node_modules\@babel\runtime\helpers\regeneratorRuntime.js:69:21)
    at asyncGeneratorStep (E:\projects\E-COMMERCE-SYSTEM\node_modules\@babel\runtime\helpers\asyncToGenerator.js:3:24)
    at _next (E:\projects\E-COMMERCE-SYSTEM\node_modules\@babel\runtime\helpers\asyncToGenerator.js:22:9)
    at E:\projects\E-COMMERCE-SYSTEM\node_modules\@babel\runtime\helpers\asyncToGenerator.js:27:7
    at new Promise (<anonymous>)
    at apply (E:\projects\E-COMMERCE-SYSTEM\node_modules\@babel\runtime\helpers\asyncToGenerator.js:19:12)
    at userAuth (E:\projects\E-COMMERCE-SYSTEM\src\middlewares\/auth.middleware.js:4:22)
    at Layer.handle [as handle_request] (E:\projects\E-COMMERCE-SYSTEM\node_modules\express\lib\router\layer.js:95:5)
    at next (E:\projects\E-COMMERCE-SYSTEM\node_modules\express\lib\router\route.js:144:13)
    at Route.dispatch (E:\projects\E-COMMERCE-SYSTEM\node_modules\express\lib\router\route.js:114:3)
    at Layer.handle [as handle_request] (E:\projects\E-COMMERCE-SYSTEM\node_modules\express\lib\router\layer.js:95:5)
    at E:\projects\E-COMMERCE-SYSTEM\node_modules\express\lib\router\index.js:284:15 
    url - /api/v1/product 
    method - GET 
    IP - ::1
   {"timestamp":"2023-04-29T17:38:22.678Z"}
error: 
    status - 500 
    message - JsonWebTokenError: jwt malformed
    at Object.verify (E:\projects\E-COMMERCE-SYSTEM\node_modules\jsonwebtoken\verify.js:63:17)
    at _callee$ (E:\projects\E-COMMERCE-SYSTEM\src\middlewares\/auth.middleware.js:14:28)
    at tryCatch (E:\projects\E-COMMERCE-SYSTEM\node_modules\@babel\runtime\helpers\regeneratorRuntime.js:44:17)
    at Generator.<anonymous> (E:\projects\E-COMMERCE-SYSTEM\node_modules\@babel\runtime\helpers\regeneratorRuntime.js:125:22)
    at Generator.next (E:\projects\E-COMMERCE-SYSTEM\node_modules\@babel\runtime\helpers\regeneratorRuntime.js:69:21)
    at asyncGeneratorStep (E:\projects\E-COMMERCE-SYSTEM\node_modules\@babel\runtime\helpers\asyncToGenerator.js:3:24)
    at _next (E:\projects\E-COMMERCE-SYSTEM\node_modules\@babel\runtime\helpers\asyncToGenerator.js:22:9)
    at E:\projects\E-COMMERCE-SYSTEM\node_modules\@babel\runtime\helpers\asyncToGenerator.js:27:7
    at new Promise (<anonymous>)
    at apply (E:\projects\E-COMMERCE-SYSTEM\node_modules\@babel\runtime\helpers\asyncToGenerator.js:19:12)
    at userAuth (E:\projects\E-COMMERCE-SYSTEM\src\middlewares\/auth.middleware.js:4:22)
    at Layer.handle [as handle_request] (E:\projects\E-COMMERCE-SYSTEM\node_modules\express\lib\router\layer.js:95:5)
    at next (E:\projects\E-COMMERCE-SYSTEM\node_modules\express\lib\router\route.js:144:13)
    at Route.dispatch (E:\projects\E-COMMERCE-SYSTEM\node_modules\express\lib\router\route.js:114:3)
    at Layer.handle [as handle_request] (E:\projects\E-COMMERCE-SYSTEM\node_modules\express\lib\router\layer.js:95:5)
    at E:\projects\E-COMMERCE-SYSTEM\node_modules\express\lib\router\index.js:284:15 
    url - /api/v1/cart 
    method - GET 
    IP - ::1
   {"timestamp":"2023-04-29T17:38:29.004Z"}
error: 
    status - 500 
    message - JsonWebTokenError: jwt malformed
    at Object.verify (E:\projects\E-COMMERCE-SYSTEM\node_modules\jsonwebtoken\verify.js:63:17)
    at _callee$ (E:\projects\E-COMMERCE-SYSTEM\src\middlewares\/auth.middleware.js:14:28)
    at tryCatch (E:\projects\E-COMMERCE-SYSTEM\node_modules\@babel\runtime\helpers\regeneratorRuntime.js:44:17)
    at Generator.<anonymous> (E:\projects\E-COMMERCE-SYSTEM\node_modules\@babel\runtime\helpers\regeneratorRuntime.js:125:22)
    at Generator.next (E:\projects\E-COMMERCE-SYSTEM\node_modules\@babel\runtime\helpers\regeneratorRuntime.js:69:21)
    at asyncGeneratorStep (E:\projects\E-COMMERCE-SYSTEM\node_modules\@babel\runtime\helpers\asyncToGenerator.js:3:24)
    at _next (E:\projects\E-COMMERCE-SYSTEM\node_modules\@babel\runtime\helpers\asyncToGenerator.js:22:9)
    at E:\projects\E-COMMERCE-SYSTEM\node_modules\@babel\runtime\helpers\asyncToGenerator.js:27:7
    at new Promise (<anonymous>)
    at apply (E:\projects\E-COMMERCE-SYSTEM\node_modules\@babel\runtime\helpers\asyncToGenerator.js:19:12)
    at userAuth (E:\projects\E-COMMERCE-SYSTEM\src\middlewares\/auth.middleware.js:4:22)
    at Layer.handle [as handle_request] (E:\projects\E-COMMERCE-SYSTEM\node_modules\express\lib\router\layer.js:95:5)
    at next (E:\projects\E-COMMERCE-SYSTEM\node_modules\express\lib\router\route.js:144:13)
    at Route.dispatch (E:\projects\E-COMMERCE-SYSTEM\node_modules\express\lib\router\route.js:114:3)
    at Layer.handle [as handle_request] (E:\projects\E-COMMERCE-SYSTEM\node_modules\express\lib\router\layer.js:95:5)
    at E:\projects\E-COMMERCE-SYSTEM\node_modules\express\lib\router\index.js:284:15 
    url - /api/v1/cart 
    method - GET 
    IP - ::1
   {"timestamp":"2023-04-29T17:38:29.014Z"}
error: 
    status - 500 
    message - JsonWebTokenError: jwt malformed
    at Object.verify (E:\projects\E-COMMERCE-SYSTEM\node_modules\jsonwebtoken\verify.js:63:17)
    at _callee$ (E:\projects\E-COMMERCE-SYSTEM\src\middlewares\/auth.middleware.js:14:28)
    at tryCatch (E:\projects\E-COMMERCE-SYSTEM\node_modules\@babel\runtime\helpers\regeneratorRuntime.js:44:17)
    at Generator.<anonymous> (E:\projects\E-COMMERCE-SYSTEM\node_modules\@babel\runtime\helpers\regeneratorRuntime.js:125:22)
    at Generator.next (E:\projects\E-COMMERCE-SYSTEM\node_modules\@babel\runtime\helpers\regeneratorRuntime.js:69:21)
    at asyncGeneratorStep (E:\projects\E-COMMERCE-SYSTEM\node_modules\@babel\runtime\helpers\asyncToGenerator.js:3:24)
    at _next (E:\projects\E-COMMERCE-SYSTEM\node_modules\@babel\runtime\helpers\asyncToGenerator.js:22:9)
    at E:\projects\E-COMMERCE-SYSTEM\node_modules\@babel\runtime\helpers\asyncToGenerator.js:27:7
    at new Promise (<anonymous>)
    at apply (E:\projects\E-COMMERCE-SYSTEM\node_modules\@babel\runtime\helpers\asyncToGenerator.js:19:12)
    at userAuth (E:\projects\E-COMMERCE-SYSTEM\src\middlewares\/auth.middleware.js:4:22)
    at Layer.handle [as handle_request] (E:\projects\E-COMMERCE-SYSTEM\node_modules\express\lib\router\layer.js:95:5)
    at next (E:\projects\E-COMMERCE-SYSTEM\node_modules\express\lib\router\route.js:144:13)
    at Route.dispatch (E:\projects\E-COMMERCE-SYSTEM\node_modules\express\lib\router\route.js:114:3)
    at Layer.handle [as handle_request] (E:\projects\E-COMMERCE-SYSTEM\node_modules\express\lib\router\layer.js:95:5)
    at E:\projects\E-COMMERCE-SYSTEM\node_modules\express\lib\router\index.js:284:15 
    url - /api/v1/cart 
    method - GET 
    IP - ::1
   {"timestamp":"2023-04-29T17:38:46.302Z"}
error: 
    status - 500 
    message - JsonWebTokenError: jwt malformed
    at Object.verify (E:\projects\E-COMMERCE-SYSTEM\node_modules\jsonwebtoken\verify.js:63:17)
    at _callee$ (E:\projects\E-COMMERCE-SYSTEM\src\middlewares\/auth.middleware.js:14:28)
    at tryCatch (E:\projects\E-COMMERCE-SYSTEM\node_modules\@babel\runtime\helpers\regeneratorRuntime.js:44:17)
    at Generator.<anonymous> (E:\projects\E-COMMERCE-SYSTEM\node_modules\@babel\runtime\helpers\regeneratorRuntime.js:125:22)
    at Generator.next (E:\projects\E-COMMERCE-SYSTEM\node_modules\@babel\runtime\helpers\regeneratorRuntime.js:69:21)
    at asyncGeneratorStep (E:\projects\E-COMMERCE-SYSTEM\node_modules\@babel\runtime\helpers\asyncToGenerator.js:3:24)
    at _next (E:\projects\E-COMMERCE-SYSTEM\node_modules\@babel\runtime\helpers\asyncToGenerator.js:22:9)
    at E:\projects\E-COMMERCE-SYSTEM\node_modules\@babel\runtime\helpers\asyncToGenerator.js:27:7
    at new Promise (<anonymous>)
    at apply (E:\projects\E-COMMERCE-SYSTEM\node_modules\@babel\runtime\helpers\asyncToGenerator.js:19:12)
    at userAuth (E:\projects\E-COMMERCE-SYSTEM\src\middlewares\/auth.middleware.js:4:22)
    at Layer.handle [as handle_request] (E:\projects\E-COMMERCE-SYSTEM\node_modules\express\lib\router\layer.js:95:5)
    at next (E:\projects\E-COMMERCE-SYSTEM\node_modules\express\lib\router\route.js:144:13)
    at Route.dispatch (E:\projects\E-COMMERCE-SYSTEM\node_modules\express\lib\router\route.js:114:3)
    at Layer.handle [as handle_request] (E:\projects\E-COMMERCE-SYSTEM\node_modules\express\lib\router\layer.js:95:5)
    at E:\projects\E-COMMERCE-SYSTEM\node_modules\express\lib\router\index.js:284:15 
    url - /api/v1/cart 
    method - GET 
    IP - ::1
   {"timestamp":"2023-04-29T17:38:46.314Z"}
error: 
    status - 500 
    message - JsonWebTokenError: jwt malformed
    at Object.verify (E:\projects\E-COMMERCE-SYSTEM\node_modules\jsonwebtoken\verify.js:63:17)
    at _callee$ (E:\projects\E-COMMERCE-SYSTEM\src\middlewares\/auth.middleware.js:14:28)
    at tryCatch (E:\projects\E-COMMERCE-SYSTEM\node_modules\@babel\runtime\helpers\regeneratorRuntime.js:44:17)
    at Generator.<anonymous> (E:\projects\E-COMMERCE-SYSTEM\node_modules\@babel\runtime\helpers\regeneratorRuntime.js:125:22)
    at Generator.next (E:\projects\E-COMMERCE-SYSTEM\node_modules\@babel\runtime\helpers\regeneratorRuntime.js:69:21)
    at asyncGeneratorStep (E:\projects\E-COMMERCE-SYSTEM\node_modules\@babel\runtime\helpers\asyncToGenerator.js:3:24)
    at _next (E:\projects\E-COMMERCE-SYSTEM\node_modules\@babel\runtime\helpers\asyncToGenerator.js:22:9)
    at E:\projects\E-COMMERCE-SYSTEM\node_modules\@babel\runtime\helpers\asyncToGenerator.js:27:7
    at new Promise (<anonymous>)
    at apply (E:\projects\E-COMMERCE-SYSTEM\node_modules\@babel\runtime\helpers\asyncToGenerator.js:19:12)
    at userAuth (E:\projects\E-COMMERCE-SYSTEM\src\middlewares\/auth.middleware.js:4:22)
    at Layer.handle [as handle_request] (E:\projects\E-COMMERCE-SYSTEM\node_modules\express\lib\router\layer.js:95:5)
    at next (E:\projects\E-COMMERCE-SYSTEM\node_modules\express\lib\router\route.js:144:13)
    at Route.dispatch (E:\projects\E-COMMERCE-SYSTEM\node_modules\express\lib\router\route.js:114:3)
    at Layer.handle [as handle_request] (E:\projects\E-COMMERCE-SYSTEM\node_modules\express\lib\router\layer.js:95:5)
    at E:\projects\E-COMMERCE-SYSTEM\node_modules\express\lib\router\index.js:284:15 
    url - /api/v1/product 
    method - GET 
    IP - ::1
   {"timestamp":"2023-04-29T17:39:10.885Z"}
error: 
    status - 500 
    message - JsonWebTokenError: jwt malformed
    at Object.verify (E:\projects\E-COMMERCE-SYSTEM\node_modules\jsonwebtoken\verify.js:63:17)
    at _callee$ (E:\projects\E-COMMERCE-SYSTEM\src\middlewares\/auth.middleware.js:14:28)
    at tryCatch (E:\projects\E-COMMERCE-SYSTEM\node_modules\@babel\runtime\helpers\regeneratorRuntime.js:44:17)
    at Generator.<anonymous> (E:\projects\E-COMMERCE-SYSTEM\node_modules\@babel\runtime\helpers\regeneratorRuntime.js:125:22)
    at Generator.next (E:\projects\E-COMMERCE-SYSTEM\node_modules\@babel\runtime\helpers\regeneratorRuntime.js:69:21)
    at asyncGeneratorStep (E:\projects\E-COMMERCE-SYSTEM\node_modules\@babel\runtime\helpers\asyncToGenerator.js:3:24)
    at _next (E:\projects\E-COMMERCE-SYSTEM\node_modules\@babel\runtime\helpers\asyncToGenerator.js:22:9)
    at E:\projects\E-COMMERCE-SYSTEM\node_modules\@babel\runtime\helpers\asyncToGenerator.js:27:7
    at new Promise (<anonymous>)
    at apply (E:\projects\E-COMMERCE-SYSTEM\node_modules\@babel\runtime\helpers\asyncToGenerator.js:19:12)
    at userAuth (E:\projects\E-COMMERCE-SYSTEM\src\middlewares\/auth.middleware.js:4:22)
    at Layer.handle [as handle_request] (E:\projects\E-COMMERCE-SYSTEM\node_modules\express\lib\router\layer.js:95:5)
    at next (E:\projects\E-COMMERCE-SYSTEM\node_modules\express\lib\router\route.js:144:13)
    at Route.dispatch (E:\projects\E-COMMERCE-SYSTEM\node_modules\express\lib\router\route.js:114:3)
    at Layer.handle [as handle_request] (E:\projects\E-COMMERCE-SYSTEM\node_modules\express\lib\router\layer.js:95:5)
    at E:\projects\E-COMMERCE-SYSTEM\node_modules\express\lib\router\index.js:284:15 
    url - /api/v1/cart 
    method - GET 
    IP - ::1
   {"timestamp":"2023-04-29T17:39:10.895Z"}
error: 
    status - 500 
    message - JsonWebTokenError: jwt malformed
    at Object.verify (E:\projects\E-COMMERCE-SYSTEM\node_modules\jsonwebtoken\verify.js:63:17)
    at _callee$ (E:\projects\E-COMMERCE-SYSTEM\src\middlewares\/auth.middleware.js:14:28)
    at tryCatch (E:\projects\E-COMMERCE-SYSTEM\node_modules\@babel\runtime\helpers\regeneratorRuntime.js:44:17)
    at Generator.<anonymous> (E:\projects\E-COMMERCE-SYSTEM\node_modules\@babel\runtime\helpers\regeneratorRuntime.js:125:22)
    at Generator.next (E:\projects\E-COMMERCE-SYSTEM\node_modules\@babel\runtime\helpers\regeneratorRuntime.js:69:21)
    at asyncGeneratorStep (E:\projects\E-COMMERCE-SYSTEM\node_modules\@babel\runtime\helpers\asyncToGenerator.js:3:24)
    at _next (E:\projects\E-COMMERCE-SYSTEM\node_modules\@babel\runtime\helpers\asyncToGenerator.js:22:9)
    at E:\projects\E-COMMERCE-SYSTEM\node_modules\@babel\runtime\helpers\asyncToGenerator.js:27:7
    at new Promise (<anonymous>)
    at apply (E:\projects\E-COMMERCE-SYSTEM\node_modules\@babel\runtime\helpers\asyncToGenerator.js:19:12)
    at userAuth (E:\projects\E-COMMERCE-SYSTEM\src\middlewares\/auth.middleware.js:4:22)
    at Layer.handle [as handle_request] (E:\projects\E-COMMERCE-SYSTEM\node_modules\express\lib\router\layer.js:95:5)
    at next (E:\projects\E-COMMERCE-SYSTEM\node_modules\express\lib\router\route.js:144:13)
    at Route.dispatch (E:\projects\E-COMMERCE-SYSTEM\node_modules\express\lib\router\route.js:114:3)
    at Layer.handle [as handle_request] (E:\projects\E-COMMERCE-SYSTEM\node_modules\express\lib\router\layer.js:95:5)
    at E:\projects\E-COMMERCE-SYSTEM\node_modules\express\lib\router\index.js:284:15 
    url - /api/v1/product 
    method - GET 
    IP - ::1
   {"timestamp":"2023-04-29T17:39:10.905Z"}
error: 
    status - 500 
    message - JsonWebTokenError: jwt malformed
    at Object.verify (E:\projects\E-COMMERCE-SYSTEM\node_modules\jsonwebtoken\verify.js:63:17)
    at _callee$ (E:\projects\E-COMMERCE-SYSTEM\src\middlewares\/auth.middleware.js:14:28)
    at tryCatch (E:\projects\E-COMMERCE-SYSTEM\node_modules\@babel\runtime\helpers\regeneratorRuntime.js:44:17)
    at Generator.<anonymous> (E:\projects\E-COMMERCE-SYSTEM\node_modules\@babel\runtime\helpers\regeneratorRuntime.js:125:22)
    at Generator.next (E:\projects\E-COMMERCE-SYSTEM\node_modules\@babel\runtime\helpers\regeneratorRuntime.js:69:21)
    at asyncGeneratorStep (E:\projects\E-COMMERCE-SYSTEM\node_modules\@babel\runtime\helpers\asyncToGenerator.js:3:24)
    at _next (E:\projects\E-COMMERCE-SYSTEM\node_modules\@babel\runtime\helpers\asyncToGenerator.js:22:9)
    at E:\projects\E-COMMERCE-SYSTEM\node_modules\@babel\runtime\helpers\asyncToGenerator.js:27:7
    at new Promise (<anonymous>)
    at apply (E:\projects\E-COMMERCE-SYSTEM\node_modules\@babel\runtime\helpers\asyncToGenerator.js:19:12)
    at userAuth (E:\projects\E-COMMERCE-SYSTEM\src\middlewares\/auth.middleware.js:4:22)
    at Layer.handle [as handle_request] (E:\projects\E-COMMERCE-SYSTEM\node_modules\express\lib\router\layer.js:95:5)
    at next (E:\projects\E-COMMERCE-SYSTEM\node_modules\express\lib\router\route.js:144:13)
    at Route.dispatch (E:\projects\E-COMMERCE-SYSTEM\node_modules\express\lib\router\route.js:114:3)
    at Layer.handle [as handle_request] (E:\projects\E-COMMERCE-SYSTEM\node_modules\express\lib\router\layer.js:95:5)
    at E:\projects\E-COMMERCE-SYSTEM\node_modules\express\lib\router\index.js:284:15 
    url - /api/v1/cart 
    method - GET 
    IP - ::1
   {"timestamp":"2023-04-29T17:39:10.914Z"}
error: 
    status - 500 
    message - JsonWebTokenError: jwt malformed
    at Object.verify (E:\projects\E-COMMERCE-SYSTEM\node_modules\jsonwebtoken\verify.js:63:17)
    at _callee$ (E:\projects\E-COMMERCE-SYSTEM\src\middlewares\/auth.middleware.js:14:28)
    at tryCatch (E:\projects\E-COMMERCE-SYSTEM\node_modules\@babel\runtime\helpers\regeneratorRuntime.js:44:17)
    at Generator.<anonymous> (E:\projects\E-COMMERCE-SYSTEM\node_modules\@babel\runtime\helpers\regeneratorRuntime.js:125:22)
    at Generator.next (E:\projects\E-COMMERCE-SYSTEM\node_modules\@babel\runtime\helpers\regeneratorRuntime.js:69:21)
    at asyncGeneratorStep (E:\projects\E-COMMERCE-SYSTEM\node_modules\@babel\runtime\helpers\asyncToGenerator.js:3:24)
    at _next (E:\projects\E-COMMERCE-SYSTEM\node_modules\@babel\runtime\helpers\asyncToGenerator.js:22:9)
    at E:\projects\E-COMMERCE-SYSTEM\node_modules\@babel\runtime\helpers\asyncToGenerator.js:27:7
    at new Promise (<anonymous>)
    at apply (E:\projects\E-COMMERCE-SYSTEM\node_modules\@babel\runtime\helpers\asyncToGenerator.js:19:12)
    at userAuth (E:\projects\E-COMMERCE-SYSTEM\src\middlewares\/auth.middleware.js:4:22)
    at Layer.handle [as handle_request] (E:\projects\E-COMMERCE-SYSTEM\node_modules\express\lib\router\layer.js:95:5)
    at next (E:\projects\E-COMMERCE-SYSTEM\node_modules\express\lib\router\route.js:144:13)
    at Route.dispatch (E:\projects\E-COMMERCE-SYSTEM\node_modules\express\lib\router\route.js:114:3)
    at Layer.handle [as handle_request] (E:\projects\E-COMMERCE-SYSTEM\node_modules\express\lib\router\layer.js:95:5)
    at E:\projects\E-COMMERCE-SYSTEM\node_modules\express\lib\router\index.js:284:15 
    url - /api/v1/wishlist/ 
    method - GET 
    IP - ::1
   {"timestamp":"2023-04-29T18:03:27.594Z"}
error: 
    status - 500 
    message - JsonWebTokenError: jwt malformed
    at Object.verify (E:\projects\E-COMMERCE-SYSTEM\node_modules\jsonwebtoken\verify.js:63:17)
    at _callee$ (E:\projects\E-COMMERCE-SYSTEM\src\middlewares\/auth.middleware.js:14:28)
    at tryCatch (E:\projects\E-COMMERCE-SYSTEM\node_modules\@babel\runtime\helpers\regeneratorRuntime.js:44:17)
    at Generator.<anonymous> (E:\projects\E-COMMERCE-SYSTEM\node_modules\@babel\runtime\helpers\regeneratorRuntime.js:125:22)
    at Generator.next (E:\projects\E-COMMERCE-SYSTEM\node_modules\@babel\runtime\helpers\regeneratorRuntime.js:69:21)
    at asyncGeneratorStep (E:\projects\E-COMMERCE-SYSTEM\node_modules\@babel\runtime\helpers\asyncToGenerator.js:3:24)
    at _next (E:\projects\E-COMMERCE-SYSTEM\node_modules\@babel\runtime\helpers\asyncToGenerator.js:22:9)
    at E:\projects\E-COMMERCE-SYSTEM\node_modules\@babel\runtime\helpers\asyncToGenerator.js:27:7
    at new Promise (<anonymous>)
    at apply (E:\projects\E-COMMERCE-SYSTEM\node_modules\@babel\runtime\helpers\asyncToGenerator.js:19:12)
    at userAuth (E:\projects\E-COMMERCE-SYSTEM\src\middlewares\/auth.middleware.js:4:22)
    at Layer.handle [as handle_request] (E:\projects\E-COMMERCE-SYSTEM\node_modules\express\lib\router\layer.js:95:5)
    at next (E:\projects\E-COMMERCE-SYSTEM\node_modules\express\lib\router\route.js:144:13)
    at Route.dispatch (E:\projects\E-COMMERCE-SYSTEM\node_modules\express\lib\router\route.js:114:3)
    at Layer.handle [as handle_request] (E:\projects\E-COMMERCE-SYSTEM\node_modules\express\lib\router\layer.js:95:5)
    at E:\projects\E-COMMERCE-SYSTEM\node_modules\express\lib\router\index.js:284:15 
    url - /api/v1/wishlist/ 
    method - GET 
    IP - ::1
   {"timestamp":"2023-04-29T18:03:27.599Z"}
error: 
    status - 500 
    message - JsonWebTokenError: jwt malformed
    at Object.verify (E:\projects\E-COMMERCE-SYSTEM\node_modules\jsonwebtoken\verify.js:63:17)
    at _callee$ (E:\projects\E-COMMERCE-SYSTEM\src\middlewares\/auth.middleware.js:14:28)
    at tryCatch (E:\projects\E-COMMERCE-SYSTEM\node_modules\@babel\runtime\helpers\regeneratorRuntime.js:44:17)
    at Generator.<anonymous> (E:\projects\E-COMMERCE-SYSTEM\node_modules\@babel\runtime\helpers\regeneratorRuntime.js:125:22)
    at Generator.next (E:\projects\E-COMMERCE-SYSTEM\node_modules\@babel\runtime\helpers\regeneratorRuntime.js:69:21)
    at asyncGeneratorStep (E:\projects\E-COMMERCE-SYSTEM\node_modules\@babel\runtime\helpers\asyncToGenerator.js:3:24)
    at _next (E:\projects\E-COMMERCE-SYSTEM\node_modules\@babel\runtime\helpers\asyncToGenerator.js:22:9)
    at E:\projects\E-COMMERCE-SYSTEM\node_modules\@babel\runtime\helpers\asyncToGenerator.js:27:7
    at new Promise (<anonymous>)
    at apply (E:\projects\E-COMMERCE-SYSTEM\node_modules\@babel\runtime\helpers\asyncToGenerator.js:19:12)
    at userAuth (E:\projects\E-COMMERCE-SYSTEM\src\middlewares\/auth.middleware.js:4:22)
    at Layer.handle [as handle_request] (E:\projects\E-COMMERCE-SYSTEM\node_modules\express\lib\router\layer.js:95:5)
    at next (E:\projects\E-COMMERCE-SYSTEM\node_modules\express\lib\router\route.js:144:13)
    at Route.dispatch (E:\projects\E-COMMERCE-SYSTEM\node_modules\express\lib\router\route.js:114:3)
    at Layer.handle [as handle_request] (E:\projects\E-COMMERCE-SYSTEM\node_modules\express\lib\router\layer.js:95:5)
    at E:\projects\E-COMMERCE-SYSTEM\node_modules\express\lib\router\index.js:284:15 
    url - /api/v1/product 
    method - GET 
    IP - ::1
   {"timestamp":"2023-04-29T18:03:31.851Z"}
error: 
    status - 500 
    message - JsonWebTokenError: jwt malformed
    at Object.verify (E:\projects\E-COMMERCE-SYSTEM\node_modules\jsonwebtoken\verify.js:63:17)
    at _callee$ (E:\projects\E-COMMERCE-SYSTEM\src\middlewares\/auth.middleware.js:14:28)
    at tryCatch (E:\projects\E-COMMERCE-SYSTEM\node_modules\@babel\runtime\helpers\regeneratorRuntime.js:44:17)
    at Generator.<anonymous> (E:\projects\E-COMMERCE-SYSTEM\node_modules\@babel\runtime\helpers\regeneratorRuntime.js:125:22)
    at Generator.next (E:\projects\E-COMMERCE-SYSTEM\node_modules\@babel\runtime\helpers\regeneratorRuntime.js:69:21)
    at asyncGeneratorStep (E:\projects\E-COMMERCE-SYSTEM\node_modules\@babel\runtime\helpers\asyncToGenerator.js:3:24)
    at _next (E:\projects\E-COMMERCE-SYSTEM\node_modules\@babel\runtime\helpers\asyncToGenerator.js:22:9)
    at E:\projects\E-COMMERCE-SYSTEM\node_modules\@babel\runtime\helpers\asyncToGenerator.js:27:7
    at new Promise (<anonymous>)
    at apply (E:\projects\E-COMMERCE-SYSTEM\node_modules\@babel\runtime\helpers\asyncToGenerator.js:19:12)
    at userAuth (E:\projects\E-COMMERCE-SYSTEM\src\middlewares\/auth.middleware.js:4:22)
    at Layer.handle [as handle_request] (E:\projects\E-COMMERCE-SYSTEM\node_modules\express\lib\router\layer.js:95:5)
    at next (E:\projects\E-COMMERCE-SYSTEM\node_modules\express\lib\router\route.js:144:13)
    at Route.dispatch (E:\projects\E-COMMERCE-SYSTEM\node_modules\express\lib\router\route.js:114:3)
    at Layer.handle [as handle_request] (E:\projects\E-COMMERCE-SYSTEM\node_modules\express\lib\router\layer.js:95:5)
    at E:\projects\E-COMMERCE-SYSTEM\node_modules\express\lib\router\index.js:284:15 
    url - /api/v1/product 
    method - GET 
    IP - ::1
   {"timestamp":"2023-04-29T18:03:31.857Z"}
error: 
    status - 500 
    message - JsonWebTokenError: jwt malformed
    at Object.verify (E:\projects\E-COMMERCE-SYSTEM\node_modules\jsonwebtoken\verify.js:63:17)
    at _callee$ (E:\projects\E-COMMERCE-SYSTEM\src\middlewares\/auth.middleware.js:14:28)
    at tryCatch (E:\projects\E-COMMERCE-SYSTEM\node_modules\@babel\runtime\helpers\regeneratorRuntime.js:44:17)
    at Generator.<anonymous> (E:\projects\E-COMMERCE-SYSTEM\node_modules\@babel\runtime\helpers\regeneratorRuntime.js:125:22)
    at Generator.next (E:\projects\E-COMMERCE-SYSTEM\node_modules\@babel\runtime\helpers\regeneratorRuntime.js:69:21)
    at asyncGeneratorStep (E:\projects\E-COMMERCE-SYSTEM\node_modules\@babel\runtime\helpers\asyncToGenerator.js:3:24)
    at _next (E:\projects\E-COMMERCE-SYSTEM\node_modules\@babel\runtime\helpers\asyncToGenerator.js:22:9)
    at E:\projects\E-COMMERCE-SYSTEM\node_modules\@babel\runtime\helpers\asyncToGenerator.js:27:7
    at new Promise (<anonymous>)
    at apply (E:\projects\E-COMMERCE-SYSTEM\node_modules\@babel\runtime\helpers\asyncToGenerator.js:19:12)
    at userAuth (E:\projects\E-COMMERCE-SYSTEM\src\middlewares\/auth.middleware.js:4:22)
    at Layer.handle [as handle_request] (E:\projects\E-COMMERCE-SYSTEM\node_modules\express\lib\router\layer.js:95:5)
    at next (E:\projects\E-COMMERCE-SYSTEM\node_modules\express\lib\router\route.js:144:13)
    at Route.dispatch (E:\projects\E-COMMERCE-SYSTEM\node_modules\express\lib\router\route.js:114:3)
    at Layer.handle [as handle_request] (E:\projects\E-COMMERCE-SYSTEM\node_modules\express\lib\router\layer.js:95:5)
    at E:\projects\E-COMMERCE-SYSTEM\node_modules\express\lib\router\index.js:284:15 
    url - /api/v1/cart 
    method - GET 
    IP - ::1
   {"timestamp":"2023-04-29T18:03:31.861Z"}
error: 
    status - 500 
    message - JsonWebTokenError: jwt malformed
    at Object.verify (E:\projects\E-COMMERCE-SYSTEM\node_modules\jsonwebtoken\verify.js:63:17)
    at _callee$ (E:\projects\E-COMMERCE-SYSTEM\src\middlewares\/auth.middleware.js:14:28)
    at tryCatch (E:\projects\E-COMMERCE-SYSTEM\node_modules\@babel\runtime\helpers\regeneratorRuntime.js:44:17)
    at Generator.<anonymous> (E:\projects\E-COMMERCE-SYSTEM\node_modules\@babel\runtime\helpers\regeneratorRuntime.js:125:22)
    at Generator.next (E:\projects\E-COMMERCE-SYSTEM\node_modules\@babel\runtime\helpers\regeneratorRuntime.js:69:21)
    at asyncGeneratorStep (E:\projects\E-COMMERCE-SYSTEM\node_modules\@babel\runtime\helpers\asyncToGenerator.js:3:24)
    at _next (E:\projects\E-COMMERCE-SYSTEM\node_modules\@babel\runtime\helpers\asyncToGenerator.js:22:9)
    at E:\projects\E-COMMERCE-SYSTEM\node_modules\@babel\runtime\helpers\asyncToGenerator.js:27:7
    at new Promise (<anonymous>)
    at apply (E:\projects\E-COMMERCE-SYSTEM\node_modules\@babel\runtime\helpers\asyncToGenerator.js:19:12)
    at userAuth (E:\projects\E-COMMERCE-SYSTEM\src\middlewares\/auth.middleware.js:4:22)
    at Layer.handle [as handle_request] (E:\projects\E-COMMERCE-SYSTEM\node_modules\express\lib\router\layer.js:95:5)
    at next (E:\projects\E-COMMERCE-SYSTEM\node_modules\express\lib\router\route.js:144:13)
    at Route.dispatch (E:\projects\E-COMMERCE-SYSTEM\node_modules\express\lib\router\route.js:114:3)
    at Layer.handle [as handle_request] (E:\projects\E-COMMERCE-SYSTEM\node_modules\express\lib\router\layer.js:95:5)
    at E:\projects\E-COMMERCE-SYSTEM\node_modules\express\lib\router\index.js:284:15 
    url - /api/v1/cart 
    method - GET 
    IP - ::1
   {"timestamp":"2023-04-29T18:03:31.867Z"}
error: 
    status - 500 
    message - JsonWebTokenError: jwt malformed
    at Object.verify (E:\projects\E-COMMERCE-SYSTEM\node_modules\jsonwebtoken\verify.js:63:17)
    at _callee$ (E:\projects\E-COMMERCE-SYSTEM\src\middlewares\/auth.middleware.js:14:28)
    at tryCatch (E:\projects\E-COMMERCE-SYSTEM\node_modules\@babel\runtime\helpers\regeneratorRuntime.js:44:17)
    at Generator.<anonymous> (E:\projects\E-COMMERCE-SYSTEM\node_modules\@babel\runtime\helpers\regeneratorRuntime.js:125:22)
    at Generator.next (E:\projects\E-COMMERCE-SYSTEM\node_modules\@babel\runtime\helpers\regeneratorRuntime.js:69:21)
    at asyncGeneratorStep (E:\projects\E-COMMERCE-SYSTEM\node_modules\@babel\runtime\helpers\asyncToGenerator.js:3:24)
    at _next (E:\projects\E-COMMERCE-SYSTEM\node_modules\@babel\runtime\helpers\asyncToGenerator.js:22:9)
    at E:\projects\E-COMMERCE-SYSTEM\node_modules\@babel\runtime\helpers\asyncToGenerator.js:27:7
    at new Promise (<anonymous>)
    at apply (E:\projects\E-COMMERCE-SYSTEM\node_modules\@babel\runtime\helpers\asyncToGenerator.js:19:12)
    at userAuth (E:\projects\E-COMMERCE-SYSTEM\src\middlewares\/auth.middleware.js:4:22)
    at Layer.handle [as handle_request] (E:\projects\E-COMMERCE-SYSTEM\node_modules\express\lib\router\layer.js:95:5)
    at next (E:\projects\E-COMMERCE-SYSTEM\node_modules\express\lib\router\route.js:144:13)
    at Route.dispatch (E:\projects\E-COMMERCE-SYSTEM\node_modules\express\lib\router\route.js:114:3)
    at Layer.handle [as handle_request] (E:\projects\E-COMMERCE-SYSTEM\node_modules\express\lib\router\layer.js:95:5)
    at E:\projects\E-COMMERCE-SYSTEM\node_modules\express\lib\router\index.js:284:15 
    url - /api/v1/wishlist/ 
    method - GET 
    IP - ::1
   {"timestamp":"2023-04-29T18:03:33.111Z"}
error: 
    status - 500 
    message - JsonWebTokenError: jwt malformed
    at Object.verify (E:\projects\E-COMMERCE-SYSTEM\node_modules\jsonwebtoken\verify.js:63:17)
    at _callee$ (E:\projects\E-COMMERCE-SYSTEM\src\middlewares\/auth.middleware.js:14:28)
    at tryCatch (E:\projects\E-COMMERCE-SYSTEM\node_modules\@babel\runtime\helpers\regeneratorRuntime.js:44:17)
    at Generator.<anonymous> (E:\projects\E-COMMERCE-SYSTEM\node_modules\@babel\runtime\helpers\regeneratorRuntime.js:125:22)
    at Generator.next (E:\projects\E-COMMERCE-SYSTEM\node_modules\@babel\runtime\helpers\regeneratorRuntime.js:69:21)
    at asyncGeneratorStep (E:\projects\E-COMMERCE-SYSTEM\node_modules\@babel\runtime\helpers\asyncToGenerator.js:3:24)
    at _next (E:\projects\E-COMMERCE-SYSTEM\node_modules\@babel\runtime\helpers\asyncToGenerator.js:22:9)
    at E:\projects\E-COMMERCE-SYSTEM\node_modules\@babel\runtime\helpers\asyncToGenerator.js:27:7
    at new Promise (<anonymous>)
    at apply (E:\projects\E-COMMERCE-SYSTEM\node_modules\@babel\runtime\helpers\asyncToGenerator.js:19:12)
    at userAuth (E:\projects\E-COMMERCE-SYSTEM\src\middlewares\/auth.middleware.js:4:22)
    at Layer.handle [as handle_request] (E:\projects\E-COMMERCE-SYSTEM\node_modules\express\lib\router\layer.js:95:5)
    at next (E:\projects\E-COMMERCE-SYSTEM\node_modules\express\lib\router\route.js:144:13)
    at Route.dispatch (E:\projects\E-COMMERCE-SYSTEM\node_modules\express\lib\router\route.js:114:3)
    at Layer.handle [as handle_request] (E:\projects\E-COMMERCE-SYSTEM\node_modules\express\lib\router\layer.js:95:5)
    at E:\projects\E-COMMERCE-SYSTEM\node_modules\express\lib\router\index.js:284:15 
    url - /api/v1/wishlist/ 
    method - GET 
    IP - ::1
   {"timestamp":"2023-04-29T18:03:33.117Z"}
error: 
    status - 500 
    message - JsonWebTokenError: jwt malformed
    at Object.verify (E:\projects\E-COMMERCE-SYSTEM\node_modules\jsonwebtoken\verify.js:63:17)
    at _callee$ (E:\projects\E-COMMERCE-SYSTEM\src\middlewares\/auth.middleware.js:14:28)
    at tryCatch (E:\projects\E-COMMERCE-SYSTEM\node_modules\@babel\runtime\helpers\regeneratorRuntime.js:44:17)
    at Generator.<anonymous> (E:\projects\E-COMMERCE-SYSTEM\node_modules\@babel\runtime\helpers\regeneratorRuntime.js:125:22)
    at Generator.next (E:\projects\E-COMMERCE-SYSTEM\node_modules\@babel\runtime\helpers\regeneratorRuntime.js:69:21)
    at asyncGeneratorStep (E:\projects\E-COMMERCE-SYSTEM\node_modules\@babel\runtime\helpers\asyncToGenerator.js:3:24)
    at _next (E:\projects\E-COMMERCE-SYSTEM\node_modules\@babel\runtime\helpers\asyncToGenerator.js:22:9)
    at E:\projects\E-COMMERCE-SYSTEM\node_modules\@babel\runtime\helpers\asyncToGenerator.js:27:7
    at new Promise (<anonymous>)
    at apply (E:\projects\E-COMMERCE-SYSTEM\node_modules\@babel\runtime\helpers\asyncToGenerator.js:19:12)
    at userAuth (E:\projects\E-COMMERCE-SYSTEM\src\middlewares\/auth.middleware.js:4:22)
    at Layer.handle [as handle_request] (E:\projects\E-COMMERCE-SYSTEM\node_modules\express\lib\router\layer.js:95:5)
    at next (E:\projects\E-COMMERCE-SYSTEM\node_modules\express\lib\router\route.js:144:13)
    at Route.dispatch (E:\projects\E-COMMERCE-SYSTEM\node_modules\express\lib\router\route.js:114:3)
    at Layer.handle [as handle_request] (E:\projects\E-COMMERCE-SYSTEM\node_modules\express\lib\router\layer.js:95:5)
    at E:\projects\E-COMMERCE-SYSTEM\node_modules\express\lib\router\index.js:284:15 
    url - /api/v1/wishlist/ 
    method - GET 
    IP - ::1
   {"timestamp":"2023-04-29T18:18:23.555Z"}
error: 
    status - 500 
    message - JsonWebTokenError: jwt malformed
    at Object.verify (E:\projects\E-COMMERCE-SYSTEM\node_modules\jsonwebtoken\verify.js:63:17)
    at _callee$ (E:\projects\E-COMMERCE-SYSTEM\src\middlewares\/auth.middleware.js:14:28)
    at tryCatch (E:\projects\E-COMMERCE-SYSTEM\node_modules\@babel\runtime\helpers\regeneratorRuntime.js:44:17)
    at Generator.<anonymous> (E:\projects\E-COMMERCE-SYSTEM\node_modules\@babel\runtime\helpers\regeneratorRuntime.js:125:22)
    at Generator.next (E:\projects\E-COMMERCE-SYSTEM\node_modules\@babel\runtime\helpers\regeneratorRuntime.js:69:21)
    at asyncGeneratorStep (E:\projects\E-COMMERCE-SYSTEM\node_modules\@babel\runtime\helpers\asyncToGenerator.js:3:24)
    at _next (E:\projects\E-COMMERCE-SYSTEM\node_modules\@babel\runtime\helpers\asyncToGenerator.js:22:9)
    at E:\projects\E-COMMERCE-SYSTEM\node_modules\@babel\runtime\helpers\asyncToGenerator.js:27:7
    at new Promise (<anonymous>)
    at apply (E:\projects\E-COMMERCE-SYSTEM\node_modules\@babel\runtime\helpers\asyncToGenerator.js:19:12)
    at userAuth (E:\projects\E-COMMERCE-SYSTEM\src\middlewares\/auth.middleware.js:4:22)
    at Layer.handle [as handle_request] (E:\projects\E-COMMERCE-SYSTEM\node_modules\express\lib\router\layer.js:95:5)
    at next (E:\projects\E-COMMERCE-SYSTEM\node_modules\express\lib\router\route.js:144:13)
    at Route.dispatch (E:\projects\E-COMMERCE-SYSTEM\node_modules\express\lib\router\route.js:114:3)
    at Layer.handle [as handle_request] (E:\projects\E-COMMERCE-SYSTEM\node_modules\express\lib\router\layer.js:95:5)
    at E:\projects\E-COMMERCE-SYSTEM\node_modules\express\lib\router\index.js:284:15 
    url - /api/v1/wishlist/ 
    method - GET 
    IP - ::1
   {"timestamp":"2023-04-29T18:18:23.562Z"}
error: 
    status - 500 
    message - JsonWebTokenError: jwt malformed
    at Object.verify (E:\projects\E-COMMERCE-SYSTEM\node_modules\jsonwebtoken\verify.js:63:17)
    at _callee$ (E:\projects\E-COMMERCE-SYSTEM\src\middlewares\/auth.middleware.js:14:28)
    at tryCatch (E:\projects\E-COMMERCE-SYSTEM\node_modules\@babel\runtime\helpers\regeneratorRuntime.js:44:17)
    at Generator.<anonymous> (E:\projects\E-COMMERCE-SYSTEM\node_modules\@babel\runtime\helpers\regeneratorRuntime.js:125:22)
    at Generator.next (E:\projects\E-COMMERCE-SYSTEM\node_modules\@babel\runtime\helpers\regeneratorRuntime.js:69:21)
    at asyncGeneratorStep (E:\projects\E-COMMERCE-SYSTEM\node_modules\@babel\runtime\helpers\asyncToGenerator.js:3:24)
    at _next (E:\projects\E-COMMERCE-SYSTEM\node_modules\@babel\runtime\helpers\asyncToGenerator.js:22:9)
    at E:\projects\E-COMMERCE-SYSTEM\node_modules\@babel\runtime\helpers\asyncToGenerator.js:27:7
    at new Promise (<anonymous>)
    at apply (E:\projects\E-COMMERCE-SYSTEM\node_modules\@babel\runtime\helpers\asyncToGenerator.js:19:12)
    at userAuth (E:\projects\E-COMMERCE-SYSTEM\src\middlewares\/auth.middleware.js:4:22)
    at Layer.handle [as handle_request] (E:\projects\E-COMMERCE-SYSTEM\node_modules\express\lib\router\layer.js:95:5)
    at next (E:\projects\E-COMMERCE-SYSTEM\node_modules\express\lib\router\route.js:144:13)
    at Route.dispatch (E:\projects\E-COMMERCE-SYSTEM\node_modules\express\lib\router\route.js:114:3)
    at Layer.handle [as handle_request] (E:\projects\E-COMMERCE-SYSTEM\node_modules\express\lib\router\layer.js:95:5)
    at E:\projects\E-COMMERCE-SYSTEM\node_modules\express\lib\router\index.js:284:15 
    url - /api/v1/cart 
    method - GET 
    IP - ::1
   {"timestamp":"2023-04-29T18:18:24.961Z"}
error: 
    status - 500 
    message - JsonWebTokenError: jwt malformed
    at Object.verify (E:\projects\E-COMMERCE-SYSTEM\node_modules\jsonwebtoken\verify.js:63:17)
    at _callee$ (E:\projects\E-COMMERCE-SYSTEM\src\middlewares\/auth.middleware.js:14:28)
    at tryCatch (E:\projects\E-COMMERCE-SYSTEM\node_modules\@babel\runtime\helpers\regeneratorRuntime.js:44:17)
    at Generator.<anonymous> (E:\projects\E-COMMERCE-SYSTEM\node_modules\@babel\runtime\helpers\regeneratorRuntime.js:125:22)
    at Generator.next (E:\projects\E-COMMERCE-SYSTEM\node_modules\@babel\runtime\helpers\regeneratorRuntime.js:69:21)
    at asyncGeneratorStep (E:\projects\E-COMMERCE-SYSTEM\node_modules\@babel\runtime\helpers\asyncToGenerator.js:3:24)
    at _next (E:\projects\E-COMMERCE-SYSTEM\node_modules\@babel\runtime\helpers\asyncToGenerator.js:22:9)
    at E:\projects\E-COMMERCE-SYSTEM\node_modules\@babel\runtime\helpers\asyncToGenerator.js:27:7
    at new Promise (<anonymous>)
    at apply (E:\projects\E-COMMERCE-SYSTEM\node_modules\@babel\runtime\helpers\asyncToGenerator.js:19:12)
    at userAuth (E:\projects\E-COMMERCE-SYSTEM\src\middlewares\/auth.middleware.js:4:22)
    at Layer.handle [as handle_request] (E:\projects\E-COMMERCE-SYSTEM\node_modules\express\lib\router\layer.js:95:5)
    at next (E:\projects\E-COMMERCE-SYSTEM\node_modules\express\lib\router\route.js:144:13)
    at Route.dispatch (E:\projects\E-COMMERCE-SYSTEM\node_modules\express\lib\router\route.js:114:3)
    at Layer.handle [as handle_request] (E:\projects\E-COMMERCE-SYSTEM\node_modules\express\lib\router\layer.js:95:5)
    at E:\projects\E-COMMERCE-SYSTEM\node_modules\express\lib\router\index.js:284:15 
    url - /api/v1/cart 
    method - GET 
    IP - ::1
   {"timestamp":"2023-04-29T18:18:24.966Z"}
