info: Server started at http://localhost:6060/api/v1/ {"timestamp":"2023-04-25T04:17:01.781Z"}
info: Connected to the database. {"timestamp":"2023-04-25T04:17:01.819Z"}
error: 
    status - 500 
    message - ValidationError: "companyname" is not allowed to be empty 
    url - /api/v1/users 
    method - POST 
    IP - ::1
   {"timestamp":"2023-04-25T04:21:05.550Z"}
error: 
    status - 500 
    message - ValidationError: "companyname" is not allowed to be empty 
    url - /api/v1/users 
    method - POST 
    IP - ::1
   {"timestamp":"2023-04-25T04:21:16.082Z"}
error: 
    status - 500 
    message - ValidationError: "companyname" is not allowed to be empty 
    url - /api/v1/users 
    method - POST 
    IP - ::1
   {"timestamp":"2023-04-25T04:21:30.066Z"}
info: Server started at http://localhost:6060/api/v1/ {"timestamp":"2023-04-25T04:22:29.348Z"}
info: Connected to the database. {"timestamp":"2023-04-25T04:22:29.374Z"}
info: Server started at http://localhost:6060/api/v1/ {"timestamp":"2023-04-25T04:23:16.882Z"}
info: Connected to the database. {"timestamp":"2023-04-25T04:23:16.904Z"}
info: Server started at http://localhost:6060/api/v1/ {"timestamp":"2023-04-25T04:26:16.891Z"}
info: Connected to the database. {"timestamp":"2023-04-25T04:26:16.918Z"}
info: Server started at http://localhost:6060/api/v1/ {"timestamp":"2023-04-25T04:26:28.915Z"}
info: Connected to the database. {"timestamp":"2023-04-25T04:26:28.950Z"}
info: Server started at http://localhost:6060/api/v1/ {"timestamp":"2023-04-25T04:28:45.311Z"}
info: Connected to the database. {"timestamp":"2023-04-25T04:28:45.331Z"}
info: Server started at http://localhost:6060/api/v1/ {"timestamp":"2023-04-25T04:29:00.315Z"}
info: Connected to the database. {"timestamp":"2023-04-25T04:29:00.342Z"}
info: Server started at http://localhost:6060/api/v1/ {"timestamp":"2023-04-25T04:33:28.948Z"}
info: Connected to the database. {"timestamp":"2023-04-25T04:33:28.972Z"}
error: 
    status - 500 
    message - Error: User already exists
    at _callee$ (D:\Backend\xZXZXZXZXZ\E-Commerce\E-COMMERCE-SYSTEM\src\services\/user.service.js:15:11)
    at tryCatch (D:\Backend\xZXZXZXZXZ\E-Commerce\E-COMMERCE-SYSTEM\node_modules\@babel\runtime\helpers\regeneratorRuntime.js:44:17)
    at Generator.<anonymous> (D:\Backend\xZXZXZXZXZ\E-Commerce\E-COMMERCE-SYSTEM\node_modules\@babel\runtime\helpers\regeneratorRuntime.js:125:22)
    at Generator.next (D:\Backend\xZXZXZXZXZ\E-Commerce\E-COMMERCE-SYSTEM\node_modules\@babel\runtime\helpers\regeneratorRuntime.js:69:21)
    at asyncGeneratorStep (D:\Backend\xZXZXZXZXZ\E-Commerce\E-COMMERCE-SYSTEM\node_modules\@babel\runtime\helpers\asyncToGenerator.js:3:24)
    at _next (D:\Backend\xZXZXZXZXZ\E-Commerce\E-COMMERCE-SYSTEM\node_modules\@babel\runtime\helpers\asyncToGenerator.js:22:9)
    at processTicksAndRejections (node:internal/process/task_queues:95:5) 
    url - /api/v1/users 
    method - POST 
    IP - ::1
   {"timestamp":"2023-04-25T04:34:13.842Z"}
error: 
    status - 500 
    message - JsonWebTokenError: invalid token
    at Object.verify (D:\Backend\xZXZXZXZXZ\E-Commerce\E-COMMERCE-SYSTEM\node_modules\jsonwebtoken\verify.js:75:17)
    at _callee$ (D:\Backend\xZXZXZXZXZ\E-Commerce\E-COMMERCE-SYSTEM\src\middlewares\/auth.middleware.js:14:28)
    at tryCatch (D:\Backend\xZXZXZXZXZ\E-Commerce\E-COMMERCE-SYSTEM\node_modules\@babel\runtime\helpers\regeneratorRuntime.js:44:17)
    at Generator.<anonymous> (D:\Backend\xZXZXZXZXZ\E-Commerce\E-COMMERCE-SYSTEM\node_modules\@babel\runtime\helpers\regeneratorRuntime.js:125:22)
    at Generator.next (D:\Backend\xZXZXZXZXZ\E-Commerce\E-COMMERCE-SYSTEM\node_modules\@babel\runtime\helpers\regeneratorRuntime.js:69:21)
    at asyncGeneratorStep (D:\Backend\xZXZXZXZXZ\E-Commerce\E-COMMERCE-SYSTEM\node_modules\@babel\runtime\helpers\asyncToGenerator.js:3:24)
    at _next (D:\Backend\xZXZXZXZXZ\E-Commerce\E-COMMERCE-SYSTEM\node_modules\@babel\runtime\helpers\asyncToGenerator.js:22:9)
    at D:\Backend\xZXZXZXZXZ\E-Commerce\E-COMMERCE-SYSTEM\node_modules\@babel\runtime\helpers\asyncToGenerator.js:27:7
    at new Promise (<anonymous>)
    at apply (D:\Backend\xZXZXZXZXZ\E-Commerce\E-COMMERCE-SYSTEM\node_modules\@babel\runtime\helpers\asyncToGenerator.js:19:12)
    at userAuth (D:\Backend\xZXZXZXZXZ\E-Commerce\E-COMMERCE-SYSTEM\src\middlewares\/auth.middleware.js:4:22)
    at Layer.handle [as handle_request] (D:\Backend\xZXZXZXZXZ\E-Commerce\E-COMMERCE-SYSTEM\node_modules\express\lib\router\layer.js:95:5)
    at next (D:\Backend\xZXZXZXZXZ\E-Commerce\E-COMMERCE-SYSTEM\node_modules\express\lib\router\route.js:144:13)
    at Route.dispatch (D:\Backend\xZXZXZXZXZ\E-Commerce\E-COMMERCE-SYSTEM\node_modules\express\lib\router\route.js:114:3)
    at Layer.handle [as handle_request] (D:\Backend\xZXZXZXZXZ\E-Commerce\E-COMMERCE-SYSTEM\node_modules\express\lib\router\layer.js:95:5)
    at D:\Backend\xZXZXZXZXZ\E-Commerce\E-COMMERCE-SYSTEM\node_modules\express\lib\router\index.js:284:15
    at Function.process_params (D:\Backend\xZXZXZXZXZ\E-Commerce\E-COMMERCE-SYSTEM\node_modules\express\lib\router\index.js:346:12)
    at next (D:\Backend\xZXZXZXZXZ\E-Commerce\E-COMMERCE-SYSTEM\node_modules\express\lib\router\index.js:280:10)
    at Function.handle (D:\Backend\xZXZXZXZXZ\E-Commerce\E-COMMERCE-SYSTEM\node_modules\express\lib\router\index.js:175:3)
    at router (D:\Backend\xZXZXZXZXZ\E-Commerce\E-COMMERCE-SYSTEM\node_modules\express\lib\router\index.js:47:12)
    at Layer.handle [as handle_request] (D:\Backend\xZXZXZXZXZ\E-Commerce\E-COMMERCE-SYSTEM\node_modules\express\lib\router\layer.js:95:5)
    at trim_prefix (D:\Backend\xZXZXZXZXZ\E-Commerce\E-COMMERCE-SYSTEM\node_modules\express\lib\router\index.js:328:13)
    at D:\Backend\xZXZXZXZXZ\E-Commerce\E-COMMERCE-SYSTEM\node_modules\express\lib\router\index.js:286:9
    at Function.process_params (D:\Backend\xZXZXZXZXZ\E-Commerce\E-COMMERCE-SYSTEM\node_modules\express\lib\router\index.js:346:12)
    at next (D:\Backend\xZXZXZXZXZ\E-Commerce\E-COMMERCE-SYSTEM\node_modules\express\lib\router\index.js:280:10)
    at Function.handle (D:\Backend\xZXZXZXZXZ\E-Commerce\E-COMMERCE-SYSTEM\node_modules\express\lib\router\index.js:175:3)
    at router (D:\Backend\xZXZXZXZXZ\E-Commerce\E-COMMERCE-SYSTEM\node_modules\express\lib\router\index.js:47:12)
    at Layer.handle [as handle_request] (D:\Backend\xZXZXZXZXZ\E-Commerce\E-COMMERCE-SYSTEM\node_modules\express\lib\router\layer.js:95:5)
    at trim_prefix (D:\Backend\xZXZXZXZXZ\E-Commerce\E-COMMERCE-SYSTEM\node_modules\express\lib\router\index.js:328:13)
    at D:\Backend\xZXZXZXZXZ\E-Commerce\E-COMMERCE-SYSTEM\node_modules\express\lib\router\index.js:286:9
    at Function.process_params (D:\Backend\xZXZXZXZXZ\E-Commerce\E-COMMERCE-SYSTEM\node_modules\express\lib\router\index.js:346:12)
    at next (D:\Backend\xZXZXZXZXZ\E-Commerce\E-COMMERCE-SYSTEM\node_modules\express\lib\router\index.js:280:10)
    at logger (D:\Backend\xZXZXZXZXZ\E-Commerce\E-COMMERCE-SYSTEM\node_modules\morgan\index.js:144:5)
    at Layer.handle [as handle_request] (D:\Backend\xZXZXZXZXZ\E-Commerce\E-COMMERCE-SYSTEM\node_modules\express\lib\router\layer.js:95:5)
    at trim_prefix (D:\Backend\xZXZXZXZXZ\E-Commerce\E-COMMERCE-SYSTEM\node_modules\express\lib\router\index.js:328:13)
    at D:\Backend\xZXZXZXZXZ\E-Commerce\E-COMMERCE-SYSTEM\node_modules\express\lib\router\index.js:286:9
    at Function.process_params (D:\Backend\xZXZXZXZXZ\E-Commerce\E-COMMERCE-SYSTEM\node_modules\express\lib\router\index.js:346:12)
    at next (D:\Backend\xZXZXZXZXZ\E-Commerce\E-COMMERCE-SYSTEM\node_modules\express\lib\router\index.js:280:10)
    at D:\Backend\xZXZXZXZXZ\E-Commerce\E-COMMERCE-SYSTEM\node_modules\body-parser\lib\read.js:137:5
    at AsyncResource.runInAsyncScope (node:async_hooks:204:9)
    at invokeCallback (D:\Backend\xZXZXZXZXZ\E-Commerce\E-COMMERCE-SYSTEM\node_modules\raw-body\index.js:231:16)
    at done (D:\Backend\xZXZXZXZXZ\E-Commerce\E-COMMERCE-SYSTEM\node_modules\raw-body\index.js:220:7)
    at IncomingMessage.onEnd (D:\Backend\xZXZXZXZXZ\E-Commerce\E-COMMERCE-SYSTEM\node_modules\raw-body\index.js:280:7)
    at IncomingMessage.emit (node:events:513:28)
    at IncomingMessage.emit (node:domain:489:12)
    at endReadableNT (node:internal/streams/readable:1359:12)
    at processTicksAndRejections (node:internal/process/task_queues:82:21) 
    url - /api/v1/product 
    method - GET 
    IP - ::1
   {"timestamp":"2023-04-25T04:35:14.024Z"}
info: Server started at http://localhost:6060/api/v1/ {"timestamp":"2023-04-25T04:37:33.097Z"}
info: Connected to the database. {"timestamp":"2023-04-25T04:37:33.149Z"}
info: Server started at http://localhost:6060/api/v1/ {"timestamp":"2023-04-25T04:39:06.414Z"}
info: Connected to the database. {"timestamp":"2023-04-25T04:39:06.434Z"}
info: Server started at http://localhost:6060/api/v1/ {"timestamp":"2023-04-25T04:41:54.924Z"}
info: Connected to the database. {"timestamp":"2023-04-25T04:41:54.976Z"}
info: Server started at http://localhost:6060/api/v1/ {"timestamp":"2023-04-25T04:42:20.413Z"}
info: Connected to the database. {"timestamp":"2023-04-25T04:42:20.433Z"}
info: Server started at http://localhost:6060/api/v1/ {"timestamp":"2023-04-25T04:43:08.353Z"}
info: Connected to the database. {"timestamp":"2023-04-25T04:43:08.374Z"}
info: Server started at http://localhost:6060/api/v1/ {"timestamp":"2023-04-25T04:44:19.880Z"}
info: Connected to the database. {"timestamp":"2023-04-25T04:44:19.903Z"}
info: Server started at http://localhost:6060/api/v1/ {"timestamp":"2023-04-25T04:45:00.199Z"}
info: Connected to the database. {"timestamp":"2023-04-25T04:45:00.223Z"}
info: Server started at http://localhost:6060/api/v1/ {"timestamp":"2023-04-25T04:45:09.423Z"}
info: Connected to the database. {"timestamp":"2023-04-25T04:45:09.476Z"}
info: Server started at http://localhost:6060/api/v1/ {"timestamp":"2023-04-25T04:48:34.513Z"}
info: Connected to the database. {"timestamp":"2023-04-25T04:48:34.566Z"}
info: Server started at http://localhost:6060/api/v1/ {"timestamp":"2023-04-25T04:53:12.373Z"}
info: Connected to the database. {"timestamp":"2023-04-25T04:53:12.398Z"}
info: Server started at http://localhost:6060/api/v1/ {"timestamp":"2023-04-25T04:53:33.434Z"}
info: Connected to the database. {"timestamp":"2023-04-25T04:53:33.466Z"}
info: Server started at http://localhost:6060/api/v1/ {"timestamp":"2023-04-25T04:54:11.302Z"}
info: Connected to the database. {"timestamp":"2023-04-25T04:54:11.330Z"}
info: Server started at http://localhost:6060/api/v1/ {"timestamp":"2023-04-25T04:59:10.120Z"}
info: Connected to the database. {"timestamp":"2023-04-25T04:59:10.145Z"}
info: Server started at http://localhost:6060/api/v1/ {"timestamp":"2023-04-25T04:59:41.033Z"}
info: Connected to the database. {"timestamp":"2023-04-25T04:59:41.056Z"}
info: Server started at http://localhost:6060/api/v1/ {"timestamp":"2023-04-25T05:05:41.586Z"}
info: Connected to the database. {"timestamp":"2023-04-25T05:05:41.621Z"}
info: Server started at http://localhost:6060/api/v1/ {"timestamp":"2023-04-25T05:05:52.920Z"}
info: Connected to the database. {"timestamp":"2023-04-25T05:05:52.942Z"}
info: Server started at http://localhost:6060/api/v1/ {"timestamp":"2023-04-25T05:09:48.637Z"}
info: Connected to the database. {"timestamp":"2023-04-25T05:09:48.663Z"}
info: Server started at http://localhost:6060/api/v1/ {"timestamp":"2023-04-25T05:13:23.205Z"}
info: Connected to the database. {"timestamp":"2023-04-25T05:13:23.233Z"}
info: Server started at http://localhost:6060/api/v1/ {"timestamp":"2023-04-25T05:14:10.254Z"}
info: Connected to the database. {"timestamp":"2023-04-25T05:14:10.281Z"}
info: Server started at http://localhost:6060/api/v1/ {"timestamp":"2023-04-25T05:35:53.818Z"}
info: Connected to the database. {"timestamp":"2023-04-25T05:35:53.847Z"}
info: Server started at http://localhost:6060/api/v1/ {"timestamp":"2023-04-25T05:48:56.697Z"}
info: Connected to the database. {"timestamp":"2023-04-25T05:48:56.735Z"}
error: 
    status - 500 
    message - ValidationError: "lastname" is not allowed to be empty 
    url - /api/v1/users 
    method - POST 
    IP - ::1
   {"timestamp":"2023-04-25T05:50:06.890Z"}
error: 
    status - 500 
    message - ValidationError: "companyname" is not allowed to be empty 
    url - /api/v1/users 
    method - POST 
    IP - ::1
   {"timestamp":"2023-04-25T05:50:30.212Z"}
info: Server started at http://localhost:6060/api/v1/ {"timestamp":"2023-04-25T06:06:02.427Z"}
info: Connected to the database. {"timestamp":"2023-04-25T06:06:02.448Z"}
info: Connected to the database. {"timestamp":"2023-04-25T06:14:36.451Z"}
info: Server started at http://localhost:6060/api/v1/ {"timestamp":"2023-04-25T06:17:28.430Z"}
info: Connected to the database. {"timestamp":"2023-04-25T06:17:28.449Z"}
error: 
    status - 500 
    message - ValidationError: "companyname" is not allowed to be empty 
    url - /api/v1/users 
    method - POST 
    IP - ::1
   {"timestamp":"2023-04-25T06:19:01.434Z"}
error: 
    status - 500 
    message - Error: Error: Invalid Email
    at _callee2$ (D:\Backend\xZXZXZXZXZ\E-Commerce\E-COMMERCE-SYSTEM\src\services\/user.service.js:38:11)
    at tryCatch (D:\Backend\xZXZXZXZXZ\E-Commerce\E-COMMERCE-SYSTEM\node_modules\@babel\runtime\helpers\regeneratorRuntime.js:44:17)
    at Generator.<anonymous> (D:\Backend\xZXZXZXZXZ\E-Commerce\E-COMMERCE-SYSTEM\node_modules\@babel\runtime\helpers\regeneratorRuntime.js:125:22)
    at Generator.next (D:\Backend\xZXZXZXZXZ\E-Commerce\E-COMMERCE-SYSTEM\node_modules\@babel\runtime\helpers\regeneratorRuntime.js:69:21)
    at asyncGeneratorStep (D:\Backend\xZXZXZXZXZ\E-Commerce\E-COMMERCE-SYSTEM\node_modules\@babel\runtime\helpers\asyncToGenerator.js:3:24)
    at _next (D:\Backend\xZXZXZXZXZ\E-Commerce\E-COMMERCE-SYSTEM\node_modules\@babel\runtime\helpers\asyncToGenerator.js:22:9)
    at processTicksAndRejections (node:internal/process/task_queues:95:5) 
    url - /api/v1/users/login 
    method - POST 
    IP - ::1
   {"timestamp":"2023-04-25T06:19:41.893Z"}
error: 
    status - 500 
    message - Error: Error: Invalid Email
    at _callee2$ (D:\Backend\xZXZXZXZXZ\E-Commerce\E-COMMERCE-SYSTEM\src\services\/user.service.js:38:11)
    at tryCatch (D:\Backend\xZXZXZXZXZ\E-Commerce\E-COMMERCE-SYSTEM\node_modules\@babel\runtime\helpers\regeneratorRuntime.js:44:17)
    at Generator.<anonymous> (D:\Backend\xZXZXZXZXZ\E-Commerce\E-COMMERCE-SYSTEM\node_modules\@babel\runtime\helpers\regeneratorRuntime.js:125:22)
    at Generator.next (D:\Backend\xZXZXZXZXZ\E-Commerce\E-COMMERCE-SYSTEM\node_modules\@babel\runtime\helpers\regeneratorRuntime.js:69:21)
    at asyncGeneratorStep (D:\Backend\xZXZXZXZXZ\E-Commerce\E-COMMERCE-SYSTEM\node_modules\@babel\runtime\helpers\asyncToGenerator.js:3:24)
    at _next (D:\Backend\xZXZXZXZXZ\E-Commerce\E-COMMERCE-SYSTEM\node_modules\@babel\runtime\helpers\asyncToGenerator.js:22:9)
    at processTicksAndRejections (node:internal/process/task_queues:95:5) 
    url - /api/v1/users/login 
    method - POST 
    IP - ::1
   {"timestamp":"2023-04-25T06:19:42.994Z"}
error: 
    status - 500 
    message - ValidationError: "companyname" is not allowed to be empty 
    url - /api/v1/users 
    method - POST 
    IP - ::1
   {"timestamp":"2023-04-25T06:21:26.139Z"}
error: 
    status - 500 
    message - Error: Error: Invalid Email
    at _callee2$ (D:\Backend\xZXZXZXZXZ\E-Commerce\E-COMMERCE-SYSTEM\src\services\/user.service.js:38:11)
    at tryCatch (D:\Backend\xZXZXZXZXZ\E-Commerce\E-COMMERCE-SYSTEM\node_modules\@babel\runtime\helpers\regeneratorRuntime.js:44:17)
    at Generator.<anonymous> (D:\Backend\xZXZXZXZXZ\E-Commerce\E-COMMERCE-SYSTEM\node_modules\@babel\runtime\helpers\regeneratorRuntime.js:125:22)
    at Generator.next (D:\Backend\xZXZXZXZXZ\E-Commerce\E-COMMERCE-SYSTEM\node_modules\@babel\runtime\helpers\regeneratorRuntime.js:69:21)
    at asyncGeneratorStep (D:\Backend\xZXZXZXZXZ\E-Commerce\E-COMMERCE-SYSTEM\node_modules\@babel\runtime\helpers\asyncToGenerator.js:3:24)
    at _next (D:\Backend\xZXZXZXZXZ\E-Commerce\E-COMMERCE-SYSTEM\node_modules\@babel\runtime\helpers\asyncToGenerator.js:22:9)
    at processTicksAndRejections (node:internal/process/task_queues:95:5) 
    url - /api/v1/users/login 
    method - POST 
    IP - ::1
   {"timestamp":"2023-04-25T06:22:55.102Z"}
error: 
    status - 500 
    message - undefined 
    url - /api/v1/cart/64411f86b995d83bc4b56d1d 
    method - POST 
    IP - ::1
   {"timestamp":"2023-04-25T06:23:59.331Z"}
error: 
    status - 500 
    message - undefined 
    url - /api/v1/cart/64411f86b995d83bc4b56d1d 
    method - POST 
    IP - ::1
   {"timestamp":"2023-04-25T06:24:00.046Z"}
error: 
    status - 500 
    message - undefined 
    url - /api/v1/cart/64411f86b995d83bc4b56d1d 
    method - POST 
    IP - ::1
   {"timestamp":"2023-04-25T06:24:00.697Z"}
error: 
    status - 500 
    message - undefined 
    url - /api/v1/cart/64411f86b995d83bc4b56d1d 
    method - POST 
    IP - ::1
   {"timestamp":"2023-04-25T06:24:00.992Z"}
error: 
    status - 500 
    message - undefined 
    url - /api/v1/cart/64411f86b995d83bc4b56d1d 
    method - POST 
    IP - ::1
   {"timestamp":"2023-04-25T06:24:01.272Z"}
error: 
    status - 500 
    message - undefined 
    url - /api/v1/cart/64411f86b995d83bc4b56d1d 
    method - POST 
    IP - ::1
   {"timestamp":"2023-04-25T06:24:01.538Z"}
error: 
    status - 500 
    message - undefined 
    url - /api/v1/cart/64411f86b995d83bc4b56d1d 
    method - POST 
    IP - ::1
   {"timestamp":"2023-04-25T06:24:01.756Z"}
error: 
    status - 500 
    message - undefined 
    url - /api/v1/cart/64411f86b995d83bc4b56d1d 
    method - POST 
    IP - ::1
   {"timestamp":"2023-04-25T06:24:02.398Z"}
error: 
    status - 500 
    message - undefined 
    url - /api/v1/cart/64411f86b995d83bc4b56d1d 
    method - POST 
    IP - ::1
   {"timestamp":"2023-04-25T06:24:02.581Z"}
info: Server started at http://localhost:6060/api/v1/ {"timestamp":"2023-04-25T06:28:29.683Z"}
info: Connected to the database. {"timestamp":"2023-04-25T06:28:29.707Z"}
error: 
    status - 500 
    message - Error: Product validation failed: categories: Path `categories` is required., buyprice: Path `buyprice` is required., quantity: Path `quantity` is required., manufacturer: Path `manufacturer` is required., description: Path `description` is required., discountedPrice: Path `discountedPrice` is required., realPrice: Path `realPrice` is required., image: Path `image` is required., title: Path `title` is required.
    at _callee7$ (D:\Backend\xZXZXZXZXZ\E-Commerce\E-COMMERCE-SYSTEM\src\services\/product.services.js:82:15)
    at tryCatch (D:\Backend\xZXZXZXZXZ\E-Commerce\E-COMMERCE-SYSTEM\node_modules\@babel\runtime\helpers\regeneratorRuntime.js:44:17)
    at Generator.<anonymous> (D:\Backend\xZXZXZXZXZ\E-Commerce\E-COMMERCE-SYSTEM\node_modules\@babel\runtime\helpers\regeneratorRuntime.js:125:22)
    at Generator.throw (D:\Backend\xZXZXZXZXZ\E-Commerce\E-COMMERCE-SYSTEM\node_modules\@babel\runtime\helpers\regeneratorRuntime.js:69:21)
    at asyncGeneratorStep (D:\Backend\xZXZXZXZXZ\E-Commerce\E-COMMERCE-SYSTEM\node_modules\@babel\runtime\helpers\asyncToGenerator.js:3:24)
    at _throw (D:\Backend\xZXZXZXZXZ\E-Commerce\E-COMMERCE-SYSTEM\node_modules\@babel\runtime\helpers\asyncToGenerator.js:25:9)
    at processTicksAndRejections (node:internal/process/task_queues:95:5) 
    url - /api/v1/product 
    method - POST 
    IP - ::1
   {"timestamp":"2023-04-25T06:29:03.558Z"}
error: 
    status - 500 
    message - Error: E11000 duplicate key error collection: e-commerce.products index: title_1 dup key: { title: "iphone14" }
    at _callee7$ (D:\Backend\xZXZXZXZXZ\E-Commerce\E-COMMERCE-SYSTEM\src\services\/product.services.js:82:15)
    at tryCatch (D:\Backend\xZXZXZXZXZ\E-Commerce\E-COMMERCE-SYSTEM\node_modules\@babel\runtime\helpers\regeneratorRuntime.js:44:17)
    at Generator.<anonymous> (D:\Backend\xZXZXZXZXZ\E-Commerce\E-COMMERCE-SYSTEM\node_modules\@babel\runtime\helpers\regeneratorRuntime.js:125:22)
    at Generator.throw (D:\Backend\xZXZXZXZXZ\E-Commerce\E-COMMERCE-SYSTEM\node_modules\@babel\runtime\helpers\regeneratorRuntime.js:69:21)
    at asyncGeneratorStep (D:\Backend\xZXZXZXZXZ\E-Commerce\E-COMMERCE-SYSTEM\node_modules\@babel\runtime\helpers\asyncToGenerator.js:3:24)
    at _throw (D:\Backend\xZXZXZXZXZ\E-Commerce\E-COMMERCE-SYSTEM\node_modules\@babel\runtime\helpers\asyncToGenerator.js:25:9)
    at processTicksAndRejections (node:internal/process/task_queues:95:5) 
    url - /api/v1/product 
    method - POST 
    IP - ::1
   {"timestamp":"2023-04-25T06:29:26.716Z"}
error: 
    status - 500 
    message - undefined 
    url - /api/v1/cart/6447734fda06ca20342c07c0 
    method - POST 
    IP - ::1
   {"timestamp":"2023-04-25T06:29:47.237Z"}
info: Server started at http://localhost:6060/api/v1/ {"timestamp":"2023-04-25T06:31:31.544Z"}
info: Connected to the database. {"timestamp":"2023-04-25T06:31:31.565Z"}
info: Server started at http://localhost:6060/api/v1/ {"timestamp":"2023-04-25T06:37:15.424Z"}
info: Connected to the database. {"timestamp":"2023-04-25T06:37:15.439Z"}
info: Server started at http://localhost:6060/api/v1/ {"timestamp":"2023-04-25T06:46:05.684Z"}
info: Connected to the database. {"timestamp":"2023-04-25T06:46:05.705Z"}
error: 
    status - 500 
    message - undefined 
    url - /api/v1/wishlist/6447734fda06ca20342c07c0 
    method - POST 
    IP - ::1
   {"timestamp":"2023-04-25T06:46:13.371Z"}
error: 
    status - 500 
    message - undefined 
    url - /api/v1/wishlist/644176e002fefe46785ddbc2 
    method - POST 
    IP - ::1
   {"timestamp":"2023-04-25T06:52:57.931Z"}
info: Server started at http://localhost:6060/api/v1/ {"timestamp":"2023-04-25T06:53:47.534Z"}
info: Connected to the database. {"timestamp":"2023-04-25T06:53:47.551Z"}
info: Server started at http://localhost:6060/api/v1/ {"timestamp":"2023-04-25T06:54:16.194Z"}
info: Connected to the database. {"timestamp":"2023-04-25T06:54:16.209Z"}
error: 
    status - 500 
    message - undefined 
    url - /api/v1/wishlist/644176e002fefe46785ddbc2 
    method - POST 
    IP - ::1
   {"timestamp":"2023-04-25T06:54:18.108Z"}
info: Server started at http://localhost:6060/api/v1/ {"timestamp":"2023-04-25T06:54:30.282Z"}
info: Connected to the database. {"timestamp":"2023-04-25T06:54:30.301Z"}
info: Server started at http://localhost:6060/api/v1/ {"timestamp":"2023-04-25T06:55:45.319Z"}
info: Connected to the database. {"timestamp":"2023-04-25T06:55:45.333Z"}
error: 
    status - 500 
    message - undefined 
    url - /api/v1/wishlist/644176e002fefe46785ddbc2 
    method - POST 
    IP - ::1
   {"timestamp":"2023-04-25T06:55:47.896Z"}
error: 
    status - 500 
    message - undefined 
    url - /api/v1/wishlist/644176e002fefe46785ddbc2 
    method - POST 
    IP - ::1
   {"timestamp":"2023-04-25T06:55:49.430Z"}
info: Server started at http://localhost:6060/api/v1/ {"timestamp":"2023-04-25T06:56:11.866Z"}
info: Connected to the database. {"timestamp":"2023-04-25T06:56:11.883Z"}
error: 
    status - 500 
    message - undefined 
    url - /api/v1/wishlist/644176e002fefe46785ddbc2 
    method - POST 
    IP - ::1
   {"timestamp":"2023-04-25T06:56:13.970Z"}
info: Server started at http://localhost:6060/api/v1/ {"timestamp":"2023-04-25T06:56:55.397Z"}
info: Connected to the database. {"timestamp":"2023-04-25T06:56:55.412Z"}
info: Server started at http://localhost:6060/api/v1/ {"timestamp":"2023-04-25T06:56:57.659Z"}
info: Connected to the database. {"timestamp":"2023-04-25T06:56:57.679Z"}
info: Server started at http://localhost:6060/api/v1/ {"timestamp":"2023-04-25T06:57:16.301Z"}
info: Connected to the database. {"timestamp":"2023-04-25T06:57:16.318Z"}
info: Server started at http://localhost:6060/api/v1/ {"timestamp":"2023-04-25T06:57:58.043Z"}
info: Connected to the database. {"timestamp":"2023-04-25T06:57:58.059Z"}
error: 
    status - 500 
    message - undefined 
    url - /api/v1/wishlist/644176e002fefe46785ddbc2 
    method - POST 
    IP - ::1
   {"timestamp":"2023-04-25T06:57:59.813Z"}
info: Server started at http://localhost:6060/api/v1/ {"timestamp":"2023-04-25T06:58:08.606Z"}
info: Connected to the database. {"timestamp":"2023-04-25T06:58:08.623Z"}
info: Server started at http://localhost:6060/api/v1/ {"timestamp":"2023-04-25T06:59:49.119Z"}
info: Connected to the database. {"timestamp":"2023-04-25T06:59:49.138Z"}
info: Server started at http://localhost:6060/api/v1/ {"timestamp":"2023-04-25T07:00:21.577Z"}
info: Connected to the database. {"timestamp":"2023-04-25T07:00:21.593Z"}
info: Server started at http://localhost:6060/api/v1/ {"timestamp":"2023-04-25T07:00:36.161Z"}
info: Connected to the database. {"timestamp":"2023-04-25T07:00:36.183Z"}
error: 
      status - 500
      message - Failed to add product to wishlist 
      url - /api/v1/wishlist/644176e002fefe46785ddbc2 
      method - POST 
      IP - ::1
     {"timestamp":"2023-04-25T07:00:41.124Z"}
error: 
      status - 500
      message - Failed to add product to wishlist 
      url - /api/v1/wishlist/644176e002fefe46785ddbc2 
      method - POST 
      IP - ::1
     {"timestamp":"2023-04-25T07:00:42.750Z"}
error: 
      status - 500
      message - Failed to add product to wishlist 
      url - /api/v1/wishlist/644176e002fefe46785ddbc2 
      method - POST 
      IP - ::1
     {"timestamp":"2023-04-25T07:00:44.262Z"}
info: Server started at http://localhost:6060/api/v1/ {"timestamp":"2023-04-25T07:00:55.977Z"}
info: Connected to the database. {"timestamp":"2023-04-25T07:00:55.993Z"}
error: 
      status - 500
      message - Failed to add product to wishlist 
      url - /api/v1/wishlist/644176e002fefe46785ddbc2 
      method - POST 
      IP - ::1
     {"timestamp":"2023-04-25T07:01:03.138Z"}
info: Server started at http://localhost:6060/api/v1/ {"timestamp":"2023-04-25T07:03:47.138Z"}
info: Connected to the database. {"timestamp":"2023-04-25T07:03:47.154Z"}
info: Server started at http://localhost:6060/api/v1/ {"timestamp":"2023-04-25T07:03:55.597Z"}
info: Connected to the database. {"timestamp":"2023-04-25T07:03:55.614Z"}
info: Server started at http://localhost:6060/api/v1/ {"timestamp":"2023-04-25T07:04:18.340Z"}
info: Connected to the database. {"timestamp":"2023-04-25T07:04:18.355Z"}
info: Server started at http://localhost:6060/api/v1/ {"timestamp":"2023-04-25T07:04:26.341Z"}
info: Connected to the database. {"timestamp":"2023-04-25T07:04:26.359Z"}
info: Server started at http://localhost:6060/api/v1/ {"timestamp":"2023-04-25T07:04:28.214Z"}
info: Connected to the database. {"timestamp":"2023-04-25T07:04:28.233Z"}
error: 
      status - 500
      message - Failed to add product to wishlist 
      url - /api/v1/wishlist/644176e002fefe46785ddbc2 
      method - POST 
      IP - ::1
     {"timestamp":"2023-04-25T07:04:35.373Z"}
error: 
      status - 500
      message - Failed to add product to wishlist 
      url - /api/v1/wishlist/644176e002fefe46785ddbc2 
      method - POST 
      IP - ::1
     {"timestamp":"2023-04-25T07:04:36.180Z"}
info: Server started at http://localhost:6060/api/v1/ {"timestamp":"2023-04-25T07:07:00.908Z"}
info: Connected to the database. {"timestamp":"2023-04-25T07:07:00.925Z"}
info: Server started at http://localhost:6060/api/v1/ {"timestamp":"2023-04-25T07:09:59.718Z"}
info: Connected to the database. {"timestamp":"2023-04-25T07:09:59.734Z"}
info: Server started at http://localhost:6060/api/v1/ {"timestamp":"2023-04-25T07:10:07.739Z"}
info: Connected to the database. {"timestamp":"2023-04-25T07:10:07.754Z"}
info: Server started at http://localhost:6060/api/v1/ {"timestamp":"2023-04-25T07:11:19.645Z"}
info: Connected to the database. {"timestamp":"2023-04-25T07:11:19.660Z"}
info: Server started at http://localhost:6060/api/v1/ {"timestamp":"2023-04-25T07:11:40.852Z"}
info: Connected to the database. {"timestamp":"2023-04-25T07:11:40.870Z"}
info: Server started at http://localhost:6060/api/v1/ {"timestamp":"2023-04-25T07:14:18.086Z"}
info: Connected to the database. {"timestamp":"2023-04-25T07:14:18.104Z"}
error: 
    status - 500 
    message - TypeError: wishlistService.removeProduct is not a function
    at _callee2$ (D:\Backend\xZXZXZXZXZ\E-Commerce\E-COMMERCE-SYSTEM\src\controllers\/wishlist.controller.js:30:46)
    at tryCatch (D:\Backend\xZXZXZXZXZ\E-Commerce\E-COMMERCE-SYSTEM\node_modules\@babel\runtime\helpers\regeneratorRuntime.js:44:17)
    at Generator.<anonymous> (D:\Backend\xZXZXZXZXZ\E-Commerce\E-COMMERCE-SYSTEM\node_modules\@babel\runtime\helpers\regeneratorRuntime.js:125:22)
    at Generator.next (D:\Backend\xZXZXZXZXZ\E-Commerce\E-COMMERCE-SYSTEM\node_modules\@babel\runtime\helpers\regeneratorRuntime.js:69:21)
    at asyncGeneratorStep (D:\Backend\xZXZXZXZXZ\E-Commerce\E-COMMERCE-SYSTEM\node_modules\@babel\runtime\helpers\asyncToGenerator.js:3:24)
    at _next (D:\Backend\xZXZXZXZXZ\E-Commerce\E-COMMERCE-SYSTEM\node_modules\@babel\runtime\helpers\asyncToGenerator.js:22:9)
    at D:\Backend\xZXZXZXZXZ\E-Commerce\E-COMMERCE-SYSTEM\node_modules\@babel\runtime\helpers\asyncToGenerator.js:27:7
    at new Promise (<anonymous>)
    at apply (D:\Backend\xZXZXZXZXZ\E-Commerce\E-COMMERCE-SYSTEM\node_modules\@babel\runtime\helpers\asyncToGenerator.js:19:12)
    at removeProduct (D:\Backend\xZXZXZXZXZ\E-Commerce\E-COMMERCE-SYSTEM\src\controllers\/wishlist.controller.js:25:27)
    at Layer.handle [as handle_request] (D:\Backend\xZXZXZXZXZ\E-Commerce\E-COMMERCE-SYSTEM\node_modules\express\lib\router\layer.js:95:5)
    at next (D:\Backend\xZXZXZXZXZ\E-Commerce\E-COMMERCE-SYSTEM\node_modules\express\lib\router\route.js:144:13)
    at _callee$ (D:\Backend\xZXZXZXZXZ\E-Commerce\E-COMMERCE-SYSTEM\src\middlewares\/auth.middleware.js:16:5)
    at tryCatch (D:\Backend\xZXZXZXZXZ\E-Commerce\E-COMMERCE-SYSTEM\node_modules\@babel\runtime\helpers\regeneratorRuntime.js:44:17)
    at Generator.<anonymous> (D:\Backend\xZXZXZXZXZ\E-Commerce\E-COMMERCE-SYSTEM\node_modules\@babel\runtime\helpers\regeneratorRuntime.js:125:22)
    at Generator.next (D:\Backend\xZXZXZXZXZ\E-Commerce\E-COMMERCE-SYSTEM\node_modules\@babel\runtime\helpers\regeneratorRuntime.js:69:21)
    at asyncGeneratorStep (D:\Backend\xZXZXZXZXZ\E-Commerce\E-COMMERCE-SYSTEM\node_modules\@babel\runtime\helpers\asyncToGenerator.js:3:24)
    at _next (D:\Backend\xZXZXZXZXZ\E-Commerce\E-COMMERCE-SYSTEM\node_modules\@babel\runtime\helpers\asyncToGenerator.js:22:9)
    at processTicksAndRejections (node:internal/process/task_queues:95:5) 
    url - /api/v1/wishlist/644176e002fefe46785ddbc2 
    method - PUT 
    IP - ::1
   {"timestamp":"2023-04-25T07:14:26.728Z"}
info: Server started at http://localhost:6060/api/v1/ {"timestamp":"2023-04-25T07:15:54.756Z"}
info: Connected to the database. {"timestamp":"2023-04-25T07:15:54.779Z"}
info: Server started at http://localhost:6060/api/v1/ {"timestamp":"2023-04-25T07:17:05.537Z"}
info: Connected to the database. {"timestamp":"2023-04-25T07:17:05.552Z"}
info: Server started at http://localhost:6060/api/v1/ {"timestamp":"2023-04-25T07:18:37.201Z"}
info: Connected to the database. {"timestamp":"2023-04-25T07:18:37.218Z"}
info: Server started at http://localhost:6060/api/v1/ {"timestamp":"2023-04-25T07:23:42.011Z"}
info: Connected to the database. {"timestamp":"2023-04-25T07:23:42.027Z"}
info: Server started at http://localhost:6060/api/v1/ {"timestamp":"2023-04-25T07:26:33.141Z"}
info: Connected to the database. {"timestamp":"2023-04-25T07:26:33.161Z"}
info: Server started at http://localhost:6060/api/v1/ {"timestamp":"2023-04-25T08:23:42.089Z"}
info: Connected to the database. {"timestamp":"2023-04-25T08:23:42.107Z"}
info: Server started at http://localhost:6060/api/v1/ {"timestamp":"2023-04-25T08:23:58.105Z"}
info: Connected to the database. {"timestamp":"2023-04-25T08:23:58.122Z"}
info: Server started at http://localhost:6060/api/v1/ {"timestamp":"2023-04-25T08:29:10.958Z"}
info: Connected to the database. {"timestamp":"2023-04-25T08:29:11.002Z"}
info: Server started at http://localhost:6060/api/v1/ {"timestamp":"2023-04-25T08:29:21.404Z"}
info: Connected to the database. {"timestamp":"2023-04-25T08:29:21.425Z"}
info: Server started at http://localhost:6060/api/v1/ {"timestamp":"2023-04-25T08:29:26.527Z"}
info: Connected to the database. {"timestamp":"2023-04-25T08:29:26.551Z"}
info: Server started at http://localhost:6060/api/v1/ {"timestamp":"2023-04-25T08:29:43.156Z"}
info: Connected to the database. {"timestamp":"2023-04-25T08:29:43.178Z"}
info: Server started at http://localhost:6060/api/v1/ {"timestamp":"2023-04-25T08:30:50.832Z"}
info: Connected to the database. {"timestamp":"2023-04-25T08:30:50.856Z"}
info: Server started at http://localhost:6060/api/v1/ {"timestamp":"2023-04-25T08:38:15.009Z"}
info: Connected to the database. {"timestamp":"2023-04-25T08:38:15.035Z"}
info: Server started at http://localhost:6060/api/v1/ {"timestamp":"2023-04-25T08:38:30.500Z"}
info: Connected to the database. {"timestamp":"2023-04-25T08:38:30.519Z"}
error: 
    status - 500 
    message - Error: Product not found in wishlist
    at _callee2$ (D:\Backend\xZXZXZXZXZ\E-Commerce\E-COMMERCE-SYSTEM\src\services\/wishlist.service.js:79:19)
    at tryCatch (D:\Backend\xZXZXZXZXZ\E-Commerce\E-COMMERCE-SYSTEM\node_modules\@babel\runtime\helpers\regeneratorRuntime.js:44:17)
    at Generator.<anonymous> (D:\Backend\xZXZXZXZXZ\E-Commerce\E-COMMERCE-SYSTEM\node_modules\@babel\runtime\helpers\regeneratorRuntime.js:125:22)
    at Generator.next (D:\Backend\xZXZXZXZXZ\E-Commerce\E-COMMERCE-SYSTEM\node_modules\@babel\runtime\helpers\regeneratorRuntime.js:69:21)
    at asyncGeneratorStep (D:\Backend\xZXZXZXZXZ\E-Commerce\E-COMMERCE-SYSTEM\node_modules\@babel\runtime\helpers\asyncToGenerator.js:3:24)
    at _next (D:\Backend\xZXZXZXZXZ\E-Commerce\E-COMMERCE-SYSTEM\node_modules\@babel\runtime\helpers\asyncToGenerator.js:22:9)
    at processTicksAndRejections (node:internal/process/task_queues:95:5) 
    url - /api/v1/wishlist/644791f672345e2484b0c336 
    method - PUT 
    IP - ::1
   {"timestamp":"2023-04-25T08:41:07.351Z"}
error: 
    status - 500 
    message - Error: Product not found in wishlist
    at _callee2$ (D:\Backend\xZXZXZXZXZ\E-Commerce\E-COMMERCE-SYSTEM\src\services\/wishlist.service.js:79:19)
    at tryCatch (D:\Backend\xZXZXZXZXZ\E-Commerce\E-COMMERCE-SYSTEM\node_modules\@babel\runtime\helpers\regeneratorRuntime.js:44:17)
    at Generator.<anonymous> (D:\Backend\xZXZXZXZXZ\E-Commerce\E-COMMERCE-SYSTEM\node_modules\@babel\runtime\helpers\regeneratorRuntime.js:125:22)
    at Generator.next (D:\Backend\xZXZXZXZXZ\E-Commerce\E-COMMERCE-SYSTEM\node_modules\@babel\runtime\helpers\regeneratorRuntime.js:69:21)
    at asyncGeneratorStep (D:\Backend\xZXZXZXZXZ\E-Commerce\E-COMMERCE-SYSTEM\node_modules\@babel\runtime\helpers\asyncToGenerator.js:3:24)
    at _next (D:\Backend\xZXZXZXZXZ\E-Commerce\E-COMMERCE-SYSTEM\node_modules\@babel\runtime\helpers\asyncToGenerator.js:22:9)
    at processTicksAndRejections (node:internal/process/task_queues:95:5) 
    url - /api/v1/wishlist/644791f672345e2484b0c336 
    method - PUT 
    IP - ::1
   {"timestamp":"2023-04-25T08:44:36.275Z"}
error: 
    status - 500 
    message - Error: Product not found in wishlist
    at _callee2$ (D:\Backend\xZXZXZXZXZ\E-Commerce\E-COMMERCE-SYSTEM\src\services\/wishlist.service.js:79:19)
    at tryCatch (D:\Backend\xZXZXZXZXZ\E-Commerce\E-COMMERCE-SYSTEM\node_modules\@babel\runtime\helpers\regeneratorRuntime.js:44:17)
    at Generator.<anonymous> (D:\Backend\xZXZXZXZXZ\E-Commerce\E-COMMERCE-SYSTEM\node_modules\@babel\runtime\helpers\regeneratorRuntime.js:125:22)
    at Generator.next (D:\Backend\xZXZXZXZXZ\E-Commerce\E-COMMERCE-SYSTEM\node_modules\@babel\runtime\helpers\regeneratorRuntime.js:69:21)
    at asyncGeneratorStep (D:\Backend\xZXZXZXZXZ\E-Commerce\E-COMMERCE-SYSTEM\node_modules\@babel\runtime\helpers\asyncToGenerator.js:3:24)
    at _next (D:\Backend\xZXZXZXZXZ\E-Commerce\E-COMMERCE-SYSTEM\node_modules\@babel\runtime\helpers\asyncToGenerator.js:22:9)
    at processTicksAndRejections (node:internal/process/task_queues:95:5) 
    url - /api/v1/wishlist/64477c19751e6a29e4a96940 
    method - PUT 
    IP - ::1
   {"timestamp":"2023-04-25T08:44:54.007Z"}
info: Server started at http://localhost:6060/api/v1/ {"timestamp":"2023-04-25T08:47:12.845Z"}
info: Connected to the database. {"timestamp":"2023-04-25T08:47:12.861Z"}
error: 
      status - 500
      message - Failed to add product to wishlist 
      url - /api/v1/wishlist/64477c19751e6a29e4a96940 
      method - POST 
      IP - ::1
     {"timestamp":"2023-04-25T08:49:15.153Z"}
info: Server started at http://localhost:6060/api/v1/ {"timestamp":"2023-04-25T08:49:30.323Z"}
info: Connected to the database. {"timestamp":"2023-04-25T08:49:30.342Z"}
error: 
      status - 500
      message - Failed to add product to wishlist 
      url - /api/v1/wishlist/64477c19751e6a29e4a96940 
      method - POST 
      IP - ::1
     {"timestamp":"2023-04-25T08:49:54.879Z"}
error: 
    status - 500 
    message - Error: E11000 duplicate key error collection: e-commerce.products index: title_1 dup key: { title: "Boat" }
    at _callee7$ (D:\Backend\xZXZXZXZXZ\E-Commerce\E-COMMERCE-SYSTEM\src\services\/product.services.js:82:15)
    at tryCatch (D:\Backend\xZXZXZXZXZ\E-Commerce\E-COMMERCE-SYSTEM\node_modules\@babel\runtime\helpers\regeneratorRuntime.js:44:17)
    at Generator.<anonymous> (D:\Backend\xZXZXZXZXZ\E-Commerce\E-COMMERCE-SYSTEM\node_modules\@babel\runtime\helpers\regeneratorRuntime.js:125:22)
    at Generator.throw (D:\Backend\xZXZXZXZXZ\E-Commerce\E-COMMERCE-SYSTEM\node_modules\@babel\runtime\helpers\regeneratorRuntime.js:69:21)
    at asyncGeneratorStep (D:\Backend\xZXZXZXZXZ\E-Commerce\E-COMMERCE-SYSTEM\node_modules\@babel\runtime\helpers\asyncToGenerator.js:3:24)
    at _throw (D:\Backend\xZXZXZXZXZ\E-Commerce\E-COMMERCE-SYSTEM\node_modules\@babel\runtime\helpers\asyncToGenerator.js:25:9)
    at processTicksAndRejections (node:internal/process/task_queues:95:5) 
    url - /api/v1/product 
    method - POST 
    IP - ::1
   {"timestamp":"2023-04-25T08:50:01.575Z"}
error: 
    status - 500 
    message - Error: Product not found in wishlist
    at _callee2$ (D:\Backend\xZXZXZXZXZ\E-Commerce\E-COMMERCE-SYSTEM\src\services\/wishlist.service.js:79:19)
    at tryCatch (D:\Backend\xZXZXZXZXZ\E-Commerce\E-COMMERCE-SYSTEM\node_modules\@babel\runtime\helpers\regeneratorRuntime.js:44:17)
    at Generator.<anonymous> (D:\Backend\xZXZXZXZXZ\E-Commerce\E-COMMERCE-SYSTEM\node_modules\@babel\runtime\helpers\regeneratorRuntime.js:125:22)
    at Generator.next (D:\Backend\xZXZXZXZXZ\E-Commerce\E-COMMERCE-SYSTEM\node_modules\@babel\runtime\helpers\regeneratorRuntime.js:69:21)
    at asyncGeneratorStep (D:\Backend\xZXZXZXZXZ\E-Commerce\E-COMMERCE-SYSTEM\node_modules\@babel\runtime\helpers\asyncToGenerator.js:3:24)
    at _next (D:\Backend\xZXZXZXZXZ\E-Commerce\E-COMMERCE-SYSTEM\node_modules\@babel\runtime\helpers\asyncToGenerator.js:22:9)
    at processTicksAndRejections (node:internal/process/task_queues:95:5) 
    url - /api/v1/wishlist/6447946ab99f4c0e1079a2ef 
    method - PUT 
    IP - ::1
   {"timestamp":"2023-04-25T08:51:26.203Z"}
error: 
    status - 500 
    message - Error: Product not found in wishlist
    at _callee2$ (D:\Backend\xZXZXZXZXZ\E-Commerce\E-COMMERCE-SYSTEM\src\services\/wishlist.service.js:79:19)
    at tryCatch (D:\Backend\xZXZXZXZXZ\E-Commerce\E-COMMERCE-SYSTEM\node_modules\@babel\runtime\helpers\regeneratorRuntime.js:44:17)
    at Generator.<anonymous> (D:\Backend\xZXZXZXZXZ\E-Commerce\E-COMMERCE-SYSTEM\node_modules\@babel\runtime\helpers\regeneratorRuntime.js:125:22)
    at Generator.next (D:\Backend\xZXZXZXZXZ\E-Commerce\E-COMMERCE-SYSTEM\node_modules\@babel\runtime\helpers\regeneratorRuntime.js:69:21)
    at asyncGeneratorStep (D:\Backend\xZXZXZXZXZ\E-Commerce\E-COMMERCE-SYSTEM\node_modules\@babel\runtime\helpers\asyncToGenerator.js:3:24)
    at _next (D:\Backend\xZXZXZXZXZ\E-Commerce\E-COMMERCE-SYSTEM\node_modules\@babel\runtime\helpers\asyncToGenerator.js:22:9)
    at processTicksAndRejections (node:internal/process/task_queues:95:5) 
    url - /api/v1/wishlist/6447946ab99f4c0e1079a2ef 
    method - PUT 
    IP - ::1
   {"timestamp":"2023-04-25T08:51:27.687Z"}
error: 
    status - 500 
    message - Error: Product not found in wishlist
    at _callee2$ (D:\Backend\xZXZXZXZXZ\E-Commerce\E-COMMERCE-SYSTEM\src\services\/wishlist.service.js:79:19)
    at tryCatch (D:\Backend\xZXZXZXZXZ\E-Commerce\E-COMMERCE-SYSTEM\node_modules\@babel\runtime\helpers\regeneratorRuntime.js:44:17)
    at Generator.<anonymous> (D:\Backend\xZXZXZXZXZ\E-Commerce\E-COMMERCE-SYSTEM\node_modules\@babel\runtime\helpers\regeneratorRuntime.js:125:22)
    at Generator.next (D:\Backend\xZXZXZXZXZ\E-Commerce\E-COMMERCE-SYSTEM\node_modules\@babel\runtime\helpers\regeneratorRuntime.js:69:21)
    at asyncGeneratorStep (D:\Backend\xZXZXZXZXZ\E-Commerce\E-COMMERCE-SYSTEM\node_modules\@babel\runtime\helpers\asyncToGenerator.js:3:24)
    at _next (D:\Backend\xZXZXZXZXZ\E-Commerce\E-COMMERCE-SYSTEM\node_modules\@babel\runtime\helpers\asyncToGenerator.js:22:9)
    at processTicksAndRejections (node:internal/process/task_queues:95:5) 
    url - /api/v1/wishlist/6447946ab99f4c0e1079a2ef 
    method - PUT 
    IP - ::1
   {"timestamp":"2023-04-25T08:51:28.713Z"}
info: Server started at http://localhost:6060/api/v1/ {"timestamp":"2023-04-25T08:57:43.051Z"}
info: Connected to the database. {"timestamp":"2023-04-25T08:57:43.077Z"}
info: Server started at http://localhost:6060/api/v1/ {"timestamp":"2023-04-25T08:57:55.403Z"}
info: Connected to the database. {"timestamp":"2023-04-25T08:57:55.424Z"}
info: Server started at http://localhost:6060/api/v1/ {"timestamp":"2023-04-25T08:58:09.097Z"}
info: Connected to the database. {"timestamp":"2023-04-25T08:58:09.118Z"}
info: Server started at http://localhost:6060/api/v1/ {"timestamp":"2023-04-25T08:58:45.952Z"}
info: Connected to the database. {"timestamp":"2023-04-25T08:58:45.970Z"}
info: Server started at http://localhost:6060/api/v1/ {"timestamp":"2023-04-25T08:59:54.896Z"}
info: Connected to the database. {"timestamp":"2023-04-25T08:59:54.913Z"}
info: Server started at http://localhost:6060/api/v1/ {"timestamp":"2023-04-25T10:06:01.469Z"}
info: Connected to the database. {"timestamp":"2023-04-25T10:06:01.498Z"}
info: Server started at http://localhost:6060/api/v1/ {"timestamp":"2023-04-25T10:10:12.083Z"}
info: Connected to the database. {"timestamp":"2023-04-25T10:10:12.110Z"}
info: Server started at http://localhost:6060/api/v1/ {"timestamp":"2023-04-25T10:12:48.209Z"}
info: Connected to the database. {"timestamp":"2023-04-25T10:12:48.231Z"}
info: Server started at http://localhost:6060/api/v1/ {"timestamp":"2023-04-25T10:13:21.464Z"}
info: Connected to the database. {"timestamp":"2023-04-25T10:13:21.484Z"}
info: Server started at http://localhost:6060/api/v1/ {"timestamp":"2023-04-25T10:21:23.464Z"}
info: Connected to the database. {"timestamp":"2023-04-25T10:21:23.489Z"}
info: Server started at http://localhost:6060/api/v1/ {"timestamp":"2023-04-25T10:31:46.492Z"}
info: Connected to the database. {"timestamp":"2023-04-25T10:31:46.510Z"}
info: Server started at http://localhost:6060/api/v1/ {"timestamp":"2023-04-25T10:32:43.787Z"}
info: Connected to the database. {"timestamp":"2023-04-25T10:32:43.807Z"}
info: Server started at http://localhost:6060/api/v1/ {"timestamp":"2023-04-25T10:33:01.170Z"}
info: Connected to the database. {"timestamp":"2023-04-25T10:33:01.191Z"}
info: Server started at http://localhost:6060/api/v1/ {"timestamp":"2023-04-25T10:37:14.625Z"}
info: Connected to the database. {"timestamp":"2023-04-25T10:37:14.648Z"}
info: Server started at http://localhost:6060/api/v1/ {"timestamp":"2023-04-25T10:38:41.543Z"}
info: Connected to the database. {"timestamp":"2023-04-25T10:38:41.564Z"}
info: Server started at http://localhost:6060/api/v1/ {"timestamp":"2023-04-25T10:40:06.279Z"}
info: Connected to the database. {"timestamp":"2023-04-25T10:40:06.296Z"}
info: Server started at http://localhost:6060/api/v1/ {"timestamp":"2023-04-25T10:41:34.376Z"}
info: Connected to the database. {"timestamp":"2023-04-25T10:41:34.426Z"}
error: 
    status - 500 
    message - TypeError: wishlistService.removeProduct is not a function
    at _callee2$ (D:\Backend\xZXZXZXZXZ\E-Commerce\E-COMMERCE-SYSTEM\src\controllers\/wishlist.controller.js:30:46)
    at tryCatch (D:\Backend\xZXZXZXZXZ\E-Commerce\E-COMMERCE-SYSTEM\node_modules\@babel\runtime\helpers\regeneratorRuntime.js:44:17)
    at Generator.<anonymous> (D:\Backend\xZXZXZXZXZ\E-Commerce\E-COMMERCE-SYSTEM\node_modules\@babel\runtime\helpers\regeneratorRuntime.js:125:22)
    at Generator.next (D:\Backend\xZXZXZXZXZ\E-Commerce\E-COMMERCE-SYSTEM\node_modules\@babel\runtime\helpers\regeneratorRuntime.js:69:21)
    at asyncGeneratorStep (D:\Backend\xZXZXZXZXZ\E-Commerce\E-COMMERCE-SYSTEM\node_modules\@babel\runtime\helpers\asyncToGenerator.js:3:24)
    at _next (D:\Backend\xZXZXZXZXZ\E-Commerce\E-COMMERCE-SYSTEM\node_modules\@babel\runtime\helpers\asyncToGenerator.js:22:9)
    at D:\Backend\xZXZXZXZXZ\E-Commerce\E-COMMERCE-SYSTEM\node_modules\@babel\runtime\helpers\asyncToGenerator.js:27:7
    at new Promise (<anonymous>)
    at apply (D:\Backend\xZXZXZXZXZ\E-Commerce\E-COMMERCE-SYSTEM\node_modules\@babel\runtime\helpers\asyncToGenerator.js:19:12)
    at removeProduct (D:\Backend\xZXZXZXZXZ\E-Commerce\E-COMMERCE-SYSTEM\src\controllers\/wishlist.controller.js:25:27)
    at Layer.handle [as handle_request] (D:\Backend\xZXZXZXZXZ\E-Commerce\E-COMMERCE-SYSTEM\node_modules\express\lib\router\layer.js:95:5)
    at next (D:\Backend\xZXZXZXZXZ\E-Commerce\E-COMMERCE-SYSTEM\node_modules\express\lib\router\route.js:144:13)
    at _callee$ (D:\Backend\xZXZXZXZXZ\E-Commerce\E-COMMERCE-SYSTEM\src\middlewares\/auth.middleware.js:16:5)
    at tryCatch (D:\Backend\xZXZXZXZXZ\E-Commerce\E-COMMERCE-SYSTEM\node_modules\@babel\runtime\helpers\regeneratorRuntime.js:44:17)
    at Generator.<anonymous> (D:\Backend\xZXZXZXZXZ\E-Commerce\E-COMMERCE-SYSTEM\node_modules\@babel\runtime\helpers\regeneratorRuntime.js:125:22)
    at Generator.next (D:\Backend\xZXZXZXZXZ\E-Commerce\E-COMMERCE-SYSTEM\node_modules\@babel\runtime\helpers\regeneratorRuntime.js:69:21)
    at asyncGeneratorStep (D:\Backend\xZXZXZXZXZ\E-Commerce\E-COMMERCE-SYSTEM\node_modules\@babel\runtime\helpers\asyncToGenerator.js:3:24)
    at _next (D:\Backend\xZXZXZXZXZ\E-Commerce\E-COMMERCE-SYSTEM\node_modules\@babel\runtime\helpers\asyncToGenerator.js:22:9)
    at processTicksAndRejections (node:internal/process/task_queues:95:5) 
    url - /api/v1/wishlist/64411f7ab995d83bc4b56d18 
    method - PUT 
    IP - ::1
   {"timestamp":"2023-04-25T10:42:33.074Z"}
info: Server started at http://localhost:6060/api/v1/ {"timestamp":"2023-04-25T10:45:20.606Z"}
info: Connected to the database. {"timestamp":"2023-04-25T10:45:20.626Z"}
error: 
    status - 500 
    message - TypeError: wishlistService.removeProduct is not a function
    at _callee2$ (D:\Backend\xZXZXZXZXZ\E-Commerce\E-COMMERCE-SYSTEM\src\controllers\/wishlist.controller.js:30:46)
    at tryCatch (D:\Backend\xZXZXZXZXZ\E-Commerce\E-COMMERCE-SYSTEM\node_modules\@babel\runtime\helpers\regeneratorRuntime.js:44:17)
    at Generator.<anonymous> (D:\Backend\xZXZXZXZXZ\E-Commerce\E-COMMERCE-SYSTEM\node_modules\@babel\runtime\helpers\regeneratorRuntime.js:125:22)
    at Generator.next (D:\Backend\xZXZXZXZXZ\E-Commerce\E-COMMERCE-SYSTEM\node_modules\@babel\runtime\helpers\regeneratorRuntime.js:69:21)
    at asyncGeneratorStep (D:\Backend\xZXZXZXZXZ\E-Commerce\E-COMMERCE-SYSTEM\node_modules\@babel\runtime\helpers\asyncToGenerator.js:3:24)
    at _next (D:\Backend\xZXZXZXZXZ\E-Commerce\E-COMMERCE-SYSTEM\node_modules\@babel\runtime\helpers\asyncToGenerator.js:22:9)
    at D:\Backend\xZXZXZXZXZ\E-Commerce\E-COMMERCE-SYSTEM\node_modules\@babel\runtime\helpers\asyncToGenerator.js:27:7
    at new Promise (<anonymous>)
    at apply (D:\Backend\xZXZXZXZXZ\E-Commerce\E-COMMERCE-SYSTEM\node_modules\@babel\runtime\helpers\asyncToGenerator.js:19:12)
    at removeProduct (D:\Backend\xZXZXZXZXZ\E-Commerce\E-COMMERCE-SYSTEM\src\controllers\/wishlist.controller.js:25:27)
    at Layer.handle [as handle_request] (D:\Backend\xZXZXZXZXZ\E-Commerce\E-COMMERCE-SYSTEM\node_modules\express\lib\router\layer.js:95:5)
    at next (D:\Backend\xZXZXZXZXZ\E-Commerce\E-COMMERCE-SYSTEM\node_modules\express\lib\router\route.js:144:13)
    at _callee$ (D:\Backend\xZXZXZXZXZ\E-Commerce\E-COMMERCE-SYSTEM\src\middlewares\/auth.middleware.js:16:5)
    at tryCatch (D:\Backend\xZXZXZXZXZ\E-Commerce\E-COMMERCE-SYSTEM\node_modules\@babel\runtime\helpers\regeneratorRuntime.js:44:17)
    at Generator.<anonymous> (D:\Backend\xZXZXZXZXZ\E-Commerce\E-COMMERCE-SYSTEM\node_modules\@babel\runtime\helpers\regeneratorRuntime.js:125:22)
    at Generator.next (D:\Backend\xZXZXZXZXZ\E-Commerce\E-COMMERCE-SYSTEM\node_modules\@babel\runtime\helpers\regeneratorRuntime.js:69:21)
    at asyncGeneratorStep (D:\Backend\xZXZXZXZXZ\E-Commerce\E-COMMERCE-SYSTEM\node_modules\@babel\runtime\helpers\asyncToGenerator.js:3:24)
    at _next (D:\Backend\xZXZXZXZXZ\E-Commerce\E-COMMERCE-SYSTEM\node_modules\@babel\runtime\helpers\asyncToGenerator.js:22:9)
    at processTicksAndRejections (node:internal/process/task_queues:95:5) 
    url - /api/v1/wishlist/64411f7ab995d83bc4b56d18 
    method - PUT 
    IP - ::1
   {"timestamp":"2023-04-25T10:45:29.907Z"}
error: 
    status - 500 
    message - TypeError: wishlistService.removeProduct is not a function
    at _callee2$ (D:\Backend\xZXZXZXZXZ\E-Commerce\E-COMMERCE-SYSTEM\src\controllers\/wishlist.controller.js:30:46)
    at tryCatch (D:\Backend\xZXZXZXZXZ\E-Commerce\E-COMMERCE-SYSTEM\node_modules\@babel\runtime\helpers\regeneratorRuntime.js:44:17)
    at Generator.<anonymous> (D:\Backend\xZXZXZXZXZ\E-Commerce\E-COMMERCE-SYSTEM\node_modules\@babel\runtime\helpers\regeneratorRuntime.js:125:22)
    at Generator.next (D:\Backend\xZXZXZXZXZ\E-Commerce\E-COMMERCE-SYSTEM\node_modules\@babel\runtime\helpers\regeneratorRuntime.js:69:21)
    at asyncGeneratorStep (D:\Backend\xZXZXZXZXZ\E-Commerce\E-COMMERCE-SYSTEM\node_modules\@babel\runtime\helpers\asyncToGenerator.js:3:24)
    at _next (D:\Backend\xZXZXZXZXZ\E-Commerce\E-COMMERCE-SYSTEM\node_modules\@babel\runtime\helpers\asyncToGenerator.js:22:9)
    at D:\Backend\xZXZXZXZXZ\E-Commerce\E-COMMERCE-SYSTEM\node_modules\@babel\runtime\helpers\asyncToGenerator.js:27:7
    at new Promise (<anonymous>)
    at apply (D:\Backend\xZXZXZXZXZ\E-Commerce\E-COMMERCE-SYSTEM\node_modules\@babel\runtime\helpers\asyncToGenerator.js:19:12)
    at removeProduct (D:\Backend\xZXZXZXZXZ\E-Commerce\E-COMMERCE-SYSTEM\src\controllers\/wishlist.controller.js:25:27)
    at Layer.handle [as handle_request] (D:\Backend\xZXZXZXZXZ\E-Commerce\E-COMMERCE-SYSTEM\node_modules\express\lib\router\layer.js:95:5)
    at next (D:\Backend\xZXZXZXZXZ\E-Commerce\E-COMMERCE-SYSTEM\node_modules\express\lib\router\route.js:144:13)
    at _callee$ (D:\Backend\xZXZXZXZXZ\E-Commerce\E-COMMERCE-SYSTEM\src\middlewares\/auth.middleware.js:16:5)
    at tryCatch (D:\Backend\xZXZXZXZXZ\E-Commerce\E-COMMERCE-SYSTEM\node_modules\@babel\runtime\helpers\regeneratorRuntime.js:44:17)
    at Generator.<anonymous> (D:\Backend\xZXZXZXZXZ\E-Commerce\E-COMMERCE-SYSTEM\node_modules\@babel\runtime\helpers\regeneratorRuntime.js:125:22)
    at Generator.next (D:\Backend\xZXZXZXZXZ\E-Commerce\E-COMMERCE-SYSTEM\node_modules\@babel\runtime\helpers\regeneratorRuntime.js:69:21)
    at asyncGeneratorStep (D:\Backend\xZXZXZXZXZ\E-Commerce\E-COMMERCE-SYSTEM\node_modules\@babel\runtime\helpers\asyncToGenerator.js:3:24)
    at _next (D:\Backend\xZXZXZXZXZ\E-Commerce\E-COMMERCE-SYSTEM\node_modules\@babel\runtime\helpers\asyncToGenerator.js:22:9)
    at processTicksAndRejections (node:internal/process/task_queues:95:5) 
    url - /api/v1/wishlist/64411f7ab995d83bc4b56d18 
    method - PUT 
    IP - ::1
   {"timestamp":"2023-04-25T10:45:32.111Z"}
info: Server started at http://localhost:6060/api/v1/ {"timestamp":"2023-04-25T10:45:43.483Z"}
info: Connected to the database. {"timestamp":"2023-04-25T10:45:43.509Z"}
error: 
    status - 500 
    message - TypeError: wishlistService.removeProduct is not a function
    at _callee2$ (D:\Backend\xZXZXZXZXZ\E-Commerce\E-COMMERCE-SYSTEM\src\controllers\/wishlist.controller.js:30:46)
    at tryCatch (D:\Backend\xZXZXZXZXZ\E-Commerce\E-COMMERCE-SYSTEM\node_modules\@babel\runtime\helpers\regeneratorRuntime.js:44:17)
    at Generator.<anonymous> (D:\Backend\xZXZXZXZXZ\E-Commerce\E-COMMERCE-SYSTEM\node_modules\@babel\runtime\helpers\regeneratorRuntime.js:125:22)
    at Generator.next (D:\Backend\xZXZXZXZXZ\E-Commerce\E-COMMERCE-SYSTEM\node_modules\@babel\runtime\helpers\regeneratorRuntime.js:69:21)
    at asyncGeneratorStep (D:\Backend\xZXZXZXZXZ\E-Commerce\E-COMMERCE-SYSTEM\node_modules\@babel\runtime\helpers\asyncToGenerator.js:3:24)
    at _next (D:\Backend\xZXZXZXZXZ\E-Commerce\E-COMMERCE-SYSTEM\node_modules\@babel\runtime\helpers\asyncToGenerator.js:22:9)
    at D:\Backend\xZXZXZXZXZ\E-Commerce\E-COMMERCE-SYSTEM\node_modules\@babel\runtime\helpers\asyncToGenerator.js:27:7
    at new Promise (<anonymous>)
    at apply (D:\Backend\xZXZXZXZXZ\E-Commerce\E-COMMERCE-SYSTEM\node_modules\@babel\runtime\helpers\asyncToGenerator.js:19:12)
    at removeProduct (D:\Backend\xZXZXZXZXZ\E-Commerce\E-COMMERCE-SYSTEM\src\controllers\/wishlist.controller.js:25:27)
    at Layer.handle [as handle_request] (D:\Backend\xZXZXZXZXZ\E-Commerce\E-COMMERCE-SYSTEM\node_modules\express\lib\router\layer.js:95:5)
    at next (D:\Backend\xZXZXZXZXZ\E-Commerce\E-COMMERCE-SYSTEM\node_modules\express\lib\router\route.js:144:13)
    at _callee$ (D:\Backend\xZXZXZXZXZ\E-Commerce\E-COMMERCE-SYSTEM\src\middlewares\/auth.middleware.js:16:5)
    at tryCatch (D:\Backend\xZXZXZXZXZ\E-Commerce\E-COMMERCE-SYSTEM\node_modules\@babel\runtime\helpers\regeneratorRuntime.js:44:17)
    at Generator.<anonymous> (D:\Backend\xZXZXZXZXZ\E-Commerce\E-COMMERCE-SYSTEM\node_modules\@babel\runtime\helpers\regeneratorRuntime.js:125:22)
    at Generator.next (D:\Backend\xZXZXZXZXZ\E-Commerce\E-COMMERCE-SYSTEM\node_modules\@babel\runtime\helpers\regeneratorRuntime.js:69:21)
    at asyncGeneratorStep (D:\Backend\xZXZXZXZXZ\E-Commerce\E-COMMERCE-SYSTEM\node_modules\@babel\runtime\helpers\asyncToGenerator.js:3:24)
    at _next (D:\Backend\xZXZXZXZXZ\E-Commerce\E-COMMERCE-SYSTEM\node_modules\@babel\runtime\helpers\asyncToGenerator.js:22:9)
    at processTicksAndRejections (node:internal/process/task_queues:95:5) 
    url - /api/v1/wishlist/64411f7ab995d83bc4b56d18 
    method - PUT 
    IP - ::1
   {"timestamp":"2023-04-25T10:45:47.627Z"}
info: Server started at http://localhost:6060/api/v1/ {"timestamp":"2023-04-25T10:51:15.175Z"}
info: Connected to the database. {"timestamp":"2023-04-25T10:51:15.197Z"}
info: Server started at http://localhost:6060/api/v1/ {"timestamp":"2023-04-25T10:54:00.354Z"}
info: Connected to the database. {"timestamp":"2023-04-25T10:54:00.378Z"}
info: Server started at http://localhost:6060/api/v1/ {"timestamp":"2023-04-25T10:54:11.815Z"}
info: Connected to the database. {"timestamp":"2023-04-25T10:54:11.844Z"}
error: 
    status - 500 
    message - TypeError: wishlistService.removeProduct is not a function
    at _callee2$ (D:\Backend\xZXZXZXZXZ\E-Commerce\E-COMMERCE-SYSTEM\src\controllers\/wishlist.controller.js:30:46)
    at tryCatch (D:\Backend\xZXZXZXZXZ\E-Commerce\E-COMMERCE-SYSTEM\node_modules\@babel\runtime\helpers\regeneratorRuntime.js:44:17)
    at Generator.<anonymous> (D:\Backend\xZXZXZXZXZ\E-Commerce\E-COMMERCE-SYSTEM\node_modules\@babel\runtime\helpers\regeneratorRuntime.js:125:22)
    at Generator.next (D:\Backend\xZXZXZXZXZ\E-Commerce\E-COMMERCE-SYSTEM\node_modules\@babel\runtime\helpers\regeneratorRuntime.js:69:21)
    at asyncGeneratorStep (D:\Backend\xZXZXZXZXZ\E-Commerce\E-COMMERCE-SYSTEM\node_modules\@babel\runtime\helpers\asyncToGenerator.js:3:24)
    at _next (D:\Backend\xZXZXZXZXZ\E-Commerce\E-COMMERCE-SYSTEM\node_modules\@babel\runtime\helpers\asyncToGenerator.js:22:9)
    at D:\Backend\xZXZXZXZXZ\E-Commerce\E-COMMERCE-SYSTEM\node_modules\@babel\runtime\helpers\asyncToGenerator.js:27:7
    at new Promise (<anonymous>)
    at apply (D:\Backend\xZXZXZXZXZ\E-Commerce\E-COMMERCE-SYSTEM\node_modules\@babel\runtime\helpers\asyncToGenerator.js:19:12)
    at removeProduct (D:\Backend\xZXZXZXZXZ\E-Commerce\E-COMMERCE-SYSTEM\src\controllers\/wishlist.controller.js:25:27)
    at Layer.handle [as handle_request] (D:\Backend\xZXZXZXZXZ\E-Commerce\E-COMMERCE-SYSTEM\node_modules\express\lib\router\layer.js:95:5)
    at next (D:\Backend\xZXZXZXZXZ\E-Commerce\E-COMMERCE-SYSTEM\node_modules\express\lib\router\route.js:144:13)
    at _callee$ (D:\Backend\xZXZXZXZXZ\E-Commerce\E-COMMERCE-SYSTEM\src\middlewares\/auth.middleware.js:16:5)
    at tryCatch (D:\Backend\xZXZXZXZXZ\E-Commerce\E-COMMERCE-SYSTEM\node_modules\@babel\runtime\helpers\regeneratorRuntime.js:44:17)
    at Generator.<anonymous> (D:\Backend\xZXZXZXZXZ\E-Commerce\E-COMMERCE-SYSTEM\node_modules\@babel\runtime\helpers\regeneratorRuntime.js:125:22)
    at Generator.next (D:\Backend\xZXZXZXZXZ\E-Commerce\E-COMMERCE-SYSTEM\node_modules\@babel\runtime\helpers\regeneratorRuntime.js:69:21)
    at asyncGeneratorStep (D:\Backend\xZXZXZXZXZ\E-Commerce\E-COMMERCE-SYSTEM\node_modules\@babel\runtime\helpers\asyncToGenerator.js:3:24)
    at _next (D:\Backend\xZXZXZXZXZ\E-Commerce\E-COMMERCE-SYSTEM\node_modules\@babel\runtime\helpers\asyncToGenerator.js:22:9)
    at processTicksAndRejections (node:internal/process/task_queues:95:5) 
    url - /api/v1/wishlist/64411f7ab995d83bc4b56d18 
    method - PUT 
    IP - ::1
   {"timestamp":"2023-04-25T10:54:28.717Z"}
error: 
    status - 500 
    message - TypeError: wishlistService.removeProduct is not a function
    at _callee2$ (D:\Backend\xZXZXZXZXZ\E-Commerce\E-COMMERCE-SYSTEM\src\controllers\/wishlist.controller.js:30:46)
    at tryCatch (D:\Backend\xZXZXZXZXZ\E-Commerce\E-COMMERCE-SYSTEM\node_modules\@babel\runtime\helpers\regeneratorRuntime.js:44:17)
    at Generator.<anonymous> (D:\Backend\xZXZXZXZXZ\E-Commerce\E-COMMERCE-SYSTEM\node_modules\@babel\runtime\helpers\regeneratorRuntime.js:125:22)
    at Generator.next (D:\Backend\xZXZXZXZXZ\E-Commerce\E-COMMERCE-SYSTEM\node_modules\@babel\runtime\helpers\regeneratorRuntime.js:69:21)
    at asyncGeneratorStep (D:\Backend\xZXZXZXZXZ\E-Commerce\E-COMMERCE-SYSTEM\node_modules\@babel\runtime\helpers\asyncToGenerator.js:3:24)
    at _next (D:\Backend\xZXZXZXZXZ\E-Commerce\E-COMMERCE-SYSTEM\node_modules\@babel\runtime\helpers\asyncToGenerator.js:22:9)
    at D:\Backend\xZXZXZXZXZ\E-Commerce\E-COMMERCE-SYSTEM\node_modules\@babel\runtime\helpers\asyncToGenerator.js:27:7
    at new Promise (<anonymous>)
    at apply (D:\Backend\xZXZXZXZXZ\E-Commerce\E-COMMERCE-SYSTEM\node_modules\@babel\runtime\helpers\asyncToGenerator.js:19:12)
    at removeProduct (D:\Backend\xZXZXZXZXZ\E-Commerce\E-COMMERCE-SYSTEM\src\controllers\/wishlist.controller.js:25:27)
    at Layer.handle [as handle_request] (D:\Backend\xZXZXZXZXZ\E-Commerce\E-COMMERCE-SYSTEM\node_modules\express\lib\router\layer.js:95:5)
    at next (D:\Backend\xZXZXZXZXZ\E-Commerce\E-COMMERCE-SYSTEM\node_modules\express\lib\router\route.js:144:13)
    at _callee$ (D:\Backend\xZXZXZXZXZ\E-Commerce\E-COMMERCE-SYSTEM\src\middlewares\/auth.middleware.js:16:5)
    at tryCatch (D:\Backend\xZXZXZXZXZ\E-Commerce\E-COMMERCE-SYSTEM\node_modules\@babel\runtime\helpers\regeneratorRuntime.js:44:17)
    at Generator.<anonymous> (D:\Backend\xZXZXZXZXZ\E-Commerce\E-COMMERCE-SYSTEM\node_modules\@babel\runtime\helpers\regeneratorRuntime.js:125:22)
    at Generator.next (D:\Backend\xZXZXZXZXZ\E-Commerce\E-COMMERCE-SYSTEM\node_modules\@babel\runtime\helpers\regeneratorRuntime.js:69:21)
    at asyncGeneratorStep (D:\Backend\xZXZXZXZXZ\E-Commerce\E-COMMERCE-SYSTEM\node_modules\@babel\runtime\helpers\asyncToGenerator.js:3:24)
    at _next (D:\Backend\xZXZXZXZXZ\E-Commerce\E-COMMERCE-SYSTEM\node_modules\@babel\runtime\helpers\asyncToGenerator.js:22:9)
    at processTicksAndRejections (node:internal/process/task_queues:95:5) 
    url - /api/v1/wishlist/64411f7ab995d83bc4b56d18 
    method - PUT 
    IP - ::1
   {"timestamp":"2023-04-25T10:54:29.921Z"}
info: Server started at http://localhost:6060/api/v1/ {"timestamp":"2023-04-25T10:55:02.076Z"}
info: Connected to the database. {"timestamp":"2023-04-25T10:55:02.117Z"}
info: Server started at http://localhost:6060/api/v1/ {"timestamp":"2023-04-25T10:56:06.953Z"}
info: Connected to the database. {"timestamp":"2023-04-25T10:56:06.985Z"}
info: Server started at http://localhost:6060/api/v1/ {"timestamp":"2023-04-25T10:57:16.464Z"}
info: Connected to the database. {"timestamp":"2023-04-25T10:57:16.488Z"}
error: 
    status - 500 
    message - TypeError: wishlistService.removeProduct is not a function
    at _callee2$ (D:\Backend\xZXZXZXZXZ\E-Commerce\E-COMMERCE-SYSTEM\src\controllers\/wishlist.controller.js:30:46)
    at tryCatch (D:\Backend\xZXZXZXZXZ\E-Commerce\E-COMMERCE-SYSTEM\node_modules\@babel\runtime\helpers\regeneratorRuntime.js:44:17)
    at Generator.<anonymous> (D:\Backend\xZXZXZXZXZ\E-Commerce\E-COMMERCE-SYSTEM\node_modules\@babel\runtime\helpers\regeneratorRuntime.js:125:22)
    at Generator.next (D:\Backend\xZXZXZXZXZ\E-Commerce\E-COMMERCE-SYSTEM\node_modules\@babel\runtime\helpers\regeneratorRuntime.js:69:21)
    at asyncGeneratorStep (D:\Backend\xZXZXZXZXZ\E-Commerce\E-COMMERCE-SYSTEM\node_modules\@babel\runtime\helpers\asyncToGenerator.js:3:24)
    at _next (D:\Backend\xZXZXZXZXZ\E-Commerce\E-COMMERCE-SYSTEM\node_modules\@babel\runtime\helpers\asyncToGenerator.js:22:9)
    at D:\Backend\xZXZXZXZXZ\E-Commerce\E-COMMERCE-SYSTEM\node_modules\@babel\runtime\helpers\asyncToGenerator.js:27:7
    at new Promise (<anonymous>)
    at apply (D:\Backend\xZXZXZXZXZ\E-Commerce\E-COMMERCE-SYSTEM\node_modules\@babel\runtime\helpers\asyncToGenerator.js:19:12)
    at removeProduct (D:\Backend\xZXZXZXZXZ\E-Commerce\E-COMMERCE-SYSTEM\src\controllers\/wishlist.controller.js:25:27)
    at Layer.handle [as handle_request] (D:\Backend\xZXZXZXZXZ\E-Commerce\E-COMMERCE-SYSTEM\node_modules\express\lib\router\layer.js:95:5)
    at next (D:\Backend\xZXZXZXZXZ\E-Commerce\E-COMMERCE-SYSTEM\node_modules\express\lib\router\route.js:144:13)
    at _callee$ (D:\Backend\xZXZXZXZXZ\E-Commerce\E-COMMERCE-SYSTEM\src\middlewares\/auth.middleware.js:16:5)
    at tryCatch (D:\Backend\xZXZXZXZXZ\E-Commerce\E-COMMERCE-SYSTEM\node_modules\@babel\runtime\helpers\regeneratorRuntime.js:44:17)
    at Generator.<anonymous> (D:\Backend\xZXZXZXZXZ\E-Commerce\E-COMMERCE-SYSTEM\node_modules\@babel\runtime\helpers\regeneratorRuntime.js:125:22)
    at Generator.next (D:\Backend\xZXZXZXZXZ\E-Commerce\E-COMMERCE-SYSTEM\node_modules\@babel\runtime\helpers\regeneratorRuntime.js:69:21)
    at asyncGeneratorStep (D:\Backend\xZXZXZXZXZ\E-Commerce\E-COMMERCE-SYSTEM\node_modules\@babel\runtime\helpers\asyncToGenerator.js:3:24)
    at _next (D:\Backend\xZXZXZXZXZ\E-Commerce\E-COMMERCE-SYSTEM\node_modules\@babel\runtime\helpers\asyncToGenerator.js:22:9)
    at processTicksAndRejections (node:internal/process/task_queues:95:5) 
    url - /api/v1/wishlist/64411f7ab995d83bc4b56d18 
    method - PUT 
    IP - ::1
   {"timestamp":"2023-04-25T10:57:24.011Z"}
info: Server started at http://localhost:6060/api/v1/ {"timestamp":"2023-04-25T10:58:24.220Z"}
info: Connected to the database. {"timestamp":"2023-04-25T10:58:24.244Z"}
info: Server started at http://localhost:6060/api/v1/ {"timestamp":"2023-04-25T10:58:38.990Z"}
info: Connected to the database. {"timestamp":"2023-04-25T10:58:39.016Z"}
info: Server started at http://localhost:6060/api/v1/ {"timestamp":"2023-04-25T11:00:02.522Z"}
info: Connected to the database. {"timestamp":"2023-04-25T11:00:02.550Z"}
info: Server started at http://localhost:6060/api/v1/ {"timestamp":"2023-04-25T11:00:51.644Z"}
info: Connected to the database. {"timestamp":"2023-04-25T11:00:51.699Z"}
info: Server started at http://localhost:6060/api/v1/ {"timestamp":"2023-04-25T11:11:01.036Z"}
info: Connected to the database. {"timestamp":"2023-04-25T11:11:01.064Z"}
error: 
      status - 400
      message - Authorization token is required 
      url - /api/v1/wishlist/ 
      method - GET 
      IP - ::1
     {"timestamp":"2023-04-25T11:37:39.162Z"}
info: Server started at http://localhost:6060/api/v1/ {"timestamp":"2023-04-25T12:00:48.044Z"}
info: Connected to the database. {"timestamp":"2023-04-25T12:00:48.065Z"}
info: Server started at http://localhost:6060/api/v1/ {"timestamp":"2023-04-25T12:00:57.124Z"}
info: Connected to the database. {"timestamp":"2023-04-25T12:00:57.140Z"}
error: 
    status - 500 
    message - undefined 
    url - /api/v1/cart/64411f7ab995d83bc4b56d18 
    method - POST 
    IP - ::1
   {"timestamp":"2023-04-25T12:08:19.239Z"}
error: 
    status - 500 
    message - undefined 
    url - /api/v1/cart/64411f7ab995d83bc4b56d18 
    method - POST 
    IP - ::1
   {"timestamp":"2023-04-25T12:08:19.860Z"}
error: 
    status - 500 
    message - undefined 
    url - /api/v1/cart/64411f7ab995d83bc4b56d18 
    method - POST 
    IP - ::1
   {"timestamp":"2023-04-25T12:08:20.013Z"}
error: 
    status - 500 
    message - undefined 
    url - /api/v1/cart/64411f7ab995d83bc4b56d18 
    method - POST 
    IP - ::1
   {"timestamp":"2023-04-25T12:08:25.319Z"}
