info: Server started at http://localhost:6060/api/v1/ {"timestamp":"2023-04-18T05:18:03.660Z"}
info: Connected to the database. {"timestamp":"2023-04-18T05:18:03.690Z"}
info: Server started at http://localhost:6060/api/v1/ {"timestamp":"2023-04-18T05:34:24.733Z"}
info: Connected to the database. {"timestamp":"2023-04-18T05:34:24.754Z"}
info: Server started at http://localhost:6060/api/v1/ {"timestamp":"2023-04-18T05:34:49.574Z"}
info: Connected to the database. {"timestamp":"2023-04-18T05:34:49.601Z"}
info: Connected to the database. {"timestamp":"2023-04-18T05:36:14.397Z"}
info: Connected to the database. {"timestamp":"2023-04-18T05:36:28.451Z"}
info: Connected to the database. {"timestamp":"2023-04-18T05:37:04.687Z"}
info: Connected to the database. {"timestamp":"2023-04-18T05:37:21.243Z"}
info: Connected to the database. {"timestamp":"2023-04-18T05:37:37.642Z"}
info: Server started at http://localhost:6060/api/v1/ {"timestamp":"2023-04-18T05:38:02.479Z"}
info: Connected to the database. {"timestamp":"2023-04-18T05:38:02.505Z"}
info: Server started at http://localhost:6060/api/v1/ {"timestamp":"2023-04-18T05:38:24.971Z"}
info: Connected to the database. {"timestamp":"2023-04-18T05:38:24.988Z"}
info: Server started at http://localhost:6060/api/v1/ {"timestamp":"2023-04-18T05:39:40.493Z"}
info: Connected to the database. {"timestamp":"2023-04-18T05:39:40.517Z"}
info: Connected to the database. {"timestamp":"2023-04-18T05:43:53.404Z"}
info: Connected to the database. {"timestamp":"2023-04-18T05:43:56.199Z"}
info: Server started at http://localhost:6060/api/v1/ {"timestamp":"2023-04-18T05:44:12.724Z"}
info: Connected to the database. {"timestamp":"2023-04-18T05:44:12.741Z"}
error: 
    status - 500 
    message - ValidationError: "companyname" is required 
    url - /api/v1/admin 
    method - POST 
    IP - ::1
   {"timestamp":"2023-04-18T05:44:20.401Z"}
info: Server started at http://localhost:6060/api/v1/ {"timestamp":"2023-04-18T05:45:09.406Z"}
info: Connected to the database. {"timestamp":"2023-04-18T05:45:09.427Z"}
info: Server started at http://localhost:6060/api/v1/ {"timestamp":"2023-04-18T05:45:15.233Z"}
info: Connected to the database. {"timestamp":"2023-04-18T05:45:15.251Z"}
info: Server started at http://localhost:6060/api/v1/ {"timestamp":"2023-04-18T05:48:20.901Z"}
info: Connected to the database. {"timestamp":"2023-04-18T05:48:20.919Z"}
info: Server started at http://localhost:6060/api/v1/ {"timestamp":"2023-04-18T06:03:47.832Z"}
info: Connected to the database. {"timestamp":"2023-04-18T06:03:47.857Z"}
info: Server started at http://localhost:6060/api/v1/ {"timestamp":"2023-04-18T06:04:31.071Z"}
info: Connected to the database. {"timestamp":"2023-04-18T06:04:31.090Z"}
info: Server started at http://localhost:6060/api/v1/ {"timestamp":"2023-04-18T06:06:36.708Z"}
info: Connected to the database. {"timestamp":"2023-04-18T06:06:36.727Z"}
info: Server started at http://localhost:6060/api/v1/ {"timestamp":"2023-04-18T06:26:50.782Z"}
info: Connected to the database. {"timestamp":"2023-04-18T06:26:50.801Z"}
info: Server started at http://localhost:6060/api/v1/ {"timestamp":"2023-04-18T06:27:28.945Z"}
info: Connected to the database. {"timestamp":"2023-04-18T06:27:28.965Z"}
info: Server started at http://localhost:6060/api/v1/ {"timestamp":"2023-04-18T06:28:23.648Z"}
info: Connected to the database. {"timestamp":"2023-04-18T06:28:23.664Z"}
info: Server started at http://localhost:6060/api/v1/ {"timestamp":"2023-04-18T06:29:19.128Z"}
info: Connected to the database. {"timestamp":"2023-04-18T06:29:19.149Z"}
info: Server started at http://localhost:6060/api/v1/ {"timestamp":"2023-04-18T06:29:41.072Z"}
info: Connected to the database. {"timestamp":"2023-04-18T06:29:41.103Z"}
info: Server started at http://localhost:6060/api/v1/ {"timestamp":"2023-04-18T06:30:21.276Z"}
info: Connected to the database. {"timestamp":"2023-04-18T06:30:21.294Z"}
info: Server started at http://localhost:6060/api/v1/ {"timestamp":"2023-04-18T06:35:07.978Z"}
info: Connected to the database. {"timestamp":"2023-04-18T06:35:07.997Z"}
info: Server started at http://localhost:6060/api/v1/ {"timestamp":"2023-04-18T06:35:28.433Z"}
info: Connected to the database. {"timestamp":"2023-04-18T06:35:28.452Z"}
info: Server started at http://localhost:6060/api/v1/ {"timestamp":"2023-04-18T06:35:55.544Z"}
info: Connected to the database. {"timestamp":"2023-04-18T06:35:55.567Z"}
info: Server started at http://localhost:6060/api/v1/ {"timestamp":"2023-04-18T06:36:11.114Z"}
info: Connected to the database. {"timestamp":"2023-04-18T06:36:11.141Z"}
info: Server started at http://localhost:6060/api/v1/ {"timestamp":"2023-04-18T06:36:29.079Z"}
info: Connected to the database. {"timestamp":"2023-04-18T06:36:29.096Z"}
info: Server started at http://localhost:6060/api/v1/ {"timestamp":"2023-04-18T06:42:54.828Z"}
info: Connected to the database. {"timestamp":"2023-04-18T06:42:54.851Z"}
info: Server started at http://localhost:6060/api/v1/ {"timestamp":"2023-04-18T06:44:09.518Z"}
info: Connected to the database. {"timestamp":"2023-04-18T06:44:09.539Z"}
info: Server started at http://localhost:6060/api/v1/ {"timestamp":"2023-04-18T06:44:23.991Z"}
info: Connected to the database. {"timestamp":"2023-04-18T06:44:24.024Z"}
info: Server started at http://localhost:6060/api/v1/ {"timestamp":"2023-04-18T08:01:16.734Z"}
info: Connected to the database. {"timestamp":"2023-04-18T08:01:16.762Z"}
error: 
    status - 500 
    message - ValidationError: "companyname" is required 
    url - /api/v1/admin 
    method - POST 
    IP - ::1
   {"timestamp":"2023-04-18T08:07:05.254Z"}
error: 
    status - 500 
    message - Error: Error: Invalid Email
    at _callee2$ (D:\Backend\E-Commerce\e-commerce_Backend\src\services\/admin.service.js:31:15)
    at tryCatch (D:\Backend\E-Commerce\e-commerce_Backend\node_modules\@babel\runtime\helpers\regeneratorRuntime.js:44:17)
    at Generator.<anonymous> (D:\Backend\E-Commerce\e-commerce_Backend\node_modules\@babel\runtime\helpers\regeneratorRuntime.js:125:22)
    at Generator.next (D:\Backend\E-Commerce\e-commerce_Backend\node_modules\@babel\runtime\helpers\regeneratorRuntime.js:69:21)
    at asyncGeneratorStep (D:\Backend\E-Commerce\e-commerce_Backend\node_modules\@babel\runtime\helpers\asyncToGenerator.js:3:24)
    at _next (D:\Backend\E-Commerce\e-commerce_Backend\node_modules\@babel\runtime\helpers\asyncToGenerator.js:22:9)
    at processTicksAndRejections (node:internal/process/task_queues:95:5) 
    url - /api/v1/admin/login 
    method - POST 
    IP - ::1
   {"timestamp":"2023-04-18T08:13:02.921Z"}
error: 
    status - 500 
    message - Error: Error: Invalid Email
    at _callee2$ (D:\Backend\E-Commerce\e-commerce_Backend\src\services\/admin.service.js:31:15)
    at tryCatch (D:\Backend\E-Commerce\e-commerce_Backend\node_modules\@babel\runtime\helpers\regeneratorRuntime.js:44:17)
    at Generator.<anonymous> (D:\Backend\E-Commerce\e-commerce_Backend\node_modules\@babel\runtime\helpers\regeneratorRuntime.js:125:22)
    at Generator.next (D:\Backend\E-Commerce\e-commerce_Backend\node_modules\@babel\runtime\helpers\regeneratorRuntime.js:69:21)
    at asyncGeneratorStep (D:\Backend\E-Commerce\e-commerce_Backend\node_modules\@babel\runtime\helpers\asyncToGenerator.js:3:24)
    at _next (D:\Backend\E-Commerce\e-commerce_Backend\node_modules\@babel\runtime\helpers\asyncToGenerator.js:22:9)
    at processTicksAndRejections (node:internal/process/task_queues:95:5) 
    url - /api/v1/admin/login 
    method - POST 
    IP - ::1
   {"timestamp":"2023-04-18T08:14:33.197Z"}
info: Server started at http://localhost:6060/api/v1/ {"timestamp":"2023-04-18T08:17:24.221Z"}
info: Connected to the database. {"timestamp":"2023-04-18T08:17:24.247Z"}
error: 
    status - 500 
    message - Error: Error: Invalid Email
    at _callee2$ (D:\Backend\E-Commerce\e-commerce_Backend\src\services\/admin.service.js:31:15)
    at tryCatch (D:\Backend\E-Commerce\e-commerce_Backend\node_modules\@babel\runtime\helpers\regeneratorRuntime.js:44:17)
    at Generator.<anonymous> (D:\Backend\E-Commerce\e-commerce_Backend\node_modules\@babel\runtime\helpers\regeneratorRuntime.js:125:22)
    at Generator.next (D:\Backend\E-Commerce\e-commerce_Backend\node_modules\@babel\runtime\helpers\regeneratorRuntime.js:69:21)
    at asyncGeneratorStep (D:\Backend\E-Commerce\e-commerce_Backend\node_modules\@babel\runtime\helpers\asyncToGenerator.js:3:24)
    at _next (D:\Backend\E-Commerce\e-commerce_Backend\node_modules\@babel\runtime\helpers\asyncToGenerator.js:22:9)
    at processTicksAndRejections (node:internal/process/task_queues:95:5) 
    url - /api/v1/admin/login 
    method - POST 
    IP - ::1
   {"timestamp":"2023-04-18T08:17:28.984Z"}
error: 
    status - 500 
    message - Error: Error: Invalid Email
    at _callee2$ (D:\Backend\E-Commerce\e-commerce_Backend\src\services\/admin.service.js:31:15)
    at tryCatch (D:\Backend\E-Commerce\e-commerce_Backend\node_modules\@babel\runtime\helpers\regeneratorRuntime.js:44:17)
    at Generator.<anonymous> (D:\Backend\E-Commerce\e-commerce_Backend\node_modules\@babel\runtime\helpers\regeneratorRuntime.js:125:22)
    at Generator.next (D:\Backend\E-Commerce\e-commerce_Backend\node_modules\@babel\runtime\helpers\regeneratorRuntime.js:69:21)
    at asyncGeneratorStep (D:\Backend\E-Commerce\e-commerce_Backend\node_modules\@babel\runtime\helpers\asyncToGenerator.js:3:24)
    at _next (D:\Backend\E-Commerce\e-commerce_Backend\node_modules\@babel\runtime\helpers\asyncToGenerator.js:22:9)
    at processTicksAndRejections (node:internal/process/task_queues:95:5) 
    url - /api/v1/admin/login 
    method - POST 
    IP - ::1
   {"timestamp":"2023-04-18T08:17:30.343Z"}
info: Server started at http://localhost:6060/api/v1/ {"timestamp":"2023-04-18T08:21:47.786Z"}
info: Connected to the database. {"timestamp":"2023-04-18T08:21:47.808Z"}
info: Server started at http://localhost:6060/api/v1/ {"timestamp":"2023-04-18T08:23:34.889Z"}
info: Connected to the database. {"timestamp":"2023-04-18T08:23:34.915Z"}
info: Server started at http://localhost:6060/api/v1/ {"timestamp":"2023-04-18T08:23:46.059Z"}
info: Connected to the database. {"timestamp":"2023-04-18T08:23:46.085Z"}
error: 
    status - 500 
    message - Error: Error: Invalid Email
    at _callee2$ (D:\Backend\E-Commerce\e-commerce_Backend\src\services\/admin.service.js:31:15)
    at tryCatch (D:\Backend\E-Commerce\e-commerce_Backend\node_modules\@babel\runtime\helpers\regeneratorRuntime.js:44:17)
    at Generator.<anonymous> (D:\Backend\E-Commerce\e-commerce_Backend\node_modules\@babel\runtime\helpers\regeneratorRuntime.js:125:22)
    at Generator.next (D:\Backend\E-Commerce\e-commerce_Backend\node_modules\@babel\runtime\helpers\regeneratorRuntime.js:69:21)
    at asyncGeneratorStep (D:\Backend\E-Commerce\e-commerce_Backend\node_modules\@babel\runtime\helpers\asyncToGenerator.js:3:24)
    at _next (D:\Backend\E-Commerce\e-commerce_Backend\node_modules\@babel\runtime\helpers\asyncToGenerator.js:22:9)
    at processTicksAndRejections (node:internal/process/task_queues:95:5) 
    url - /api/v1/admin/login 
    method - POST 
    IP - ::1
   {"timestamp":"2023-04-18T08:23:52.823Z"}
error: 
    status - 500 
    message - Error: Error: Invalid Email
    at _callee2$ (D:\Backend\E-Commerce\e-commerce_Backend\src\services\/admin.service.js:31:15)
    at tryCatch (D:\Backend\E-Commerce\e-commerce_Backend\node_modules\@babel\runtime\helpers\regeneratorRuntime.js:44:17)
    at Generator.<anonymous> (D:\Backend\E-Commerce\e-commerce_Backend\node_modules\@babel\runtime\helpers\regeneratorRuntime.js:125:22)
    at Generator.next (D:\Backend\E-Commerce\e-commerce_Backend\node_modules\@babel\runtime\helpers\regeneratorRuntime.js:69:21)
    at asyncGeneratorStep (D:\Backend\E-Commerce\e-commerce_Backend\node_modules\@babel\runtime\helpers\asyncToGenerator.js:3:24)
    at _next (D:\Backend\E-Commerce\e-commerce_Backend\node_modules\@babel\runtime\helpers\asyncToGenerator.js:22:9)
    at processTicksAndRejections (node:internal/process/task_queues:95:5) 
    url - /api/v1/admin/login 
    method - POST 
    IP - ::1
   {"timestamp":"2023-04-18T08:23:54.517Z"}
info: Server started at http://localhost:6060/api/v1/ {"timestamp":"2023-04-18T08:24:05.687Z"}
info: Connected to the database. {"timestamp":"2023-04-18T08:24:05.705Z"}
error: 
    status - 500 
    message - Error: Error: Invalid Email
    at _callee2$ (D:\Backend\E-Commerce\e-commerce_Backend\src\services\/admin.service.js:31:15)
    at tryCatch (D:\Backend\E-Commerce\e-commerce_Backend\node_modules\@babel\runtime\helpers\regeneratorRuntime.js:44:17)
    at Generator.<anonymous> (D:\Backend\E-Commerce\e-commerce_Backend\node_modules\@babel\runtime\helpers\regeneratorRuntime.js:125:22)
    at Generator.next (D:\Backend\E-Commerce\e-commerce_Backend\node_modules\@babel\runtime\helpers\regeneratorRuntime.js:69:21)
    at asyncGeneratorStep (D:\Backend\E-Commerce\e-commerce_Backend\node_modules\@babel\runtime\helpers\asyncToGenerator.js:3:24)
    at _next (D:\Backend\E-Commerce\e-commerce_Backend\node_modules\@babel\runtime\helpers\asyncToGenerator.js:22:9)
    at processTicksAndRejections (node:internal/process/task_queues:95:5) 
    url - /api/v1/admin/login 
    method - POST 
    IP - ::1
   {"timestamp":"2023-04-18T08:24:07.613Z"}
info: Server started at http://localhost:6060/api/v1/ {"timestamp":"2023-04-18T08:26:31.161Z"}
info: Connected to the database. {"timestamp":"2023-04-18T08:26:31.188Z"}
info: Server started at http://localhost:6060/api/v1/ {"timestamp":"2023-04-18T08:33:15.181Z"}
info: Connected to the database. {"timestamp":"2023-04-18T08:33:15.199Z"}
error: 
    status - 500 
    message - Error: Error: Invalid Email
    at _callee2$ (D:\Backend\E-Commerce\e-commerce_Backend\src\services\/admin.service.js:31:15)
    at tryCatch (D:\Backend\E-Commerce\e-commerce_Backend\node_modules\@babel\runtime\helpers\regeneratorRuntime.js:44:17)
    at Generator.<anonymous> (D:\Backend\E-Commerce\e-commerce_Backend\node_modules\@babel\runtime\helpers\regeneratorRuntime.js:125:22)
    at Generator.next (D:\Backend\E-Commerce\e-commerce_Backend\node_modules\@babel\runtime\helpers\regeneratorRuntime.js:69:21)
    at asyncGeneratorStep (D:\Backend\E-Commerce\e-commerce_Backend\node_modules\@babel\runtime\helpers\asyncToGenerator.js:3:24)
    at _next (D:\Backend\E-Commerce\e-commerce_Backend\node_modules\@babel\runtime\helpers\asyncToGenerator.js:22:9)
    at processTicksAndRejections (node:internal/process/task_queues:95:5) 
    url - /api/v1/admin/login 
    method - POST 
    IP - ::1
   {"timestamp":"2023-04-18T08:33:20.414Z"}
error: 
    status - 500 
    message - Error: Error: Invalid Email
    at _callee2$ (D:\Backend\E-Commerce\e-commerce_Backend\src\services\/admin.service.js:31:15)
    at tryCatch (D:\Backend\E-Commerce\e-commerce_Backend\node_modules\@babel\runtime\helpers\regeneratorRuntime.js:44:17)
    at Generator.<anonymous> (D:\Backend\E-Commerce\e-commerce_Backend\node_modules\@babel\runtime\helpers\regeneratorRuntime.js:125:22)
    at Generator.next (D:\Backend\E-Commerce\e-commerce_Backend\node_modules\@babel\runtime\helpers\regeneratorRuntime.js:69:21)
    at asyncGeneratorStep (D:\Backend\E-Commerce\e-commerce_Backend\node_modules\@babel\runtime\helpers\asyncToGenerator.js:3:24)
    at _next (D:\Backend\E-Commerce\e-commerce_Backend\node_modules\@babel\runtime\helpers\asyncToGenerator.js:22:9)
    at processTicksAndRejections (node:internal/process/task_queues:95:5) 
    url - /api/v1/admin/login 
    method - POST 
    IP - ::1
   {"timestamp":"2023-04-18T08:34:24.606Z"}
error: 
    status - 500 
    message - Error: Error: Invalid Email
    at _callee2$ (D:\Backend\E-Commerce\e-commerce_Backend\src\services\/admin.service.js:31:15)
    at tryCatch (D:\Backend\E-Commerce\e-commerce_Backend\node_modules\@babel\runtime\helpers\regeneratorRuntime.js:44:17)
    at Generator.<anonymous> (D:\Backend\E-Commerce\e-commerce_Backend\node_modules\@babel\runtime\helpers\regeneratorRuntime.js:125:22)
    at Generator.next (D:\Backend\E-Commerce\e-commerce_Backend\node_modules\@babel\runtime\helpers\regeneratorRuntime.js:69:21)
    at asyncGeneratorStep (D:\Backend\E-Commerce\e-commerce_Backend\node_modules\@babel\runtime\helpers\asyncToGenerator.js:3:24)
    at _next (D:\Backend\E-Commerce\e-commerce_Backend\node_modules\@babel\runtime\helpers\asyncToGenerator.js:22:9)
    at processTicksAndRejections (node:internal/process/task_queues:95:5) 
    url - /api/v1/admin/login 
    method - POST 
    IP - ::1
   {"timestamp":"2023-04-18T08:34:31.929Z"}
info: Server started at http://localhost:6060/api/v1/ {"timestamp":"2023-04-18T08:34:46.756Z"}
info: Connected to the database. {"timestamp":"2023-04-18T08:34:46.773Z"}
info: Server started at http://localhost:6060/api/v1/ {"timestamp":"2023-04-18T08:35:01.756Z"}
info: Connected to the database. {"timestamp":"2023-04-18T08:35:01.789Z"}
error: 
    status - 500 
    message - Error: User already exist
    at _callee$ (D:\Backend\E-Commerce\e-commerce_Backend\src\services\/admin.service.js:14:15)
    at tryCatch (D:\Backend\E-Commerce\e-commerce_Backend\node_modules\@babel\runtime\helpers\regeneratorRuntime.js:44:17)
    at Generator.<anonymous> (D:\Backend\E-Commerce\e-commerce_Backend\node_modules\@babel\runtime\helpers\regeneratorRuntime.js:125:22)
    at Generator.next (D:\Backend\E-Commerce\e-commerce_Backend\node_modules\@babel\runtime\helpers\regeneratorRuntime.js:69:21)
    at asyncGeneratorStep (D:\Backend\E-Commerce\e-commerce_Backend\node_modules\@babel\runtime\helpers\asyncToGenerator.js:3:24)
    at _next (D:\Backend\E-Commerce\e-commerce_Backend\node_modules\@babel\runtime\helpers\asyncToGenerator.js:22:9)
    at processTicksAndRejections (node:internal/process/task_queues:95:5) 
    url - /api/v1/admin/ 
    method - POST 
    IP - ::1
   {"timestamp":"2023-04-18T08:36:26.465Z"}
error: 
    status - 500 
    message - Error: Error: Invalid Email
    at _callee2$ (D:\Backend\E-Commerce\e-commerce_Backend\src\services\/admin.service.js:31:15)
    at tryCatch (D:\Backend\E-Commerce\e-commerce_Backend\node_modules\@babel\runtime\helpers\regeneratorRuntime.js:44:17)
    at Generator.<anonymous> (D:\Backend\E-Commerce\e-commerce_Backend\node_modules\@babel\runtime\helpers\regeneratorRuntime.js:125:22)
    at Generator.next (D:\Backend\E-Commerce\e-commerce_Backend\node_modules\@babel\runtime\helpers\regeneratorRuntime.js:69:21)
    at asyncGeneratorStep (D:\Backend\E-Commerce\e-commerce_Backend\node_modules\@babel\runtime\helpers\asyncToGenerator.js:3:24)
    at _next (D:\Backend\E-Commerce\e-commerce_Backend\node_modules\@babel\runtime\helpers\asyncToGenerator.js:22:9)
    at processTicksAndRejections (node:internal/process/task_queues:95:5) 
    url - /api/v1/admin/login 
    method - POST 
    IP - ::1
   {"timestamp":"2023-04-18T08:36:45.304Z"}
info: Server started at http://localhost:6060/api/v1/ {"timestamp":"2023-04-18T08:37:12.178Z"}
info: Connected to the database. {"timestamp":"2023-04-18T08:37:12.201Z"}
error: 
    status - 500 
    message - Error: Error: Invalid Email
    at _callee2$ (D:\Backend\E-Commerce\e-commerce_Backend\src\services\/admin.service.js:31:15)
    at tryCatch (D:\Backend\E-Commerce\e-commerce_Backend\node_modules\@babel\runtime\helpers\regeneratorRuntime.js:44:17)
    at Generator.<anonymous> (D:\Backend\E-Commerce\e-commerce_Backend\node_modules\@babel\runtime\helpers\regeneratorRuntime.js:125:22)
    at Generator.next (D:\Backend\E-Commerce\e-commerce_Backend\node_modules\@babel\runtime\helpers\regeneratorRuntime.js:69:21)
    at asyncGeneratorStep (D:\Backend\E-Commerce\e-commerce_Backend\node_modules\@babel\runtime\helpers\asyncToGenerator.js:3:24)
    at _next (D:\Backend\E-Commerce\e-commerce_Backend\node_modules\@babel\runtime\helpers\asyncToGenerator.js:22:9)
    at processTicksAndRejections (node:internal/process/task_queues:95:5) 
    url - /api/v1/admin/login 
    method - POST 
    IP - ::1
   {"timestamp":"2023-04-18T08:37:15.450Z"}
error: 
    status - 500 
    message - Error: Error: Invalid Email
    at _callee2$ (D:\Backend\E-Commerce\e-commerce_Backend\src\services\/admin.service.js:31:15)
    at tryCatch (D:\Backend\E-Commerce\e-commerce_Backend\node_modules\@babel\runtime\helpers\regeneratorRuntime.js:44:17)
    at Generator.<anonymous> (D:\Backend\E-Commerce\e-commerce_Backend\node_modules\@babel\runtime\helpers\regeneratorRuntime.js:125:22)
    at Generator.next (D:\Backend\E-Commerce\e-commerce_Backend\node_modules\@babel\runtime\helpers\regeneratorRuntime.js:69:21)
    at asyncGeneratorStep (D:\Backend\E-Commerce\e-commerce_Backend\node_modules\@babel\runtime\helpers\asyncToGenerator.js:3:24)
    at _next (D:\Backend\E-Commerce\e-commerce_Backend\node_modules\@babel\runtime\helpers\asyncToGenerator.js:22:9)
    at processTicksAndRejections (node:internal/process/task_queues:95:5) 
    url - /api/v1/admin/login 
    method - POST 
    IP - ::1
   {"timestamp":"2023-04-18T08:37:39.096Z"}
error: 
    status - 500 
    message - Error: User already exist
    at _callee$ (D:\Backend\E-Commerce\e-commerce_Backend\src\services\/admin.service.js:14:15)
    at tryCatch (D:\Backend\E-Commerce\e-commerce_Backend\node_modules\@babel\runtime\helpers\regeneratorRuntime.js:44:17)
    at Generator.<anonymous> (D:\Backend\E-Commerce\e-commerce_Backend\node_modules\@babel\runtime\helpers\regeneratorRuntime.js:125:22)
    at Generator.next (D:\Backend\E-Commerce\e-commerce_Backend\node_modules\@babel\runtime\helpers\regeneratorRuntime.js:69:21)
    at asyncGeneratorStep (D:\Backend\E-Commerce\e-commerce_Backend\node_modules\@babel\runtime\helpers\asyncToGenerator.js:3:24)
    at _next (D:\Backend\E-Commerce\e-commerce_Backend\node_modules\@babel\runtime\helpers\asyncToGenerator.js:22:9)
    at processTicksAndRejections (node:internal/process/task_queues:95:5) 
    url - /api/v1/admin/ 
    method - POST 
    IP - ::1
   {"timestamp":"2023-04-18T08:37:43.924Z"}
error: 
    status - 500 
    message - Error: Error: Invalid Email
    at _callee2$ (D:\Backend\E-Commerce\e-commerce_Backend\src\services\/admin.service.js:31:15)
    at tryCatch (D:\Backend\E-Commerce\e-commerce_Backend\node_modules\@babel\runtime\helpers\regeneratorRuntime.js:44:17)
    at Generator.<anonymous> (D:\Backend\E-Commerce\e-commerce_Backend\node_modules\@babel\runtime\helpers\regeneratorRuntime.js:125:22)
    at Generator.next (D:\Backend\E-Commerce\e-commerce_Backend\node_modules\@babel\runtime\helpers\regeneratorRuntime.js:69:21)
    at asyncGeneratorStep (D:\Backend\E-Commerce\e-commerce_Backend\node_modules\@babel\runtime\helpers\asyncToGenerator.js:3:24)
    at _next (D:\Backend\E-Commerce\e-commerce_Backend\node_modules\@babel\runtime\helpers\asyncToGenerator.js:22:9)
    at processTicksAndRejections (node:internal/process/task_queues:95:5) 
    url - /api/v1/admin/login 
    method - POST 
    IP - ::1
   {"timestamp":"2023-04-18T08:37:49.336Z"}
error: 
    status - 500 
    message - Error: Error: Invalid Email
    at _callee2$ (D:\Backend\E-Commerce\e-commerce_Backend\src\services\/admin.service.js:31:15)
    at tryCatch (D:\Backend\E-Commerce\e-commerce_Backend\node_modules\@babel\runtime\helpers\regeneratorRuntime.js:44:17)
    at Generator.<anonymous> (D:\Backend\E-Commerce\e-commerce_Backend\node_modules\@babel\runtime\helpers\regeneratorRuntime.js:125:22)
    at Generator.next (D:\Backend\E-Commerce\e-commerce_Backend\node_modules\@babel\runtime\helpers\regeneratorRuntime.js:69:21)
    at asyncGeneratorStep (D:\Backend\E-Commerce\e-commerce_Backend\node_modules\@babel\runtime\helpers\asyncToGenerator.js:3:24)
    at _next (D:\Backend\E-Commerce\e-commerce_Backend\node_modules\@babel\runtime\helpers\asyncToGenerator.js:22:9)
    at processTicksAndRejections (node:internal/process/task_queues:95:5) 
    url - /api/v1/admin/login 
    method - POST 
    IP - ::1
   {"timestamp":"2023-04-18T08:40:50.343Z"}
error: 
    status - 500 
    message - Error: User already exist
    at _callee$ (D:\Backend\E-Commerce\e-commerce_Backend\src\services\/admin.service.js:14:15)
    at tryCatch (D:\Backend\E-Commerce\e-commerce_Backend\node_modules\@babel\runtime\helpers\regeneratorRuntime.js:44:17)
    at Generator.<anonymous> (D:\Backend\E-Commerce\e-commerce_Backend\node_modules\@babel\runtime\helpers\regeneratorRuntime.js:125:22)
    at Generator.next (D:\Backend\E-Commerce\e-commerce_Backend\node_modules\@babel\runtime\helpers\regeneratorRuntime.js:69:21)
    at asyncGeneratorStep (D:\Backend\E-Commerce\e-commerce_Backend\node_modules\@babel\runtime\helpers\asyncToGenerator.js:3:24)
    at _next (D:\Backend\E-Commerce\e-commerce_Backend\node_modules\@babel\runtime\helpers\asyncToGenerator.js:22:9)
    at processTicksAndRejections (node:internal/process/task_queues:95:5) 
    url - /api/v1/admin/ 
    method - POST 
    IP - ::1
   {"timestamp":"2023-04-18T08:41:11.945Z"}
info: Server started at http://localhost:6060/api/v1/ {"timestamp":"2023-04-18T08:42:05.579Z"}
info: Connected to the database. {"timestamp":"2023-04-18T08:42:05.602Z"}
info: Server started at http://localhost:6060/api/v1/ {"timestamp":"2023-04-18T08:42:11.243Z"}
info: Connected to the database. {"timestamp":"2023-04-18T08:42:11.275Z"}
info: Server started at http://localhost:6060/api/v1/ {"timestamp":"2023-04-18T08:43:24.336Z"}
info: Connected to the database. {"timestamp":"2023-04-18T08:43:24.356Z"}
info: Server started at http://localhost:6060/api/v1/ {"timestamp":"2023-04-18T08:43:37.539Z"}
info: Connected to the database. {"timestamp":"2023-04-18T08:43:37.563Z"}
info: Server started at http://localhost:6060/api/v1/ {"timestamp":"2023-04-18T08:43:49.180Z"}
info: Connected to the database. {"timestamp":"2023-04-18T08:43:49.209Z"}
info: Server started at http://localhost:6060/api/v1/ {"timestamp":"2023-04-18T08:44:36.251Z"}
info: Connected to the database. {"timestamp":"2023-04-18T08:44:36.276Z"}
info: Server started at http://localhost:6060/api/v1/ {"timestamp":"2023-04-18T08:46:11.585Z"}
info: Connected to the database. {"timestamp":"2023-04-18T08:46:11.607Z"}
error: 
    status - 500 
    message - ValidationError: "firstname" is required 
    url - /api/v1/admin/ 
    method - POST 
    IP - ::1
   {"timestamp":"2023-04-18T08:46:28.013Z"}
error: 
    status - 500 
    message - Error: Error: Invalid Email
    at _callee2$ (D:\Backend\E-Commerce\e-commerce_Backend\src\services\/admin.service.js:31:15)
    at tryCatch (D:\Backend\E-Commerce\e-commerce_Backend\node_modules\@babel\runtime\helpers\regeneratorRuntime.js:44:17)
    at Generator.<anonymous> (D:\Backend\E-Commerce\e-commerce_Backend\node_modules\@babel\runtime\helpers\regeneratorRuntime.js:125:22)
    at Generator.next (D:\Backend\E-Commerce\e-commerce_Backend\node_modules\@babel\runtime\helpers\regeneratorRuntime.js:69:21)
    at asyncGeneratorStep (D:\Backend\E-Commerce\e-commerce_Backend\node_modules\@babel\runtime\helpers\asyncToGenerator.js:3:24)
    at _next (D:\Backend\E-Commerce\e-commerce_Backend\node_modules\@babel\runtime\helpers\asyncToGenerator.js:22:9)
    at processTicksAndRejections (node:internal/process/task_queues:95:5) 
    url - /api/v1/admin/login 
    method - POST 
    IP - ::1
   {"timestamp":"2023-04-18T08:46:35.163Z"}
error: 
    status - 500 
    message - SyntaxError: Unexpected end of JSON input
    at JSON.parse (<anonymous>)
    at createStrictSyntaxError (D:\Backend\E-Commerce\e-commerce_Backend\node_modules\body-parser\lib\types\json.js:160:10)
    at parse (D:\Backend\E-Commerce\e-commerce_Backend\node_modules\body-parser\lib\types\json.js:83:15)
    at D:\Backend\E-Commerce\e-commerce_Backend\node_modules\body-parser\lib\read.js:128:18
    at AsyncResource.runInAsyncScope (node:async_hooks:204:9)
    at invokeCallback (D:\Backend\E-Commerce\e-commerce_Backend\node_modules\raw-body\index.js:231:16)
    at done (D:\Backend\E-Commerce\e-commerce_Backend\node_modules\raw-body\index.js:220:7)
    at IncomingMessage.onEnd (D:\Backend\E-Commerce\e-commerce_Backend\node_modules\raw-body\index.js:280:7)
    at IncomingMessage.emit (node:events:513:28)
    at IncomingMessage.emit (node:domain:489:12)
    at endReadableNT (node:internal/streams/readable:1359:12)
    at processTicksAndRejections (node:internal/process/task_queues:82:21) 
    url - /api/v1/admin/login/product 
    method - GET 
    IP - ::1
   {"timestamp":"2023-04-18T08:51:19.540Z"}
error: 
    status - 500 
    message - SyntaxError: Unexpected end of JSON input
    at JSON.parse (<anonymous>)
    at createStrictSyntaxError (D:\Backend\E-Commerce\e-commerce_Backend\node_modules\body-parser\lib\types\json.js:160:10)
    at parse (D:\Backend\E-Commerce\e-commerce_Backend\node_modules\body-parser\lib\types\json.js:83:15)
    at D:\Backend\E-Commerce\e-commerce_Backend\node_modules\body-parser\lib\read.js:128:18
    at AsyncResource.runInAsyncScope (node:async_hooks:204:9)
    at invokeCallback (D:\Backend\E-Commerce\e-commerce_Backend\node_modules\raw-body\index.js:231:16)
    at done (D:\Backend\E-Commerce\e-commerce_Backend\node_modules\raw-body\index.js:220:7)
    at IncomingMessage.onEnd (D:\Backend\E-Commerce\e-commerce_Backend\node_modules\raw-body\index.js:280:7)
    at IncomingMessage.emit (node:events:513:28)
    at IncomingMessage.emit (node:domain:489:12)
    at endReadableNT (node:internal/streams/readable:1359:12)
    at processTicksAndRejections (node:internal/process/task_queues:82:21) 
    url - /api/v1/admin/login/product 
    method - GET 
    IP - ::1
   {"timestamp":"2023-04-18T08:51:48.906Z"}
error: 
    status - 500 
    message - SyntaxError: Unexpected end of JSON input
    at JSON.parse (<anonymous>)
    at createStrictSyntaxError (D:\Backend\E-Commerce\e-commerce_Backend\node_modules\body-parser\lib\types\json.js:160:10)
    at parse (D:\Backend\E-Commerce\e-commerce_Backend\node_modules\body-parser\lib\types\json.js:83:15)
    at D:\Backend\E-Commerce\e-commerce_Backend\node_modules\body-parser\lib\read.js:128:18
    at AsyncResource.runInAsyncScope (node:async_hooks:204:9)
    at invokeCallback (D:\Backend\E-Commerce\e-commerce_Backend\node_modules\raw-body\index.js:231:16)
    at done (D:\Backend\E-Commerce\e-commerce_Backend\node_modules\raw-body\index.js:220:7)
    at IncomingMessage.onEnd (D:\Backend\E-Commerce\e-commerce_Backend\node_modules\raw-body\index.js:280:7)
    at IncomingMessage.emit (node:events:513:28)
    at IncomingMessage.emit (node:domain:489:12)
    at endReadableNT (node:internal/streams/readable:1359:12)
    at processTicksAndRejections (node:internal/process/task_queues:82:21) 
    url - /api/v1/admin/login/product 
    method - GET 
    IP - ::1
   {"timestamp":"2023-04-18T08:51:52.270Z"}
info: Server started at http://localhost:6060/api/v1/ {"timestamp":"2023-04-18T08:52:46.711Z"}
info: Connected to the database. {"timestamp":"2023-04-18T08:52:46.738Z"}
error: 
    status - 500 
    message - SyntaxError: Unexpected end of JSON input
    at JSON.parse (<anonymous>)
    at createStrictSyntaxError (D:\Backend\E-Commerce\e-commerce_Backend\node_modules\body-parser\lib\types\json.js:160:10)
    at parse (D:\Backend\E-Commerce\e-commerce_Backend\node_modules\body-parser\lib\types\json.js:83:15)
    at D:\Backend\E-Commerce\e-commerce_Backend\node_modules\body-parser\lib\read.js:128:18
    at AsyncResource.runInAsyncScope (node:async_hooks:204:9)
    at invokeCallback (D:\Backend\E-Commerce\e-commerce_Backend\node_modules\raw-body\index.js:231:16)
    at done (D:\Backend\E-Commerce\e-commerce_Backend\node_modules\raw-body\index.js:220:7)
    at IncomingMessage.onEnd (D:\Backend\E-Commerce\e-commerce_Backend\node_modules\raw-body\index.js:280:7)
    at IncomingMessage.emit (node:events:513:28)
    at IncomingMessage.emit (node:domain:489:12)
    at endReadableNT (node:internal/streams/readable:1359:12)
    at processTicksAndRejections (node:internal/process/task_queues:82:21) 
    url - /api/v1/admin/login/product 
    method - GET 
    IP - ::1
   {"timestamp":"2023-04-18T08:53:07.781Z"}
error: 
    status - 500 
    message - TypeError: Cannot read properties of undefined (reading 'isAdmin')
    at _callee2$ (D:\Backend\E-Commerce\e-commerce_Backend\src\middlewares\/auth.middleware.js:42:15)
    at tryCatch (D:\Backend\E-Commerce\e-commerce_Backend\node_modules\@babel\runtime\helpers\regeneratorRuntime.js:44:17)
    at Generator.<anonymous> (D:\Backend\E-Commerce\e-commerce_Backend\node_modules\@babel\runtime\helpers\regeneratorRuntime.js:125:22)
    at Generator.next (D:\Backend\E-Commerce\e-commerce_Backend\node_modules\@babel\runtime\helpers\regeneratorRuntime.js:69:21)
    at asyncGeneratorStep (D:\Backend\E-Commerce\e-commerce_Backend\node_modules\@babel\runtime\helpers\asyncToGenerator.js:3:24)
    at _next (D:\Backend\E-Commerce\e-commerce_Backend\node_modules\@babel\runtime\helpers\asyncToGenerator.js:22:9)
    at processTicksAndRejections (node:internal/process/task_queues:95:5) 
    url - /api/v1/product 
    method - GET 
    IP - ::1
   {"timestamp":"2023-04-18T08:53:29.623Z"}
info: Server started at http://localhost:6060/api/v1/ {"timestamp":"2023-04-18T08:53:43.567Z"}
info: Connected to the database. {"timestamp":"2023-04-18T08:53:43.585Z"}
error: 
    status - 500 
    message - TypeError: Cannot read properties of undefined (reading 'isAdmin')
    at _callee2$ (D:\Backend\E-Commerce\e-commerce_Backend\src\middlewares\/auth.middleware.js:42:15)
    at tryCatch (D:\Backend\E-Commerce\e-commerce_Backend\node_modules\@babel\runtime\helpers\regeneratorRuntime.js:44:17)
    at Generator.<anonymous> (D:\Backend\E-Commerce\e-commerce_Backend\node_modules\@babel\runtime\helpers\regeneratorRuntime.js:125:22)
    at Generator.next (D:\Backend\E-Commerce\e-commerce_Backend\node_modules\@babel\runtime\helpers\regeneratorRuntime.js:69:21)
    at asyncGeneratorStep (D:\Backend\E-Commerce\e-commerce_Backend\node_modules\@babel\runtime\helpers\asyncToGenerator.js:3:24)
    at _next (D:\Backend\E-Commerce\e-commerce_Backend\node_modules\@babel\runtime\helpers\asyncToGenerator.js:22:9)
    at processTicksAndRejections (node:internal/process/task_queues:95:5) 
    url - /api/v1/product 
    method - GET 
    IP - ::1
   {"timestamp":"2023-04-18T08:53:48.022Z"}
info: Server started at http://localhost:6060/api/v1/ {"timestamp":"2023-04-18T08:54:55.147Z"}
info: Connected to the database. {"timestamp":"2023-04-18T08:54:55.166Z"}
error: 
    status - 500 
    message - TypeError: Cannot read properties of undefined (reading 'email')
    at _callee2$ (D:\Backend\E-Commerce\e-commerce_Backend\src\middlewares\/auth.middleware.js:48:28)
    at tryCatch (D:\Backend\E-Commerce\e-commerce_Backend\node_modules\@babel\runtime\helpers\regeneratorRuntime.js:44:17)
    at Generator.<anonymous> (D:\Backend\E-Commerce\e-commerce_Backend\node_modules\@babel\runtime\helpers\regeneratorRuntime.js:125:22)
    at Generator.next (D:\Backend\E-Commerce\e-commerce_Backend\node_modules\@babel\runtime\helpers\regeneratorRuntime.js:69:21)
    at asyncGeneratorStep (D:\Backend\E-Commerce\e-commerce_Backend\node_modules\@babel\runtime\helpers\asyncToGenerator.js:3:24)
    at _next (D:\Backend\E-Commerce\e-commerce_Backend\node_modules\@babel\runtime\helpers\asyncToGenerator.js:22:9)
    at processTicksAndRejections (node:internal/process/task_queues:95:5) 
    url - /api/v1/product 
    method - GET 
    IP - ::1
   {"timestamp":"2023-04-18T08:55:04.175Z"}
error: 
    status - 500 
    message - TypeError: Cannot read properties of undefined (reading 'email')
    at _callee2$ (D:\Backend\E-Commerce\e-commerce_Backend\src\middlewares\/auth.middleware.js:48:28)
    at tryCatch (D:\Backend\E-Commerce\e-commerce_Backend\node_modules\@babel\runtime\helpers\regeneratorRuntime.js:44:17)
    at Generator.<anonymous> (D:\Backend\E-Commerce\e-commerce_Backend\node_modules\@babel\runtime\helpers\regeneratorRuntime.js:125:22)
    at Generator.next (D:\Backend\E-Commerce\e-commerce_Backend\node_modules\@babel\runtime\helpers\regeneratorRuntime.js:69:21)
    at asyncGeneratorStep (D:\Backend\E-Commerce\e-commerce_Backend\node_modules\@babel\runtime\helpers\asyncToGenerator.js:3:24)
    at _next (D:\Backend\E-Commerce\e-commerce_Backend\node_modules\@babel\runtime\helpers\asyncToGenerator.js:22:9)
    at processTicksAndRejections (node:internal/process/task_queues:95:5) 
    url - /api/v1/product 
    method - GET 
    IP - ::1
   {"timestamp":"2023-04-18T08:55:05.919Z"}
info: Server started at http://localhost:6060/api/v1/ {"timestamp":"2023-04-18T08:56:03.021Z"}
info: Connected to the database. {"timestamp":"2023-04-18T08:56:03.047Z"}
error: 
    status - 500 
    message - TypeError: Cannot read properties of undefined (reading 'email')
    at _callee2$ (D:\Backend\E-Commerce\e-commerce_Backend\src\middlewares\/auth.middleware.js:48:29)
    at tryCatch (D:\Backend\E-Commerce\e-commerce_Backend\node_modules\@babel\runtime\helpers\regeneratorRuntime.js:44:17)
    at Generator.<anonymous> (D:\Backend\E-Commerce\e-commerce_Backend\node_modules\@babel\runtime\helpers\regeneratorRuntime.js:125:22)
    at Generator.next (D:\Backend\E-Commerce\e-commerce_Backend\node_modules\@babel\runtime\helpers\regeneratorRuntime.js:69:21)
    at asyncGeneratorStep (D:\Backend\E-Commerce\e-commerce_Backend\node_modules\@babel\runtime\helpers\asyncToGenerator.js:3:24)
    at _next (D:\Backend\E-Commerce\e-commerce_Backend\node_modules\@babel\runtime\helpers\asyncToGenerator.js:22:9)
    at processTicksAndRejections (node:internal/process/task_queues:95:5) 
    url - /api/v1/product 
    method - GET 
    IP - ::1
   {"timestamp":"2023-04-18T08:56:05.181Z"}
info: Server started at http://localhost:6060/api/v1/ {"timestamp":"2023-04-18T09:03:20.937Z"}
info: Connected to the database. {"timestamp":"2023-04-18T09:03:20.966Z"}
error: 
    status - 500 
    message - TypeError: Cannot read properties of undefined (reading 'email')
    at _callee2$ (D:\Backend\E-Commerce\e-commerce_Backend\src\middlewares\/auth.middleware.js:95:29)
    at tryCatch (D:\Backend\E-Commerce\e-commerce_Backend\node_modules\@babel\runtime\helpers\regeneratorRuntime.js:44:17)
    at Generator.<anonymous> (D:\Backend\E-Commerce\e-commerce_Backend\node_modules\@babel\runtime\helpers\regeneratorRuntime.js:125:22)
    at Generator.next (D:\Backend\E-Commerce\e-commerce_Backend\node_modules\@babel\runtime\helpers\regeneratorRuntime.js:69:21)
    at asyncGeneratorStep (D:\Backend\E-Commerce\e-commerce_Backend\node_modules\@babel\runtime\helpers\asyncToGenerator.js:3:24)
    at _next (D:\Backend\E-Commerce\e-commerce_Backend\node_modules\@babel\runtime\helpers\asyncToGenerator.js:22:9)
    at processTicksAndRejections (node:internal/process/task_queues:95:5) 
    url - /api/v1/product 
    method - GET 
    IP - ::1
   {"timestamp":"2023-04-18T09:03:25.351Z"}
error: 
    status - 500 
    message - TypeError: Cannot read properties of undefined (reading 'email')
    at _callee2$ (D:\Backend\E-Commerce\e-commerce_Backend\src\middlewares\/auth.middleware.js:95:29)
    at tryCatch (D:\Backend\E-Commerce\e-commerce_Backend\node_modules\@babel\runtime\helpers\regeneratorRuntime.js:44:17)
    at Generator.<anonymous> (D:\Backend\E-Commerce\e-commerce_Backend\node_modules\@babel\runtime\helpers\regeneratorRuntime.js:125:22)
    at Generator.next (D:\Backend\E-Commerce\e-commerce_Backend\node_modules\@babel\runtime\helpers\regeneratorRuntime.js:69:21)
    at asyncGeneratorStep (D:\Backend\E-Commerce\e-commerce_Backend\node_modules\@babel\runtime\helpers\asyncToGenerator.js:3:24)
    at _next (D:\Backend\E-Commerce\e-commerce_Backend\node_modules\@babel\runtime\helpers\asyncToGenerator.js:22:9)
    at processTicksAndRejections (node:internal/process/task_queues:95:5) 
    url - /api/v1/product 
    method - GET 
    IP - ::1
   {"timestamp":"2023-04-18T09:03:30.583Z"}
info: Server started at http://localhost:6060/api/v1/ {"timestamp":"2023-04-18T09:12:21.087Z"}
info: Connected to the database. {"timestamp":"2023-04-18T09:12:21.119Z"}
info: Server started at http://localhost:6060/api/v1/ {"timestamp":"2023-04-18T09:12:29.897Z"}
info: Connected to the database. {"timestamp":"2023-04-18T09:12:29.924Z"}
info: Server started at http://localhost:6060/api/v1/ {"timestamp":"2023-04-18T09:14:30.370Z"}
info: Connected to the database. {"timestamp":"2023-04-18T09:14:30.400Z"}
info: Server started at http://localhost:6060/api/v1/ {"timestamp":"2023-04-18T09:15:47.764Z"}
info: Connected to the database. {"timestamp":"2023-04-18T09:15:47.782Z"}
error: 
    status - 500 
    message - Error: Product validation failed: quantity: Path `quantity` is required., manufacturer: Path `manufacturer` is required., description: Path `description` is required., discountedPrice: Path `discountedPrice` is required., realPrice: Path `realPrice` is required., image: Path `image` is required.
    at _callee2$ (D:\Backend\E-Commerce\e-commerce_Backend\src\services\/product.services.js:20:15)
    at tryCatch (D:\Backend\E-Commerce\e-commerce_Backend\node_modules\@babel\runtime\helpers\regeneratorRuntime.js:44:17)
    at Generator.<anonymous> (D:\Backend\E-Commerce\e-commerce_Backend\node_modules\@babel\runtime\helpers\regeneratorRuntime.js:125:22)
    at Generator.throw (D:\Backend\E-Commerce\e-commerce_Backend\node_modules\@babel\runtime\helpers\regeneratorRuntime.js:69:21)
    at asyncGeneratorStep (D:\Backend\E-Commerce\e-commerce_Backend\node_modules\@babel\runtime\helpers\asyncToGenerator.js:3:24)
    at _throw (D:\Backend\E-Commerce\e-commerce_Backend\node_modules\@babel\runtime\helpers\asyncToGenerator.js:25:9)
    at processTicksAndRejections (node:internal/process/task_queues:95:5) 
    url - /api/v1/product 
    method - POST 
    IP - ::1
   {"timestamp":"2023-04-18T09:17:03.768Z"}
info: Server started at http://localhost:6060/api/v1/ {"timestamp":"2023-04-18T09:18:07.029Z"}
info: Connected to the database. {"timestamp":"2023-04-18T09:18:07.057Z"}
info: Server started at http://localhost:6060/api/v1/ {"timestamp":"2023-04-18T09:21:21.501Z"}
info: Connected to the database. {"timestamp":"2023-04-18T09:21:21.554Z"}
info: Server started at http://localhost:6060/api/v1/ {"timestamp":"2023-04-18T09:22:24.873Z"}
info: Connected to the database. {"timestamp":"2023-04-18T09:22:24.900Z"}
info: Server started at http://localhost:6060/api/v1/ {"timestamp":"2023-04-18T09:22:37.562Z"}
info: Connected to the database. {"timestamp":"2023-04-18T09:22:37.594Z"}
info: Server started at http://localhost:6060/api/v1/ {"timestamp":"2023-04-18T09:22:48.539Z"}
info: Connected to the database. {"timestamp":"2023-04-18T09:22:48.567Z"}
info: Server started at http://localhost:6060/api/v1/ {"timestamp":"2023-04-18T09:22:52.720Z"}
info: Connected to the database. {"timestamp":"2023-04-18T09:22:52.750Z"}
info: Server started at http://localhost:6060/api/v1/ {"timestamp":"2023-04-18T09:24:09.604Z"}
info: Connected to the database. {"timestamp":"2023-04-18T09:24:09.631Z"}
error: 
    status - 500 
    message - SyntaxError: Unexpected token } in JSON at position 314
    at JSON.parse (<anonymous>)
    at parse (D:\Backend\E-Commerce\e-commerce_Backend\node_modules\body-parser\lib\types\json.js:89:19)
    at D:\Backend\E-Commerce\e-commerce_Backend\node_modules\body-parser\lib\read.js:128:18
    at AsyncResource.runInAsyncScope (node:async_hooks:204:9)
    at invokeCallback (D:\Backend\E-Commerce\e-commerce_Backend\node_modules\raw-body\index.js:231:16)
    at done (D:\Backend\E-Commerce\e-commerce_Backend\node_modules\raw-body\index.js:220:7)
    at IncomingMessage.onEnd (D:\Backend\E-Commerce\e-commerce_Backend\node_modules\raw-body\index.js:280:7)
    at IncomingMessage.emit (node:events:513:28)
    at IncomingMessage.emit (node:domain:489:12)
    at endReadableNT (node:internal/streams/readable:1359:12)
    at processTicksAndRejections (node:internal/process/task_queues:82:21) 
    url - /api/v1/product 
    method - POST 
    IP - ::1
   {"timestamp":"2023-04-18T09:24:15.779Z"}
info: Server started at http://localhost:6060/api/v1/ {"timestamp":"2023-04-18T12:11:30.421Z"}
info: Connected to the database. {"timestamp":"2023-04-18T12:11:30.445Z"}
