error: 
    status - 500 
    message - JsonWebTokenError: jwt malformed
    at Object.verify (E:\projects\E-COMMERCE-SYSTEM\node_modules\jsonwebtoken\verify.js:63:17)
    at _callee$ (E:\projects\E-COMMERCE-SYSTEM\src\middlewares\/auth.middleware.js:14:28)
    at tryCatch (E:\projects\E-COMMERCE-SYSTEM\node_modules\@babel\runtime\helpers\regeneratorRuntime.js:44:17)
    at Generator.<anonymous> (E:\projects\E-COMMERCE-SYSTEM\node_modules\@babel\runtime\helpers\regeneratorRuntime.js:125:22)
    at Generator.next (E:\projects\E-COMMERCE-SYSTEM\node_modules\@babel\runtime\helpers\regeneratorRuntime.js:69:21)
    at asyncGeneratorStep (E:\projects\E-COMMERCE-SYSTEM\node_modules\@babel\runtime\helpers\asyncToGenerator.js:3:24)
    at _next (E:\projects\E-COMMERCE-SYSTEM\node_modules\@babel\runtime\helpers\asyncToGenerator.js:22:9)
    at E:\projects\E-COMMERCE-SYSTEM\node_modules\@babel\runtime\helpers\asyncToGenerator.js:27:7
    at new Promise (<anonymous>)
    at apply (E:\projects\E-COMMERCE-SYSTEM\node_modules\@babel\runtime\helpers\asyncToGenerator.js:19:12)
    at userAuth (E:\projects\E-COMMERCE-SYSTEM\src\middlewares\/auth.middleware.js:4:22)
    at Layer.handle [as handle_request] (E:\projects\E-COMMERCE-SYSTEM\node_modules\express\lib\router\layer.js:95:5)
    at next (E:\projects\E-COMMERCE-SYSTEM\node_modules\express\lib\router\route.js:144:13)
    at Route.dispatch (E:\projects\E-COMMERCE-SYSTEM\node_modules\express\lib\router\route.js:114:3)
    at Layer.handle [as handle_request] (E:\projects\E-COMMERCE-SYSTEM\node_modules\express\lib\router\layer.js:95:5)
    at E:\projects\E-COMMERCE-SYSTEM\node_modules\express\lib\router\index.js:284:15 
    url - /api/v1/wishlist/ 
    method - GET 
    IP - ::1
   {"timestamp":"2023-04-29T18:44:32.529Z"}
error: 
    status - 500 
    message - JsonWebTokenError: jwt malformed
    at Object.verify (E:\projects\E-COMMERCE-SYSTEM\node_modules\jsonwebtoken\verify.js:63:17)
    at _callee$ (E:\projects\E-COMMERCE-SYSTEM\src\middlewares\/auth.middleware.js:14:28)
    at tryCatch (E:\projects\E-COMMERCE-SYSTEM\node_modules\@babel\runtime\helpers\regeneratorRuntime.js:44:17)
    at Generator.<anonymous> (E:\projects\E-COMMERCE-SYSTEM\node_modules\@babel\runtime\helpers\regeneratorRuntime.js:125:22)
    at Generator.next (E:\projects\E-COMMERCE-SYSTEM\node_modules\@babel\runtime\helpers\regeneratorRuntime.js:69:21)
    at asyncGeneratorStep (E:\projects\E-COMMERCE-SYSTEM\node_modules\@babel\runtime\helpers\asyncToGenerator.js:3:24)
    at _next (E:\projects\E-COMMERCE-SYSTEM\node_modules\@babel\runtime\helpers\asyncToGenerator.js:22:9)
    at E:\projects\E-COMMERCE-SYSTEM\node_modules\@babel\runtime\helpers\asyncToGenerator.js:27:7
    at new Promise (<anonymous>)
    at apply (E:\projects\E-COMMERCE-SYSTEM\node_modules\@babel\runtime\helpers\asyncToGenerator.js:19:12)
    at userAuth (E:\projects\E-COMMERCE-SYSTEM\src\middlewares\/auth.middleware.js:4:22)
    at Layer.handle [as handle_request] (E:\projects\E-COMMERCE-SYSTEM\node_modules\express\lib\router\layer.js:95:5)
    at next (E:\projects\E-COMMERCE-SYSTEM\node_modules\express\lib\router\route.js:144:13)
    at Route.dispatch (E:\projects\E-COMMERCE-SYSTEM\node_modules\express\lib\router\route.js:114:3)
    at Layer.handle [as handle_request] (E:\projects\E-COMMERCE-SYSTEM\node_modules\express\lib\router\layer.js:95:5)
    at E:\projects\E-COMMERCE-SYSTEM\node_modules\express\lib\router\index.js:284:15 
    url - /api/v1/wishlist/ 
    method - GET 
    IP - ::1
   {"timestamp":"2023-04-29T18:44:32.552Z"}
error: 
    status - 500 
    message - JsonWebTokenError: jwt malformed
    at Object.verify (E:\projects\E-COMMERCE-SYSTEM\node_modules\jsonwebtoken\verify.js:63:17)
    at _callee$ (E:\projects\E-COMMERCE-SYSTEM\src\middlewares\/auth.middleware.js:14:28)
    at tryCatch (E:\projects\E-COMMERCE-SYSTEM\node_modules\@babel\runtime\helpers\regeneratorRuntime.js:44:17)
    at Generator.<anonymous> (E:\projects\E-COMMERCE-SYSTEM\node_modules\@babel\runtime\helpers\regeneratorRuntime.js:125:22)
    at Generator.next (E:\projects\E-COMMERCE-SYSTEM\node_modules\@babel\runtime\helpers\regeneratorRuntime.js:69:21)
    at asyncGeneratorStep (E:\projects\E-COMMERCE-SYSTEM\node_modules\@babel\runtime\helpers\asyncToGenerator.js:3:24)
    at _next (E:\projects\E-COMMERCE-SYSTEM\node_modules\@babel\runtime\helpers\asyncToGenerator.js:22:9)
    at E:\projects\E-COMMERCE-SYSTEM\node_modules\@babel\runtime\helpers\asyncToGenerator.js:27:7
    at new Promise (<anonymous>)
    at apply (E:\projects\E-COMMERCE-SYSTEM\node_modules\@babel\runtime\helpers\asyncToGenerator.js:19:12)
    at userAuth (E:\projects\E-COMMERCE-SYSTEM\src\middlewares\/auth.middleware.js:4:22)
    at Layer.handle [as handle_request] (E:\projects\E-COMMERCE-SYSTEM\node_modules\express\lib\router\layer.js:95:5)
    at next (E:\projects\E-COMMERCE-SYSTEM\node_modules\express\lib\router\route.js:144:13)
    at Route.dispatch (E:\projects\E-COMMERCE-SYSTEM\node_modules\express\lib\router\route.js:114:3)
    at Layer.handle [as handle_request] (E:\projects\E-COMMERCE-SYSTEM\node_modules\express\lib\router\layer.js:95:5)
    at E:\projects\E-COMMERCE-SYSTEM\node_modules\express\lib\router\index.js:284:15 
    url - /api/v1/cart 
    method - GET 
    IP - ::1
   {"timestamp":"2023-04-29T18:44:34.033Z"}
error: 
    status - 500 
    message - JsonWebTokenError: jwt malformed
    at Object.verify (E:\projects\E-COMMERCE-SYSTEM\node_modules\jsonwebtoken\verify.js:63:17)
    at _callee$ (E:\projects\E-COMMERCE-SYSTEM\src\middlewares\/auth.middleware.js:14:28)
    at tryCatch (E:\projects\E-COMMERCE-SYSTEM\node_modules\@babel\runtime\helpers\regeneratorRuntime.js:44:17)
    at Generator.<anonymous> (E:\projects\E-COMMERCE-SYSTEM\node_modules\@babel\runtime\helpers\regeneratorRuntime.js:125:22)
    at Generator.next (E:\projects\E-COMMERCE-SYSTEM\node_modules\@babel\runtime\helpers\regeneratorRuntime.js:69:21)
    at asyncGeneratorStep (E:\projects\E-COMMERCE-SYSTEM\node_modules\@babel\runtime\helpers\asyncToGenerator.js:3:24)
    at _next (E:\projects\E-COMMERCE-SYSTEM\node_modules\@babel\runtime\helpers\asyncToGenerator.js:22:9)
    at E:\projects\E-COMMERCE-SYSTEM\node_modules\@babel\runtime\helpers\asyncToGenerator.js:27:7
    at new Promise (<anonymous>)
    at apply (E:\projects\E-COMMERCE-SYSTEM\node_modules\@babel\runtime\helpers\asyncToGenerator.js:19:12)
    at userAuth (E:\projects\E-COMMERCE-SYSTEM\src\middlewares\/auth.middleware.js:4:22)
    at Layer.handle [as handle_request] (E:\projects\E-COMMERCE-SYSTEM\node_modules\express\lib\router\layer.js:95:5)
    at next (E:\projects\E-COMMERCE-SYSTEM\node_modules\express\lib\router\route.js:144:13)
    at Route.dispatch (E:\projects\E-COMMERCE-SYSTEM\node_modules\express\lib\router\route.js:114:3)
    at Layer.handle [as handle_request] (E:\projects\E-COMMERCE-SYSTEM\node_modules\express\lib\router\layer.js:95:5)
    at E:\projects\E-COMMERCE-SYSTEM\node_modules\express\lib\router\index.js:284:15 
    url - /api/v1/cart 
    method - GET 
    IP - ::1
   {"timestamp":"2023-04-29T18:44:34.047Z"}
error: 
    status - 500 
    message - JsonWebTokenError: jwt malformed
    at Object.verify (E:\projects\E-COMMERCE-SYSTEM\node_modules\jsonwebtoken\verify.js:63:17)
    at _callee$ (E:\projects\E-COMMERCE-SYSTEM\src\middlewares\/auth.middleware.js:14:28)
    at tryCatch (E:\projects\E-COMMERCE-SYSTEM\node_modules\@babel\runtime\helpers\regeneratorRuntime.js:44:17)
    at Generator.<anonymous> (E:\projects\E-COMMERCE-SYSTEM\node_modules\@babel\runtime\helpers\regeneratorRuntime.js:125:22)
    at Generator.next (E:\projects\E-COMMERCE-SYSTEM\node_modules\@babel\runtime\helpers\regeneratorRuntime.js:69:21)
    at asyncGeneratorStep (E:\projects\E-COMMERCE-SYSTEM\node_modules\@babel\runtime\helpers\asyncToGenerator.js:3:24)
    at _next (E:\projects\E-COMMERCE-SYSTEM\node_modules\@babel\runtime\helpers\asyncToGenerator.js:22:9)
    at E:\projects\E-COMMERCE-SYSTEM\node_modules\@babel\runtime\helpers\asyncToGenerator.js:27:7
    at new Promise (<anonymous>)
    at apply (E:\projects\E-COMMERCE-SYSTEM\node_modules\@babel\runtime\helpers\asyncToGenerator.js:19:12)
    at userAuth (E:\projects\E-COMMERCE-SYSTEM\src\middlewares\/auth.middleware.js:4:22)
    at Layer.handle [as handle_request] (E:\projects\E-COMMERCE-SYSTEM\node_modules\express\lib\router\layer.js:95:5)
    at next (E:\projects\E-COMMERCE-SYSTEM\node_modules\express\lib\router\route.js:144:13)
    at Route.dispatch (E:\projects\E-COMMERCE-SYSTEM\node_modules\express\lib\router\route.js:114:3)
    at Layer.handle [as handle_request] (E:\projects\E-COMMERCE-SYSTEM\node_modules\express\lib\router\layer.js:95:5)
    at E:\projects\E-COMMERCE-SYSTEM\node_modules\express\lib\router\index.js:284:15 
    url - /api/v1/wishlist/ 
    method - GET 
    IP - ::1
   {"timestamp":"2023-04-29T18:44:35.702Z"}
error: 
    status - 500 
    message - JsonWebTokenError: jwt malformed
    at Object.verify (E:\projects\E-COMMERCE-SYSTEM\node_modules\jsonwebtoken\verify.js:63:17)
    at _callee$ (E:\projects\E-COMMERCE-SYSTEM\src\middlewares\/auth.middleware.js:14:28)
    at tryCatch (E:\projects\E-COMMERCE-SYSTEM\node_modules\@babel\runtime\helpers\regeneratorRuntime.js:44:17)
    at Generator.<anonymous> (E:\projects\E-COMMERCE-SYSTEM\node_modules\@babel\runtime\helpers\regeneratorRuntime.js:125:22)
    at Generator.next (E:\projects\E-COMMERCE-SYSTEM\node_modules\@babel\runtime\helpers\regeneratorRuntime.js:69:21)
    at asyncGeneratorStep (E:\projects\E-COMMERCE-SYSTEM\node_modules\@babel\runtime\helpers\asyncToGenerator.js:3:24)
    at _next (E:\projects\E-COMMERCE-SYSTEM\node_modules\@babel\runtime\helpers\asyncToGenerator.js:22:9)
    at E:\projects\E-COMMERCE-SYSTEM\node_modules\@babel\runtime\helpers\asyncToGenerator.js:27:7
    at new Promise (<anonymous>)
    at apply (E:\projects\E-COMMERCE-SYSTEM\node_modules\@babel\runtime\helpers\asyncToGenerator.js:19:12)
    at userAuth (E:\projects\E-COMMERCE-SYSTEM\src\middlewares\/auth.middleware.js:4:22)
    at Layer.handle [as handle_request] (E:\projects\E-COMMERCE-SYSTEM\node_modules\express\lib\router\layer.js:95:5)
    at next (E:\projects\E-COMMERCE-SYSTEM\node_modules\express\lib\router\route.js:144:13)
    at Route.dispatch (E:\projects\E-COMMERCE-SYSTEM\node_modules\express\lib\router\route.js:114:3)
    at Layer.handle [as handle_request] (E:\projects\E-COMMERCE-SYSTEM\node_modules\express\lib\router\layer.js:95:5)
    at E:\projects\E-COMMERCE-SYSTEM\node_modules\express\lib\router\index.js:284:15 
    url - /api/v1/wishlist/ 
    method - GET 
    IP - ::1
   {"timestamp":"2023-04-29T18:44:35.717Z"}
error: 
    status - 500 
    message - JsonWebTokenError: jwt malformed
    at Object.verify (E:\projects\E-COMMERCE-SYSTEM\node_modules\jsonwebtoken\verify.js:63:17)
    at _callee$ (E:\projects\E-COMMERCE-SYSTEM\src\middlewares\/auth.middleware.js:14:28)
    at tryCatch (E:\projects\E-COMMERCE-SYSTEM\node_modules\@babel\runtime\helpers\regeneratorRuntime.js:44:17)
    at Generator.<anonymous> (E:\projects\E-COMMERCE-SYSTEM\node_modules\@babel\runtime\helpers\regeneratorRuntime.js:125:22)
    at Generator.next (E:\projects\E-COMMERCE-SYSTEM\node_modules\@babel\runtime\helpers\regeneratorRuntime.js:69:21)
    at asyncGeneratorStep (E:\projects\E-COMMERCE-SYSTEM\node_modules\@babel\runtime\helpers\asyncToGenerator.js:3:24)
    at _next (E:\projects\E-COMMERCE-SYSTEM\node_modules\@babel\runtime\helpers\asyncToGenerator.js:22:9)
    at E:\projects\E-COMMERCE-SYSTEM\node_modules\@babel\runtime\helpers\asyncToGenerator.js:27:7
    at new Promise (<anonymous>)
    at apply (E:\projects\E-COMMERCE-SYSTEM\node_modules\@babel\runtime\helpers\asyncToGenerator.js:19:12)
    at userAuth (E:\projects\E-COMMERCE-SYSTEM\src\middlewares\/auth.middleware.js:4:22)
    at Layer.handle [as handle_request] (E:\projects\E-COMMERCE-SYSTEM\node_modules\express\lib\router\layer.js:95:5)
    at next (E:\projects\E-COMMERCE-SYSTEM\node_modules\express\lib\router\route.js:144:13)
    at Route.dispatch (E:\projects\E-COMMERCE-SYSTEM\node_modules\express\lib\router\route.js:114:3)
    at Layer.handle [as handle_request] (E:\projects\E-COMMERCE-SYSTEM\node_modules\express\lib\router\layer.js:95:5)
    at E:\projects\E-COMMERCE-SYSTEM\node_modules\express\lib\router\index.js:284:15 
    url - /api/v1/cart 
    method - GET 
    IP - ::1
   {"timestamp":"2023-04-29T18:45:35.544Z"}
error: 
    status - 500 
    message - JsonWebTokenError: jwt malformed
    at Object.verify (E:\projects\E-COMMERCE-SYSTEM\node_modules\jsonwebtoken\verify.js:63:17)
    at _callee$ (E:\projects\E-COMMERCE-SYSTEM\src\middlewares\/auth.middleware.js:14:28)
    at tryCatch (E:\projects\E-COMMERCE-SYSTEM\node_modules\@babel\runtime\helpers\regeneratorRuntime.js:44:17)
    at Generator.<anonymous> (E:\projects\E-COMMERCE-SYSTEM\node_modules\@babel\runtime\helpers\regeneratorRuntime.js:125:22)
    at Generator.next (E:\projects\E-COMMERCE-SYSTEM\node_modules\@babel\runtime\helpers\regeneratorRuntime.js:69:21)
    at asyncGeneratorStep (E:\projects\E-COMMERCE-SYSTEM\node_modules\@babel\runtime\helpers\asyncToGenerator.js:3:24)
    at _next (E:\projects\E-COMMERCE-SYSTEM\node_modules\@babel\runtime\helpers\asyncToGenerator.js:22:9)
    at E:\projects\E-COMMERCE-SYSTEM\node_modules\@babel\runtime\helpers\asyncToGenerator.js:27:7
    at new Promise (<anonymous>)
    at apply (E:\projects\E-COMMERCE-SYSTEM\node_modules\@babel\runtime\helpers\asyncToGenerator.js:19:12)
    at userAuth (E:\projects\E-COMMERCE-SYSTEM\src\middlewares\/auth.middleware.js:4:22)
    at Layer.handle [as handle_request] (E:\projects\E-COMMERCE-SYSTEM\node_modules\express\lib\router\layer.js:95:5)
    at next (E:\projects\E-COMMERCE-SYSTEM\node_modules\express\lib\router\route.js:144:13)
    at Route.dispatch (E:\projects\E-COMMERCE-SYSTEM\node_modules\express\lib\router\route.js:114:3)
    at Layer.handle [as handle_request] (E:\projects\E-COMMERCE-SYSTEM\node_modules\express\lib\router\layer.js:95:5)
    at E:\projects\E-COMMERCE-SYSTEM\node_modules\express\lib\router\index.js:284:15 
    url - /api/v1/cart 
    method - GET 
    IP - ::1
   {"timestamp":"2023-04-29T18:45:35.553Z"}
error: 
    status - 500 
    message - JsonWebTokenError: jwt malformed
    at Object.verify (E:\projects\E-COMMERCE-SYSTEM\node_modules\jsonwebtoken\verify.js:63:17)
    at _callee$ (E:\projects\E-COMMERCE-SYSTEM\src\middlewares\/auth.middleware.js:14:28)
    at tryCatch (E:\projects\E-COMMERCE-SYSTEM\node_modules\@babel\runtime\helpers\regeneratorRuntime.js:44:17)
    at Generator.<anonymous> (E:\projects\E-COMMERCE-SYSTEM\node_modules\@babel\runtime\helpers\regeneratorRuntime.js:125:22)
    at Generator.next (E:\projects\E-COMMERCE-SYSTEM\node_modules\@babel\runtime\helpers\regeneratorRuntime.js:69:21)
    at asyncGeneratorStep (E:\projects\E-COMMERCE-SYSTEM\node_modules\@babel\runtime\helpers\asyncToGenerator.js:3:24)
    at _next (E:\projects\E-COMMERCE-SYSTEM\node_modules\@babel\runtime\helpers\asyncToGenerator.js:22:9)
    at E:\projects\E-COMMERCE-SYSTEM\node_modules\@babel\runtime\helpers\asyncToGenerator.js:27:7
    at new Promise (<anonymous>)
    at apply (E:\projects\E-COMMERCE-SYSTEM\node_modules\@babel\runtime\helpers\asyncToGenerator.js:19:12)
    at userAuth (E:\projects\E-COMMERCE-SYSTEM\src\middlewares\/auth.middleware.js:4:22)
    at Layer.handle [as handle_request] (E:\projects\E-COMMERCE-SYSTEM\node_modules\express\lib\router\layer.js:95:5)
    at next (E:\projects\E-COMMERCE-SYSTEM\node_modules\express\lib\router\route.js:144:13)
    at Route.dispatch (E:\projects\E-COMMERCE-SYSTEM\node_modules\express\lib\router\route.js:114:3)
    at Layer.handle [as handle_request] (E:\projects\E-COMMERCE-SYSTEM\node_modules\express\lib\router\layer.js:95:5)
    at E:\projects\E-COMMERCE-SYSTEM\node_modules\express\lib\router\index.js:284:15 
    url - /api/v1/cart 
    method - GET 
    IP - ::1
   {"timestamp":"2023-04-29T18:46:03.597Z"}
error: 
    status - 500 
    message - JsonWebTokenError: jwt malformed
    at Object.verify (E:\projects\E-COMMERCE-SYSTEM\node_modules\jsonwebtoken\verify.js:63:17)
    at _callee$ (E:\projects\E-COMMERCE-SYSTEM\src\middlewares\/auth.middleware.js:14:28)
    at tryCatch (E:\projects\E-COMMERCE-SYSTEM\node_modules\@babel\runtime\helpers\regeneratorRuntime.js:44:17)
    at Generator.<anonymous> (E:\projects\E-COMMERCE-SYSTEM\node_modules\@babel\runtime\helpers\regeneratorRuntime.js:125:22)
    at Generator.next (E:\projects\E-COMMERCE-SYSTEM\node_modules\@babel\runtime\helpers\regeneratorRuntime.js:69:21)
    at asyncGeneratorStep (E:\projects\E-COMMERCE-SYSTEM\node_modules\@babel\runtime\helpers\asyncToGenerator.js:3:24)
    at _next (E:\projects\E-COMMERCE-SYSTEM\node_modules\@babel\runtime\helpers\asyncToGenerator.js:22:9)
    at E:\projects\E-COMMERCE-SYSTEM\node_modules\@babel\runtime\helpers\asyncToGenerator.js:27:7
    at new Promise (<anonymous>)
    at apply (E:\projects\E-COMMERCE-SYSTEM\node_modules\@babel\runtime\helpers\asyncToGenerator.js:19:12)
    at userAuth (E:\projects\E-COMMERCE-SYSTEM\src\middlewares\/auth.middleware.js:4:22)
    at Layer.handle [as handle_request] (E:\projects\E-COMMERCE-SYSTEM\node_modules\express\lib\router\layer.js:95:5)
    at next (E:\projects\E-COMMERCE-SYSTEM\node_modules\express\lib\router\route.js:144:13)
    at Route.dispatch (E:\projects\E-COMMERCE-SYSTEM\node_modules\express\lib\router\route.js:114:3)
    at Layer.handle [as handle_request] (E:\projects\E-COMMERCE-SYSTEM\node_modules\express\lib\router\layer.js:95:5)
    at E:\projects\E-COMMERCE-SYSTEM\node_modules\express\lib\router\index.js:284:15 
    url - /api/v1/cart 
    method - GET 
    IP - ::1
   {"timestamp":"2023-04-29T18:46:03.604Z"}
error: 
    status - 500 
    message - JsonWebTokenError: jwt malformed
    at Object.verify (E:\projects\E-COMMERCE-SYSTEM\node_modules\jsonwebtoken\verify.js:63:17)
    at _callee$ (E:\projects\E-COMMERCE-SYSTEM\src\middlewares\/auth.middleware.js:14:28)
    at tryCatch (E:\projects\E-COMMERCE-SYSTEM\node_modules\@babel\runtime\helpers\regeneratorRuntime.js:44:17)
    at Generator.<anonymous> (E:\projects\E-COMMERCE-SYSTEM\node_modules\@babel\runtime\helpers\regeneratorRuntime.js:125:22)
    at Generator.next (E:\projects\E-COMMERCE-SYSTEM\node_modules\@babel\runtime\helpers\regeneratorRuntime.js:69:21)
    at asyncGeneratorStep (E:\projects\E-COMMERCE-SYSTEM\node_modules\@babel\runtime\helpers\asyncToGenerator.js:3:24)
    at _next (E:\projects\E-COMMERCE-SYSTEM\node_modules\@babel\runtime\helpers\asyncToGenerator.js:22:9)
    at E:\projects\E-COMMERCE-SYSTEM\node_modules\@babel\runtime\helpers\asyncToGenerator.js:27:7
    at new Promise (<anonymous>)
    at apply (E:\projects\E-COMMERCE-SYSTEM\node_modules\@babel\runtime\helpers\asyncToGenerator.js:19:12)
    at userAuth (E:\projects\E-COMMERCE-SYSTEM\src\middlewares\/auth.middleware.js:4:22)
    at Layer.handle [as handle_request] (E:\projects\E-COMMERCE-SYSTEM\node_modules\express\lib\router\layer.js:95:5)
    at next (E:\projects\E-COMMERCE-SYSTEM\node_modules\express\lib\router\route.js:144:13)
    at Route.dispatch (E:\projects\E-COMMERCE-SYSTEM\node_modules\express\lib\router\route.js:114:3)
    at Layer.handle [as handle_request] (E:\projects\E-COMMERCE-SYSTEM\node_modules\express\lib\router\layer.js:95:5)
    at E:\projects\E-COMMERCE-SYSTEM\node_modules\express\lib\router\index.js:284:15 
    url - /api/v1/wishlist/ 
    method - GET 
    IP - ::1
   {"timestamp":"2023-04-29T18:46:12.931Z"}
error: 
    status - 500 
    message - JsonWebTokenError: jwt malformed
    at Object.verify (E:\projects\E-COMMERCE-SYSTEM\node_modules\jsonwebtoken\verify.js:63:17)
    at _callee$ (E:\projects\E-COMMERCE-SYSTEM\src\middlewares\/auth.middleware.js:14:28)
    at tryCatch (E:\projects\E-COMMERCE-SYSTEM\node_modules\@babel\runtime\helpers\regeneratorRuntime.js:44:17)
    at Generator.<anonymous> (E:\projects\E-COMMERCE-SYSTEM\node_modules\@babel\runtime\helpers\regeneratorRuntime.js:125:22)
    at Generator.next (E:\projects\E-COMMERCE-SYSTEM\node_modules\@babel\runtime\helpers\regeneratorRuntime.js:69:21)
    at asyncGeneratorStep (E:\projects\E-COMMERCE-SYSTEM\node_modules\@babel\runtime\helpers\asyncToGenerator.js:3:24)
    at _next (E:\projects\E-COMMERCE-SYSTEM\node_modules\@babel\runtime\helpers\asyncToGenerator.js:22:9)
    at E:\projects\E-COMMERCE-SYSTEM\node_modules\@babel\runtime\helpers\asyncToGenerator.js:27:7
    at new Promise (<anonymous>)
    at apply (E:\projects\E-COMMERCE-SYSTEM\node_modules\@babel\runtime\helpers\asyncToGenerator.js:19:12)
    at userAuth (E:\projects\E-COMMERCE-SYSTEM\src\middlewares\/auth.middleware.js:4:22)
    at Layer.handle [as handle_request] (E:\projects\E-COMMERCE-SYSTEM\node_modules\express\lib\router\layer.js:95:5)
    at next (E:\projects\E-COMMERCE-SYSTEM\node_modules\express\lib\router\route.js:144:13)
    at Route.dispatch (E:\projects\E-COMMERCE-SYSTEM\node_modules\express\lib\router\route.js:114:3)
    at Layer.handle [as handle_request] (E:\projects\E-COMMERCE-SYSTEM\node_modules\express\lib\router\layer.js:95:5)
    at E:\projects\E-COMMERCE-SYSTEM\node_modules\express\lib\router\index.js:284:15 
    url - /api/v1/wishlist/ 
    method - GET 
    IP - ::1
   {"timestamp":"2023-04-29T18:46:12.942Z"}
error: 
    status - 500 
    message - JsonWebTokenError: jwt malformed
    at Object.verify (E:\projects\E-COMMERCE-SYSTEM\node_modules\jsonwebtoken\verify.js:63:17)
    at _callee$ (E:\projects\E-COMMERCE-SYSTEM\src\middlewares\/auth.middleware.js:14:28)
    at tryCatch (E:\projects\E-COMMERCE-SYSTEM\node_modules\@babel\runtime\helpers\regeneratorRuntime.js:44:17)
    at Generator.<anonymous> (E:\projects\E-COMMERCE-SYSTEM\node_modules\@babel\runtime\helpers\regeneratorRuntime.js:125:22)
    at Generator.next (E:\projects\E-COMMERCE-SYSTEM\node_modules\@babel\runtime\helpers\regeneratorRuntime.js:69:21)
    at asyncGeneratorStep (E:\projects\E-COMMERCE-SYSTEM\node_modules\@babel\runtime\helpers\asyncToGenerator.js:3:24)
    at _next (E:\projects\E-COMMERCE-SYSTEM\node_modules\@babel\runtime\helpers\asyncToGenerator.js:22:9)
    at E:\projects\E-COMMERCE-SYSTEM\node_modules\@babel\runtime\helpers\asyncToGenerator.js:27:7
    at new Promise (<anonymous>)
    at apply (E:\projects\E-COMMERCE-SYSTEM\node_modules\@babel\runtime\helpers\asyncToGenerator.js:19:12)
    at userAuth (E:\projects\E-COMMERCE-SYSTEM\src\middlewares\/auth.middleware.js:4:22)
    at Layer.handle [as handle_request] (E:\projects\E-COMMERCE-SYSTEM\node_modules\express\lib\router\layer.js:95:5)
    at next (E:\projects\E-COMMERCE-SYSTEM\node_modules\express\lib\router\route.js:144:13)
    at Route.dispatch (E:\projects\E-COMMERCE-SYSTEM\node_modules\express\lib\router\route.js:114:3)
    at Layer.handle [as handle_request] (E:\projects\E-COMMERCE-SYSTEM\node_modules\express\lib\router\layer.js:95:5)
    at E:\projects\E-COMMERCE-SYSTEM\node_modules\express\lib\router\index.js:284:15 
    url - /api/v1/cart 
    method - GET 
    IP - ::1
   {"timestamp":"2023-04-29T18:46:14.151Z"}
error: 
    status - 500 
    message - JsonWebTokenError: jwt malformed
    at Object.verify (E:\projects\E-COMMERCE-SYSTEM\node_modules\jsonwebtoken\verify.js:63:17)
    at _callee$ (E:\projects\E-COMMERCE-SYSTEM\src\middlewares\/auth.middleware.js:14:28)
    at tryCatch (E:\projects\E-COMMERCE-SYSTEM\node_modules\@babel\runtime\helpers\regeneratorRuntime.js:44:17)
    at Generator.<anonymous> (E:\projects\E-COMMERCE-SYSTEM\node_modules\@babel\runtime\helpers\regeneratorRuntime.js:125:22)
    at Generator.next (E:\projects\E-COMMERCE-SYSTEM\node_modules\@babel\runtime\helpers\regeneratorRuntime.js:69:21)
    at asyncGeneratorStep (E:\projects\E-COMMERCE-SYSTEM\node_modules\@babel\runtime\helpers\asyncToGenerator.js:3:24)
    at _next (E:\projects\E-COMMERCE-SYSTEM\node_modules\@babel\runtime\helpers\asyncToGenerator.js:22:9)
    at E:\projects\E-COMMERCE-SYSTEM\node_modules\@babel\runtime\helpers\asyncToGenerator.js:27:7
    at new Promise (<anonymous>)
    at apply (E:\projects\E-COMMERCE-SYSTEM\node_modules\@babel\runtime\helpers\asyncToGenerator.js:19:12)
    at userAuth (E:\projects\E-COMMERCE-SYSTEM\src\middlewares\/auth.middleware.js:4:22)
    at Layer.handle [as handle_request] (E:\projects\E-COMMERCE-SYSTEM\node_modules\express\lib\router\layer.js:95:5)
    at next (E:\projects\E-COMMERCE-SYSTEM\node_modules\express\lib\router\route.js:144:13)
    at Route.dispatch (E:\projects\E-COMMERCE-SYSTEM\node_modules\express\lib\router\route.js:114:3)
    at Layer.handle [as handle_request] (E:\projects\E-COMMERCE-SYSTEM\node_modules\express\lib\router\layer.js:95:5)
    at E:\projects\E-COMMERCE-SYSTEM\node_modules\express\lib\router\index.js:284:15 
    url - /api/v1/cart 
    method - GET 
    IP - ::1
   {"timestamp":"2023-04-29T18:46:14.183Z"}
error: 
    status - 500 
    message - JsonWebTokenError: jwt malformed
    at Object.verify (E:\projects\E-COMMERCE-SYSTEM\node_modules\jsonwebtoken\verify.js:63:17)
    at _callee$ (E:\projects\E-COMMERCE-SYSTEM\src\middlewares\/auth.middleware.js:14:28)
    at tryCatch (E:\projects\E-COMMERCE-SYSTEM\node_modules\@babel\runtime\helpers\regeneratorRuntime.js:44:17)
    at Generator.<anonymous> (E:\projects\E-COMMERCE-SYSTEM\node_modules\@babel\runtime\helpers\regeneratorRuntime.js:125:22)
    at Generator.next (E:\projects\E-COMMERCE-SYSTEM\node_modules\@babel\runtime\helpers\regeneratorRuntime.js:69:21)
    at asyncGeneratorStep (E:\projects\E-COMMERCE-SYSTEM\node_modules\@babel\runtime\helpers\asyncToGenerator.js:3:24)
    at _next (E:\projects\E-COMMERCE-SYSTEM\node_modules\@babel\runtime\helpers\asyncToGenerator.js:22:9)
    at E:\projects\E-COMMERCE-SYSTEM\node_modules\@babel\runtime\helpers\asyncToGenerator.js:27:7
    at new Promise (<anonymous>)
    at apply (E:\projects\E-COMMERCE-SYSTEM\node_modules\@babel\runtime\helpers\asyncToGenerator.js:19:12)
    at userAuth (E:\projects\E-COMMERCE-SYSTEM\src\middlewares\/auth.middleware.js:4:22)
    at Layer.handle [as handle_request] (E:\projects\E-COMMERCE-SYSTEM\node_modules\express\lib\router\layer.js:95:5)
    at next (E:\projects\E-COMMERCE-SYSTEM\node_modules\express\lib\router\route.js:144:13)
    at Route.dispatch (E:\projects\E-COMMERCE-SYSTEM\node_modules\express\lib\router\route.js:114:3)
    at Layer.handle [as handle_request] (E:\projects\E-COMMERCE-SYSTEM\node_modules\express\lib\router\layer.js:95:5)
    at E:\projects\E-COMMERCE-SYSTEM\node_modules\express\lib\router\index.js:284:15 
    url - /api/v1/wishlist/ 
    method - GET 
    IP - ::1
   {"timestamp":"2023-04-29T18:46:15.632Z"}
error: 
    status - 500 
    message - JsonWebTokenError: jwt malformed
    at Object.verify (E:\projects\E-COMMERCE-SYSTEM\node_modules\jsonwebtoken\verify.js:63:17)
    at _callee$ (E:\projects\E-COMMERCE-SYSTEM\src\middlewares\/auth.middleware.js:14:28)
    at tryCatch (E:\projects\E-COMMERCE-SYSTEM\node_modules\@babel\runtime\helpers\regeneratorRuntime.js:44:17)
    at Generator.<anonymous> (E:\projects\E-COMMERCE-SYSTEM\node_modules\@babel\runtime\helpers\regeneratorRuntime.js:125:22)
    at Generator.next (E:\projects\E-COMMERCE-SYSTEM\node_modules\@babel\runtime\helpers\regeneratorRuntime.js:69:21)
    at asyncGeneratorStep (E:\projects\E-COMMERCE-SYSTEM\node_modules\@babel\runtime\helpers\asyncToGenerator.js:3:24)
    at _next (E:\projects\E-COMMERCE-SYSTEM\node_modules\@babel\runtime\helpers\asyncToGenerator.js:22:9)
    at E:\projects\E-COMMERCE-SYSTEM\node_modules\@babel\runtime\helpers\asyncToGenerator.js:27:7
    at new Promise (<anonymous>)
    at apply (E:\projects\E-COMMERCE-SYSTEM\node_modules\@babel\runtime\helpers\asyncToGenerator.js:19:12)
    at userAuth (E:\projects\E-COMMERCE-SYSTEM\src\middlewares\/auth.middleware.js:4:22)
    at Layer.handle [as handle_request] (E:\projects\E-COMMERCE-SYSTEM\node_modules\express\lib\router\layer.js:95:5)
    at next (E:\projects\E-COMMERCE-SYSTEM\node_modules\express\lib\router\route.js:144:13)
    at Route.dispatch (E:\projects\E-COMMERCE-SYSTEM\node_modules\express\lib\router\route.js:114:3)
    at Layer.handle [as handle_request] (E:\projects\E-COMMERCE-SYSTEM\node_modules\express\lib\router\layer.js:95:5)
    at E:\projects\E-COMMERCE-SYSTEM\node_modules\express\lib\router\index.js:284:15 
    url - /api/v1/wishlist/ 
    method - GET 
    IP - ::1
   {"timestamp":"2023-04-29T18:46:15.643Z"}
error: 
    status - 500 
    message - JsonWebTokenError: jwt malformed
    at Object.verify (E:\projects\E-COMMERCE-SYSTEM\node_modules\jsonwebtoken\verify.js:63:17)
    at _callee$ (E:\projects\E-COMMERCE-SYSTEM\src\middlewares\/auth.middleware.js:14:28)
    at tryCatch (E:\projects\E-COMMERCE-SYSTEM\node_modules\@babel\runtime\helpers\regeneratorRuntime.js:44:17)
    at Generator.<anonymous> (E:\projects\E-COMMERCE-SYSTEM\node_modules\@babel\runtime\helpers\regeneratorRuntime.js:125:22)
    at Generator.next (E:\projects\E-COMMERCE-SYSTEM\node_modules\@babel\runtime\helpers\regeneratorRuntime.js:69:21)
    at asyncGeneratorStep (E:\projects\E-COMMERCE-SYSTEM\node_modules\@babel\runtime\helpers\asyncToGenerator.js:3:24)
    at _next (E:\projects\E-COMMERCE-SYSTEM\node_modules\@babel\runtime\helpers\asyncToGenerator.js:22:9)
    at E:\projects\E-COMMERCE-SYSTEM\node_modules\@babel\runtime\helpers\asyncToGenerator.js:27:7
    at new Promise (<anonymous>)
    at apply (E:\projects\E-COMMERCE-SYSTEM\node_modules\@babel\runtime\helpers\asyncToGenerator.js:19:12)
    at userAuth (E:\projects\E-COMMERCE-SYSTEM\src\middlewares\/auth.middleware.js:4:22)
    at Layer.handle [as handle_request] (E:\projects\E-COMMERCE-SYSTEM\node_modules\express\lib\router\layer.js:95:5)
    at next (E:\projects\E-COMMERCE-SYSTEM\node_modules\express\lib\router\route.js:144:13)
    at Route.dispatch (E:\projects\E-COMMERCE-SYSTEM\node_modules\express\lib\router\route.js:114:3)
    at Layer.handle [as handle_request] (E:\projects\E-COMMERCE-SYSTEM\node_modules\express\lib\router\layer.js:95:5)
    at E:\projects\E-COMMERCE-SYSTEM\node_modules\express\lib\router\index.js:284:15 
    url - /api/v1/cart 
    method - GET 
    IP - ::1
   {"timestamp":"2023-04-29T18:46:17.219Z"}
error: 
    status - 500 
    message - JsonWebTokenError: jwt malformed
    at Object.verify (E:\projects\E-COMMERCE-SYSTEM\node_modules\jsonwebtoken\verify.js:63:17)
    at _callee$ (E:\projects\E-COMMERCE-SYSTEM\src\middlewares\/auth.middleware.js:14:28)
    at tryCatch (E:\projects\E-COMMERCE-SYSTEM\node_modules\@babel\runtime\helpers\regeneratorRuntime.js:44:17)
    at Generator.<anonymous> (E:\projects\E-COMMERCE-SYSTEM\node_modules\@babel\runtime\helpers\regeneratorRuntime.js:125:22)
    at Generator.next (E:\projects\E-COMMERCE-SYSTEM\node_modules\@babel\runtime\helpers\regeneratorRuntime.js:69:21)
    at asyncGeneratorStep (E:\projects\E-COMMERCE-SYSTEM\node_modules\@babel\runtime\helpers\asyncToGenerator.js:3:24)
    at _next (E:\projects\E-COMMERCE-SYSTEM\node_modules\@babel\runtime\helpers\asyncToGenerator.js:22:9)
    at E:\projects\E-COMMERCE-SYSTEM\node_modules\@babel\runtime\helpers\asyncToGenerator.js:27:7
    at new Promise (<anonymous>)
    at apply (E:\projects\E-COMMERCE-SYSTEM\node_modules\@babel\runtime\helpers\asyncToGenerator.js:19:12)
    at userAuth (E:\projects\E-COMMERCE-SYSTEM\src\middlewares\/auth.middleware.js:4:22)
    at Layer.handle [as handle_request] (E:\projects\E-COMMERCE-SYSTEM\node_modules\express\lib\router\layer.js:95:5)
    at next (E:\projects\E-COMMERCE-SYSTEM\node_modules\express\lib\router\route.js:144:13)
    at Route.dispatch (E:\projects\E-COMMERCE-SYSTEM\node_modules\express\lib\router\route.js:114:3)
    at Layer.handle [as handle_request] (E:\projects\E-COMMERCE-SYSTEM\node_modules\express\lib\router\layer.js:95:5)
    at E:\projects\E-COMMERCE-SYSTEM\node_modules\express\lib\router\index.js:284:15 
    url - /api/v1/cart 
    method - GET 
    IP - ::1
   {"timestamp":"2023-04-29T18:46:17.229Z"}
error: 
    status - 500 
    message - JsonWebTokenError: jwt malformed
    at Object.verify (E:\projects\E-COMMERCE-SYSTEM\node_modules\jsonwebtoken\verify.js:63:17)
    at _callee$ (E:\projects\E-COMMERCE-SYSTEM\src\middlewares\/auth.middleware.js:14:28)
    at tryCatch (E:\projects\E-COMMERCE-SYSTEM\node_modules\@babel\runtime\helpers\regeneratorRuntime.js:44:17)
    at Generator.<anonymous> (E:\projects\E-COMMERCE-SYSTEM\node_modules\@babel\runtime\helpers\regeneratorRuntime.js:125:22)
    at Generator.next (E:\projects\E-COMMERCE-SYSTEM\node_modules\@babel\runtime\helpers\regeneratorRuntime.js:69:21)
    at asyncGeneratorStep (E:\projects\E-COMMERCE-SYSTEM\node_modules\@babel\runtime\helpers\asyncToGenerator.js:3:24)
    at _next (E:\projects\E-COMMERCE-SYSTEM\node_modules\@babel\runtime\helpers\asyncToGenerator.js:22:9)
    at E:\projects\E-COMMERCE-SYSTEM\node_modules\@babel\runtime\helpers\asyncToGenerator.js:27:7
    at new Promise (<anonymous>)
    at apply (E:\projects\E-COMMERCE-SYSTEM\node_modules\@babel\runtime\helpers\asyncToGenerator.js:19:12)
    at userAuth (E:\projects\E-COMMERCE-SYSTEM\src\middlewares\/auth.middleware.js:4:22)
    at Layer.handle [as handle_request] (E:\projects\E-COMMERCE-SYSTEM\node_modules\express\lib\router\layer.js:95:5)
    at next (E:\projects\E-COMMERCE-SYSTEM\node_modules\express\lib\router\route.js:144:13)
    at Route.dispatch (E:\projects\E-COMMERCE-SYSTEM\node_modules\express\lib\router\route.js:114:3)
    at Layer.handle [as handle_request] (E:\projects\E-COMMERCE-SYSTEM\node_modules\express\lib\router\layer.js:95:5)
    at E:\projects\E-COMMERCE-SYSTEM\node_modules\express\lib\router\index.js:284:15 
    url - /api/v1/wishlist/ 
    method - GET 
    IP - ::1
   {"timestamp":"2023-04-29T18:46:17.581Z"}
error: 
    status - 500 
    message - JsonWebTokenError: jwt malformed
    at Object.verify (E:\projects\E-COMMERCE-SYSTEM\node_modules\jsonwebtoken\verify.js:63:17)
    at _callee$ (E:\projects\E-COMMERCE-SYSTEM\src\middlewares\/auth.middleware.js:14:28)
    at tryCatch (E:\projects\E-COMMERCE-SYSTEM\node_modules\@babel\runtime\helpers\regeneratorRuntime.js:44:17)
    at Generator.<anonymous> (E:\projects\E-COMMERCE-SYSTEM\node_modules\@babel\runtime\helpers\regeneratorRuntime.js:125:22)
    at Generator.next (E:\projects\E-COMMERCE-SYSTEM\node_modules\@babel\runtime\helpers\regeneratorRuntime.js:69:21)
    at asyncGeneratorStep (E:\projects\E-COMMERCE-SYSTEM\node_modules\@babel\runtime\helpers\asyncToGenerator.js:3:24)
    at _next (E:\projects\E-COMMERCE-SYSTEM\node_modules\@babel\runtime\helpers\asyncToGenerator.js:22:9)
    at E:\projects\E-COMMERCE-SYSTEM\node_modules\@babel\runtime\helpers\asyncToGenerator.js:27:7
    at new Promise (<anonymous>)
    at apply (E:\projects\E-COMMERCE-SYSTEM\node_modules\@babel\runtime\helpers\asyncToGenerator.js:19:12)
    at userAuth (E:\projects\E-COMMERCE-SYSTEM\src\middlewares\/auth.middleware.js:4:22)
    at Layer.handle [as handle_request] (E:\projects\E-COMMERCE-SYSTEM\node_modules\express\lib\router\layer.js:95:5)
    at next (E:\projects\E-COMMERCE-SYSTEM\node_modules\express\lib\router\route.js:144:13)
    at Route.dispatch (E:\projects\E-COMMERCE-SYSTEM\node_modules\express\lib\router\route.js:114:3)
    at Layer.handle [as handle_request] (E:\projects\E-COMMERCE-SYSTEM\node_modules\express\lib\router\layer.js:95:5)
    at E:\projects\E-COMMERCE-SYSTEM\node_modules\express\lib\router\index.js:284:15 
    url - /api/v1/wishlist/ 
    method - GET 
    IP - ::1
   {"timestamp":"2023-04-29T18:46:17.594Z"}
error: 
    status - 500 
    message - JsonWebTokenError: jwt malformed
    at Object.verify (E:\projects\E-COMMERCE-SYSTEM\node_modules\jsonwebtoken\verify.js:63:17)
    at _callee$ (E:\projects\E-COMMERCE-SYSTEM\src\middlewares\/auth.middleware.js:14:28)
    at tryCatch (E:\projects\E-COMMERCE-SYSTEM\node_modules\@babel\runtime\helpers\regeneratorRuntime.js:44:17)
    at Generator.<anonymous> (E:\projects\E-COMMERCE-SYSTEM\node_modules\@babel\runtime\helpers\regeneratorRuntime.js:125:22)
    at Generator.next (E:\projects\E-COMMERCE-SYSTEM\node_modules\@babel\runtime\helpers\regeneratorRuntime.js:69:21)
    at asyncGeneratorStep (E:\projects\E-COMMERCE-SYSTEM\node_modules\@babel\runtime\helpers\asyncToGenerator.js:3:24)
    at _next (E:\projects\E-COMMERCE-SYSTEM\node_modules\@babel\runtime\helpers\asyncToGenerator.js:22:9)
    at E:\projects\E-COMMERCE-SYSTEM\node_modules\@babel\runtime\helpers\asyncToGenerator.js:27:7
    at new Promise (<anonymous>)
    at apply (E:\projects\E-COMMERCE-SYSTEM\node_modules\@babel\runtime\helpers\asyncToGenerator.js:19:12)
    at userAuth (E:\projects\E-COMMERCE-SYSTEM\src\middlewares\/auth.middleware.js:4:22)
    at Layer.handle [as handle_request] (E:\projects\E-COMMERCE-SYSTEM\node_modules\express\lib\router\layer.js:95:5)
    at next (E:\projects\E-COMMERCE-SYSTEM\node_modules\express\lib\router\route.js:144:13)
    at Route.dispatch (E:\projects\E-COMMERCE-SYSTEM\node_modules\express\lib\router\route.js:114:3)
    at Layer.handle [as handle_request] (E:\projects\E-COMMERCE-SYSTEM\node_modules\express\lib\router\layer.js:95:5)
    at E:\projects\E-COMMERCE-SYSTEM\node_modules\express\lib\router\index.js:284:15 
    url - /api/v1/wishlist/ 
    method - GET 
    IP - ::1
   {"timestamp":"2023-04-29T18:50:13.453Z"}
error: 
    status - 500 
    message - JsonWebTokenError: jwt malformed
    at Object.verify (E:\projects\E-COMMERCE-SYSTEM\node_modules\jsonwebtoken\verify.js:63:17)
    at _callee$ (E:\projects\E-COMMERCE-SYSTEM\src\middlewares\/auth.middleware.js:14:28)
    at tryCatch (E:\projects\E-COMMERCE-SYSTEM\node_modules\@babel\runtime\helpers\regeneratorRuntime.js:44:17)
    at Generator.<anonymous> (E:\projects\E-COMMERCE-SYSTEM\node_modules\@babel\runtime\helpers\regeneratorRuntime.js:125:22)
    at Generator.next (E:\projects\E-COMMERCE-SYSTEM\node_modules\@babel\runtime\helpers\regeneratorRuntime.js:69:21)
    at asyncGeneratorStep (E:\projects\E-COMMERCE-SYSTEM\node_modules\@babel\runtime\helpers\asyncToGenerator.js:3:24)
    at _next (E:\projects\E-COMMERCE-SYSTEM\node_modules\@babel\runtime\helpers\asyncToGenerator.js:22:9)
    at E:\projects\E-COMMERCE-SYSTEM\node_modules\@babel\runtime\helpers\asyncToGenerator.js:27:7
    at new Promise (<anonymous>)
    at apply (E:\projects\E-COMMERCE-SYSTEM\node_modules\@babel\runtime\helpers\asyncToGenerator.js:19:12)
    at userAuth (E:\projects\E-COMMERCE-SYSTEM\src\middlewares\/auth.middleware.js:4:22)
    at Layer.handle [as handle_request] (E:\projects\E-COMMERCE-SYSTEM\node_modules\express\lib\router\layer.js:95:5)
    at next (E:\projects\E-COMMERCE-SYSTEM\node_modules\express\lib\router\route.js:144:13)
    at Route.dispatch (E:\projects\E-COMMERCE-SYSTEM\node_modules\express\lib\router\route.js:114:3)
    at Layer.handle [as handle_request] (E:\projects\E-COMMERCE-SYSTEM\node_modules\express\lib\router\layer.js:95:5)
    at E:\projects\E-COMMERCE-SYSTEM\node_modules\express\lib\router\index.js:284:15 
    url - /api/v1/wishlist/ 
    method - GET 
    IP - ::1
   {"timestamp":"2023-04-29T18:50:13.463Z"}
error: 
    status - 500 
    message - JsonWebTokenError: jwt malformed
    at Object.verify (E:\projects\E-COMMERCE-SYSTEM\node_modules\jsonwebtoken\verify.js:63:17)
    at _callee$ (E:\projects\E-COMMERCE-SYSTEM\src\middlewares\/auth.middleware.js:14:28)
    at tryCatch (E:\projects\E-COMMERCE-SYSTEM\node_modules\@babel\runtime\helpers\regeneratorRuntime.js:44:17)
    at Generator.<anonymous> (E:\projects\E-COMMERCE-SYSTEM\node_modules\@babel\runtime\helpers\regeneratorRuntime.js:125:22)
    at Generator.next (E:\projects\E-COMMERCE-SYSTEM\node_modules\@babel\runtime\helpers\regeneratorRuntime.js:69:21)
    at asyncGeneratorStep (E:\projects\E-COMMERCE-SYSTEM\node_modules\@babel\runtime\helpers\asyncToGenerator.js:3:24)
    at _next (E:\projects\E-COMMERCE-SYSTEM\node_modules\@babel\runtime\helpers\asyncToGenerator.js:22:9)
    at E:\projects\E-COMMERCE-SYSTEM\node_modules\@babel\runtime\helpers\asyncToGenerator.js:27:7
    at new Promise (<anonymous>)
    at apply (E:\projects\E-COMMERCE-SYSTEM\node_modules\@babel\runtime\helpers\asyncToGenerator.js:19:12)
    at userAuth (E:\projects\E-COMMERCE-SYSTEM\src\middlewares\/auth.middleware.js:4:22)
    at Layer.handle [as handle_request] (E:\projects\E-COMMERCE-SYSTEM\node_modules\express\lib\router\layer.js:95:5)
    at next (E:\projects\E-COMMERCE-SYSTEM\node_modules\express\lib\router\route.js:144:13)
    at Route.dispatch (E:\projects\E-COMMERCE-SYSTEM\node_modules\express\lib\router\route.js:114:3)
    at Layer.handle [as handle_request] (E:\projects\E-COMMERCE-SYSTEM\node_modules\express\lib\router\layer.js:95:5)
    at E:\projects\E-COMMERCE-SYSTEM\node_modules\express\lib\router\index.js:284:15 
    url - /api/v1/cart 
    method - GET 
    IP - ::1
   {"timestamp":"2023-04-29T18:50:14.865Z"}
error: 
    status - 500 
    message - JsonWebTokenError: jwt malformed
    at Object.verify (E:\projects\E-COMMERCE-SYSTEM\node_modules\jsonwebtoken\verify.js:63:17)
    at _callee$ (E:\projects\E-COMMERCE-SYSTEM\src\middlewares\/auth.middleware.js:14:28)
    at tryCatch (E:\projects\E-COMMERCE-SYSTEM\node_modules\@babel\runtime\helpers\regeneratorRuntime.js:44:17)
    at Generator.<anonymous> (E:\projects\E-COMMERCE-SYSTEM\node_modules\@babel\runtime\helpers\regeneratorRuntime.js:125:22)
    at Generator.next (E:\projects\E-COMMERCE-SYSTEM\node_modules\@babel\runtime\helpers\regeneratorRuntime.js:69:21)
    at asyncGeneratorStep (E:\projects\E-COMMERCE-SYSTEM\node_modules\@babel\runtime\helpers\asyncToGenerator.js:3:24)
    at _next (E:\projects\E-COMMERCE-SYSTEM\node_modules\@babel\runtime\helpers\asyncToGenerator.js:22:9)
    at E:\projects\E-COMMERCE-SYSTEM\node_modules\@babel\runtime\helpers\asyncToGenerator.js:27:7
    at new Promise (<anonymous>)
    at apply (E:\projects\E-COMMERCE-SYSTEM\node_modules\@babel\runtime\helpers\asyncToGenerator.js:19:12)
    at userAuth (E:\projects\E-COMMERCE-SYSTEM\src\middlewares\/auth.middleware.js:4:22)
    at Layer.handle [as handle_request] (E:\projects\E-COMMERCE-SYSTEM\node_modules\express\lib\router\layer.js:95:5)
    at next (E:\projects\E-COMMERCE-SYSTEM\node_modules\express\lib\router\route.js:144:13)
    at Route.dispatch (E:\projects\E-COMMERCE-SYSTEM\node_modules\express\lib\router\route.js:114:3)
    at Layer.handle [as handle_request] (E:\projects\E-COMMERCE-SYSTEM\node_modules\express\lib\router\layer.js:95:5)
    at E:\projects\E-COMMERCE-SYSTEM\node_modules\express\lib\router\index.js:284:15 
    url - /api/v1/cart 
    method - GET 
    IP - ::1
   {"timestamp":"2023-04-29T18:50:14.874Z"}
error: 
    status - 500 
    message - JsonWebTokenError: jwt malformed
    at Object.verify (E:\projects\E-COMMERCE-SYSTEM\node_modules\jsonwebtoken\verify.js:63:17)
    at _callee$ (E:\projects\E-COMMERCE-SYSTEM\src\middlewares\/auth.middleware.js:14:28)
    at tryCatch (E:\projects\E-COMMERCE-SYSTEM\node_modules\@babel\runtime\helpers\regeneratorRuntime.js:44:17)
    at Generator.<anonymous> (E:\projects\E-COMMERCE-SYSTEM\node_modules\@babel\runtime\helpers\regeneratorRuntime.js:125:22)
    at Generator.next (E:\projects\E-COMMERCE-SYSTEM\node_modules\@babel\runtime\helpers\regeneratorRuntime.js:69:21)
    at asyncGeneratorStep (E:\projects\E-COMMERCE-SYSTEM\node_modules\@babel\runtime\helpers\asyncToGenerator.js:3:24)
    at _next (E:\projects\E-COMMERCE-SYSTEM\node_modules\@babel\runtime\helpers\asyncToGenerator.js:22:9)
    at E:\projects\E-COMMERCE-SYSTEM\node_modules\@babel\runtime\helpers\asyncToGenerator.js:27:7
    at new Promise (<anonymous>)
    at apply (E:\projects\E-COMMERCE-SYSTEM\node_modules\@babel\runtime\helpers\asyncToGenerator.js:19:12)
    at userAuth (E:\projects\E-COMMERCE-SYSTEM\src\middlewares\/auth.middleware.js:4:22)
    at Layer.handle [as handle_request] (E:\projects\E-COMMERCE-SYSTEM\node_modules\express\lib\router\layer.js:95:5)
    at next (E:\projects\E-COMMERCE-SYSTEM\node_modules\express\lib\router\route.js:144:13)
    at Route.dispatch (E:\projects\E-COMMERCE-SYSTEM\node_modules\express\lib\router\route.js:114:3)
    at Layer.handle [as handle_request] (E:\projects\E-COMMERCE-SYSTEM\node_modules\express\lib\router\layer.js:95:5)
    at E:\projects\E-COMMERCE-SYSTEM\node_modules\express\lib\router\index.js:284:15 
    url - /api/v1/cart 
    method - GET 
    IP - ::1
   {"timestamp":"2023-04-29T18:54:01.196Z"}
error: 
    status - 500 
    message - JsonWebTokenError: jwt malformed
    at Object.verify (E:\projects\E-COMMERCE-SYSTEM\node_modules\jsonwebtoken\verify.js:63:17)
    at _callee$ (E:\projects\E-COMMERCE-SYSTEM\src\middlewares\/auth.middleware.js:14:28)
    at tryCatch (E:\projects\E-COMMERCE-SYSTEM\node_modules\@babel\runtime\helpers\regeneratorRuntime.js:44:17)
    at Generator.<anonymous> (E:\projects\E-COMMERCE-SYSTEM\node_modules\@babel\runtime\helpers\regeneratorRuntime.js:125:22)
    at Generator.next (E:\projects\E-COMMERCE-SYSTEM\node_modules\@babel\runtime\helpers\regeneratorRuntime.js:69:21)
    at asyncGeneratorStep (E:\projects\E-COMMERCE-SYSTEM\node_modules\@babel\runtime\helpers\asyncToGenerator.js:3:24)
    at _next (E:\projects\E-COMMERCE-SYSTEM\node_modules\@babel\runtime\helpers\asyncToGenerator.js:22:9)
    at E:\projects\E-COMMERCE-SYSTEM\node_modules\@babel\runtime\helpers\asyncToGenerator.js:27:7
    at new Promise (<anonymous>)
    at apply (E:\projects\E-COMMERCE-SYSTEM\node_modules\@babel\runtime\helpers\asyncToGenerator.js:19:12)
    at userAuth (E:\projects\E-COMMERCE-SYSTEM\src\middlewares\/auth.middleware.js:4:22)
    at Layer.handle [as handle_request] (E:\projects\E-COMMERCE-SYSTEM\node_modules\express\lib\router\layer.js:95:5)
    at next (E:\projects\E-COMMERCE-SYSTEM\node_modules\express\lib\router\route.js:144:13)
    at Route.dispatch (E:\projects\E-COMMERCE-SYSTEM\node_modules\express\lib\router\route.js:114:3)
    at Layer.handle [as handle_request] (E:\projects\E-COMMERCE-SYSTEM\node_modules\express\lib\router\layer.js:95:5)
    at E:\projects\E-COMMERCE-SYSTEM\node_modules\express\lib\router\index.js:284:15 
    url - /api/v1/cart 
    method - GET 
    IP - ::1
   {"timestamp":"2023-04-29T18:54:01.204Z"}
error: 
    status - 500 
    message - JsonWebTokenError: jwt malformed
    at Object.verify (E:\projects\E-COMMERCE-SYSTEM\node_modules\jsonwebtoken\verify.js:63:17)
    at _callee$ (E:\projects\E-COMMERCE-SYSTEM\src\middlewares\/auth.middleware.js:14:28)
    at tryCatch (E:\projects\E-COMMERCE-SYSTEM\node_modules\@babel\runtime\helpers\regeneratorRuntime.js:44:17)
    at Generator.<anonymous> (E:\projects\E-COMMERCE-SYSTEM\node_modules\@babel\runtime\helpers\regeneratorRuntime.js:125:22)
    at Generator.next (E:\projects\E-COMMERCE-SYSTEM\node_modules\@babel\runtime\helpers\regeneratorRuntime.js:69:21)
    at asyncGeneratorStep (E:\projects\E-COMMERCE-SYSTEM\node_modules\@babel\runtime\helpers\asyncToGenerator.js:3:24)
    at _next (E:\projects\E-COMMERCE-SYSTEM\node_modules\@babel\runtime\helpers\asyncToGenerator.js:22:9)
    at E:\projects\E-COMMERCE-SYSTEM\node_modules\@babel\runtime\helpers\asyncToGenerator.js:27:7
    at new Promise (<anonymous>)
    at apply (E:\projects\E-COMMERCE-SYSTEM\node_modules\@babel\runtime\helpers\asyncToGenerator.js:19:12)
    at userAuth (E:\projects\E-COMMERCE-SYSTEM\src\middlewares\/auth.middleware.js:4:22)
    at Layer.handle [as handle_request] (E:\projects\E-COMMERCE-SYSTEM\node_modules\express\lib\router\layer.js:95:5)
    at next (E:\projects\E-COMMERCE-SYSTEM\node_modules\express\lib\router\route.js:144:13)
    at Route.dispatch (E:\projects\E-COMMERCE-SYSTEM\node_modules\express\lib\router\route.js:114:3)
    at Layer.handle [as handle_request] (E:\projects\E-COMMERCE-SYSTEM\node_modules\express\lib\router\layer.js:95:5)
    at E:\projects\E-COMMERCE-SYSTEM\node_modules\express\lib\router\index.js:284:15 
    url - /api/v1/cart 
    method - GET 
    IP - ::1
   {"timestamp":"2023-04-29T18:54:03.531Z"}
error: 
    status - 500 
    message - JsonWebTokenError: jwt malformed
    at Object.verify (E:\projects\E-COMMERCE-SYSTEM\node_modules\jsonwebtoken\verify.js:63:17)
    at _callee$ (E:\projects\E-COMMERCE-SYSTEM\src\middlewares\/auth.middleware.js:14:28)
    at tryCatch (E:\projects\E-COMMERCE-SYSTEM\node_modules\@babel\runtime\helpers\regeneratorRuntime.js:44:17)
    at Generator.<anonymous> (E:\projects\E-COMMERCE-SYSTEM\node_modules\@babel\runtime\helpers\regeneratorRuntime.js:125:22)
    at Generator.next (E:\projects\E-COMMERCE-SYSTEM\node_modules\@babel\runtime\helpers\regeneratorRuntime.js:69:21)
    at asyncGeneratorStep (E:\projects\E-COMMERCE-SYSTEM\node_modules\@babel\runtime\helpers\asyncToGenerator.js:3:24)
    at _next (E:\projects\E-COMMERCE-SYSTEM\node_modules\@babel\runtime\helpers\asyncToGenerator.js:22:9)
    at E:\projects\E-COMMERCE-SYSTEM\node_modules\@babel\runtime\helpers\asyncToGenerator.js:27:7
    at new Promise (<anonymous>)
    at apply (E:\projects\E-COMMERCE-SYSTEM\node_modules\@babel\runtime\helpers\asyncToGenerator.js:19:12)
    at userAuth (E:\projects\E-COMMERCE-SYSTEM\src\middlewares\/auth.middleware.js:4:22)
    at Layer.handle [as handle_request] (E:\projects\E-COMMERCE-SYSTEM\node_modules\express\lib\router\layer.js:95:5)
    at next (E:\projects\E-COMMERCE-SYSTEM\node_modules\express\lib\router\route.js:144:13)
    at Route.dispatch (E:\projects\E-COMMERCE-SYSTEM\node_modules\express\lib\router\route.js:114:3)
    at Layer.handle [as handle_request] (E:\projects\E-COMMERCE-SYSTEM\node_modules\express\lib\router\layer.js:95:5)
    at E:\projects\E-COMMERCE-SYSTEM\node_modules\express\lib\router\index.js:284:15 
    url - /api/v1/cart 
    method - GET 
    IP - ::1
   {"timestamp":"2023-04-29T18:54:03.538Z"}
error: 
    status - 500 
    message - JsonWebTokenError: jwt malformed
    at Object.verify (E:\projects\E-COMMERCE-SYSTEM\node_modules\jsonwebtoken\verify.js:63:17)
    at _callee$ (E:\projects\E-COMMERCE-SYSTEM\src\middlewares\/auth.middleware.js:14:28)
    at tryCatch (E:\projects\E-COMMERCE-SYSTEM\node_modules\@babel\runtime\helpers\regeneratorRuntime.js:44:17)
    at Generator.<anonymous> (E:\projects\E-COMMERCE-SYSTEM\node_modules\@babel\runtime\helpers\regeneratorRuntime.js:125:22)
    at Generator.next (E:\projects\E-COMMERCE-SYSTEM\node_modules\@babel\runtime\helpers\regeneratorRuntime.js:69:21)
    at asyncGeneratorStep (E:\projects\E-COMMERCE-SYSTEM\node_modules\@babel\runtime\helpers\asyncToGenerator.js:3:24)
    at _next (E:\projects\E-COMMERCE-SYSTEM\node_modules\@babel\runtime\helpers\asyncToGenerator.js:22:9)
    at E:\projects\E-COMMERCE-SYSTEM\node_modules\@babel\runtime\helpers\asyncToGenerator.js:27:7
    at new Promise (<anonymous>)
    at apply (E:\projects\E-COMMERCE-SYSTEM\node_modules\@babel\runtime\helpers\asyncToGenerator.js:19:12)
    at userAuth (E:\projects\E-COMMERCE-SYSTEM\src\middlewares\/auth.middleware.js:4:22)
    at Layer.handle [as handle_request] (E:\projects\E-COMMERCE-SYSTEM\node_modules\express\lib\router\layer.js:95:5)
    at next (E:\projects\E-COMMERCE-SYSTEM\node_modules\express\lib\router\route.js:144:13)
    at Route.dispatch (E:\projects\E-COMMERCE-SYSTEM\node_modules\express\lib\router\route.js:114:3)
    at Layer.handle [as handle_request] (E:\projects\E-COMMERCE-SYSTEM\node_modules\express\lib\router\layer.js:95:5)
    at E:\projects\E-COMMERCE-SYSTEM\node_modules\express\lib\router\index.js:284:15 
    url - /api/v1/cart 
    method - GET 
    IP - ::1
   {"timestamp":"2023-04-29T18:54:05.693Z"}
error: 
    status - 500 
    message - JsonWebTokenError: jwt malformed
    at Object.verify (E:\projects\E-COMMERCE-SYSTEM\node_modules\jsonwebtoken\verify.js:63:17)
    at _callee$ (E:\projects\E-COMMERCE-SYSTEM\src\middlewares\/auth.middleware.js:14:28)
    at tryCatch (E:\projects\E-COMMERCE-SYSTEM\node_modules\@babel\runtime\helpers\regeneratorRuntime.js:44:17)
    at Generator.<anonymous> (E:\projects\E-COMMERCE-SYSTEM\node_modules\@babel\runtime\helpers\regeneratorRuntime.js:125:22)
    at Generator.next (E:\projects\E-COMMERCE-SYSTEM\node_modules\@babel\runtime\helpers\regeneratorRuntime.js:69:21)
    at asyncGeneratorStep (E:\projects\E-COMMERCE-SYSTEM\node_modules\@babel\runtime\helpers\asyncToGenerator.js:3:24)
    at _next (E:\projects\E-COMMERCE-SYSTEM\node_modules\@babel\runtime\helpers\asyncToGenerator.js:22:9)
    at E:\projects\E-COMMERCE-SYSTEM\node_modules\@babel\runtime\helpers\asyncToGenerator.js:27:7
    at new Promise (<anonymous>)
    at apply (E:\projects\E-COMMERCE-SYSTEM\node_modules\@babel\runtime\helpers\asyncToGenerator.js:19:12)
    at userAuth (E:\projects\E-COMMERCE-SYSTEM\src\middlewares\/auth.middleware.js:4:22)
    at Layer.handle [as handle_request] (E:\projects\E-COMMERCE-SYSTEM\node_modules\express\lib\router\layer.js:95:5)
    at next (E:\projects\E-COMMERCE-SYSTEM\node_modules\express\lib\router\route.js:144:13)
    at Route.dispatch (E:\projects\E-COMMERCE-SYSTEM\node_modules\express\lib\router\route.js:114:3)
    at Layer.handle [as handle_request] (E:\projects\E-COMMERCE-SYSTEM\node_modules\express\lib\router\layer.js:95:5)
    at E:\projects\E-COMMERCE-SYSTEM\node_modules\express\lib\router\index.js:284:15 
    url - /api/v1/cart 
    method - GET 
    IP - ::1
   {"timestamp":"2023-04-29T18:54:05.709Z"}
error: 
    status - 500 
    message - JsonWebTokenError: jwt malformed
    at Object.verify (E:\projects\E-COMMERCE-SYSTEM\node_modules\jsonwebtoken\verify.js:63:17)
    at _callee$ (E:\projects\E-COMMERCE-SYSTEM\src\middlewares\/auth.middleware.js:14:28)
    at tryCatch (E:\projects\E-COMMERCE-SYSTEM\node_modules\@babel\runtime\helpers\regeneratorRuntime.js:44:17)
    at Generator.<anonymous> (E:\projects\E-COMMERCE-SYSTEM\node_modules\@babel\runtime\helpers\regeneratorRuntime.js:125:22)
    at Generator.next (E:\projects\E-COMMERCE-SYSTEM\node_modules\@babel\runtime\helpers\regeneratorRuntime.js:69:21)
    at asyncGeneratorStep (E:\projects\E-COMMERCE-SYSTEM\node_modules\@babel\runtime\helpers\asyncToGenerator.js:3:24)
    at _next (E:\projects\E-COMMERCE-SYSTEM\node_modules\@babel\runtime\helpers\asyncToGenerator.js:22:9)
    at E:\projects\E-COMMERCE-SYSTEM\node_modules\@babel\runtime\helpers\asyncToGenerator.js:27:7
    at new Promise (<anonymous>)
    at apply (E:\projects\E-COMMERCE-SYSTEM\node_modules\@babel\runtime\helpers\asyncToGenerator.js:19:12)
    at userAuth (E:\projects\E-COMMERCE-SYSTEM\src\middlewares\/auth.middleware.js:4:22)
    at Layer.handle [as handle_request] (E:\projects\E-COMMERCE-SYSTEM\node_modules\express\lib\router\layer.js:95:5)
    at next (E:\projects\E-COMMERCE-SYSTEM\node_modules\express\lib\router\route.js:144:13)
    at Route.dispatch (E:\projects\E-COMMERCE-SYSTEM\node_modules\express\lib\router\route.js:114:3)
    at Layer.handle [as handle_request] (E:\projects\E-COMMERCE-SYSTEM\node_modules\express\lib\router\layer.js:95:5)
    at E:\projects\E-COMMERCE-SYSTEM\node_modules\express\lib\router\index.js:284:15 
    url - /api/v1/product 
    method - GET 
    IP - ::1
   {"timestamp":"2023-04-29T19:12:14.713Z"}
error: 
    status - 500 
    message - JsonWebTokenError: jwt malformed
    at Object.verify (E:\projects\E-COMMERCE-SYSTEM\node_modules\jsonwebtoken\verify.js:63:17)
    at _callee$ (E:\projects\E-COMMERCE-SYSTEM\src\middlewares\/auth.middleware.js:14:28)
    at tryCatch (E:\projects\E-COMMERCE-SYSTEM\node_modules\@babel\runtime\helpers\regeneratorRuntime.js:44:17)
    at Generator.<anonymous> (E:\projects\E-COMMERCE-SYSTEM\node_modules\@babel\runtime\helpers\regeneratorRuntime.js:125:22)
    at Generator.next (E:\projects\E-COMMERCE-SYSTEM\node_modules\@babel\runtime\helpers\regeneratorRuntime.js:69:21)
    at asyncGeneratorStep (E:\projects\E-COMMERCE-SYSTEM\node_modules\@babel\runtime\helpers\asyncToGenerator.js:3:24)
    at _next (E:\projects\E-COMMERCE-SYSTEM\node_modules\@babel\runtime\helpers\asyncToGenerator.js:22:9)
    at E:\projects\E-COMMERCE-SYSTEM\node_modules\@babel\runtime\helpers\asyncToGenerator.js:27:7
    at new Promise (<anonymous>)
    at apply (E:\projects\E-COMMERCE-SYSTEM\node_modules\@babel\runtime\helpers\asyncToGenerator.js:19:12)
    at userAuth (E:\projects\E-COMMERCE-SYSTEM\src\middlewares\/auth.middleware.js:4:22)
    at Layer.handle [as handle_request] (E:\projects\E-COMMERCE-SYSTEM\node_modules\express\lib\router\layer.js:95:5)
    at next (E:\projects\E-COMMERCE-SYSTEM\node_modules\express\lib\router\route.js:144:13)
    at Route.dispatch (E:\projects\E-COMMERCE-SYSTEM\node_modules\express\lib\router\route.js:114:3)
    at Layer.handle [as handle_request] (E:\projects\E-COMMERCE-SYSTEM\node_modules\express\lib\router\layer.js:95:5)
    at E:\projects\E-COMMERCE-SYSTEM\node_modules\express\lib\router\index.js:284:15 
    url - /api/v1/cart 
    method - GET 
    IP - ::1
   {"timestamp":"2023-04-29T19:12:14.723Z"}
error: 
    status - 500 
    message - JsonWebTokenError: jwt malformed
    at Object.verify (E:\projects\E-COMMERCE-SYSTEM\node_modules\jsonwebtoken\verify.js:63:17)
    at _callee$ (E:\projects\E-COMMERCE-SYSTEM\src\middlewares\/auth.middleware.js:14:28)
    at tryCatch (E:\projects\E-COMMERCE-SYSTEM\node_modules\@babel\runtime\helpers\regeneratorRuntime.js:44:17)
    at Generator.<anonymous> (E:\projects\E-COMMERCE-SYSTEM\node_modules\@babel\runtime\helpers\regeneratorRuntime.js:125:22)
    at Generator.next (E:\projects\E-COMMERCE-SYSTEM\node_modules\@babel\runtime\helpers\regeneratorRuntime.js:69:21)
    at asyncGeneratorStep (E:\projects\E-COMMERCE-SYSTEM\node_modules\@babel\runtime\helpers\asyncToGenerator.js:3:24)
    at _next (E:\projects\E-COMMERCE-SYSTEM\node_modules\@babel\runtime\helpers\asyncToGenerator.js:22:9)
    at E:\projects\E-COMMERCE-SYSTEM\node_modules\@babel\runtime\helpers\asyncToGenerator.js:27:7
    at new Promise (<anonymous>)
    at apply (E:\projects\E-COMMERCE-SYSTEM\node_modules\@babel\runtime\helpers\asyncToGenerator.js:19:12)
    at userAuth (E:\projects\E-COMMERCE-SYSTEM\src\middlewares\/auth.middleware.js:4:22)
    at Layer.handle [as handle_request] (E:\projects\E-COMMERCE-SYSTEM\node_modules\express\lib\router\layer.js:95:5)
    at next (E:\projects\E-COMMERCE-SYSTEM\node_modules\express\lib\router\route.js:144:13)
    at Route.dispatch (E:\projects\E-COMMERCE-SYSTEM\node_modules\express\lib\router\route.js:114:3)
    at Layer.handle [as handle_request] (E:\projects\E-COMMERCE-SYSTEM\node_modules\express\lib\router\layer.js:95:5)
    at E:\projects\E-COMMERCE-SYSTEM\node_modules\express\lib\router\index.js:284:15 
    url - /api/v1/cart 
    method - GET 
    IP - ::1
   {"timestamp":"2023-04-29T19:12:14.736Z"}
error: 
    status - 500 
    message - JsonWebTokenError: jwt malformed
    at Object.verify (E:\projects\E-COMMERCE-SYSTEM\node_modules\jsonwebtoken\verify.js:63:17)
    at _callee$ (E:\projects\E-COMMERCE-SYSTEM\src\middlewares\/auth.middleware.js:14:28)
    at tryCatch (E:\projects\E-COMMERCE-SYSTEM\node_modules\@babel\runtime\helpers\regeneratorRuntime.js:44:17)
    at Generator.<anonymous> (E:\projects\E-COMMERCE-SYSTEM\node_modules\@babel\runtime\helpers\regeneratorRuntime.js:125:22)
    at Generator.next (E:\projects\E-COMMERCE-SYSTEM\node_modules\@babel\runtime\helpers\regeneratorRuntime.js:69:21)
    at asyncGeneratorStep (E:\projects\E-COMMERCE-SYSTEM\node_modules\@babel\runtime\helpers\asyncToGenerator.js:3:24)
    at _next (E:\projects\E-COMMERCE-SYSTEM\node_modules\@babel\runtime\helpers\asyncToGenerator.js:22:9)
    at E:\projects\E-COMMERCE-SYSTEM\node_modules\@babel\runtime\helpers\asyncToGenerator.js:27:7
    at new Promise (<anonymous>)
    at apply (E:\projects\E-COMMERCE-SYSTEM\node_modules\@babel\runtime\helpers\asyncToGenerator.js:19:12)
    at userAuth (E:\projects\E-COMMERCE-SYSTEM\src\middlewares\/auth.middleware.js:4:22)
    at Layer.handle [as handle_request] (E:\projects\E-COMMERCE-SYSTEM\node_modules\express\lib\router\layer.js:95:5)
    at next (E:\projects\E-COMMERCE-SYSTEM\node_modules\express\lib\router\route.js:144:13)
    at Route.dispatch (E:\projects\E-COMMERCE-SYSTEM\node_modules\express\lib\router\route.js:114:3)
    at Layer.handle [as handle_request] (E:\projects\E-COMMERCE-SYSTEM\node_modules\express\lib\router\layer.js:95:5)
    at E:\projects\E-COMMERCE-SYSTEM\node_modules\express\lib\router\index.js:284:15 
    url - /api/v1/product 
    method - GET 
    IP - ::1
   {"timestamp":"2023-04-29T19:12:14.745Z"}
error: 
    status - 500 
    message - JsonWebTokenError: jwt malformed
    at Object.verify (E:\projects\E-COMMERCE-SYSTEM\node_modules\jsonwebtoken\verify.js:63:17)
    at _callee$ (E:\projects\E-COMMERCE-SYSTEM\src\middlewares\/auth.middleware.js:14:28)
    at tryCatch (E:\projects\E-COMMERCE-SYSTEM\node_modules\@babel\runtime\helpers\regeneratorRuntime.js:44:17)
    at Generator.<anonymous> (E:\projects\E-COMMERCE-SYSTEM\node_modules\@babel\runtime\helpers\regeneratorRuntime.js:125:22)
    at Generator.next (E:\projects\E-COMMERCE-SYSTEM\node_modules\@babel\runtime\helpers\regeneratorRuntime.js:69:21)
    at asyncGeneratorStep (E:\projects\E-COMMERCE-SYSTEM\node_modules\@babel\runtime\helpers\asyncToGenerator.js:3:24)
    at _next (E:\projects\E-COMMERCE-SYSTEM\node_modules\@babel\runtime\helpers\asyncToGenerator.js:22:9)
    at E:\projects\E-COMMERCE-SYSTEM\node_modules\@babel\runtime\helpers\asyncToGenerator.js:27:7
    at new Promise (<anonymous>)
    at apply (E:\projects\E-COMMERCE-SYSTEM\node_modules\@babel\runtime\helpers\asyncToGenerator.js:19:12)
    at userAuth (E:\projects\E-COMMERCE-SYSTEM\src\middlewares\/auth.middleware.js:4:22)
    at Layer.handle [as handle_request] (E:\projects\E-COMMERCE-SYSTEM\node_modules\express\lib\router\layer.js:95:5)
    at next (E:\projects\E-COMMERCE-SYSTEM\node_modules\express\lib\router\route.js:144:13)
    at Route.dispatch (E:\projects\E-COMMERCE-SYSTEM\node_modules\express\lib\router\route.js:114:3)
    at Layer.handle [as handle_request] (E:\projects\E-COMMERCE-SYSTEM\node_modules\express\lib\router\layer.js:95:5)
    at E:\projects\E-COMMERCE-SYSTEM\node_modules\express\lib\router\index.js:284:15 
    url - /api/v1/product 
    method - GET 
    IP - ::1
   {"timestamp":"2023-04-29T19:12:18.940Z"}
error: 
    status - 500 
    message - JsonWebTokenError: jwt malformed
    at Object.verify (E:\projects\E-COMMERCE-SYSTEM\node_modules\jsonwebtoken\verify.js:63:17)
    at _callee$ (E:\projects\E-COMMERCE-SYSTEM\src\middlewares\/auth.middleware.js:14:28)
    at tryCatch (E:\projects\E-COMMERCE-SYSTEM\node_modules\@babel\runtime\helpers\regeneratorRuntime.js:44:17)
    at Generator.<anonymous> (E:\projects\E-COMMERCE-SYSTEM\node_modules\@babel\runtime\helpers\regeneratorRuntime.js:125:22)
    at Generator.next (E:\projects\E-COMMERCE-SYSTEM\node_modules\@babel\runtime\helpers\regeneratorRuntime.js:69:21)
    at asyncGeneratorStep (E:\projects\E-COMMERCE-SYSTEM\node_modules\@babel\runtime\helpers\asyncToGenerator.js:3:24)
    at _next (E:\projects\E-COMMERCE-SYSTEM\node_modules\@babel\runtime\helpers\asyncToGenerator.js:22:9)
    at E:\projects\E-COMMERCE-SYSTEM\node_modules\@babel\runtime\helpers\asyncToGenerator.js:27:7
    at new Promise (<anonymous>)
    at apply (E:\projects\E-COMMERCE-SYSTEM\node_modules\@babel\runtime\helpers\asyncToGenerator.js:19:12)
    at userAuth (E:\projects\E-COMMERCE-SYSTEM\src\middlewares\/auth.middleware.js:4:22)
    at Layer.handle [as handle_request] (E:\projects\E-COMMERCE-SYSTEM\node_modules\express\lib\router\layer.js:95:5)
    at next (E:\projects\E-COMMERCE-SYSTEM\node_modules\express\lib\router\route.js:144:13)
    at Route.dispatch (E:\projects\E-COMMERCE-SYSTEM\node_modules\express\lib\router\route.js:114:3)
    at Layer.handle [as handle_request] (E:\projects\E-COMMERCE-SYSTEM\node_modules\express\lib\router\layer.js:95:5)
    at E:\projects\E-COMMERCE-SYSTEM\node_modules\express\lib\router\index.js:284:15 
    url - /api/v1/product 
    method - GET 
    IP - ::1
   {"timestamp":"2023-04-29T19:12:18.953Z"}
error: 
    status - 500 
    message - JsonWebTokenError: jwt malformed
    at Object.verify (E:\projects\E-COMMERCE-SYSTEM\node_modules\jsonwebtoken\verify.js:63:17)
    at _callee$ (E:\projects\E-COMMERCE-SYSTEM\src\middlewares\/auth.middleware.js:14:28)
    at tryCatch (E:\projects\E-COMMERCE-SYSTEM\node_modules\@babel\runtime\helpers\regeneratorRuntime.js:44:17)
    at Generator.<anonymous> (E:\projects\E-COMMERCE-SYSTEM\node_modules\@babel\runtime\helpers\regeneratorRuntime.js:125:22)
    at Generator.next (E:\projects\E-COMMERCE-SYSTEM\node_modules\@babel\runtime\helpers\regeneratorRuntime.js:69:21)
    at asyncGeneratorStep (E:\projects\E-COMMERCE-SYSTEM\node_modules\@babel\runtime\helpers\asyncToGenerator.js:3:24)
    at _next (E:\projects\E-COMMERCE-SYSTEM\node_modules\@babel\runtime\helpers\asyncToGenerator.js:22:9)
    at E:\projects\E-COMMERCE-SYSTEM\node_modules\@babel\runtime\helpers\asyncToGenerator.js:27:7
    at new Promise (<anonymous>)
    at apply (E:\projects\E-COMMERCE-SYSTEM\node_modules\@babel\runtime\helpers\asyncToGenerator.js:19:12)
    at userAuth (E:\projects\E-COMMERCE-SYSTEM\src\middlewares\/auth.middleware.js:4:22)
    at Layer.handle [as handle_request] (E:\projects\E-COMMERCE-SYSTEM\node_modules\express\lib\router\layer.js:95:5)
    at next (E:\projects\E-COMMERCE-SYSTEM\node_modules\express\lib\router\route.js:144:13)
    at Route.dispatch (E:\projects\E-COMMERCE-SYSTEM\node_modules\express\lib\router\route.js:114:3)
    at Layer.handle [as handle_request] (E:\projects\E-COMMERCE-SYSTEM\node_modules\express\lib\router\layer.js:95:5)
    at E:\projects\E-COMMERCE-SYSTEM\node_modules\express\lib\router\index.js:284:15 
    url - /api/v1/cart 
    method - GET 
    IP - ::1
   {"timestamp":"2023-04-29T19:12:18.963Z"}
error: 
    status - 500 
    message - JsonWebTokenError: jwt malformed
    at Object.verify (E:\projects\E-COMMERCE-SYSTEM\node_modules\jsonwebtoken\verify.js:63:17)
    at _callee$ (E:\projects\E-COMMERCE-SYSTEM\src\middlewares\/auth.middleware.js:14:28)
    at tryCatch (E:\projects\E-COMMERCE-SYSTEM\node_modules\@babel\runtime\helpers\regeneratorRuntime.js:44:17)
    at Generator.<anonymous> (E:\projects\E-COMMERCE-SYSTEM\node_modules\@babel\runtime\helpers\regeneratorRuntime.js:125:22)
    at Generator.next (E:\projects\E-COMMERCE-SYSTEM\node_modules\@babel\runtime\helpers\regeneratorRuntime.js:69:21)
    at asyncGeneratorStep (E:\projects\E-COMMERCE-SYSTEM\node_modules\@babel\runtime\helpers\asyncToGenerator.js:3:24)
    at _next (E:\projects\E-COMMERCE-SYSTEM\node_modules\@babel\runtime\helpers\asyncToGenerator.js:22:9)
    at E:\projects\E-COMMERCE-SYSTEM\node_modules\@babel\runtime\helpers\asyncToGenerator.js:27:7
    at new Promise (<anonymous>)
    at apply (E:\projects\E-COMMERCE-SYSTEM\node_modules\@babel\runtime\helpers\asyncToGenerator.js:19:12)
    at userAuth (E:\projects\E-COMMERCE-SYSTEM\src\middlewares\/auth.middleware.js:4:22)
    at Layer.handle [as handle_request] (E:\projects\E-COMMERCE-SYSTEM\node_modules\express\lib\router\layer.js:95:5)
    at next (E:\projects\E-COMMERCE-SYSTEM\node_modules\express\lib\router\route.js:144:13)
    at Route.dispatch (E:\projects\E-COMMERCE-SYSTEM\node_modules\express\lib\router\route.js:114:3)
    at Layer.handle [as handle_request] (E:\projects\E-COMMERCE-SYSTEM\node_modules\express\lib\router\layer.js:95:5)
    at E:\projects\E-COMMERCE-SYSTEM\node_modules\express\lib\router\index.js:284:15 
    url - /api/v1/cart 
    method - GET 
    IP - ::1
   {"timestamp":"2023-04-29T19:12:18.973Z"}
error: 
    status - 500 
    message - JsonWebTokenError: jwt malformed
    at Object.verify (E:\projects\E-COMMERCE-SYSTEM\node_modules\jsonwebtoken\verify.js:63:17)
    at _callee$ (E:\projects\E-COMMERCE-SYSTEM\src\middlewares\/auth.middleware.js:14:28)
    at tryCatch (E:\projects\E-COMMERCE-SYSTEM\node_modules\@babel\runtime\helpers\regeneratorRuntime.js:44:17)
    at Generator.<anonymous> (E:\projects\E-COMMERCE-SYSTEM\node_modules\@babel\runtime\helpers\regeneratorRuntime.js:125:22)
    at Generator.next (E:\projects\E-COMMERCE-SYSTEM\node_modules\@babel\runtime\helpers\regeneratorRuntime.js:69:21)
    at asyncGeneratorStep (E:\projects\E-COMMERCE-SYSTEM\node_modules\@babel\runtime\helpers\asyncToGenerator.js:3:24)
    at _next (E:\projects\E-COMMERCE-SYSTEM\node_modules\@babel\runtime\helpers\asyncToGenerator.js:22:9)
    at E:\projects\E-COMMERCE-SYSTEM\node_modules\@babel\runtime\helpers\asyncToGenerator.js:27:7
    at new Promise (<anonymous>)
    at apply (E:\projects\E-COMMERCE-SYSTEM\node_modules\@babel\runtime\helpers\asyncToGenerator.js:19:12)
    at userAuth (E:\projects\E-COMMERCE-SYSTEM\src\middlewares\/auth.middleware.js:4:22)
    at Layer.handle [as handle_request] (E:\projects\E-COMMERCE-SYSTEM\node_modules\express\lib\router\layer.js:95:5)
    at next (E:\projects\E-COMMERCE-SYSTEM\node_modules\express\lib\router\route.js:144:13)
    at Route.dispatch (E:\projects\E-COMMERCE-SYSTEM\node_modules\express\lib\router\route.js:114:3)
    at Layer.handle [as handle_request] (E:\projects\E-COMMERCE-SYSTEM\node_modules\express\lib\router\layer.js:95:5)
    at E:\projects\E-COMMERCE-SYSTEM\node_modules\express\lib\router\index.js:284:15 
    url - /api/v1/product 
    method - GET 
    IP - ::1
   {"timestamp":"2023-04-29T19:12:26.195Z"}
error: 
    status - 500 
    message - JsonWebTokenError: jwt malformed
    at Object.verify (E:\projects\E-COMMERCE-SYSTEM\node_modules\jsonwebtoken\verify.js:63:17)
    at _callee$ (E:\projects\E-COMMERCE-SYSTEM\src\middlewares\/auth.middleware.js:14:28)
    at tryCatch (E:\projects\E-COMMERCE-SYSTEM\node_modules\@babel\runtime\helpers\regeneratorRuntime.js:44:17)
    at Generator.<anonymous> (E:\projects\E-COMMERCE-SYSTEM\node_modules\@babel\runtime\helpers\regeneratorRuntime.js:125:22)
    at Generator.next (E:\projects\E-COMMERCE-SYSTEM\node_modules\@babel\runtime\helpers\regeneratorRuntime.js:69:21)
    at asyncGeneratorStep (E:\projects\E-COMMERCE-SYSTEM\node_modules\@babel\runtime\helpers\asyncToGenerator.js:3:24)
    at _next (E:\projects\E-COMMERCE-SYSTEM\node_modules\@babel\runtime\helpers\asyncToGenerator.js:22:9)
    at E:\projects\E-COMMERCE-SYSTEM\node_modules\@babel\runtime\helpers\asyncToGenerator.js:27:7
    at new Promise (<anonymous>)
    at apply (E:\projects\E-COMMERCE-SYSTEM\node_modules\@babel\runtime\helpers\asyncToGenerator.js:19:12)
    at userAuth (E:\projects\E-COMMERCE-SYSTEM\src\middlewares\/auth.middleware.js:4:22)
    at Layer.handle [as handle_request] (E:\projects\E-COMMERCE-SYSTEM\node_modules\express\lib\router\layer.js:95:5)
    at next (E:\projects\E-COMMERCE-SYSTEM\node_modules\express\lib\router\route.js:144:13)
    at Route.dispatch (E:\projects\E-COMMERCE-SYSTEM\node_modules\express\lib\router\route.js:114:3)
    at Layer.handle [as handle_request] (E:\projects\E-COMMERCE-SYSTEM\node_modules\express\lib\router\layer.js:95:5)
    at E:\projects\E-COMMERCE-SYSTEM\node_modules\express\lib\router\index.js:284:15 
    url - /api/v1/cart 
    method - GET 
    IP - ::1
   {"timestamp":"2023-04-29T19:12:26.204Z"}
error: 
    status - 500 
    message - JsonWebTokenError: jwt malformed
    at Object.verify (E:\projects\E-COMMERCE-SYSTEM\node_modules\jsonwebtoken\verify.js:63:17)
    at _callee$ (E:\projects\E-COMMERCE-SYSTEM\src\middlewares\/auth.middleware.js:14:28)
    at tryCatch (E:\projects\E-COMMERCE-SYSTEM\node_modules\@babel\runtime\helpers\regeneratorRuntime.js:44:17)
    at Generator.<anonymous> (E:\projects\E-COMMERCE-SYSTEM\node_modules\@babel\runtime\helpers\regeneratorRuntime.js:125:22)
    at Generator.next (E:\projects\E-COMMERCE-SYSTEM\node_modules\@babel\runtime\helpers\regeneratorRuntime.js:69:21)
    at asyncGeneratorStep (E:\projects\E-COMMERCE-SYSTEM\node_modules\@babel\runtime\helpers\asyncToGenerator.js:3:24)
    at _next (E:\projects\E-COMMERCE-SYSTEM\node_modules\@babel\runtime\helpers\asyncToGenerator.js:22:9)
    at E:\projects\E-COMMERCE-SYSTEM\node_modules\@babel\runtime\helpers\asyncToGenerator.js:27:7
    at new Promise (<anonymous>)
    at apply (E:\projects\E-COMMERCE-SYSTEM\node_modules\@babel\runtime\helpers\asyncToGenerator.js:19:12)
    at userAuth (E:\projects\E-COMMERCE-SYSTEM\src\middlewares\/auth.middleware.js:4:22)
    at Layer.handle [as handle_request] (E:\projects\E-COMMERCE-SYSTEM\node_modules\express\lib\router\layer.js:95:5)
    at next (E:\projects\E-COMMERCE-SYSTEM\node_modules\express\lib\router\route.js:144:13)
    at Route.dispatch (E:\projects\E-COMMERCE-SYSTEM\node_modules\express\lib\router\route.js:114:3)
    at Layer.handle [as handle_request] (E:\projects\E-COMMERCE-SYSTEM\node_modules\express\lib\router\layer.js:95:5)
    at E:\projects\E-COMMERCE-SYSTEM\node_modules\express\lib\router\index.js:284:15 
    url - /api/v1/product 
    method - GET 
    IP - ::1
   {"timestamp":"2023-04-29T19:12:26.213Z"}
error: 
    status - 500 
    message - JsonWebTokenError: jwt malformed
    at Object.verify (E:\projects\E-COMMERCE-SYSTEM\node_modules\jsonwebtoken\verify.js:63:17)
    at _callee$ (E:\projects\E-COMMERCE-SYSTEM\src\middlewares\/auth.middleware.js:14:28)
    at tryCatch (E:\projects\E-COMMERCE-SYSTEM\node_modules\@babel\runtime\helpers\regeneratorRuntime.js:44:17)
    at Generator.<anonymous> (E:\projects\E-COMMERCE-SYSTEM\node_modules\@babel\runtime\helpers\regeneratorRuntime.js:125:22)
    at Generator.next (E:\projects\E-COMMERCE-SYSTEM\node_modules\@babel\runtime\helpers\regeneratorRuntime.js:69:21)
    at asyncGeneratorStep (E:\projects\E-COMMERCE-SYSTEM\node_modules\@babel\runtime\helpers\asyncToGenerator.js:3:24)
    at _next (E:\projects\E-COMMERCE-SYSTEM\node_modules\@babel\runtime\helpers\asyncToGenerator.js:22:9)
    at E:\projects\E-COMMERCE-SYSTEM\node_modules\@babel\runtime\helpers\asyncToGenerator.js:27:7
    at new Promise (<anonymous>)
    at apply (E:\projects\E-COMMERCE-SYSTEM\node_modules\@babel\runtime\helpers\asyncToGenerator.js:19:12)
    at userAuth (E:\projects\E-COMMERCE-SYSTEM\src\middlewares\/auth.middleware.js:4:22)
    at Layer.handle [as handle_request] (E:\projects\E-COMMERCE-SYSTEM\node_modules\express\lib\router\layer.js:95:5)
    at next (E:\projects\E-COMMERCE-SYSTEM\node_modules\express\lib\router\route.js:144:13)
    at Route.dispatch (E:\projects\E-COMMERCE-SYSTEM\node_modules\express\lib\router\route.js:114:3)
    at Layer.handle [as handle_request] (E:\projects\E-COMMERCE-SYSTEM\node_modules\express\lib\router\layer.js:95:5)
    at E:\projects\E-COMMERCE-SYSTEM\node_modules\express\lib\router\index.js:284:15 
    url - /api/v1/cart 
    method - GET 
    IP - ::1
   {"timestamp":"2023-04-29T19:12:26.225Z"}
error: 
    status - 500 
    message - ValidationError: "lastname" length must be at least 4 characters long 
    url - /api/v1/users 
    method - POST 
    IP - ::1
   {"timestamp":"2023-04-30T02:48:55.789Z"}
error: 
    status - 500 
    message - Error: User already exists
    at _callee$ (E:\projects\E-COMMERCE-SYSTEM\src\services\/user.service.js:15:11)
    at tryCatch (E:\projects\E-COMMERCE-SYSTEM\node_modules\@babel\runtime\helpers\regeneratorRuntime.js:44:17)
    at Generator.<anonymous> (E:\projects\E-COMMERCE-SYSTEM\node_modules\@babel\runtime\helpers\regeneratorRuntime.js:125:22)
    at Generator.next (E:\projects\E-COMMERCE-SYSTEM\node_modules\@babel\runtime\helpers\regeneratorRuntime.js:69:21)
    at asyncGeneratorStep (E:\projects\E-COMMERCE-SYSTEM\node_modules\@babel\runtime\helpers\asyncToGenerator.js:3:24)
    at _next (E:\projects\E-COMMERCE-SYSTEM\node_modules\@babel\runtime\helpers\asyncToGenerator.js:22:9)
    at processTicksAndRejections (node:internal/process/task_queues:95:5) 
    url - /api/v1/users 
    method - POST 
    IP - ::1
   {"timestamp":"2023-04-30T02:49:05.460Z"}
error: 
    status - 500 
    message - Error: User already exists
    at _callee$ (E:\projects\E-COMMERCE-SYSTEM\src\services\/user.service.js:15:11)
    at tryCatch (E:\projects\E-COMMERCE-SYSTEM\node_modules\@babel\runtime\helpers\regeneratorRuntime.js:44:17)
    at Generator.<anonymous> (E:\projects\E-COMMERCE-SYSTEM\node_modules\@babel\runtime\helpers\regeneratorRuntime.js:125:22)
    at Generator.next (E:\projects\E-COMMERCE-SYSTEM\node_modules\@babel\runtime\helpers\regeneratorRuntime.js:69:21)
    at asyncGeneratorStep (E:\projects\E-COMMERCE-SYSTEM\node_modules\@babel\runtime\helpers\asyncToGenerator.js:3:24)
    at _next (E:\projects\E-COMMERCE-SYSTEM\node_modules\@babel\runtime\helpers\asyncToGenerator.js:22:9)
    at processTicksAndRejections (node:internal/process/task_queues:95:5) 
    url - /api/v1/users 
    method - POST 
    IP - ::1
   {"timestamp":"2023-04-30T02:49:19.661Z"}
info: Server started at http://localhost:6060/api/v1/ {"timestamp":"2023-04-30T07:42:09.406Z"}
info: Connected to the database. {"timestamp":"2023-04-30T07:42:09.425Z"}
info: Server started at http://localhost:6060/api/v1/ {"timestamp":"2023-04-30T07:42:14.338Z"}
info: Connected to the database. {"timestamp":"2023-04-30T07:42:14.357Z"}
