info: Connected to the database. {"timestamp":"2023-04-25T18:33:54.397Z"}
info: Server started at http://localhost:6060/api/v1/ {"timestamp":"2023-04-25T18:36:32.882Z"}
info: Connected to the database. {"timestamp":"2023-04-25T18:36:32.962Z"}
info: Server started at http://localhost:6060/api/v1/ {"timestamp":"2023-04-25T18:39:24.688Z"}
info: Connected to the database. {"timestamp":"2023-04-25T18:39:24.710Z"}
info: Server started at http://localhost:6060/api/v1/ {"timestamp":"2023-04-25T18:39:45.709Z"}
info: Connected to the database. {"timestamp":"2023-04-25T18:39:45.735Z"}
error: 
    status - 500 
    message - Error: Error: Invalid Email
    at _callee2$ (E:\projects\E-COMMERCE-SYSTEM\src\services\/user.service.js:38:11)
    at tryCatch (E:\projects\E-COMMERCE-SYSTEM\node_modules\@babel\runtime\helpers\regeneratorRuntime.js:44:17)
    at Generator.<anonymous> (E:\projects\E-COMMERCE-SYSTEM\node_modules\@babel\runtime\helpers\regeneratorRuntime.js:125:22)
    at Generator.next (E:\projects\E-COMMERCE-SYSTEM\node_modules\@babel\runtime\helpers\regeneratorRuntime.js:69:21)
    at asyncGeneratorStep (E:\projects\E-COMMERCE-SYSTEM\node_modules\@babel\runtime\helpers\asyncToGenerator.js:3:24)
    at _next (E:\projects\E-COMMERCE-SYSTEM\node_modules\@babel\runtime\helpers\asyncToGenerator.js:22:9)
    at processTicksAndRejections (node:internal/process/task_queues:95:5) 
    url - /api/v1/users/login 
    method - POST 
    IP - ::1
   {"timestamp":"2023-04-25T18:48:38.014Z"}
error: 
    status - 500 
    message - ValidationError: "companyname" is not allowed to be empty 
    url - /api/v1/users 
    method - POST 
    IP - ::1
   {"timestamp":"2023-04-25T18:49:48.449Z"}
error: 
    status - 500 
    message - ValidationError: "companyname" is not allowed to be empty 
    url - /api/v1/users 
    method - POST 
    IP - ::1
   {"timestamp":"2023-04-25T18:49:55.234Z"}
error: 
    status - 500 
    message - ValidationError: "companyname" is not allowed to be empty 
    url - /api/v1/users 
    method - POST 
    IP - ::1
   {"timestamp":"2023-04-25T18:49:56.988Z"}
error: 
    status - 500 
    message - ValidationError: "companyname" is not allowed to be empty 
    url - /api/v1/users 
    method - POST 
    IP - ::1
   {"timestamp":"2023-04-25T18:49:58.138Z"}
info: Server started at http://localhost:6060/api/v1/ {"timestamp":"2023-04-25T18:51:11.016Z"}
info: Connected to the database. {"timestamp":"2023-04-25T18:51:11.043Z"}
info: Server started at http://localhost:6060/api/v1/ {"timestamp":"2023-04-25T18:53:00.012Z"}
info: Connected to the database. {"timestamp":"2023-04-25T18:53:00.033Z"}
error: 
    status - 500 
    message - ValidationError: "companyname" is not allowed to be empty 
    url - /api/v1/users 
    method - POST 
    IP - ::1
   {"timestamp":"2023-04-25T18:53:00.729Z"}
error: 
    status - 500 
    message - ValidationError: "companyname" is not allowed to be empty 
    url - /api/v1/users 
    method - POST 
    IP - ::1
   {"timestamp":"2023-04-25T19:06:30.723Z"}
error: 
    status - 500 
    message - Error: Error: Invalid Email
    at _callee2$ (E:\projects\E-COMMERCE-SYSTEM\src\services\/user.service.js:38:11)
    at tryCatch (E:\projects\E-COMMERCE-SYSTEM\node_modules\@babel\runtime\helpers\regeneratorRuntime.js:44:17)
    at Generator.<anonymous> (E:\projects\E-COMMERCE-SYSTEM\node_modules\@babel\runtime\helpers\regeneratorRuntime.js:125:22)
    at Generator.next (E:\projects\E-COMMERCE-SYSTEM\node_modules\@babel\runtime\helpers\regeneratorRuntime.js:69:21)
    at asyncGeneratorStep (E:\projects\E-COMMERCE-SYSTEM\node_modules\@babel\runtime\helpers\asyncToGenerator.js:3:24)
    at _next (E:\projects\E-COMMERCE-SYSTEM\node_modules\@babel\runtime\helpers\asyncToGenerator.js:22:9)
    at processTicksAndRejections (node:internal/process/task_queues:95:5) 
    url - /api/v1/users/login 
    method - POST 
    IP - ::1
   {"timestamp":"2023-04-25T19:06:44.448Z"}
error: 
    status - 500 
    message - Error: Error: Invalid Email
    at _callee2$ (E:\projects\E-COMMERCE-SYSTEM\src\services\/user.service.js:38:11)
    at tryCatch (E:\projects\E-COMMERCE-SYSTEM\node_modules\@babel\runtime\helpers\regeneratorRuntime.js:44:17)
    at Generator.<anonymous> (E:\projects\E-COMMERCE-SYSTEM\node_modules\@babel\runtime\helpers\regeneratorRuntime.js:125:22)
    at Generator.next (E:\projects\E-COMMERCE-SYSTEM\node_modules\@babel\runtime\helpers\regeneratorRuntime.js:69:21)
    at asyncGeneratorStep (E:\projects\E-COMMERCE-SYSTEM\node_modules\@babel\runtime\helpers\asyncToGenerator.js:3:24)
    at _next (E:\projects\E-COMMERCE-SYSTEM\node_modules\@babel\runtime\helpers\asyncToGenerator.js:22:9)
    at processTicksAndRejections (node:internal/process/task_queues:95:5) 
    url - /api/v1/users/login 
    method - POST 
    IP - ::1
   {"timestamp":"2023-04-25T19:06:46.411Z"}
error: 
    status - 500 
    message - Error: Error: Invalid Email
    at _callee2$ (E:\projects\E-COMMERCE-SYSTEM\src\services\/user.service.js:38:11)
    at tryCatch (E:\projects\E-COMMERCE-SYSTEM\node_modules\@babel\runtime\helpers\regeneratorRuntime.js:44:17)
    at Generator.<anonymous> (E:\projects\E-COMMERCE-SYSTEM\node_modules\@babel\runtime\helpers\regeneratorRuntime.js:125:22)
    at Generator.next (E:\projects\E-COMMERCE-SYSTEM\node_modules\@babel\runtime\helpers\regeneratorRuntime.js:69:21)
    at asyncGeneratorStep (E:\projects\E-COMMERCE-SYSTEM\node_modules\@babel\runtime\helpers\asyncToGenerator.js:3:24)
    at _next (E:\projects\E-COMMERCE-SYSTEM\node_modules\@babel\runtime\helpers\asyncToGenerator.js:22:9)
    at processTicksAndRejections (node:internal/process/task_queues:95:5) 
    url - /api/v1/users/login 
    method - POST 
    IP - ::1
   {"timestamp":"2023-04-25T19:06:49.231Z"}
error: 
    status - 500 
    message - Error: Error: Invalid Email
    at _callee2$ (E:\projects\E-COMMERCE-SYSTEM\src\services\/user.service.js:38:11)
    at tryCatch (E:\projects\E-COMMERCE-SYSTEM\node_modules\@babel\runtime\helpers\regeneratorRuntime.js:44:17)
    at Generator.<anonymous> (E:\projects\E-COMMERCE-SYSTEM\node_modules\@babel\runtime\helpers\regeneratorRuntime.js:125:22)
    at Generator.next (E:\projects\E-COMMERCE-SYSTEM\node_modules\@babel\runtime\helpers\regeneratorRuntime.js:69:21)
    at asyncGeneratorStep (E:\projects\E-COMMERCE-SYSTEM\node_modules\@babel\runtime\helpers\asyncToGenerator.js:3:24)
    at _next (E:\projects\E-COMMERCE-SYSTEM\node_modules\@babel\runtime\helpers\asyncToGenerator.js:22:9)
    at processTicksAndRejections (node:internal/process/task_queues:95:5) 
    url - /api/v1/users/login 
    method - POST 
    IP - ::1
   {"timestamp":"2023-04-25T19:06:49.453Z"}
error: 
    status - 500 
    message - Error: Error: Invalid Email
    at _callee2$ (E:\projects\E-COMMERCE-SYSTEM\src\services\/user.service.js:38:11)
    at tryCatch (E:\projects\E-COMMERCE-SYSTEM\node_modules\@babel\runtime\helpers\regeneratorRuntime.js:44:17)
    at Generator.<anonymous> (E:\projects\E-COMMERCE-SYSTEM\node_modules\@babel\runtime\helpers\regeneratorRuntime.js:125:22)
    at Generator.next (E:\projects\E-COMMERCE-SYSTEM\node_modules\@babel\runtime\helpers\regeneratorRuntime.js:69:21)
    at asyncGeneratorStep (E:\projects\E-COMMERCE-SYSTEM\node_modules\@babel\runtime\helpers\asyncToGenerator.js:3:24)
    at _next (E:\projects\E-COMMERCE-SYSTEM\node_modules\@babel\runtime\helpers\asyncToGenerator.js:22:9)
    at processTicksAndRejections (node:internal/process/task_queues:95:5) 
    url - /api/v1/users/login 
    method - POST 
    IP - ::1
   {"timestamp":"2023-04-25T19:06:58.876Z"}
error: 
    status - 500 
    message - Error: Error: Invalid Password
    at _callee2$ (E:\projects\E-COMMERCE-SYSTEM\src\services\/user.service.js:38:11)
    at tryCatch (E:\projects\E-COMMERCE-SYSTEM\node_modules\@babel\runtime\helpers\regeneratorRuntime.js:44:17)
    at Generator.<anonymous> (E:\projects\E-COMMERCE-SYSTEM\node_modules\@babel\runtime\helpers\regeneratorRuntime.js:125:22)
    at Generator.next (E:\projects\E-COMMERCE-SYSTEM\node_modules\@babel\runtime\helpers\regeneratorRuntime.js:69:21)
    at asyncGeneratorStep (E:\projects\E-COMMERCE-SYSTEM\node_modules\@babel\runtime\helpers\asyncToGenerator.js:3:24)
    at _next (E:\projects\E-COMMERCE-SYSTEM\node_modules\@babel\runtime\helpers\asyncToGenerator.js:22:9) 
    url - /api/v1/users/login 
    method - POST 
    IP - ::1
   {"timestamp":"2023-04-25T19:07:43.931Z"}
error: 
    status - 500 
    message - Error: Error: Invalid Password
    at _callee2$ (E:\projects\E-COMMERCE-SYSTEM\src\services\/user.service.js:38:11)
    at tryCatch (E:\projects\E-COMMERCE-SYSTEM\node_modules\@babel\runtime\helpers\regeneratorRuntime.js:44:17)
    at Generator.<anonymous> (E:\projects\E-COMMERCE-SYSTEM\node_modules\@babel\runtime\helpers\regeneratorRuntime.js:125:22)
    at Generator.next (E:\projects\E-COMMERCE-SYSTEM\node_modules\@babel\runtime\helpers\regeneratorRuntime.js:69:21)
    at asyncGeneratorStep (E:\projects\E-COMMERCE-SYSTEM\node_modules\@babel\runtime\helpers\asyncToGenerator.js:3:24)
    at _next (E:\projects\E-COMMERCE-SYSTEM\node_modules\@babel\runtime\helpers\asyncToGenerator.js:22:9) 
    url - /api/v1/users/login 
    method - POST 
    IP - ::1
   {"timestamp":"2023-04-26T02:14:29.910Z"}
error: 
    status - 500 
    message - Error: Error: Invalid Password
    at _callee2$ (E:\projects\E-COMMERCE-SYSTEM\src\services\/user.service.js:38:11)
    at tryCatch (E:\projects\E-COMMERCE-SYSTEM\node_modules\@babel\runtime\helpers\regeneratorRuntime.js:44:17)
    at Generator.<anonymous> (E:\projects\E-COMMERCE-SYSTEM\node_modules\@babel\runtime\helpers\regeneratorRuntime.js:125:22)
    at Generator.next (E:\projects\E-COMMERCE-SYSTEM\node_modules\@babel\runtime\helpers\regeneratorRuntime.js:69:21)
    at asyncGeneratorStep (E:\projects\E-COMMERCE-SYSTEM\node_modules\@babel\runtime\helpers\asyncToGenerator.js:3:24)
    at _next (E:\projects\E-COMMERCE-SYSTEM\node_modules\@babel\runtime\helpers\asyncToGenerator.js:22:9) 
    url - /api/v1/users/login 
    method - POST 
    IP - ::1
   {"timestamp":"2023-04-26T02:14:31.099Z"}
error: 
    status - 500 
    message - Error: Error: Invalid Password
    at _callee2$ (E:\projects\E-COMMERCE-SYSTEM\src\services\/user.service.js:38:11)
    at tryCatch (E:\projects\E-COMMERCE-SYSTEM\node_modules\@babel\runtime\helpers\regeneratorRuntime.js:44:17)
    at Generator.<anonymous> (E:\projects\E-COMMERCE-SYSTEM\node_modules\@babel\runtime\helpers\regeneratorRuntime.js:125:22)
    at Generator.next (E:\projects\E-COMMERCE-SYSTEM\node_modules\@babel\runtime\helpers\regeneratorRuntime.js:69:21)
    at asyncGeneratorStep (E:\projects\E-COMMERCE-SYSTEM\node_modules\@babel\runtime\helpers\asyncToGenerator.js:3:24)
    at _next (E:\projects\E-COMMERCE-SYSTEM\node_modules\@babel\runtime\helpers\asyncToGenerator.js:22:9) 
    url - /api/v1/users/login 
    method - POST 
    IP - ::1
   {"timestamp":"2023-04-26T02:14:32.578Z"}
info: Server started at http://localhost:6060/api/v1/ {"timestamp":"2023-04-26T02:32:13.784Z"}
info: Connected to the database. {"timestamp":"2023-04-26T02:32:13.812Z"}
info: Server started at http://localhost:6060/api/v1/ {"timestamp":"2023-04-26T02:33:37.421Z"}
info: Connected to the database. {"timestamp":"2023-04-26T02:33:37.440Z"}
info: Server started at http://localhost:6060/api/v1/ {"timestamp":"2023-04-26T02:35:54.901Z"}
info: Connected to the database. {"timestamp":"2023-04-26T02:35:54.921Z"}
info: Server started at http://localhost:6060/api/v1/ {"timestamp":"2023-04-26T04:22:10.964Z"}
info: Connected to the database. {"timestamp":"2023-04-26T04:22:11.011Z"}
info: Server started at http://localhost:6060/api/v1/ {"timestamp":"2023-04-26T05:01:41.973Z"}
info: Connected to the database. {"timestamp":"2023-04-26T05:01:41.993Z"}
info: Server started at http://localhost:6060/api/v1/ {"timestamp":"2023-04-26T05:01:50.923Z"}
info: Connected to the database. {"timestamp":"2023-04-26T05:01:50.946Z"}
error: 
    status - 500 
    message - Error: User already exists
    at _callee$ (D:\Backend\xZXZXZXZXZ\E-Commerce\E-COMMERCE-SYSTEM\src\services\/user.service.js:15:11)
    at tryCatch (D:\Backend\xZXZXZXZXZ\E-Commerce\E-COMMERCE-SYSTEM\node_modules\@babel\runtime\helpers\regeneratorRuntime.js:44:17)
    at Generator.<anonymous> (D:\Backend\xZXZXZXZXZ\E-Commerce\E-COMMERCE-SYSTEM\node_modules\@babel\runtime\helpers\regeneratorRuntime.js:125:22)
    at Generator.next (D:\Backend\xZXZXZXZXZ\E-Commerce\E-COMMERCE-SYSTEM\node_modules\@babel\runtime\helpers\regeneratorRuntime.js:69:21)
    at asyncGeneratorStep (D:\Backend\xZXZXZXZXZ\E-Commerce\E-COMMERCE-SYSTEM\node_modules\@babel\runtime\helpers\asyncToGenerator.js:3:24)
    at _next (D:\Backend\xZXZXZXZXZ\E-Commerce\E-COMMERCE-SYSTEM\node_modules\@babel\runtime\helpers\asyncToGenerator.js:22:9)
    at processTicksAndRejections (node:internal/process/task_queues:95:5) 
    url - /api/v1/users 
    method - POST 
    IP - ::1
   {"timestamp":"2023-04-26T06:02:38.585Z"}
error: 
      status - 400
      message - Authorization token is required 
      url - /api/v1/wishlist/id 
      method - PUT 
      IP - ::1
     {"timestamp":"2023-04-26T06:38:49.504Z"}
info: Server started at http://localhost:6060/api/v1/ {"timestamp":"2023-04-26T08:34:43.138Z"}
info: Connected to the database. {"timestamp":"2023-04-26T08:34:43.161Z"}
info: Server started at http://localhost:6060/api/v1/ {"timestamp":"2023-04-26T08:35:38.651Z"}
info: Connected to the database. {"timestamp":"2023-04-26T08:35:38.674Z"}
info: Server started at http://localhost:6060/api/v1/ {"timestamp":"2023-04-26T08:36:12.373Z"}
info: Connected to the database. {"timestamp":"2023-04-26T08:36:12.398Z"}
info: Server started at http://localhost:6060/api/v1/ {"timestamp":"2023-04-26T08:37:33.014Z"}
info: Connected to the database. {"timestamp":"2023-04-26T08:37:33.035Z"}
info: Server started at http://localhost:6060/api/v1/ {"timestamp":"2023-04-26T08:37:42.346Z"}
info: Connected to the database. {"timestamp":"2023-04-26T08:37:42.365Z"}
info: Server started at http://localhost:6060/api/v1/ {"timestamp":"2023-04-26T08:38:23.755Z"}
info: Connected to the database. {"timestamp":"2023-04-26T08:38:23.808Z"}
info: Server started at http://localhost:6060/api/v1/ {"timestamp":"2023-04-26T08:39:33.141Z"}
info: Connected to the database. {"timestamp":"2023-04-26T08:39:33.169Z"}
info: Server started at http://localhost:6060/api/v1/ {"timestamp":"2023-04-26T08:39:44.708Z"}
info: Connected to the database. {"timestamp":"2023-04-26T08:39:44.739Z"}
info: Server started at http://localhost:6060/api/v1/ {"timestamp":"2023-04-26T08:40:18.066Z"}
info: Connected to the database. {"timestamp":"2023-04-26T08:40:18.087Z"}
info: Server started at http://localhost:6060/api/v1/ {"timestamp":"2023-04-26T08:40:43.036Z"}
info: Connected to the database. {"timestamp":"2023-04-26T08:40:43.064Z"}
info: Server started at http://localhost:6060/api/v1/ {"timestamp":"2023-04-26T08:40:50.854Z"}
info: Connected to the database. {"timestamp":"2023-04-26T08:40:50.881Z"}
info: Server started at http://localhost:6060/api/v1/ {"timestamp":"2023-04-26T08:40:59.261Z"}
info: Connected to the database. {"timestamp":"2023-04-26T08:40:59.315Z"}
info: Server started at http://localhost:6060/api/v1/ {"timestamp":"2023-04-26T08:41:40.969Z"}
info: Connected to the database. {"timestamp":"2023-04-26T08:41:40.986Z"}
info: Server started at http://localhost:6060/api/v1/ {"timestamp":"2023-04-26T08:41:55.229Z"}
info: Connected to the database. {"timestamp":"2023-04-26T08:41:55.267Z"}
info: Server started at http://localhost:6060/api/v1/ {"timestamp":"2023-04-26T08:42:49.541Z"}
info: Connected to the database. {"timestamp":"2023-04-26T08:42:49.564Z"}
info: Connected to the database. {"timestamp":"2023-04-26T08:43:39.717Z"}
info: Server started at http://localhost:6060/api/v1/ {"timestamp":"2023-04-26T08:45:23.889Z"}
info: Connected to the database. {"timestamp":"2023-04-26T08:45:23.930Z"}
info: Server started at http://localhost:6060/api/v1/ {"timestamp":"2023-04-26T08:54:55.123Z"}
info: Connected to the database. {"timestamp":"2023-04-26T08:54:55.145Z"}
info: Server started at http://localhost:6060/api/v1/ {"timestamp":"2023-04-26T08:55:15.380Z"}
info: Connected to the database. {"timestamp":"2023-04-26T08:55:15.432Z"}
info: Server started at http://localhost:6060/api/v1/ {"timestamp":"2023-04-26T09:04:35.488Z"}
info: Connected to the database. {"timestamp":"2023-04-26T09:04:35.516Z"}
info: Server started at http://localhost:6060/api/v1/ {"timestamp":"2023-04-26T09:05:07.982Z"}
info: Connected to the database. {"timestamp":"2023-04-26T09:05:08.001Z"}
info: Server started at http://localhost:6060/api/v1/ {"timestamp":"2023-04-26T09:05:30.972Z"}
info: Connected to the database. {"timestamp":"2023-04-26T09:05:30.993Z"}
info: Server started at http://localhost:6060/api/v1/ {"timestamp":"2023-04-26T09:06:04.825Z"}
info: Connected to the database. {"timestamp":"2023-04-26T09:06:04.868Z"}
info: Server started at http://localhost:6060/api/v1/ {"timestamp":"2023-04-26T09:07:10.206Z"}
info: Connected to the database. {"timestamp":"2023-04-26T09:07:10.234Z"}
info: Server started at http://localhost:6060/api/v1/ {"timestamp":"2023-04-26T09:10:24.769Z"}
info: Connected to the database. {"timestamp":"2023-04-26T09:10:24.791Z"}
info: Server started at http://localhost:6060/api/v1/ {"timestamp":"2023-04-26T09:11:29.295Z"}
info: Connected to the database. {"timestamp":"2023-04-26T09:11:29.316Z"}
info: Server started at http://localhost:6060/api/v1/ {"timestamp":"2023-04-26T09:11:34.911Z"}
info: Connected to the database. {"timestamp":"2023-04-26T09:11:34.932Z"}
info: Server started at http://localhost:6060/api/v1/ {"timestamp":"2023-04-26T09:11:53.813Z"}
info: Connected to the database. {"timestamp":"2023-04-26T09:11:53.836Z"}
info: Server started at http://localhost:6060/api/v1/ {"timestamp":"2023-04-26T09:12:28.228Z"}
info: Connected to the database. {"timestamp":"2023-04-26T09:12:28.246Z"}
info: Server started at http://localhost:6060/api/v1/ {"timestamp":"2023-04-26T09:12:56.996Z"}
info: Connected to the database. {"timestamp":"2023-04-26T09:12:57.025Z"}
info: Server started at http://localhost:6060/api/v1/ {"timestamp":"2023-04-26T09:13:02.252Z"}
info: Connected to the database. {"timestamp":"2023-04-26T09:13:02.271Z"}
info: Connected to the database. {"timestamp":"2023-04-26T09:21:35.900Z"}
info: Connected to the database. {"timestamp":"2023-04-26T09:21:58.495Z"}
info: Server started at http://localhost:6060/api/v1/ {"timestamp":"2023-04-26T09:23:05.957Z"}
info: Connected to the database. {"timestamp":"2023-04-26T09:23:05.978Z"}
info: Server started at http://localhost:6060/api/v1/ {"timestamp":"2023-04-26T09:23:19.227Z"}
info: Connected to the database. {"timestamp":"2023-04-26T09:23:19.253Z"}
info: Server started at http://localhost:6060/api/v1/ {"timestamp":"2023-04-26T09:30:04.976Z"}
info: Connected to the database. {"timestamp":"2023-04-26T09:30:05.051Z"}
info: Server started at http://localhost:6060/api/v1/ {"timestamp":"2023-04-26T09:37:30.945Z"}
info: Connected to the database. {"timestamp":"2023-04-26T09:37:30.971Z"}
info: Server started at http://localhost:6060/api/v1/ {"timestamp":"2023-04-26T09:38:53.633Z"}
info: Connected to the database. {"timestamp":"2023-04-26T09:38:53.661Z"}
info: Server started at http://localhost:6060/api/v1/ {"timestamp":"2023-04-26T09:39:25.592Z"}
info: Connected to the database. {"timestamp":"2023-04-26T09:39:25.646Z"}
info: Server started at http://localhost:6060/api/v1/ {"timestamp":"2023-04-26T09:43:52.750Z"}
info: Connected to the database. {"timestamp":"2023-04-26T09:43:52.795Z"}
info: Server started at http://localhost:6060/api/v1/ {"timestamp":"2023-04-26T09:44:33.921Z"}
info: Connected to the database. {"timestamp":"2023-04-26T09:44:33.940Z"}
info: Server started at http://localhost:6060/api/v1/ {"timestamp":"2023-04-26T09:46:45.724Z"}
info: Connected to the database. {"timestamp":"2023-04-26T09:46:45.753Z"}
info: Server started at http://localhost:6060/api/v1/ {"timestamp":"2023-04-26T09:54:03.761Z"}
info: Connected to the database. {"timestamp":"2023-04-26T09:54:03.807Z"}
info: Server started at http://localhost:6060/api/v1/ {"timestamp":"2023-04-26T09:57:13.432Z"}
info: Connected to the database. {"timestamp":"2023-04-26T09:57:13.462Z"}
info: Server started at http://localhost:6060/api/v1/ {"timestamp":"2023-04-26T10:06:45.036Z"}
info: Connected to the database. {"timestamp":"2023-04-26T10:06:45.085Z"}
info: Server started at http://localhost:6060/api/v1/ {"timestamp":"2023-04-26T10:39:24.470Z"}
info: Connected to the database. {"timestamp":"2023-04-26T10:39:24.488Z"}
info: Connected to the database. {"timestamp":"2023-04-26T10:39:33.010Z"}
info: Connected to the database. {"timestamp":"2023-04-26T10:39:45.374Z"}
info: Server started at http://localhost:6060/api/v1/ {"timestamp":"2023-04-26T10:39:55.702Z"}
info: Connected to the database. {"timestamp":"2023-04-26T10:39:55.722Z"}
info: Server started at http://localhost:6060/api/v1/ {"timestamp":"2023-04-26T10:40:06.060Z"}
info: Connected to the database. {"timestamp":"2023-04-26T10:40:06.079Z"}
info: Server started at http://localhost:6060/api/v1/ {"timestamp":"2023-04-26T11:23:16.156Z"}
info: Connected to the database. {"timestamp":"2023-04-26T11:23:16.177Z"}
info: Server started at http://localhost:6060/api/v1/ {"timestamp":"2023-04-26T11:23:19.903Z"}
info: Connected to the database. {"timestamp":"2023-04-26T11:23:19.922Z"}
info: Server started at http://localhost:6060/api/v1/ {"timestamp":"2023-04-26T11:25:13.104Z"}
info: Connected to the database. {"timestamp":"2023-04-26T11:25:13.125Z"}
info: Server started at http://localhost:6060/api/v1/ {"timestamp":"2023-04-26T11:30:51.763Z"}
info: Connected to the database. {"timestamp":"2023-04-26T11:30:51.782Z"}
info: Server started at http://localhost:6060/api/v1/ {"timestamp":"2023-04-26T17:06:04.828Z"}
info: Connected to the database. {"timestamp":"2023-04-26T17:06:04.946Z"}
error: 
    status - 500 
    message - ValidationError: "companyname" is not allowed to be empty 
    url - /api/v1/users 
    method - POST 
    IP - ::1
   {"timestamp":"2023-04-26T17:07:56.447Z"}
error: 
    status - 500 
    message - ValidationError: "companyname" is not allowed to be empty 
    url - /api/v1/users 
    method - POST 
    IP - ::1
   {"timestamp":"2023-04-26T17:08:25.762Z"}
error: 
    status - 500 
    message - ValidationError: "companyname" is not allowed to be empty 
    url - /api/v1/users 
    method - POST 
    IP - ::1
   {"timestamp":"2023-04-26T17:08:39.193Z"}
error: 
    status - 500 
    message - Error: User already exists
    at _callee$ (D:\react_app\SamBeta\E-COMMERCE-SYSTEM\src\services\/user.service.js:15:11)
    at tryCatch (D:\react_app\SamBeta\E-COMMERCE-SYSTEM\node_modules\@babel\runtime\helpers\regeneratorRuntime.js:44:17)
    at Generator.<anonymous> (D:\react_app\SamBeta\E-COMMERCE-SYSTEM\node_modules\@babel\runtime\helpers\regeneratorRuntime.js:125:22)
    at Generator.next (D:\react_app\SamBeta\E-COMMERCE-SYSTEM\node_modules\@babel\runtime\helpers\regeneratorRuntime.js:69:21)
    at asyncGeneratorStep (D:\react_app\SamBeta\E-COMMERCE-SYSTEM\node_modules\@babel\runtime\helpers\asyncToGenerator.js:3:24)
    at _next (D:\react_app\SamBeta\E-COMMERCE-SYSTEM\node_modules\@babel\runtime\helpers\asyncToGenerator.js:22:9)
    at processTicksAndRejections (node:internal/process/task_queues:96:5) 
    url - /api/v1/users 
    method - POST 
    IP - ::1
   {"timestamp":"2023-04-26T17:08:56.289Z"}
error: 
    status - 500 
    message - JsonWebTokenError: jwt malformed
    at Object.verify (D:\react_app\SamBeta\E-COMMERCE-SYSTEM\node_modules\jsonwebtoken\verify.js:63:17)
    at _callee$ (D:\react_app\SamBeta\E-COMMERCE-SYSTEM\src\middlewares\/auth.middleware.js:14:28)
    at tryCatch (D:\react_app\SamBeta\E-COMMERCE-SYSTEM\node_modules\@babel\runtime\helpers\regeneratorRuntime.js:44:17)
    at Generator.<anonymous> (D:\react_app\SamBeta\E-COMMERCE-SYSTEM\node_modules\@babel\runtime\helpers\regeneratorRuntime.js:125:22)
    at Generator.next (D:\react_app\SamBeta\E-COMMERCE-SYSTEM\node_modules\@babel\runtime\helpers\regeneratorRuntime.js:69:21)
    at asyncGeneratorStep (D:\react_app\SamBeta\E-COMMERCE-SYSTEM\node_modules\@babel\runtime\helpers\asyncToGenerator.js:3:24)
    at _next (D:\react_app\SamBeta\E-COMMERCE-SYSTEM\node_modules\@babel\runtime\helpers\asyncToGenerator.js:22:9)
    at D:\react_app\SamBeta\E-COMMERCE-SYSTEM\node_modules\@babel\runtime\helpers\asyncToGenerator.js:27:7
    at new Promise (<anonymous>)
    at apply (D:\react_app\SamBeta\E-COMMERCE-SYSTEM\node_modules\@babel\runtime\helpers\asyncToGenerator.js:19:12)
    at userAuth (D:\react_app\SamBeta\E-COMMERCE-SYSTEM\src\middlewares\/auth.middleware.js:4:22)
    at Layer.handle [as handle_request] (D:\react_app\SamBeta\E-COMMERCE-SYSTEM\node_modules\express\lib\router\layer.js:95:5)
    at next (D:\react_app\SamBeta\E-COMMERCE-SYSTEM\node_modules\express\lib\router\route.js:144:13)
    at Route.dispatch (D:\react_app\SamBeta\E-COMMERCE-SYSTEM\node_modules\express\lib\router\route.js:114:3)
    at Layer.handle [as handle_request] (D:\react_app\SamBeta\E-COMMERCE-SYSTEM\node_modules\express\lib\router\layer.js:95:5)
    at D:\react_app\SamBeta\E-COMMERCE-SYSTEM\node_modules\express\lib\router\index.js:284:15
    at Function.process_params (D:\react_app\SamBeta\E-COMMERCE-SYSTEM\node_modules\express\lib\router\index.js:346:12)
    at next (D:\react_app\SamBeta\E-COMMERCE-SYSTEM\node_modules\express\lib\router\index.js:280:10)
    at Function.handle (D:\react_app\SamBeta\E-COMMERCE-SYSTEM\node_modules\express\lib\router\index.js:175:3)
    at router (D:\react_app\SamBeta\E-COMMERCE-SYSTEM\node_modules\express\lib\router\index.js:47:12)
    at Layer.handle [as handle_request] (D:\react_app\SamBeta\E-COMMERCE-SYSTEM\node_modules\express\lib\router\layer.js:95:5)
    at trim_prefix (D:\react_app\SamBeta\E-COMMERCE-SYSTEM\node_modules\express\lib\router\index.js:328:13)
    at D:\react_app\SamBeta\E-COMMERCE-SYSTEM\node_modules\express\lib\router\index.js:286:9
    at Function.process_params (D:\react_app\SamBeta\E-COMMERCE-SYSTEM\node_modules\express\lib\router\index.js:346:12)
    at next (D:\react_app\SamBeta\E-COMMERCE-SYSTEM\node_modules\express\lib\router\index.js:280:10)
    at Function.handle (D:\react_app\SamBeta\E-COMMERCE-SYSTEM\node_modules\express\lib\router\index.js:175:3)
    at router (D:\react_app\SamBeta\E-COMMERCE-SYSTEM\node_modules\express\lib\router\index.js:47:12)
    at Layer.handle [as handle_request] (D:\react_app\SamBeta\E-COMMERCE-SYSTEM\node_modules\express\lib\router\layer.js:95:5)
    at trim_prefix (D:\react_app\SamBeta\E-COMMERCE-SYSTEM\node_modules\express\lib\router\index.js:328:13)
    at D:\react_app\SamBeta\E-COMMERCE-SYSTEM\node_modules\express\lib\router\index.js:286:9
    at Function.process_params (D:\react_app\SamBeta\E-COMMERCE-SYSTEM\node_modules\express\lib\router\index.js:346:12)
    at next (D:\react_app\SamBeta\E-COMMERCE-SYSTEM\node_modules\express\lib\router\index.js:280:10)
    at logger (D:\react_app\SamBeta\E-COMMERCE-SYSTEM\node_modules\morgan\index.js:144:5)
    at Layer.handle [as handle_request] (D:\react_app\SamBeta\E-COMMERCE-SYSTEM\node_modules\express\lib\router\layer.js:95:5)
    at trim_prefix (D:\react_app\SamBeta\E-COMMERCE-SYSTEM\node_modules\express\lib\router\index.js:328:13)
    at D:\react_app\SamBeta\E-COMMERCE-SYSTEM\node_modules\express\lib\router\index.js:286:9
    at Function.process_params (D:\react_app\SamBeta\E-COMMERCE-SYSTEM\node_modules\express\lib\router\index.js:346:12)
    at next (D:\react_app\SamBeta\E-COMMERCE-SYSTEM\node_modules\express\lib\router\index.js:280:10)
    at jsonParser (D:\react_app\SamBeta\E-COMMERCE-SYSTEM\node_modules\body-parser\lib\types\json.js:110:7)
    at Layer.handle [as handle_request] (D:\react_app\SamBeta\E-COMMERCE-SYSTEM\node_modules\express\lib\router\layer.js:95:5)
    at trim_prefix (D:\react_app\SamBeta\E-COMMERCE-SYSTEM\node_modules\express\lib\router\index.js:328:13)
    at D:\react_app\SamBeta\E-COMMERCE-SYSTEM\node_modules\express\lib\router\index.js:286:9
    at Function.process_params (D:\react_app\SamBeta\E-COMMERCE-SYSTEM\node_modules\express\lib\router\index.js:346:12)
    at next (D:\react_app\SamBeta\E-COMMERCE-SYSTEM\node_modules\express\lib\router\index.js:280:10)
    at urlencodedParser (D:\react_app\SamBeta\E-COMMERCE-SYSTEM\node_modules\body-parser\lib\types\urlencoded.js:91:7)
    at Layer.handle [as handle_request] (D:\react_app\SamBeta\E-COMMERCE-SYSTEM\node_modules\express\lib\router\layer.js:95:5)
    at trim_prefix (D:\react_app\SamBeta\E-COMMERCE-SYSTEM\node_modules\express\lib\router\index.js:328:13)
    at D:\react_app\SamBeta\E-COMMERCE-SYSTEM\node_modules\express\lib\router\index.js:286:9
    at Function.process_params (D:\react_app\SamBeta\E-COMMERCE-SYSTEM\node_modules\express\lib\router\index.js:346:12)
    at next (D:\react_app\SamBeta\E-COMMERCE-SYSTEM\node_modules\express\lib\router\index.js:280:10)
    at internalNext (D:\react_app\SamBeta\E-COMMERCE-SYSTEM\node_modules\helmet\dist\index.js:142:6)
    at xXssProtectionMiddleware (D:\react_app\SamBeta\E-COMMERCE-SYSTEM\node_modules\helmet\dist\middlewares\x-xss-protection\index.js:6:3)
    at internalNext (D:\react_app\SamBeta\E-COMMERCE-SYSTEM\node_modules\helmet\dist\index.js:145:6)
    at referrerPolicyMiddleware (D:\react_app\SamBeta\E-COMMERCE-SYSTEM\node_modules\helmet\dist\middlewares\referrer-policy\index.js:24:3)
    at internalNext (D:\react_app\SamBeta\E-COMMERCE-SYSTEM\node_modules\helmet\dist\index.js:145:6)
    at xPermittedCrossDomainPoliciesMiddleware (D:\react_app\SamBeta\E-COMMERCE-SYSTEM\node_modules\helmet\dist\middlewares\x-permitted-cross-domain-policies\index.js:15:3) 
    url - /api/v1/product 
    method - GET 
    IP - ::1
   {"timestamp":"2023-04-26T17:09:18.256Z"}
error: 
    status - 500 
    message - JsonWebTokenError: jwt malformed
    at Object.verify (D:\react_app\SamBeta\E-COMMERCE-SYSTEM\node_modules\jsonwebtoken\verify.js:63:17)
    at _callee$ (D:\react_app\SamBeta\E-COMMERCE-SYSTEM\src\middlewares\/auth.middleware.js:14:28)
    at tryCatch (D:\react_app\SamBeta\E-COMMERCE-SYSTEM\node_modules\@babel\runtime\helpers\regeneratorRuntime.js:44:17)
    at Generator.<anonymous> (D:\react_app\SamBeta\E-COMMERCE-SYSTEM\node_modules\@babel\runtime\helpers\regeneratorRuntime.js:125:22)
    at Generator.next (D:\react_app\SamBeta\E-COMMERCE-SYSTEM\node_modules\@babel\runtime\helpers\regeneratorRuntime.js:69:21)
    at asyncGeneratorStep (D:\react_app\SamBeta\E-COMMERCE-SYSTEM\node_modules\@babel\runtime\helpers\asyncToGenerator.js:3:24)
    at _next (D:\react_app\SamBeta\E-COMMERCE-SYSTEM\node_modules\@babel\runtime\helpers\asyncToGenerator.js:22:9)
    at D:\react_app\SamBeta\E-COMMERCE-SYSTEM\node_modules\@babel\runtime\helpers\asyncToGenerator.js:27:7
    at new Promise (<anonymous>)
    at apply (D:\react_app\SamBeta\E-COMMERCE-SYSTEM\node_modules\@babel\runtime\helpers\asyncToGenerator.js:19:12)
    at userAuth (D:\react_app\SamBeta\E-COMMERCE-SYSTEM\src\middlewares\/auth.middleware.js:4:22)
    at Layer.handle [as handle_request] (D:\react_app\SamBeta\E-COMMERCE-SYSTEM\node_modules\express\lib\router\layer.js:95:5)
    at next (D:\react_app\SamBeta\E-COMMERCE-SYSTEM\node_modules\express\lib\router\route.js:144:13)
    at Route.dispatch (D:\react_app\SamBeta\E-COMMERCE-SYSTEM\node_modules\express\lib\router\route.js:114:3)
    at Layer.handle [as handle_request] (D:\react_app\SamBeta\E-COMMERCE-SYSTEM\node_modules\express\lib\router\layer.js:95:5)
    at D:\react_app\SamBeta\E-COMMERCE-SYSTEM\node_modules\express\lib\router\index.js:284:15
    at Function.process_params (D:\react_app\SamBeta\E-COMMERCE-SYSTEM\node_modules\express\lib\router\index.js:346:12)
    at next (D:\react_app\SamBeta\E-COMMERCE-SYSTEM\node_modules\express\lib\router\index.js:280:10)
    at Function.handle (D:\react_app\SamBeta\E-COMMERCE-SYSTEM\node_modules\express\lib\router\index.js:175:3)
    at router (D:\react_app\SamBeta\E-COMMERCE-SYSTEM\node_modules\express\lib\router\index.js:47:12)
    at Layer.handle [as handle_request] (D:\react_app\SamBeta\E-COMMERCE-SYSTEM\node_modules\express\lib\router\layer.js:95:5)
    at trim_prefix (D:\react_app\SamBeta\E-COMMERCE-SYSTEM\node_modules\express\lib\router\index.js:328:13)
    at D:\react_app\SamBeta\E-COMMERCE-SYSTEM\node_modules\express\lib\router\index.js:286:9
    at Function.process_params (D:\react_app\SamBeta\E-COMMERCE-SYSTEM\node_modules\express\lib\router\index.js:346:12)
    at next (D:\react_app\SamBeta\E-COMMERCE-SYSTEM\node_modules\express\lib\router\index.js:280:10)
    at Function.handle (D:\react_app\SamBeta\E-COMMERCE-SYSTEM\node_modules\express\lib\router\index.js:175:3)
    at router (D:\react_app\SamBeta\E-COMMERCE-SYSTEM\node_modules\express\lib\router\index.js:47:12)
    at Layer.handle [as handle_request] (D:\react_app\SamBeta\E-COMMERCE-SYSTEM\node_modules\express\lib\router\layer.js:95:5)
    at trim_prefix (D:\react_app\SamBeta\E-COMMERCE-SYSTEM\node_modules\express\lib\router\index.js:328:13)
    at D:\react_app\SamBeta\E-COMMERCE-SYSTEM\node_modules\express\lib\router\index.js:286:9
    at Function.process_params (D:\react_app\SamBeta\E-COMMERCE-SYSTEM\node_modules\express\lib\router\index.js:346:12)
    at next (D:\react_app\SamBeta\E-COMMERCE-SYSTEM\node_modules\express\lib\router\index.js:280:10)
    at logger (D:\react_app\SamBeta\E-COMMERCE-SYSTEM\node_modules\morgan\index.js:144:5)
    at Layer.handle [as handle_request] (D:\react_app\SamBeta\E-COMMERCE-SYSTEM\node_modules\express\lib\router\layer.js:95:5)
    at trim_prefix (D:\react_app\SamBeta\E-COMMERCE-SYSTEM\node_modules\express\lib\router\index.js:328:13)
    at D:\react_app\SamBeta\E-COMMERCE-SYSTEM\node_modules\express\lib\router\index.js:286:9
    at Function.process_params (D:\react_app\SamBeta\E-COMMERCE-SYSTEM\node_modules\express\lib\router\index.js:346:12)
    at next (D:\react_app\SamBeta\E-COMMERCE-SYSTEM\node_modules\express\lib\router\index.js:280:10)
    at jsonParser (D:\react_app\SamBeta\E-COMMERCE-SYSTEM\node_modules\body-parser\lib\types\json.js:110:7)
    at Layer.handle [as handle_request] (D:\react_app\SamBeta\E-COMMERCE-SYSTEM\node_modules\express\lib\router\layer.js:95:5)
    at trim_prefix (D:\react_app\SamBeta\E-COMMERCE-SYSTEM\node_modules\express\lib\router\index.js:328:13)
    at D:\react_app\SamBeta\E-COMMERCE-SYSTEM\node_modules\express\lib\router\index.js:286:9
    at Function.process_params (D:\react_app\SamBeta\E-COMMERCE-SYSTEM\node_modules\express\lib\router\index.js:346:12)
    at next (D:\react_app\SamBeta\E-COMMERCE-SYSTEM\node_modules\express\lib\router\index.js:280:10)
    at urlencodedParser (D:\react_app\SamBeta\E-COMMERCE-SYSTEM\node_modules\body-parser\lib\types\urlencoded.js:91:7)
    at Layer.handle [as handle_request] (D:\react_app\SamBeta\E-COMMERCE-SYSTEM\node_modules\express\lib\router\layer.js:95:5)
    at trim_prefix (D:\react_app\SamBeta\E-COMMERCE-SYSTEM\node_modules\express\lib\router\index.js:328:13)
    at D:\react_app\SamBeta\E-COMMERCE-SYSTEM\node_modules\express\lib\router\index.js:286:9
    at Function.process_params (D:\react_app\SamBeta\E-COMMERCE-SYSTEM\node_modules\express\lib\router\index.js:346:12)
    at next (D:\react_app\SamBeta\E-COMMERCE-SYSTEM\node_modules\express\lib\router\index.js:280:10)
    at internalNext (D:\react_app\SamBeta\E-COMMERCE-SYSTEM\node_modules\helmet\dist\index.js:142:6)
    at xXssProtectionMiddleware (D:\react_app\SamBeta\E-COMMERCE-SYSTEM\node_modules\helmet\dist\middlewares\x-xss-protection\index.js:6:3)
    at internalNext (D:\react_app\SamBeta\E-COMMERCE-SYSTEM\node_modules\helmet\dist\index.js:145:6)
    at referrerPolicyMiddleware (D:\react_app\SamBeta\E-COMMERCE-SYSTEM\node_modules\helmet\dist\middlewares\referrer-policy\index.js:24:3)
    at internalNext (D:\react_app\SamBeta\E-COMMERCE-SYSTEM\node_modules\helmet\dist\index.js:145:6)
    at xPermittedCrossDomainPoliciesMiddleware (D:\react_app\SamBeta\E-COMMERCE-SYSTEM\node_modules\helmet\dist\middlewares\x-permitted-cross-domain-policies\index.js:15:3) 
    url - /api/v1/cart 
    method - GET 
    IP - ::1
   {"timestamp":"2023-04-26T17:09:18.285Z"}
error: 
    status - 500 
    message - JsonWebTokenError: jwt malformed
    at Object.verify (D:\react_app\SamBeta\E-COMMERCE-SYSTEM\node_modules\jsonwebtoken\verify.js:63:17)
    at _callee$ (D:\react_app\SamBeta\E-COMMERCE-SYSTEM\src\middlewares\/auth.middleware.js:14:28)
    at tryCatch (D:\react_app\SamBeta\E-COMMERCE-SYSTEM\node_modules\@babel\runtime\helpers\regeneratorRuntime.js:44:17)
    at Generator.<anonymous> (D:\react_app\SamBeta\E-COMMERCE-SYSTEM\node_modules\@babel\runtime\helpers\regeneratorRuntime.js:125:22)
    at Generator.next (D:\react_app\SamBeta\E-COMMERCE-SYSTEM\node_modules\@babel\runtime\helpers\regeneratorRuntime.js:69:21)
    at asyncGeneratorStep (D:\react_app\SamBeta\E-COMMERCE-SYSTEM\node_modules\@babel\runtime\helpers\asyncToGenerator.js:3:24)
    at _next (D:\react_app\SamBeta\E-COMMERCE-SYSTEM\node_modules\@babel\runtime\helpers\asyncToGenerator.js:22:9)
    at D:\react_app\SamBeta\E-COMMERCE-SYSTEM\node_modules\@babel\runtime\helpers\asyncToGenerator.js:27:7
    at new Promise (<anonymous>)
    at apply (D:\react_app\SamBeta\E-COMMERCE-SYSTEM\node_modules\@babel\runtime\helpers\asyncToGenerator.js:19:12)
    at userAuth (D:\react_app\SamBeta\E-COMMERCE-SYSTEM\src\middlewares\/auth.middleware.js:4:22)
    at Layer.handle [as handle_request] (D:\react_app\SamBeta\E-COMMERCE-SYSTEM\node_modules\express\lib\router\layer.js:95:5)
    at next (D:\react_app\SamBeta\E-COMMERCE-SYSTEM\node_modules\express\lib\router\route.js:144:13)
    at Route.dispatch (D:\react_app\SamBeta\E-COMMERCE-SYSTEM\node_modules\express\lib\router\route.js:114:3)
    at Layer.handle [as handle_request] (D:\react_app\SamBeta\E-COMMERCE-SYSTEM\node_modules\express\lib\router\layer.js:95:5)
    at D:\react_app\SamBeta\E-COMMERCE-SYSTEM\node_modules\express\lib\router\index.js:284:15
    at Function.process_params (D:\react_app\SamBeta\E-COMMERCE-SYSTEM\node_modules\express\lib\router\index.js:346:12)
    at next (D:\react_app\SamBeta\E-COMMERCE-SYSTEM\node_modules\express\lib\router\index.js:280:10)
    at Function.handle (D:\react_app\SamBeta\E-COMMERCE-SYSTEM\node_modules\express\lib\router\index.js:175:3)
    at router (D:\react_app\SamBeta\E-COMMERCE-SYSTEM\node_modules\express\lib\router\index.js:47:12)
    at Layer.handle [as handle_request] (D:\react_app\SamBeta\E-COMMERCE-SYSTEM\node_modules\express\lib\router\layer.js:95:5)
    at trim_prefix (D:\react_app\SamBeta\E-COMMERCE-SYSTEM\node_modules\express\lib\router\index.js:328:13)
    at D:\react_app\SamBeta\E-COMMERCE-SYSTEM\node_modules\express\lib\router\index.js:286:9
    at Function.process_params (D:\react_app\SamBeta\E-COMMERCE-SYSTEM\node_modules\express\lib\router\index.js:346:12)
    at next (D:\react_app\SamBeta\E-COMMERCE-SYSTEM\node_modules\express\lib\router\index.js:280:10)
    at Function.handle (D:\react_app\SamBeta\E-COMMERCE-SYSTEM\node_modules\express\lib\router\index.js:175:3)
    at router (D:\react_app\SamBeta\E-COMMERCE-SYSTEM\node_modules\express\lib\router\index.js:47:12)
    at Layer.handle [as handle_request] (D:\react_app\SamBeta\E-COMMERCE-SYSTEM\node_modules\express\lib\router\layer.js:95:5)
    at trim_prefix (D:\react_app\SamBeta\E-COMMERCE-SYSTEM\node_modules\express\lib\router\index.js:328:13)
    at D:\react_app\SamBeta\E-COMMERCE-SYSTEM\node_modules\express\lib\router\index.js:286:9
    at Function.process_params (D:\react_app\SamBeta\E-COMMERCE-SYSTEM\node_modules\express\lib\router\index.js:346:12)
    at next (D:\react_app\SamBeta\E-COMMERCE-SYSTEM\node_modules\express\lib\router\index.js:280:10)
    at logger (D:\react_app\SamBeta\E-COMMERCE-SYSTEM\node_modules\morgan\index.js:144:5)
    at Layer.handle [as handle_request] (D:\react_app\SamBeta\E-COMMERCE-SYSTEM\node_modules\express\lib\router\layer.js:95:5)
    at trim_prefix (D:\react_app\SamBeta\E-COMMERCE-SYSTEM\node_modules\express\lib\router\index.js:328:13)
    at D:\react_app\SamBeta\E-COMMERCE-SYSTEM\node_modules\express\lib\router\index.js:286:9
    at Function.process_params (D:\react_app\SamBeta\E-COMMERCE-SYSTEM\node_modules\express\lib\router\index.js:346:12)
    at next (D:\react_app\SamBeta\E-COMMERCE-SYSTEM\node_modules\express\lib\router\index.js:280:10)
    at jsonParser (D:\react_app\SamBeta\E-COMMERCE-SYSTEM\node_modules\body-parser\lib\types\json.js:110:7)
    at Layer.handle [as handle_request] (D:\react_app\SamBeta\E-COMMERCE-SYSTEM\node_modules\express\lib\router\layer.js:95:5)
    at trim_prefix (D:\react_app\SamBeta\E-COMMERCE-SYSTEM\node_modules\express\lib\router\index.js:328:13)
    at D:\react_app\SamBeta\E-COMMERCE-SYSTEM\node_modules\express\lib\router\index.js:286:9
    at Function.process_params (D:\react_app\SamBeta\E-COMMERCE-SYSTEM\node_modules\express\lib\router\index.js:346:12)
    at next (D:\react_app\SamBeta\E-COMMERCE-SYSTEM\node_modules\express\lib\router\index.js:280:10)
    at urlencodedParser (D:\react_app\SamBeta\E-COMMERCE-SYSTEM\node_modules\body-parser\lib\types\urlencoded.js:91:7)
    at Layer.handle [as handle_request] (D:\react_app\SamBeta\E-COMMERCE-SYSTEM\node_modules\express\lib\router\layer.js:95:5)
    at trim_prefix (D:\react_app\SamBeta\E-COMMERCE-SYSTEM\node_modules\express\lib\router\index.js:328:13)
    at D:\react_app\SamBeta\E-COMMERCE-SYSTEM\node_modules\express\lib\router\index.js:286:9
    at Function.process_params (D:\react_app\SamBeta\E-COMMERCE-SYSTEM\node_modules\express\lib\router\index.js:346:12)
    at next (D:\react_app\SamBeta\E-COMMERCE-SYSTEM\node_modules\express\lib\router\index.js:280:10)
    at internalNext (D:\react_app\SamBeta\E-COMMERCE-SYSTEM\node_modules\helmet\dist\index.js:142:6)
    at xXssProtectionMiddleware (D:\react_app\SamBeta\E-COMMERCE-SYSTEM\node_modules\helmet\dist\middlewares\x-xss-protection\index.js:6:3)
    at internalNext (D:\react_app\SamBeta\E-COMMERCE-SYSTEM\node_modules\helmet\dist\index.js:145:6)
    at referrerPolicyMiddleware (D:\react_app\SamBeta\E-COMMERCE-SYSTEM\node_modules\helmet\dist\middlewares\referrer-policy\index.js:24:3)
    at internalNext (D:\react_app\SamBeta\E-COMMERCE-SYSTEM\node_modules\helmet\dist\index.js:145:6)
    at xPermittedCrossDomainPoliciesMiddleware (D:\react_app\SamBeta\E-COMMERCE-SYSTEM\node_modules\helmet\dist\middlewares\x-permitted-cross-domain-policies\index.js:15:3) 
    url - /api/v1/product 
    method - GET 
    IP - ::1
   {"timestamp":"2023-04-26T17:09:18.332Z"}
error: 
    status - 500 
    message - JsonWebTokenError: jwt malformed
    at Object.verify (D:\react_app\SamBeta\E-COMMERCE-SYSTEM\node_modules\jsonwebtoken\verify.js:63:17)
    at _callee$ (D:\react_app\SamBeta\E-COMMERCE-SYSTEM\src\middlewares\/auth.middleware.js:14:28)
    at tryCatch (D:\react_app\SamBeta\E-COMMERCE-SYSTEM\node_modules\@babel\runtime\helpers\regeneratorRuntime.js:44:17)
    at Generator.<anonymous> (D:\react_app\SamBeta\E-COMMERCE-SYSTEM\node_modules\@babel\runtime\helpers\regeneratorRuntime.js:125:22)
    at Generator.next (D:\react_app\SamBeta\E-COMMERCE-SYSTEM\node_modules\@babel\runtime\helpers\regeneratorRuntime.js:69:21)
    at asyncGeneratorStep (D:\react_app\SamBeta\E-COMMERCE-SYSTEM\node_modules\@babel\runtime\helpers\asyncToGenerator.js:3:24)
    at _next (D:\react_app\SamBeta\E-COMMERCE-SYSTEM\node_modules\@babel\runtime\helpers\asyncToGenerator.js:22:9)
    at D:\react_app\SamBeta\E-COMMERCE-SYSTEM\node_modules\@babel\runtime\helpers\asyncToGenerator.js:27:7
    at new Promise (<anonymous>)
    at apply (D:\react_app\SamBeta\E-COMMERCE-SYSTEM\node_modules\@babel\runtime\helpers\asyncToGenerator.js:19:12)
    at userAuth (D:\react_app\SamBeta\E-COMMERCE-SYSTEM\src\middlewares\/auth.middleware.js:4:22)
    at Layer.handle [as handle_request] (D:\react_app\SamBeta\E-COMMERCE-SYSTEM\node_modules\express\lib\router\layer.js:95:5)
    at next (D:\react_app\SamBeta\E-COMMERCE-SYSTEM\node_modules\express\lib\router\route.js:144:13)
    at Route.dispatch (D:\react_app\SamBeta\E-COMMERCE-SYSTEM\node_modules\express\lib\router\route.js:114:3)
    at Layer.handle [as handle_request] (D:\react_app\SamBeta\E-COMMERCE-SYSTEM\node_modules\express\lib\router\layer.js:95:5)
    at D:\react_app\SamBeta\E-COMMERCE-SYSTEM\node_modules\express\lib\router\index.js:284:15
    at Function.process_params (D:\react_app\SamBeta\E-COMMERCE-SYSTEM\node_modules\express\lib\router\index.js:346:12)
    at next (D:\react_app\SamBeta\E-COMMERCE-SYSTEM\node_modules\express\lib\router\index.js:280:10)
    at Function.handle (D:\react_app\SamBeta\E-COMMERCE-SYSTEM\node_modules\express\lib\router\index.js:175:3)
    at router (D:\react_app\SamBeta\E-COMMERCE-SYSTEM\node_modules\express\lib\router\index.js:47:12)
    at Layer.handle [as handle_request] (D:\react_app\SamBeta\E-COMMERCE-SYSTEM\node_modules\express\lib\router\layer.js:95:5)
    at trim_prefix (D:\react_app\SamBeta\E-COMMERCE-SYSTEM\node_modules\express\lib\router\index.js:328:13)
    at D:\react_app\SamBeta\E-COMMERCE-SYSTEM\node_modules\express\lib\router\index.js:286:9
    at Function.process_params (D:\react_app\SamBeta\E-COMMERCE-SYSTEM\node_modules\express\lib\router\index.js:346:12)
    at next (D:\react_app\SamBeta\E-COMMERCE-SYSTEM\node_modules\express\lib\router\index.js:280:10)
    at Function.handle (D:\react_app\SamBeta\E-COMMERCE-SYSTEM\node_modules\express\lib\router\index.js:175:3)
    at router (D:\react_app\SamBeta\E-COMMERCE-SYSTEM\node_modules\express\lib\router\index.js:47:12)
    at Layer.handle [as handle_request] (D:\react_app\SamBeta\E-COMMERCE-SYSTEM\node_modules\express\lib\router\layer.js:95:5)
    at trim_prefix (D:\react_app\SamBeta\E-COMMERCE-SYSTEM\node_modules\express\lib\router\index.js:328:13)
    at D:\react_app\SamBeta\E-COMMERCE-SYSTEM\node_modules\express\lib\router\index.js:286:9
    at Function.process_params (D:\react_app\SamBeta\E-COMMERCE-SYSTEM\node_modules\express\lib\router\index.js:346:12)
    at next (D:\react_app\SamBeta\E-COMMERCE-SYSTEM\node_modules\express\lib\router\index.js:280:10)
    at logger (D:\react_app\SamBeta\E-COMMERCE-SYSTEM\node_modules\morgan\index.js:144:5)
    at Layer.handle [as handle_request] (D:\react_app\SamBeta\E-COMMERCE-SYSTEM\node_modules\express\lib\router\layer.js:95:5)
    at trim_prefix (D:\react_app\SamBeta\E-COMMERCE-SYSTEM\node_modules\express\lib\router\index.js:328:13)
    at D:\react_app\SamBeta\E-COMMERCE-SYSTEM\node_modules\express\lib\router\index.js:286:9
    at Function.process_params (D:\react_app\SamBeta\E-COMMERCE-SYSTEM\node_modules\express\lib\router\index.js:346:12)
    at next (D:\react_app\SamBeta\E-COMMERCE-SYSTEM\node_modules\express\lib\router\index.js:280:10)
    at jsonParser (D:\react_app\SamBeta\E-COMMERCE-SYSTEM\node_modules\body-parser\lib\types\json.js:110:7)
    at Layer.handle [as handle_request] (D:\react_app\SamBeta\E-COMMERCE-SYSTEM\node_modules\express\lib\router\layer.js:95:5)
    at trim_prefix (D:\react_app\SamBeta\E-COMMERCE-SYSTEM\node_modules\express\lib\router\index.js:328:13)
    at D:\react_app\SamBeta\E-COMMERCE-SYSTEM\node_modules\express\lib\router\index.js:286:9
    at Function.process_params (D:\react_app\SamBeta\E-COMMERCE-SYSTEM\node_modules\express\lib\router\index.js:346:12)
    at next (D:\react_app\SamBeta\E-COMMERCE-SYSTEM\node_modules\express\lib\router\index.js:280:10)
    at urlencodedParser (D:\react_app\SamBeta\E-COMMERCE-SYSTEM\node_modules\body-parser\lib\types\urlencoded.js:91:7)
    at Layer.handle [as handle_request] (D:\react_app\SamBeta\E-COMMERCE-SYSTEM\node_modules\express\lib\router\layer.js:95:5)
    at trim_prefix (D:\react_app\SamBeta\E-COMMERCE-SYSTEM\node_modules\express\lib\router\index.js:328:13)
    at D:\react_app\SamBeta\E-COMMERCE-SYSTEM\node_modules\express\lib\router\index.js:286:9
    at Function.process_params (D:\react_app\SamBeta\E-COMMERCE-SYSTEM\node_modules\express\lib\router\index.js:346:12)
    at next (D:\react_app\SamBeta\E-COMMERCE-SYSTEM\node_modules\express\lib\router\index.js:280:10)
    at internalNext (D:\react_app\SamBeta\E-COMMERCE-SYSTEM\node_modules\helmet\dist\index.js:142:6)
    at xXssProtectionMiddleware (D:\react_app\SamBeta\E-COMMERCE-SYSTEM\node_modules\helmet\dist\middlewares\x-xss-protection\index.js:6:3)
    at internalNext (D:\react_app\SamBeta\E-COMMERCE-SYSTEM\node_modules\helmet\dist\index.js:145:6)
    at referrerPolicyMiddleware (D:\react_app\SamBeta\E-COMMERCE-SYSTEM\node_modules\helmet\dist\middlewares\referrer-policy\index.js:24:3)
    at internalNext (D:\react_app\SamBeta\E-COMMERCE-SYSTEM\node_modules\helmet\dist\index.js:145:6)
    at xPermittedCrossDomainPoliciesMiddleware (D:\react_app\SamBeta\E-COMMERCE-SYSTEM\node_modules\helmet\dist\middlewares\x-permitted-cross-domain-policies\index.js:15:3) 
    url - /api/v1/cart 
    method - GET 
    IP - ::1
   {"timestamp":"2023-04-26T17:09:18.359Z"}
error: 
      status - 400
      message - Authorization token is required 
      url - /api/v1/wishlist/64411f7db995d83bc4b56d1a 
      method - POST 
      IP - ::1
     {"timestamp":"2023-04-26T17:21:48.532Z"}
error: 
      status - 400
      message - Authorization token is required 
      url - /api/v1/wishlist/64411f7db995d83bc4b56d1a?ksj=sd 
      method - PUT 
      IP - ::1
     {"timestamp":"2023-04-26T17:25:40.384Z"}
info: Server started at http://localhost:6060/api/v1/ {"timestamp":"2023-04-26T17:55:25.083Z"}
info: Connected to the database. {"timestamp":"2023-04-26T17:55:25.170Z"}
info: Server started at http://localhost:6060/api/v1/ {"timestamp":"2023-04-26T17:58:49.775Z"}
info: Connected to the database. {"timestamp":"2023-04-26T17:58:49.792Z"}
info: Server started at http://localhost:6060/api/v1/ {"timestamp":"2023-04-26T18:00:48.175Z"}
info: Connected to the database. {"timestamp":"2023-04-26T18:00:48.193Z"}
info: Server started at http://localhost:6060/api/v1/ {"timestamp":"2023-04-26T18:01:44.499Z"}
info: Connected to the database. {"timestamp":"2023-04-26T18:01:44.539Z"}
info: Server started at http://localhost:6060/api/v1/ {"timestamp":"2023-04-26T18:09:54.952Z"}
info: Connected to the database. {"timestamp":"2023-04-26T18:09:54.991Z"}
info: Server started at http://localhost:6060/api/v1/ {"timestamp":"2023-04-26T18:10:09.646Z"}
info: Connected to the database. {"timestamp":"2023-04-26T18:10:09.666Z"}
info: Server started at http://localhost:6060/api/v1/ {"timestamp":"2023-04-26T18:11:38.610Z"}
info: Connected to the database. {"timestamp":"2023-04-26T18:11:38.639Z"}
info: Server started at http://localhost:6060/api/v1/ {"timestamp":"2023-04-26T18:13:32.439Z"}
info: Connected to the database. {"timestamp":"2023-04-26T18:13:32.472Z"}
info: Server started at http://localhost:6060/api/v1/ {"timestamp":"2023-04-26T18:14:02.436Z"}
info: Connected to the database. {"timestamp":"2023-04-26T18:14:02.465Z"}
info: Server started at http://localhost:6060/api/v1/ {"timestamp":"2023-04-26T18:14:38.827Z"}
info: Connected to the database. {"timestamp":"2023-04-26T18:14:38.856Z"}
info: Server started at http://localhost:6060/api/v1/ {"timestamp":"2023-04-26T18:14:46.263Z"}
info: Connected to the database. {"timestamp":"2023-04-26T18:14:46.284Z"}
info: Server started at http://localhost:6060/api/v1/ {"timestamp":"2023-04-26T18:15:19.987Z"}
info: Connected to the database. {"timestamp":"2023-04-26T18:15:20.018Z"}
info: Server started at http://localhost:6060/api/v1/ {"timestamp":"2023-04-26T18:22:47.289Z"}
info: Connected to the database. {"timestamp":"2023-04-26T18:22:47.307Z"}
info: Server started at http://localhost:6060/api/v1/ {"timestamp":"2023-04-26T18:25:40.222Z"}
info: Connected to the database. {"timestamp":"2023-04-26T18:25:40.275Z"}
info: Server started at http://localhost:6060/api/v1/ {"timestamp":"2023-04-26T18:26:01.664Z"}
info: Connected to the database. {"timestamp":"2023-04-26T18:26:01.685Z"}
