error: 
    status - 500 
    message - ValidationError: "name" is required 
    url - /api/v1/users 
    method - POST 
    IP - ::1
   {"timestamp":"2023-04-17T12:13:38.442Z"}
error: 
    status - 500 
    message - ValidationError: "name" is required 
    url - /api/v1/users 
    method - POST 
    IP - ::1
   {"timestamp":"2023-04-17T12:15:28.438Z"}
error: 
    status - 500 
    message - TypeError: _joi.default.integer is not a function
    at newUserValidator (D:\Backend\E-Commerce\e-commerce_Backend\src\validators\/user.validator.js:6:22)
    at Layer.handle [as handle_request] (D:\Backend\E-Commerce\e-commerce_Backend\node_modules\express\lib\router\layer.js:95:5)
    at next (D:\Backend\E-Commerce\e-commerce_Backend\node_modules\express\lib\router\route.js:144:13)
    at Route.dispatch (D:\Backend\E-Commerce\e-commerce_Backend\node_modules\express\lib\router\route.js:114:3)
    at Layer.handle [as handle_request] (D:\Backend\E-Commerce\e-commerce_Backend\node_modules\express\lib\router\layer.js:95:5)
    at D:\Backend\E-Commerce\e-commerce_Backend\node_modules\express\lib\router\index.js:284:15
    at Function.process_params (D:\Backend\E-Commerce\e-commerce_Backend\node_modules\express\lib\router\index.js:346:12)
    at next (D:\Backend\E-Commerce\e-commerce_Backend\node_modules\express\lib\router\index.js:280:10)
    at Function.handle (D:\Backend\E-Commerce\e-commerce_Backend\node_modules\express\lib\router\index.js:175:3)
    at router (D:\Backend\E-Commerce\e-commerce_Backend\node_modules\express\lib\router\index.js:47:12)
    at Layer.handle [as handle_request] (D:\Backend\E-Commerce\e-commerce_Backend\node_modules\express\lib\router\layer.js:95:5)
    at trim_prefix (D:\Backend\E-Commerce\e-commerce_Backend\node_modules\express\lib\router\index.js:328:13)
    at D:\Backend\E-Commerce\e-commerce_Backend\node_modules\express\lib\router\index.js:286:9
    at Function.process_params (D:\Backend\E-Commerce\e-commerce_Backend\node_modules\express\lib\router\index.js:346:12)
    at next (D:\Backend\E-Commerce\e-commerce_Backend\node_modules\express\lib\router\index.js:280:10)
    at Function.handle (D:\Backend\E-Commerce\e-commerce_Backend\node_modules\express\lib\router\index.js:175:3)
    at router (D:\Backend\E-Commerce\e-commerce_Backend\node_modules\express\lib\router\index.js:47:12)
    at Layer.handle [as handle_request] (D:\Backend\E-Commerce\e-commerce_Backend\node_modules\express\lib\router\layer.js:95:5)
    at trim_prefix (D:\Backend\E-Commerce\e-commerce_Backend\node_modules\express\lib\router\index.js:328:13)
    at D:\Backend\E-Commerce\e-commerce_Backend\node_modules\express\lib\router\index.js:286:9
    at Function.process_params (D:\Backend\E-Commerce\e-commerce_Backend\node_modules\express\lib\router\index.js:346:12)
    at next (D:\Backend\E-Commerce\e-commerce_Backend\node_modules\express\lib\router\index.js:280:10)
    at logger (D:\Backend\E-Commerce\e-commerce_Backend\node_modules\morgan\index.js:144:5)
    at Layer.handle [as handle_request] (D:\Backend\E-Commerce\e-commerce_Backend\node_modules\express\lib\router\layer.js:95:5)
    at trim_prefix (D:\Backend\E-Commerce\e-commerce_Backend\node_modules\express\lib\router\index.js:328:13)
    at D:\Backend\E-Commerce\e-commerce_Backend\node_modules\express\lib\router\index.js:286:9
    at Function.process_params (D:\Backend\E-Commerce\e-commerce_Backend\node_modules\express\lib\router\index.js:346:12)
    at next (D:\Backend\E-Commerce\e-commerce_Backend\node_modules\express\lib\router\index.js:280:10)
    at D:\Backend\E-Commerce\e-commerce_Backend\node_modules\body-parser\lib\read.js:137:5
    at AsyncResource.runInAsyncScope (node:async_hooks:204:9)
    at invokeCallback (D:\Backend\E-Commerce\e-commerce_Backend\node_modules\raw-body\index.js:231:16)
    at done (D:\Backend\E-Commerce\e-commerce_Backend\node_modules\raw-body\index.js:220:7)
    at IncomingMessage.onEnd (D:\Backend\E-Commerce\e-commerce_Backend\node_modules\raw-body\index.js:280:7)
    at IncomingMessage.emit (node:events:513:28)
    at IncomingMessage.emit (node:domain:489:12)
    at endReadableNT (node:internal/streams/readable:1359:12)
    at processTicksAndRejections (node:internal/process/task_queues:82:21) 
    url - /api/v1/users 
    method - POST 
    IP - ::1
   {"timestamp":"2023-04-17T12:17:25.523Z"}
error: 
    status - 500 
    message - ValidationError: "phonenumber" must be a number 
    url - /api/v1/users 
    method - POST 
    IP - ::1
   {"timestamp":"2023-04-17T12:17:42.766Z"}
error: 
      status - 11000
      message - E11000 duplicate key error collection: e-commerce.users index: email_1 dup key: { email: "shashank60@gmail.com" } 
      url - /api/v1/users 
      method - POST 
      IP - ::1
     {"timestamp":"2023-04-17T12:19:39.097Z"}
error: 
    status - 500 
    message - RangeError: Invalid status code: 11000
    at new NodeError (node:internal/errors:399:5)
    at ServerResponse.writeHead (node:_http_server:344:11)
    at ServerResponse.writeHead (D:\Backend\E-Commerce\e-commerce_Backend\node_modules\on-headers\index.js:44:26)
    at ServerResponse._implicitHeader (node:_http_server:335:8)
    at write_ (node:_http_outgoing:908:9)
    at ServerResponse.end (node:_http_outgoing:1016:5)
    at ServerResponse.send (D:\Backend\E-Commerce\e-commerce_Backend\node_modules\express\lib\response.js:232:10)
    at ServerResponse.json (D:\Backend\E-Commerce\e-commerce_Backend\node_modules\express\lib\response.js:278:15)
    at appErrorHandler (D:\Backend\E-Commerce\e-commerce_Backend\src\middlewares\/error.middleware.js:36:26)
    at Layer.handle_error (D:\Backend\E-Commerce\e-commerce_Backend\node_modules\express\lib\router\layer.js:71:5)
    at trim_prefix (D:\Backend\E-Commerce\e-commerce_Backend\node_modules\express\lib\router\index.js:326:13)
    at D:\Backend\E-Commerce\e-commerce_Backend\node_modules\express\lib\router\index.js:286:9
    at Function.process_params (D:\Backend\E-Commerce\e-commerce_Backend\node_modules\express\lib\router\index.js:346:12)
    at Immediate.next (D:\Backend\E-Commerce\e-commerce_Backend\node_modules\express\lib\router\index.js:280:10)
    at Immediate._onImmediate (D:\Backend\E-Commerce\e-commerce_Backend\node_modules\express\lib\router\index.js:646:15)
    at processImmediate (node:internal/timers:478:21) 
    url - /api/v1/users 
    method - POST 
    IP - ::1
   {"timestamp":"2023-04-17T12:19:39.115Z"}
error: 
      status - 11000
      message - E11000 duplicate key error collection: e-commerce.users index: email_1 dup key: { email: "shashank60@gmail.com" } 
      url - /api/v1/users 
      method - POST 
      IP - ::1
     {"timestamp":"2023-04-17T12:19:48.516Z"}
error: 
    status - 500 
    message - RangeError: Invalid status code: 11000
    at new NodeError (node:internal/errors:399:5)
    at ServerResponse.writeHead (node:_http_server:344:11)
    at ServerResponse.writeHead (D:\Backend\E-Commerce\e-commerce_Backend\node_modules\on-headers\index.js:44:26)
    at ServerResponse._implicitHeader (node:_http_server:335:8)
    at write_ (node:_http_outgoing:908:9)
    at ServerResponse.end (node:_http_outgoing:1016:5)
    at ServerResponse.send (D:\Backend\E-Commerce\e-commerce_Backend\node_modules\express\lib\response.js:232:10)
    at ServerResponse.json (D:\Backend\E-Commerce\e-commerce_Backend\node_modules\express\lib\response.js:278:15)
    at appErrorHandler (D:\Backend\E-Commerce\e-commerce_Backend\src\middlewares\/error.middleware.js:36:26)
    at Layer.handle_error (D:\Backend\E-Commerce\e-commerce_Backend\node_modules\express\lib\router\layer.js:71:5)
    at trim_prefix (D:\Backend\E-Commerce\e-commerce_Backend\node_modules\express\lib\router\index.js:326:13)
    at D:\Backend\E-Commerce\e-commerce_Backend\node_modules\express\lib\router\index.js:286:9
    at Function.process_params (D:\Backend\E-Commerce\e-commerce_Backend\node_modules\express\lib\router\index.js:346:12)
    at Immediate.next (D:\Backend\E-Commerce\e-commerce_Backend\node_modules\express\lib\router\index.js:280:10)
    at Immediate._onImmediate (D:\Backend\E-Commerce\e-commerce_Backend\node_modules\express\lib\router\index.js:646:15)
    at processImmediate (node:internal/timers:478:21) 
    url - /api/v1/users 
    method - POST 
    IP - ::1
   {"timestamp":"2023-04-17T12:19:48.521Z"}
error: 
      status - 11000
      message - E11000 duplicate key error collection: e-commerce.users index: email_1 dup key: { email: "shashank60@gmail.com" } 
      url - /api/v1/users 
      method - POST 
      IP - ::1
     {"timestamp":"2023-04-17T12:19:52.893Z"}
error: 
    status - 500 
    message - RangeError: Invalid status code: 11000
    at new NodeError (node:internal/errors:399:5)
    at ServerResponse.writeHead (node:_http_server:344:11)
    at ServerResponse.writeHead (D:\Backend\E-Commerce\e-commerce_Backend\node_modules\on-headers\index.js:44:26)
    at ServerResponse._implicitHeader (node:_http_server:335:8)
    at write_ (node:_http_outgoing:908:9)
    at ServerResponse.end (node:_http_outgoing:1016:5)
    at ServerResponse.send (D:\Backend\E-Commerce\e-commerce_Backend\node_modules\express\lib\response.js:232:10)
    at ServerResponse.json (D:\Backend\E-Commerce\e-commerce_Backend\node_modules\express\lib\response.js:278:15)
    at appErrorHandler (D:\Backend\E-Commerce\e-commerce_Backend\src\middlewares\/error.middleware.js:36:26)
    at Layer.handle_error (D:\Backend\E-Commerce\e-commerce_Backend\node_modules\express\lib\router\layer.js:71:5)
    at trim_prefix (D:\Backend\E-Commerce\e-commerce_Backend\node_modules\express\lib\router\index.js:326:13)
    at D:\Backend\E-Commerce\e-commerce_Backend\node_modules\express\lib\router\index.js:286:9
    at Function.process_params (D:\Backend\E-Commerce\e-commerce_Backend\node_modules\express\lib\router\index.js:346:12)
    at Immediate.next (D:\Backend\E-Commerce\e-commerce_Backend\node_modules\express\lib\router\index.js:280:10)
    at Immediate._onImmediate (D:\Backend\E-Commerce\e-commerce_Backend\node_modules\express\lib\router\index.js:646:15)
    at processImmediate (node:internal/timers:478:21) 
    url - /api/v1/users 
    method - POST 
    IP - ::1
   {"timestamp":"2023-04-17T12:19:52.896Z"}
error: 
      status - 11000
      message - E11000 duplicate key error collection: e-commerce.users index: email_1 dup key: { email: "shashank606@gmail.com" } 
      url - /api/v1/users 
      method - POST 
      IP - ::1
     {"timestamp":"2023-04-17T12:21:03.498Z"}
error: 
    status - 500 
    message - RangeError: Invalid status code: 11000
    at new NodeError (node:internal/errors:399:5)
    at ServerResponse.writeHead (node:_http_server:344:11)
    at ServerResponse.writeHead (D:\Backend\E-Commerce\e-commerce_Backend\node_modules\on-headers\index.js:44:26)
    at ServerResponse._implicitHeader (node:_http_server:335:8)
    at write_ (node:_http_outgoing:908:9)
    at ServerResponse.end (node:_http_outgoing:1016:5)
    at ServerResponse.send (D:\Backend\E-Commerce\e-commerce_Backend\node_modules\express\lib\response.js:232:10)
    at ServerResponse.json (D:\Backend\E-Commerce\e-commerce_Backend\node_modules\express\lib\response.js:278:15)
    at appErrorHandler (D:\Backend\E-Commerce\e-commerce_Backend\src\middlewares\/error.middleware.js:36:26)
    at Layer.handle_error (D:\Backend\E-Commerce\e-commerce_Backend\node_modules\express\lib\router\layer.js:71:5)
    at trim_prefix (D:\Backend\E-Commerce\e-commerce_Backend\node_modules\express\lib\router\index.js:326:13)
    at D:\Backend\E-Commerce\e-commerce_Backend\node_modules\express\lib\router\index.js:286:9
    at Function.process_params (D:\Backend\E-Commerce\e-commerce_Backend\node_modules\express\lib\router\index.js:346:12)
    at Immediate.next (D:\Backend\E-Commerce\e-commerce_Backend\node_modules\express\lib\router\index.js:280:10)
    at Immediate._onImmediate (D:\Backend\E-Commerce\e-commerce_Backend\node_modules\express\lib\router\index.js:646:15)
    at processImmediate (node:internal/timers:478:21) 
    url - /api/v1/users 
    method - POST 
    IP - ::1
   {"timestamp":"2023-04-17T12:21:03.502Z"}
error: 
    status - 500 
    message - Error: ReferenceError: bcrypt is not defined
    at _callee2$ (D:\Backend\E-Commerce\e-commerce_Backend\src\services\/user.service.js:24:11)
    at tryCatch (D:\Backend\E-Commerce\e-commerce_Backend\node_modules\@babel\runtime\helpers\regeneratorRuntime.js:44:17)
    at Generator.<anonymous> (D:\Backend\E-Commerce\e-commerce_Backend\node_modules\@babel\runtime\helpers\regeneratorRuntime.js:125:22)
    at Generator.next (D:\Backend\E-Commerce\e-commerce_Backend\node_modules\@babel\runtime\helpers\regeneratorRuntime.js:69:21)
    at asyncGeneratorStep (D:\Backend\E-Commerce\e-commerce_Backend\node_modules\@babel\runtime\helpers\asyncToGenerator.js:3:24)
    at _next (D:\Backend\E-Commerce\e-commerce_Backend\node_modules\@babel\runtime\helpers\asyncToGenerator.js:22:9)
    at processTicksAndRejections (node:internal/process/task_queues:95:5) 
    url - /api/v1/users/login 
    method - POST 
    IP - ::1
   {"timestamp":"2023-04-17T12:33:26.547Z"}
error: 
    status - 500 
    message - ValidationError: "fullname" is required 
    url - /api/v1/users/ 
    method - POST 
    IP - ::1
   {"timestamp":"2023-04-17T12:35:05.574Z"}
error: 
    status - 500 
    message - Error: ReferenceError: bcrypt is not defined
    at _callee2$ (D:\Backend\E-Commerce\e-commerce_Backend\src\services\/user.service.js:24:11)
    at tryCatch (D:\Backend\E-Commerce\e-commerce_Backend\node_modules\@babel\runtime\helpers\regeneratorRuntime.js:44:17)
    at Generator.<anonymous> (D:\Backend\E-Commerce\e-commerce_Backend\node_modules\@babel\runtime\helpers\regeneratorRuntime.js:125:22)
    at Generator.next (D:\Backend\E-Commerce\e-commerce_Backend\node_modules\@babel\runtime\helpers\regeneratorRuntime.js:69:21)
    at asyncGeneratorStep (D:\Backend\E-Commerce\e-commerce_Backend\node_modules\@babel\runtime\helpers\asyncToGenerator.js:3:24)
    at _next (D:\Backend\E-Commerce\e-commerce_Backend\node_modules\@babel\runtime\helpers\asyncToGenerator.js:22:9)
    at processTicksAndRejections (node:internal/process/task_queues:95:5) 
    url - /api/v1/users/login 
    method - POST 
    IP - ::1
   {"timestamp":"2023-04-17T12:35:11.277Z"}
error: 
    status - 500 
    message - Error: ReferenceError: bcrypt is not defined
    at _callee2$ (D:\Backend\E-Commerce\e-commerce_Backend\src\services\/user.service.js:24:11)
    at tryCatch (D:\Backend\E-Commerce\e-commerce_Backend\node_modules\@babel\runtime\helpers\regeneratorRuntime.js:44:17)
    at Generator.<anonymous> (D:\Backend\E-Commerce\e-commerce_Backend\node_modules\@babel\runtime\helpers\regeneratorRuntime.js:125:22)
    at Generator.next (D:\Backend\E-Commerce\e-commerce_Backend\node_modules\@babel\runtime\helpers\regeneratorRuntime.js:69:21)
    at asyncGeneratorStep (D:\Backend\E-Commerce\e-commerce_Backend\node_modules\@babel\runtime\helpers\asyncToGenerator.js:3:24)
    at _next (D:\Backend\E-Commerce\e-commerce_Backend\node_modules\@babel\runtime\helpers\asyncToGenerator.js:22:9)
    at processTicksAndRejections (node:internal/process/task_queues:95:5) 
    url - /api/v1/users/login 
    method - POST 
    IP - ::1
   {"timestamp":"2023-04-17T12:37:17.881Z"}
error: 
    status - 500 
    message - Error: ReferenceError: bcrypt is not defined
    at _callee2$ (D:\Backend\E-Commerce\e-commerce_Backend\src\services\/user.service.js:24:11)
    at tryCatch (D:\Backend\E-Commerce\e-commerce_Backend\node_modules\@babel\runtime\helpers\regeneratorRuntime.js:44:17)
    at Generator.<anonymous> (D:\Backend\E-Commerce\e-commerce_Backend\node_modules\@babel\runtime\helpers\regeneratorRuntime.js:125:22)
    at Generator.next (D:\Backend\E-Commerce\e-commerce_Backend\node_modules\@babel\runtime\helpers\regeneratorRuntime.js:69:21)
    at asyncGeneratorStep (D:\Backend\E-Commerce\e-commerce_Backend\node_modules\@babel\runtime\helpers\asyncToGenerator.js:3:24)
    at _next (D:\Backend\E-Commerce\e-commerce_Backend\node_modules\@babel\runtime\helpers\asyncToGenerator.js:22:9)
    at processTicksAndRejections (node:internal/process/task_queues:95:5) 
    url - /api/v1/users/login 
    method - POST 
    IP - ::1
   {"timestamp":"2023-04-17T12:37:19.265Z"}
error: 
    status - 500 
    message - Error: ReferenceError: bcrypt is not defined
    at _callee2$ (D:\Backend\E-Commerce\e-commerce_Backend\src\services\/user.service.js:24:11)
    at tryCatch (D:\Backend\E-Commerce\e-commerce_Backend\node_modules\@babel\runtime\helpers\regeneratorRuntime.js:44:17)
    at Generator.<anonymous> (D:\Backend\E-Commerce\e-commerce_Backend\node_modules\@babel\runtime\helpers\regeneratorRuntime.js:125:22)
    at Generator.next (D:\Backend\E-Commerce\e-commerce_Backend\node_modules\@babel\runtime\helpers\regeneratorRuntime.js:69:21)
    at asyncGeneratorStep (D:\Backend\E-Commerce\e-commerce_Backend\node_modules\@babel\runtime\helpers\asyncToGenerator.js:3:24)
    at _next (D:\Backend\E-Commerce\e-commerce_Backend\node_modules\@babel\runtime\helpers\asyncToGenerator.js:22:9)
    at processTicksAndRejections (node:internal/process/task_queues:95:5) 
    url - /api/v1/users/login 
    method - POST 
    IP - ::1
   {"timestamp":"2023-04-17T12:39:02.727Z"}
error: 
      status - 11000
      message - E11000 duplicate key error collection: e-commerce.users index: email_1 dup key: { email: "shashank606@gmail.com" } 
      url - /api/v1/users/ 
      method - POST 
      IP - ::1
     {"timestamp":"2023-04-17T12:39:09.620Z"}
error: 
    status - 500 
    message - RangeError: Invalid status code: 11000
    at new NodeError (node:internal/errors:399:5)
    at ServerResponse.writeHead (node:_http_server:344:11)
    at ServerResponse.writeHead (D:\Backend\E-Commerce\e-commerce_Backend\node_modules\on-headers\index.js:44:26)
    at ServerResponse._implicitHeader (node:_http_server:335:8)
    at write_ (node:_http_outgoing:908:9)
    at ServerResponse.end (node:_http_outgoing:1016:5)
    at ServerResponse.send (D:\Backend\E-Commerce\e-commerce_Backend\node_modules\express\lib\response.js:232:10)
    at ServerResponse.json (D:\Backend\E-Commerce\e-commerce_Backend\node_modules\express\lib\response.js:278:15)
    at appErrorHandler (D:\Backend\E-Commerce\e-commerce_Backend\src\middlewares\/error.middleware.js:36:26)
    at Layer.handle_error (D:\Backend\E-Commerce\e-commerce_Backend\node_modules\express\lib\router\layer.js:71:5)
    at trim_prefix (D:\Backend\E-Commerce\e-commerce_Backend\node_modules\express\lib\router\index.js:326:13)
    at D:\Backend\E-Commerce\e-commerce_Backend\node_modules\express\lib\router\index.js:286:9
    at Function.process_params (D:\Backend\E-Commerce\e-commerce_Backend\node_modules\express\lib\router\index.js:346:12)
    at Immediate.next (D:\Backend\E-Commerce\e-commerce_Backend\node_modules\express\lib\router\index.js:280:10)
    at Immediate._onImmediate (D:\Backend\E-Commerce\e-commerce_Backend\node_modules\express\lib\router\index.js:646:15)
    at processImmediate (node:internal/timers:478:21) 
    url - /api/v1/users/ 
    method - POST 
    IP - ::1
   {"timestamp":"2023-04-17T12:39:09.641Z"}
error: 
      status - 11000
      message - E11000 duplicate key error collection: e-commerce.users index: email_1 dup key: { email: "shashank606@gmail.com" } 
      url - /api/v1/users/ 
      method - POST 
      IP - ::1
     {"timestamp":"2023-04-17T12:39:14.737Z"}
error: 
    status - 500 
    message - RangeError: Invalid status code: 11000
    at new NodeError (node:internal/errors:399:5)
    at ServerResponse.writeHead (node:_http_server:344:11)
    at ServerResponse.writeHead (D:\Backend\E-Commerce\e-commerce_Backend\node_modules\on-headers\index.js:44:26)
    at ServerResponse._implicitHeader (node:_http_server:335:8)
    at write_ (node:_http_outgoing:908:9)
    at ServerResponse.end (node:_http_outgoing:1016:5)
    at ServerResponse.send (D:\Backend\E-Commerce\e-commerce_Backend\node_modules\express\lib\response.js:232:10)
    at ServerResponse.json (D:\Backend\E-Commerce\e-commerce_Backend\node_modules\express\lib\response.js:278:15)
    at appErrorHandler (D:\Backend\E-Commerce\e-commerce_Backend\src\middlewares\/error.middleware.js:36:26)
    at Layer.handle_error (D:\Backend\E-Commerce\e-commerce_Backend\node_modules\express\lib\router\layer.js:71:5)
    at trim_prefix (D:\Backend\E-Commerce\e-commerce_Backend\node_modules\express\lib\router\index.js:326:13)
    at D:\Backend\E-Commerce\e-commerce_Backend\node_modules\express\lib\router\index.js:286:9
    at Function.process_params (D:\Backend\E-Commerce\e-commerce_Backend\node_modules\express\lib\router\index.js:346:12)
    at Immediate.next (D:\Backend\E-Commerce\e-commerce_Backend\node_modules\express\lib\router\index.js:280:10)
    at Immediate._onImmediate (D:\Backend\E-Commerce\e-commerce_Backend\node_modules\express\lib\router\index.js:646:15)
    at processImmediate (node:internal/timers:478:21) 
    url - /api/v1/users/ 
    method - POST 
    IP - ::1
   {"timestamp":"2023-04-17T12:39:14.744Z"}
error: 
      status - 11000
      message - E11000 duplicate key error collection: e-commerce.users index: email_1 dup key: { email: "shashank606@gmail.com" } 
      url - /api/v1/users/ 
      method - POST 
      IP - ::1
     {"timestamp":"2023-04-17T12:39:15.888Z"}
error: 
    status - 500 
    message - RangeError: Invalid status code: 11000
    at new NodeError (node:internal/errors:399:5)
    at ServerResponse.writeHead (node:_http_server:344:11)
    at ServerResponse.writeHead (D:\Backend\E-Commerce\e-commerce_Backend\node_modules\on-headers\index.js:44:26)
    at ServerResponse._implicitHeader (node:_http_server:335:8)
    at write_ (node:_http_outgoing:908:9)
    at ServerResponse.end (node:_http_outgoing:1016:5)
    at ServerResponse.send (D:\Backend\E-Commerce\e-commerce_Backend\node_modules\express\lib\response.js:232:10)
    at ServerResponse.json (D:\Backend\E-Commerce\e-commerce_Backend\node_modules\express\lib\response.js:278:15)
    at appErrorHandler (D:\Backend\E-Commerce\e-commerce_Backend\src\middlewares\/error.middleware.js:36:26)
    at Layer.handle_error (D:\Backend\E-Commerce\e-commerce_Backend\node_modules\express\lib\router\layer.js:71:5)
    at trim_prefix (D:\Backend\E-Commerce\e-commerce_Backend\node_modules\express\lib\router\index.js:326:13)
    at D:\Backend\E-Commerce\e-commerce_Backend\node_modules\express\lib\router\index.js:286:9
    at Function.process_params (D:\Backend\E-Commerce\e-commerce_Backend\node_modules\express\lib\router\index.js:346:12)
    at Immediate.next (D:\Backend\E-Commerce\e-commerce_Backend\node_modules\express\lib\router\index.js:280:10)
    at Immediate._onImmediate (D:\Backend\E-Commerce\e-commerce_Backend\node_modules\express\lib\router\index.js:646:15)
    at processImmediate (node:internal/timers:478:21) 
    url - /api/v1/users/ 
    method - POST 
    IP - ::1
   {"timestamp":"2023-04-17T12:39:15.893Z"}
error: 
    status - 500 
    message - Error: ReferenceError: bcrypt is not defined
    at _callee2$ (D:\Backend\E-Commerce\e-commerce_Backend\src\services\/user.service.js:24:11)
    at tryCatch (D:\Backend\E-Commerce\e-commerce_Backend\node_modules\@babel\runtime\helpers\regeneratorRuntime.js:44:17)
    at Generator.<anonymous> (D:\Backend\E-Commerce\e-commerce_Backend\node_modules\@babel\runtime\helpers\regeneratorRuntime.js:125:22)
    at Generator.next (D:\Backend\E-Commerce\e-commerce_Backend\node_modules\@babel\runtime\helpers\regeneratorRuntime.js:69:21)
    at asyncGeneratorStep (D:\Backend\E-Commerce\e-commerce_Backend\node_modules\@babel\runtime\helpers\asyncToGenerator.js:3:24)
    at _next (D:\Backend\E-Commerce\e-commerce_Backend\node_modules\@babel\runtime\helpers\asyncToGenerator.js:22:9)
    at processTicksAndRejections (node:internal/process/task_queues:95:5) 
    url - /api/v1/users/login 
    method - POST 
    IP - ::1
   {"timestamp":"2023-04-17T12:39:27.292Z"}
error: 
    status - 500 
    message - Error: ReferenceError: bcrypt is not defined
    at _callee2$ (D:\Backend\E-Commerce\e-commerce_Backend\src\services\/user.service.js:24:11)
    at tryCatch (D:\Backend\E-Commerce\e-commerce_Backend\node_modules\@babel\runtime\helpers\regeneratorRuntime.js:44:17)
    at Generator.<anonymous> (D:\Backend\E-Commerce\e-commerce_Backend\node_modules\@babel\runtime\helpers\regeneratorRuntime.js:125:22)
    at Generator.next (D:\Backend\E-Commerce\e-commerce_Backend\node_modules\@babel\runtime\helpers\regeneratorRuntime.js:69:21)
    at asyncGeneratorStep (D:\Backend\E-Commerce\e-commerce_Backend\node_modules\@babel\runtime\helpers\asyncToGenerator.js:3:24)
    at _next (D:\Backend\E-Commerce\e-commerce_Backend\node_modules\@babel\runtime\helpers\asyncToGenerator.js:22:9)
    at processTicksAndRejections (node:internal/process/task_queues:95:5) 
    url - /api/v1/users/login 
    method - POST 
    IP - ::1
   {"timestamp":"2023-04-17T12:47:23.457Z"}
error: 
    status - 500 
    message - Error: ReferenceError: bcrypt is not defined
    at _callee2$ (D:\Backend\E-Commerce\e-commerce_Backend\src\services\/user.service.js:24:11)
    at tryCatch (D:\Backend\E-Commerce\e-commerce_Backend\node_modules\@babel\runtime\helpers\regeneratorRuntime.js:44:17)
    at Generator.<anonymous> (D:\Backend\E-Commerce\e-commerce_Backend\node_modules\@babel\runtime\helpers\regeneratorRuntime.js:125:22)
    at Generator.next (D:\Backend\E-Commerce\e-commerce_Backend\node_modules\@babel\runtime\helpers\regeneratorRuntime.js:69:21)
    at asyncGeneratorStep (D:\Backend\E-Commerce\e-commerce_Backend\node_modules\@babel\runtime\helpers\asyncToGenerator.js:3:24)
    at _next (D:\Backend\E-Commerce\e-commerce_Backend\node_modules\@babel\runtime\helpers\asyncToGenerator.js:22:9)
    at processTicksAndRejections (node:internal/process/task_queues:95:5) 
    url - /api/v1/users/login 
    method - POST 
    IP - ::1
   {"timestamp":"2023-04-17T12:48:18.781Z"}
error: 
    status - 500 
    message - Error: ReferenceError: bcrypt is not defined
    at _callee2$ (D:\Backend\E-Commerce\e-commerce_Backend\src\services\/user.service.js:24:11)
    at tryCatch (D:\Backend\E-Commerce\e-commerce_Backend\node_modules\@babel\runtime\helpers\regeneratorRuntime.js:44:17)
    at Generator.<anonymous> (D:\Backend\E-Commerce\e-commerce_Backend\node_modules\@babel\runtime\helpers\regeneratorRuntime.js:125:22)
    at Generator.next (D:\Backend\E-Commerce\e-commerce_Backend\node_modules\@babel\runtime\helpers\regeneratorRuntime.js:69:21)
    at asyncGeneratorStep (D:\Backend\E-Commerce\e-commerce_Backend\node_modules\@babel\runtime\helpers\asyncToGenerator.js:3:24)
    at _next (D:\Backend\E-Commerce\e-commerce_Backend\node_modules\@babel\runtime\helpers\asyncToGenerator.js:22:9)
    at processTicksAndRejections (node:internal/process/task_queues:95:5) 
    url - /api/v1/users/login 
    method - POST 
    IP - ::1
   {"timestamp":"2023-04-17T12:48:55.659Z"}
error: 
    status - 500 
    message - Error: Error: Invalid Password
    at _callee2$ (D:\Backend\E-Commerce\e-commerce_Backend\src\services\/user.service.js:25:11)
    at tryCatch (D:\Backend\E-Commerce\e-commerce_Backend\node_modules\@babel\runtime\helpers\regeneratorRuntime.js:44:17)
    at Generator.<anonymous> (D:\Backend\E-Commerce\e-commerce_Backend\node_modules\@babel\runtime\helpers\regeneratorRuntime.js:125:22)
    at Generator.next (D:\Backend\E-Commerce\e-commerce_Backend\node_modules\@babel\runtime\helpers\regeneratorRuntime.js:69:21)
    at asyncGeneratorStep (D:\Backend\E-Commerce\e-commerce_Backend\node_modules\@babel\runtime\helpers\asyncToGenerator.js:3:24)
    at _next (D:\Backend\E-Commerce\e-commerce_Backend\node_modules\@babel\runtime\helpers\asyncToGenerator.js:22:9) 
    url - /api/v1/users/login 
    method - POST 
    IP - ::1
   {"timestamp":"2023-04-17T12:50:37.694Z"}
error: 
    status - 500 
    message - Error: Error: Invalid Password
    at _callee2$ (D:\Backend\E-Commerce\e-commerce_Backend\src\services\/user.service.js:25:11)
    at tryCatch (D:\Backend\E-Commerce\e-commerce_Backend\node_modules\@babel\runtime\helpers\regeneratorRuntime.js:44:17)
    at Generator.<anonymous> (D:\Backend\E-Commerce\e-commerce_Backend\node_modules\@babel\runtime\helpers\regeneratorRuntime.js:125:22)
    at Generator.next (D:\Backend\E-Commerce\e-commerce_Backend\node_modules\@babel\runtime\helpers\regeneratorRuntime.js:69:21)
    at asyncGeneratorStep (D:\Backend\E-Commerce\e-commerce_Backend\node_modules\@babel\runtime\helpers\asyncToGenerator.js:3:24)
    at _next (D:\Backend\E-Commerce\e-commerce_Backend\node_modules\@babel\runtime\helpers\asyncToGenerator.js:22:9) 
    url - /api/v1/users/login 
    method - POST 
    IP - ::1
   {"timestamp":"2023-04-17T12:50:45.225Z"}
error: 
    status - 500 
    message - Error: Error: Invalid Password
    at _callee2$ (D:\Backend\E-Commerce\e-commerce_Backend\src\services\/user.service.js:25:11)
    at tryCatch (D:\Backend\E-Commerce\e-commerce_Backend\node_modules\@babel\runtime\helpers\regeneratorRuntime.js:44:17)
    at Generator.<anonymous> (D:\Backend\E-Commerce\e-commerce_Backend\node_modules\@babel\runtime\helpers\regeneratorRuntime.js:125:22)
    at Generator.next (D:\Backend\E-Commerce\e-commerce_Backend\node_modules\@babel\runtime\helpers\regeneratorRuntime.js:69:21)
    at asyncGeneratorStep (D:\Backend\E-Commerce\e-commerce_Backend\node_modules\@babel\runtime\helpers\asyncToGenerator.js:3:24)
    at _next (D:\Backend\E-Commerce\e-commerce_Backend\node_modules\@babel\runtime\helpers\asyncToGenerator.js:22:9) 
    url - /api/v1/users/login 
    method - POST 
    IP - ::1
   {"timestamp":"2023-04-17T12:51:13.015Z"}
error: 
    status - 500 
    message - Error: Error: Invalid Password
    at _callee2$ (D:\Backend\E-Commerce\e-commerce_Backend\src\services\/user.service.js:25:11)
    at tryCatch (D:\Backend\E-Commerce\e-commerce_Backend\node_modules\@babel\runtime\helpers\regeneratorRuntime.js:44:17)
    at Generator.<anonymous> (D:\Backend\E-Commerce\e-commerce_Backend\node_modules\@babel\runtime\helpers\regeneratorRuntime.js:125:22)
    at Generator.next (D:\Backend\E-Commerce\e-commerce_Backend\node_modules\@babel\runtime\helpers\regeneratorRuntime.js:69:21)
    at asyncGeneratorStep (D:\Backend\E-Commerce\e-commerce_Backend\node_modules\@babel\runtime\helpers\asyncToGenerator.js:3:24)
    at _next (D:\Backend\E-Commerce\e-commerce_Backend\node_modules\@babel\runtime\helpers\asyncToGenerator.js:22:9) 
    url - /api/v1/users/login 
    method - POST 
    IP - ::1
   {"timestamp":"2023-04-17T12:51:33.798Z"}
error: 
    status - 500 
    message - Error: Error: Invalid Email
    at _callee2$ (D:\Backend\E-Commerce\e-commerce_Backend\src\services\/user.service.js:23:11)
    at tryCatch (D:\Backend\E-Commerce\e-commerce_Backend\node_modules\@babel\runtime\helpers\regeneratorRuntime.js:44:17)
    at Generator.<anonymous> (D:\Backend\E-Commerce\e-commerce_Backend\node_modules\@babel\runtime\helpers\regeneratorRuntime.js:125:22)
    at Generator.next (D:\Backend\E-Commerce\e-commerce_Backend\node_modules\@babel\runtime\helpers\regeneratorRuntime.js:69:21)
    at asyncGeneratorStep (D:\Backend\E-Commerce\e-commerce_Backend\node_modules\@babel\runtime\helpers\asyncToGenerator.js:3:24)
    at _next (D:\Backend\E-Commerce\e-commerce_Backend\node_modules\@babel\runtime\helpers\asyncToGenerator.js:22:9)
    at processTicksAndRejections (node:internal/process/task_queues:95:5) 
    url - /api/v1/users/login 
    method - POST 
    IP - ::1
   {"timestamp":"2023-04-17T12:52:58.841Z"}
error: 
    status - 500 
    message - ValidationError: "fullname" is required 
    url - /api/v1/users/ 
    method - POST 
    IP - ::1
   {"timestamp":"2023-04-17T12:55:47.887Z"}
error: 
    status - 500 
    message - Error: Error: Invalid Password
    at _callee2$ (D:\Backend\E-Commerce\e-commerce_Backend\src\services\/user.service.js:23:11)
    at tryCatch (D:\Backend\E-Commerce\e-commerce_Backend\node_modules\@babel\runtime\helpers\regeneratorRuntime.js:44:17)
    at Generator.<anonymous> (D:\Backend\E-Commerce\e-commerce_Backend\node_modules\@babel\runtime\helpers\regeneratorRuntime.js:125:22)
    at Generator.next (D:\Backend\E-Commerce\e-commerce_Backend\node_modules\@babel\runtime\helpers\regeneratorRuntime.js:69:21)
    at asyncGeneratorStep (D:\Backend\E-Commerce\e-commerce_Backend\node_modules\@babel\runtime\helpers\asyncToGenerator.js:3:24)
    at _next (D:\Backend\E-Commerce\e-commerce_Backend\node_modules\@babel\runtime\helpers\asyncToGenerator.js:22:9) 
    url - /api/v1/users/login 
    method - POST 
    IP - ::1
   {"timestamp":"2023-04-17T12:55:57.109Z"}
error: 
    status - 500 
    message - Error: Error: Invalid Password
    at _callee2$ (D:\Backend\E-Commerce\e-commerce_Backend\src\services\/user.service.js:23:11)
    at tryCatch (D:\Backend\E-Commerce\e-commerce_Backend\node_modules\@babel\runtime\helpers\regeneratorRuntime.js:44:17)
    at Generator.<anonymous> (D:\Backend\E-Commerce\e-commerce_Backend\node_modules\@babel\runtime\helpers\regeneratorRuntime.js:125:22)
    at Generator.next (D:\Backend\E-Commerce\e-commerce_Backend\node_modules\@babel\runtime\helpers\regeneratorRuntime.js:69:21)
    at asyncGeneratorStep (D:\Backend\E-Commerce\e-commerce_Backend\node_modules\@babel\runtime\helpers\asyncToGenerator.js:3:24)
    at _next (D:\Backend\E-Commerce\e-commerce_Backend\node_modules\@babel\runtime\helpers\asyncToGenerator.js:22:9) 
    url - /api/v1/users/login 
    method - POST 
    IP - ::1
   {"timestamp":"2023-04-17T13:03:48.877Z"}
error: 
    status - 500 
    message - Error: ReferenceError: Jwt is not defined
    at _callee2$ (D:\Backend\E-Commerce\e-commerce_Backend\src\services\/user.service.js:34:11)
    at tryCatch (D:\Backend\E-Commerce\e-commerce_Backend\node_modules\@babel\runtime\helpers\regeneratorRuntime.js:44:17)
    at Generator.<anonymous> (D:\Backend\E-Commerce\e-commerce_Backend\node_modules\@babel\runtime\helpers\regeneratorRuntime.js:125:22)
    at Generator.next (D:\Backend\E-Commerce\e-commerce_Backend\node_modules\@babel\runtime\helpers\regeneratorRuntime.js:69:21)
    at asyncGeneratorStep (D:\Backend\E-Commerce\e-commerce_Backend\node_modules\@babel\runtime\helpers\asyncToGenerator.js:3:24)
    at _next (D:\Backend\E-Commerce\e-commerce_Backend\node_modules\@babel\runtime\helpers\asyncToGenerator.js:22:9) 
    url - /api/v1/users/login 
    method - POST 
    IP - ::1
   {"timestamp":"2023-04-17T13:05:44.668Z"}
error: 
    status - 500 
    message - Error: Error: Invalid Email
    at _callee2$ (D:\Backend\E-Commerce\e-commerce_Backend\src\services\/user.service.js:36:11)
    at tryCatch (D:\Backend\E-Commerce\e-commerce_Backend\node_modules\@babel\runtime\helpers\regeneratorRuntime.js:44:17)
    at Generator.<anonymous> (D:\Backend\E-Commerce\e-commerce_Backend\node_modules\@babel\runtime\helpers\regeneratorRuntime.js:125:22)
    at Generator.next (D:\Backend\E-Commerce\e-commerce_Backend\node_modules\@babel\runtime\helpers\regeneratorRuntime.js:69:21)
    at asyncGeneratorStep (D:\Backend\E-Commerce\e-commerce_Backend\node_modules\@babel\runtime\helpers\asyncToGenerator.js:3:24)
    at _next (D:\Backend\E-Commerce\e-commerce_Backend\node_modules\@babel\runtime\helpers\asyncToGenerator.js:22:9)
    at processTicksAndRejections (node:internal/process/task_queues:95:5) 
    url - /api/v1/users/login 
    method - POST 
    IP - ::1
   {"timestamp":"2023-04-17T13:08:14.497Z"}
error: 
    status - 500 
    message - ValidationError: "firstname" is required 
    url - /api/v1/users/ 
    method - POST 
    IP - ::1
   {"timestamp":"2023-04-17T13:17:38.027Z"}
error: 
    status - 500 
    message - Error: User already exist
    at _callee$ (D:\Backend\E-Commerce\e-commerce_Backend\src\services\/user.service.js:18:11)
    at tryCatch (D:\Backend\E-Commerce\e-commerce_Backend\node_modules\@babel\runtime\helpers\regeneratorRuntime.js:44:17)
    at Generator.<anonymous> (D:\Backend\E-Commerce\e-commerce_Backend\node_modules\@babel\runtime\helpers\regeneratorRuntime.js:125:22)
    at Generator.next (D:\Backend\E-Commerce\e-commerce_Backend\node_modules\@babel\runtime\helpers\regeneratorRuntime.js:69:21)
    at asyncGeneratorStep (D:\Backend\E-Commerce\e-commerce_Backend\node_modules\@babel\runtime\helpers\asyncToGenerator.js:3:24)
    at _next (D:\Backend\E-Commerce\e-commerce_Backend\node_modules\@babel\runtime\helpers\asyncToGenerator.js:22:9)
    at processTicksAndRejections (node:internal/process/task_queues:95:5) 
    url - /api/v1/users/ 
    method - POST 
    IP - ::1
   {"timestamp":"2023-04-17T13:17:45.548Z"}
error: 
    status - 500 
    message - Error: User already exist
    at _callee$ (D:\Backend\E-Commerce\e-commerce_Backend\src\services\/user.service.js:18:11)
    at tryCatch (D:\Backend\E-Commerce\e-commerce_Backend\node_modules\@babel\runtime\helpers\regeneratorRuntime.js:44:17)
    at Generator.<anonymous> (D:\Backend\E-Commerce\e-commerce_Backend\node_modules\@babel\runtime\helpers\regeneratorRuntime.js:125:22)
    at Generator.next (D:\Backend\E-Commerce\e-commerce_Backend\node_modules\@babel\runtime\helpers\regeneratorRuntime.js:69:21)
    at asyncGeneratorStep (D:\Backend\E-Commerce\e-commerce_Backend\node_modules\@babel\runtime\helpers\asyncToGenerator.js:3:24)
    at _next (D:\Backend\E-Commerce\e-commerce_Backend\node_modules\@babel\runtime\helpers\asyncToGenerator.js:22:9)
    at processTicksAndRejections (node:internal/process/task_queues:95:5) 
    url - /api/v1/users/ 
    method - POST 
    IP - ::1
   {"timestamp":"2023-04-17T13:18:07.264Z"}
error: uncaughtException: adminRoute is not defined
ReferenceError: adminRoute is not defined
    at routes (D:\Backend\E-Commerce\e-commerce_Backend\src\routes\/index.js:16:24)
    at Object.<anonymous> (D:\Backend\E-Commerce\e-commerce_Backend\src\/index.js:32:38)
    at Module._compile (node:internal/modules/cjs/loader:1254:14)
    at Module._compile (D:\Backend\E-Commerce\e-commerce_Backend\node_modules\pirates\lib\index.js:136:24)
    at Module._extensions..js (node:internal/modules/cjs/loader:1308:10)
    at Object.newLoader [as .js] (D:\Backend\E-Commerce\e-commerce_Backend\node_modules\pirates\lib\index.js:141:7)
    at Module.load (node:internal/modules/cjs/loader:1117:32)
    at Function.Module._load (node:internal/modules/cjs/loader:958:12)
    at Function.runMain (node:internal/modules/run_main:81:12)
    at Object.<anonymous> (D:\Backend\E-Commerce\e-commerce_Backend\node_modules\@babel\node\src\_babel-node.ts:223:12)
    at Module._compile (node:internal/modules/cjs/loader:1254:14)
    at Object.Module._extensions..js (node:internal/modules/cjs/loader:1308:10)
    at Module.load (node:internal/modules/cjs/loader:1117:32)
    at Function.Module._load (node:internal/modules/cjs/loader:958:12)
    at Function.executeUserEntryPoint [as runMain] (node:internal/modules/run_main:81:12)
    at node:internal/main/run_main_module:23:47 {"date":"Mon Apr 17 2023 18:53:32 GMT+0530 (India Standard Time)","error":{},"exception":true,"os":{"loadavg":[0,0,0],"uptime":288657.687},"process":{"argv":["node","D:\\Backend\\E-Commerce\\e-commerce_Backend\\src\\index.js"],"cwd":"D:\\Backend\\E-Commerce\\e-commerce_Backend","execPath":"C:\\Program Files\\nodejs\\node.exe","gid":null,"memoryUsage":{"arrayBuffers":19095341,"external":20611021,"heapTotal":93814784,"heapUsed":61035224,"rss":131678208},"pid":8656,"uid":null,"version":"v18.15.0"},"stack":"ReferenceError: adminRoute is not defined\n    at routes (D:\\Backend\\E-Commerce\\e-commerce_Backend\\src\\routes\\/index.js:16:24)\n    at Object.<anonymous> (D:\\Backend\\E-Commerce\\e-commerce_Backend\\src\\/index.js:32:38)\n    at Module._compile (node:internal/modules/cjs/loader:1254:14)\n    at Module._compile (D:\\Backend\\E-Commerce\\e-commerce_Backend\\node_modules\\pirates\\lib\\index.js:136:24)\n    at Module._extensions..js (node:internal/modules/cjs/loader:1308:10)\n    at Object.newLoader [as .js] (D:\\Backend\\E-Commerce\\e-commerce_Backend\\node_modules\\pirates\\lib\\index.js:141:7)\n    at Module.load (node:internal/modules/cjs/loader:1117:32)\n    at Function.Module._load (node:internal/modules/cjs/loader:958:12)\n    at Function.runMain (node:internal/modules/run_main:81:12)\n    at Object.<anonymous> (D:\\Backend\\E-Commerce\\e-commerce_Backend\\node_modules\\@babel\\node\\src\\_babel-node.ts:223:12)\n    at Module._compile (node:internal/modules/cjs/loader:1254:14)\n    at Object.Module._extensions..js (node:internal/modules/cjs/loader:1308:10)\n    at Module.load (node:internal/modules/cjs/loader:1117:32)\n    at Function.Module._load (node:internal/modules/cjs/loader:958:12)\n    at Function.executeUserEntryPoint [as runMain] (node:internal/modules/run_main:81:12)\n    at node:internal/main/run_main_module:23:47","timestamp":"2023-04-17T13:23:32.052Z","trace":[{"column":24,"file":"D:\\Backend\\E-Commerce\\e-commerce_Backend\\src\\routes\\/index.js","function":"routes","line":16,"method":null,"native":false},{"column":38,"file":"D:\\Backend\\E-Commerce\\e-commerce_Backend\\src\\/index.js","function":null,"line":32,"method":null,"native":false},{"column":14,"file":"node:internal/modules/cjs/loader","function":"Module._compile","line":1254,"method":"_compile","native":false},{"column":24,"file":"D:\\Backend\\E-Commerce\\e-commerce_Backend\\node_modules\\pirates\\lib\\index.js","function":"Module._compile","line":136,"method":"_compile","native":false},{"column":10,"file":"node:internal/modules/cjs/loader","function":"Module._extensions..js","line":1308,"method":".js","native":false},{"column":7,"file":"D:\\Backend\\E-Commerce\\e-commerce_Backend\\node_modules\\pirates\\lib\\index.js","function":"Object.newLoader [as .js]","line":141,"method":"js]","native":false},{"column":32,"file":"node:internal/modules/cjs/loader","function":"Module.load","line":1117,"method":"load","native":false},{"column":12,"file":"node:internal/modules/cjs/loader","function":"Module._load","line":958,"method":"_load","native":false},{"column":12,"file":"node:internal/modules/run_main","function":"Function.runMain","line":81,"method":"runMain","native":false},{"column":12,"file":"D:\\Backend\\E-Commerce\\e-commerce_Backend\\node_modules\\@babel\\node\\src\\_babel-node.ts","function":null,"line":223,"method":null,"native":false},{"column":14,"file":"node:internal/modules/cjs/loader","function":"Module._compile","line":1254,"method":"_compile","native":false},{"column":10,"file":"node:internal/modules/cjs/loader","function":"Module._extensions..js","line":1308,"method":".js","native":false},{"column":32,"file":"node:internal/modules/cjs/loader","function":"Module.load","line":1117,"method":"load","native":false},{"column":12,"file":"node:internal/modules/cjs/loader","function":"Module._load","line":958,"method":"_load","native":false},{"column":12,"file":"node:internal/modules/run_main","function":"Function.executeUserEntryPoint [as runMain]","line":81,"method":"executeUserEntryPoint [as runMain]","native":false},{"column":47,"file":"node:internal/main/run_main_module","function":null,"line":23,"method":null,"native":false}]}
error: uncaughtException: adminRoute is not defined
ReferenceError: adminRoute is not defined
    at routes (D:\Backend\E-Commerce\e-commerce_Backend\src\routes\/index.js:16:24)
    at Object.<anonymous> (D:\Backend\E-Commerce\e-commerce_Backend\src\/index.js:32:38)
    at Module._compile (node:internal/modules/cjs/loader:1254:14)
    at Module._compile (D:\Backend\E-Commerce\e-commerce_Backend\node_modules\pirates\lib\index.js:136:24)
    at Module._extensions..js (node:internal/modules/cjs/loader:1308:10)
    at Object.newLoader [as .js] (D:\Backend\E-Commerce\e-commerce_Backend\node_modules\pirates\lib\index.js:141:7)
    at Module.load (node:internal/modules/cjs/loader:1117:32)
    at Function.Module._load (node:internal/modules/cjs/loader:958:12)
    at Function.runMain (node:internal/modules/run_main:81:12)
    at Object.<anonymous> (D:\Backend\E-Commerce\e-commerce_Backend\node_modules\@babel\node\src\_babel-node.ts:223:12)
    at Module._compile (node:internal/modules/cjs/loader:1254:14)
    at Object.Module._extensions..js (node:internal/modules/cjs/loader:1308:10)
    at Module.load (node:internal/modules/cjs/loader:1117:32)
    at Function.Module._load (node:internal/modules/cjs/loader:958:12)
    at Function.executeUserEntryPoint [as runMain] (node:internal/modules/run_main:81:12)
    at node:internal/main/run_main_module:23:47 {"date":"Mon Apr 17 2023 18:53:58 GMT+0530 (India Standard Time)","error":{},"exception":true,"os":{"loadavg":[0,0,0],"uptime":288684.312},"process":{"argv":["node","D:\\Backend\\E-Commerce\\e-commerce_Backend\\src\\index.js"],"cwd":"D:\\Backend\\E-Commerce\\e-commerce_Backend","execPath":"C:\\Program Files\\nodejs\\node.exe","gid":null,"memoryUsage":{"arrayBuffers":18731630,"external":20248037,"heapTotal":90406912,"heapUsed":62437424,"rss":131862528},"pid":17616,"uid":null,"version":"v18.15.0"},"stack":"ReferenceError: adminRoute is not defined\n    at routes (D:\\Backend\\E-Commerce\\e-commerce_Backend\\src\\routes\\/index.js:16:24)\n    at Object.<anonymous> (D:\\Backend\\E-Commerce\\e-commerce_Backend\\src\\/index.js:32:38)\n    at Module._compile (node:internal/modules/cjs/loader:1254:14)\n    at Module._compile (D:\\Backend\\E-Commerce\\e-commerce_Backend\\node_modules\\pirates\\lib\\index.js:136:24)\n    at Module._extensions..js (node:internal/modules/cjs/loader:1308:10)\n    at Object.newLoader [as .js] (D:\\Backend\\E-Commerce\\e-commerce_Backend\\node_modules\\pirates\\lib\\index.js:141:7)\n    at Module.load (node:internal/modules/cjs/loader:1117:32)\n    at Function.Module._load (node:internal/modules/cjs/loader:958:12)\n    at Function.runMain (node:internal/modules/run_main:81:12)\n    at Object.<anonymous> (D:\\Backend\\E-Commerce\\e-commerce_Backend\\node_modules\\@babel\\node\\src\\_babel-node.ts:223:12)\n    at Module._compile (node:internal/modules/cjs/loader:1254:14)\n    at Object.Module._extensions..js (node:internal/modules/cjs/loader:1308:10)\n    at Module.load (node:internal/modules/cjs/loader:1117:32)\n    at Function.Module._load (node:internal/modules/cjs/loader:958:12)\n    at Function.executeUserEntryPoint [as runMain] (node:internal/modules/run_main:81:12)\n    at node:internal/main/run_main_module:23:47","timestamp":"2023-04-17T13:23:58.676Z","trace":[{"column":24,"file":"D:\\Backend\\E-Commerce\\e-commerce_Backend\\src\\routes\\/index.js","function":"routes","line":16,"method":null,"native":false},{"column":38,"file":"D:\\Backend\\E-Commerce\\e-commerce_Backend\\src\\/index.js","function":null,"line":32,"method":null,"native":false},{"column":14,"file":"node:internal/modules/cjs/loader","function":"Module._compile","line":1254,"method":"_compile","native":false},{"column":24,"file":"D:\\Backend\\E-Commerce\\e-commerce_Backend\\node_modules\\pirates\\lib\\index.js","function":"Module._compile","line":136,"method":"_compile","native":false},{"column":10,"file":"node:internal/modules/cjs/loader","function":"Module._extensions..js","line":1308,"method":".js","native":false},{"column":7,"file":"D:\\Backend\\E-Commerce\\e-commerce_Backend\\node_modules\\pirates\\lib\\index.js","function":"Object.newLoader [as .js]","line":141,"method":"js]","native":false},{"column":32,"file":"node:internal/modules/cjs/loader","function":"Module.load","line":1117,"method":"load","native":false},{"column":12,"file":"node:internal/modules/cjs/loader","function":"Module._load","line":958,"method":"_load","native":false},{"column":12,"file":"node:internal/modules/run_main","function":"Function.runMain","line":81,"method":"runMain","native":false},{"column":12,"file":"D:\\Backend\\E-Commerce\\e-commerce_Backend\\node_modules\\@babel\\node\\src\\_babel-node.ts","function":null,"line":223,"method":null,"native":false},{"column":14,"file":"node:internal/modules/cjs/loader","function":"Module._compile","line":1254,"method":"_compile","native":false},{"column":10,"file":"node:internal/modules/cjs/loader","function":"Module._extensions..js","line":1308,"method":".js","native":false},{"column":32,"file":"node:internal/modules/cjs/loader","function":"Module.load","line":1117,"method":"load","native":false},{"column":12,"file":"node:internal/modules/cjs/loader","function":"Module._load","line":958,"method":"_load","native":false},{"column":12,"file":"node:internal/modules/run_main","function":"Function.executeUserEntryPoint [as runMain]","line":81,"method":"executeUserEntryPoint [as runMain]","native":false},{"column":47,"file":"node:internal/main/run_main_module","function":null,"line":23,"method":null,"native":false}]}
error: uncaughtException: adminRoute is not defined
ReferenceError: adminRoute is not defined
    at routes (D:\Backend\E-Commerce\e-commerce_Backend\src\routes\/index.js:16:24)
    at Object.<anonymous> (D:\Backend\E-Commerce\e-commerce_Backend\src\/index.js:32:38)
    at Module._compile (node:internal/modules/cjs/loader:1254:14)
    at Module._compile (D:\Backend\E-Commerce\e-commerce_Backend\node_modules\pirates\lib\index.js:136:24)
    at Module._extensions..js (node:internal/modules/cjs/loader:1308:10)
    at Object.newLoader [as .js] (D:\Backend\E-Commerce\e-commerce_Backend\node_modules\pirates\lib\index.js:141:7)
    at Module.load (node:internal/modules/cjs/loader:1117:32)
    at Function.Module._load (node:internal/modules/cjs/loader:958:12)
    at Function.runMain (node:internal/modules/run_main:81:12)
    at Object.<anonymous> (D:\Backend\E-Commerce\e-commerce_Backend\node_modules\@babel\node\src\_babel-node.ts:223:12)
    at Module._compile (node:internal/modules/cjs/loader:1254:14)
    at Object.Module._extensions..js (node:internal/modules/cjs/loader:1308:10)
    at Module.load (node:internal/modules/cjs/loader:1117:32)
    at Function.Module._load (node:internal/modules/cjs/loader:958:12)
    at Function.executeUserEntryPoint [as runMain] (node:internal/modules/run_main:81:12)
    at node:internal/main/run_main_module:23:47 {"date":"Mon Apr 17 2023 18:54:03 GMT+0530 (India Standard Time)","error":{},"exception":true,"os":{"loadavg":[0,0,0],"uptime":288689.218},"process":{"argv":["node","D:\\Backend\\E-Commerce\\e-commerce_Backend\\src\\index.js"],"cwd":"D:\\Backend\\E-Commerce\\e-commerce_Backend","execPath":"C:\\Program Files\\nodejs\\node.exe","gid":null,"memoryUsage":{"arrayBuffers":19064354,"external":20580761,"heapTotal":89358336,"heapUsed":69710720,"rss":131432448},"pid":20268,"uid":null,"version":"v18.15.0"},"stack":"ReferenceError: adminRoute is not defined\n    at routes (D:\\Backend\\E-Commerce\\e-commerce_Backend\\src\\routes\\/index.js:16:24)\n    at Object.<anonymous> (D:\\Backend\\E-Commerce\\e-commerce_Backend\\src\\/index.js:32:38)\n    at Module._compile (node:internal/modules/cjs/loader:1254:14)\n    at Module._compile (D:\\Backend\\E-Commerce\\e-commerce_Backend\\node_modules\\pirates\\lib\\index.js:136:24)\n    at Module._extensions..js (node:internal/modules/cjs/loader:1308:10)\n    at Object.newLoader [as .js] (D:\\Backend\\E-Commerce\\e-commerce_Backend\\node_modules\\pirates\\lib\\index.js:141:7)\n    at Module.load (node:internal/modules/cjs/loader:1117:32)\n    at Function.Module._load (node:internal/modules/cjs/loader:958:12)\n    at Function.runMain (node:internal/modules/run_main:81:12)\n    at Object.<anonymous> (D:\\Backend\\E-Commerce\\e-commerce_Backend\\node_modules\\@babel\\node\\src\\_babel-node.ts:223:12)\n    at Module._compile (node:internal/modules/cjs/loader:1254:14)\n    at Object.Module._extensions..js (node:internal/modules/cjs/loader:1308:10)\n    at Module.load (node:internal/modules/cjs/loader:1117:32)\n    at Function.Module._load (node:internal/modules/cjs/loader:958:12)\n    at Function.executeUserEntryPoint [as runMain] (node:internal/modules/run_main:81:12)\n    at node:internal/main/run_main_module:23:47","timestamp":"2023-04-17T13:24:03.585Z","trace":[{"column":24,"file":"D:\\Backend\\E-Commerce\\e-commerce_Backend\\src\\routes\\/index.js","function":"routes","line":16,"method":null,"native":false},{"column":38,"file":"D:\\Backend\\E-Commerce\\e-commerce_Backend\\src\\/index.js","function":null,"line":32,"method":null,"native":false},{"column":14,"file":"node:internal/modules/cjs/loader","function":"Module._compile","line":1254,"method":"_compile","native":false},{"column":24,"file":"D:\\Backend\\E-Commerce\\e-commerce_Backend\\node_modules\\pirates\\lib\\index.js","function":"Module._compile","line":136,"method":"_compile","native":false},{"column":10,"file":"node:internal/modules/cjs/loader","function":"Module._extensions..js","line":1308,"method":".js","native":false},{"column":7,"file":"D:\\Backend\\E-Commerce\\e-commerce_Backend\\node_modules\\pirates\\lib\\index.js","function":"Object.newLoader [as .js]","line":141,"method":"js]","native":false},{"column":32,"file":"node:internal/modules/cjs/loader","function":"Module.load","line":1117,"method":"load","native":false},{"column":12,"file":"node:internal/modules/cjs/loader","function":"Module._load","line":958,"method":"_load","native":false},{"column":12,"file":"node:internal/modules/run_main","function":"Function.runMain","line":81,"method":"runMain","native":false},{"column":12,"file":"D:\\Backend\\E-Commerce\\e-commerce_Backend\\node_modules\\@babel\\node\\src\\_babel-node.ts","function":null,"line":223,"method":null,"native":false},{"column":14,"file":"node:internal/modules/cjs/loader","function":"Module._compile","line":1254,"method":"_compile","native":false},{"column":10,"file":"node:internal/modules/cjs/loader","function":"Module._extensions..js","line":1308,"method":".js","native":false},{"column":32,"file":"node:internal/modules/cjs/loader","function":"Module.load","line":1117,"method":"load","native":false},{"column":12,"file":"node:internal/modules/cjs/loader","function":"Module._load","line":958,"method":"_load","native":false},{"column":12,"file":"node:internal/modules/run_main","function":"Function.executeUserEntryPoint [as runMain]","line":81,"method":"executeUserEntryPoint [as runMain]","native":false},{"column":47,"file":"node:internal/main/run_main_module","function":null,"line":23,"method":null,"native":false}]}
error: 
    status - 500 
    message - Error: User already exist
    at _callee$ (D:\Backend\xZXZXZXZXZ\E-Commerce\e-commerce_Backend\src\services\/admin.service.js:14:15)
    at tryCatch (D:\Backend\xZXZXZXZXZ\E-Commerce\e-commerce_Backend\node_modules\@babel\runtime\helpers\regeneratorRuntime.js:44:17)
    at Generator.<anonymous> (D:\Backend\xZXZXZXZXZ\E-Commerce\e-commerce_Backend\node_modules\@babel\runtime\helpers\regeneratorRuntime.js:125:22)
    at Generator.next (D:\Backend\xZXZXZXZXZ\E-Commerce\e-commerce_Backend\node_modules\@babel\runtime\helpers\regeneratorRuntime.js:69:21)
    at asyncGeneratorStep (D:\Backend\xZXZXZXZXZ\E-Commerce\e-commerce_Backend\node_modules\@babel\runtime\helpers\asyncToGenerator.js:3:24)
    at _next (D:\Backend\xZXZXZXZXZ\E-Commerce\e-commerce_Backend\node_modules\@babel\runtime\helpers\asyncToGenerator.js:22:9)
    at processTicksAndRejections (node:internal/process/task_queues:95:5) 
    url - /api/v1/admin 
    method - POST 
    IP - ::1
   {"timestamp":"2023-04-18T05:22:12.738Z"}
error: 
    status - 500 
    message - Error: User already exist
    at _callee$ (D:\Backend\xZXZXZXZXZ\E-Commerce\e-commerce_Backend\src\services\/admin.service.js:14:15)
    at tryCatch (D:\Backend\xZXZXZXZXZ\E-Commerce\e-commerce_Backend\node_modules\@babel\runtime\helpers\regeneratorRuntime.js:44:17)
    at Generator.<anonymous> (D:\Backend\xZXZXZXZXZ\E-Commerce\e-commerce_Backend\node_modules\@babel\runtime\helpers\regeneratorRuntime.js:125:22)
    at Generator.next (D:\Backend\xZXZXZXZXZ\E-Commerce\e-commerce_Backend\node_modules\@babel\runtime\helpers\regeneratorRuntime.js:69:21)
    at asyncGeneratorStep (D:\Backend\xZXZXZXZXZ\E-Commerce\e-commerce_Backend\node_modules\@babel\runtime\helpers\asyncToGenerator.js:3:24)
    at _next (D:\Backend\xZXZXZXZXZ\E-Commerce\e-commerce_Backend\node_modules\@babel\runtime\helpers\asyncToGenerator.js:22:9)
    at processTicksAndRejections (node:internal/process/task_queues:95:5) 
    url - /api/v1/admin 
    method - POST 
    IP - ::1
   {"timestamp":"2023-04-18T05:22:17.663Z"}
